{:current_branch_name => :passed,
:start_time => Time.new(2016, 9, 25, 4, 40, Rational(23815912037, 1000000000), "-07:00"),
:command_string => '/usr/bin/time --verbose ruby -v -W0 /home/greg/Desktop/src/Open-Table-Explorer/test/unit/backup_test.rb',
:output => 'ruby 2.3.1p112 (2016-04-26) [x86_64-linux-gnu]
Loaded suite /home/greg/Desktop/src/Open-Table-Explorer/test/unit/backup_test
Started
..F
===============================================================================
Failure:
  /media/greg/Seagate Backup Plus Drive/Backup Drives/.
  <false> is not true.
test_config(BackupTest)
/home/greg/Desktop/src/Open-Table-Explorer/test/unit/backup_test.rb:20:in `block (2 levels) in test_config\'
     17: 	Backup_directories.each_pair do |directory_map, sub_directory_map|
     18: 		directory_map.each_pair do |source_dir, backup_dir|
     19: 			assert_directory_exists(source_dir)
  => 20: 			assert(File.exist?(backup_dir), backup_dir)
     21: 			assert_directory_exists(backup_dir)
     22: 			sub_directory_map.each_pair do |source_sub_directory, backup_sub_directory|
     23: 				assert_directory_exists(source_dir + source_sub_directory)
/home/greg/Desktop/src/Open-Table-Explorer/test/unit/backup_test.rb:18:in `each_pair\'
/home/greg/Desktop/src/Open-Table-Explorer/test/unit/backup_test.rb:18:in `block in test_config\'
/home/greg/Desktop/src/Open-Table-Explorer/test/unit/backup_test.rb:17:in `each_pair\'
/home/greg/Desktop/src/Open-Table-Explorer/test/unit/backup_test.rb:17:in `test_config\'
===============================================================================


Finished in 0.039760182 seconds.
------
3 tests, 10 assertions, 1 failures, 0 errors, 0 pendings, 0 omissions, 0 notifications
66.6667% passed
------
75.45 tests/s, 251.51 assertions/s
',
:errors => {:syserr => 'Command exited with non-zero status 1
	Command being timed: "ruby -v -W0 /home/greg/Desktop/src/Open-Table-Explorer/test/unit/backup_test.rb"
	User time (seconds): 0.60
	System time (seconds): 0.05
	Percent of CPU this job got: 96%
	Elapsed (wall clock) time (h:mm:ss or m:ss): 0:00.68
	Average shared text size (kbytes): 0
	Average unshared data size (kbytes): 0
	Average stack size (kbytes): 0
	Average total size (kbytes): 0
	Maximum resident set size (kbytes): 23512
	Average resident set size (kbytes): 0
	Major (requiring I/O) page faults: 0
	Minor (reclaiming a frame) page faults: 4338
	Voluntary context switches: 6
	Involuntary context switches: 8
	Swaps: 0
	File system inputs: 24
	File system outputs: 0
	Socket messages sent: 0
	Socket messages received: 0
	Signals delivered: 0
	Page size (bytes): 4096
	Exit status: 1
'
}

}
