{:current_branch_name => Branch.new(name: nil)
,
:start_time => Time.new(2017, 7, 18, 8, 26, Rational(12970686836, 1000000000), "-07:00"),
:command_string => '/usr/bin/time --verbose ruby -v -W0 /home/greg/Desktop/src/Open-Table-Explorer/test/unit/battery_measurement_test.rb',
:output => 'ruby 2.3.3p222 (2016-11-21) [x86_64-linux-gnu]
Loaded suite /home/greg/Desktop/src/Open-Table-Explorer/test/unit/battery_measurement_test
Started
E
===============================================================================
Error: test_all(BatteryMeasurementTest): NoMethodError: undefined method `model_class?\' for #<BatteryMeasurementTest:0x007f012e3dee70>
/home/greg/Desktop/src/Open-Table-Explorer/test/unit/battery_measurement_test.rb:14:in `test_all\'
     11:   end # initialize
     12: 
     13:   def test_all
  => 14:     records = model_class?.all
     15:     refute_empty(records)
     16:     assert_instance_of(Array, records)
     17:     assert_kind_of(Hash, records.first)
===============================================================================
E
===============================================================================
Error: test_dump(BatteryMeasurementTest):
  NameError: uninitialized constant BatteryMeasurementTest::BatteryMeasurement
  Did you mean?  BatteryMeasurementTest
/home/greg/Desktop/src/Open-Table-Explorer/test/unit/battery_measurement_test.rb:24:in `test_dump\'
     21:   end # all
     22: 
     23:   def test_dump
  => 24:     BatteryMeasurement.dump
     25:   end # test_dump
     26: end # BatteryTest
===============================================================================
.

Finished in 0.040204202 seconds.
------
3 tests, 0 assertions, 0 failures, 2 errors, 0 pendings, 0 omissions, 0 notifications
33.3333% passed
------
74.62 tests/s, 0.00 assertions/s
',
:errors => {:syserr => 'Command exited with non-zero status 1
	Command being timed: "ruby -v -W0 /home/greg/Desktop/src/Open-Table-Explorer/test/unit/battery_measurement_test.rb"
	User time (seconds): 0.96
	System time (seconds): 0.06
	Percent of CPU this job got: 99%
	Elapsed (wall clock) time (h:mm:ss or m:ss): 0:01.03
	Average shared text size (kbytes): 0
	Average unshared data size (kbytes): 0
	Average stack size (kbytes): 0
	Average total size (kbytes): 0
	Maximum resident set size (kbytes): 24632
	Average resident set size (kbytes): 0
	Major (requiring I/O) page faults: 0
	Minor (reclaiming a frame) page faults: 6285
	Voluntary context switches: 2
	Involuntary context switches: 125
	Swaps: 0
	File system inputs: 0
	File system outputs: 0
	Socket messages sent: 0
	Socket messages received: 0
	Signals delivered: 0
	Page size (bytes): 4096
	Exit status: 1
'
}

}
