{:current_branch_name => Branch.new(name: nil)
,
:start_time => Time.new(2017, 7, 18, 8, 26, Rational(15251430252, 1000000000), "-07:00"),
:command_string => '/usr/bin/time --verbose ruby -v -W0 /home/greg/Desktop/src/Open-Table-Explorer/test/unit/battery_test.rb',
:output => 'ruby 2.3.3p222 (2016-11-21) [x86_64-linux-gnu]
Loaded suite /home/greg/Desktop/src/Open-Table-Explorer/test/unit/battery_test
Started
E
===============================================================================
Error: test_Battery(BatteryTest):
  NameError: uninitialized constant BatteryTest::Url
  Did you mean?  URI
/home/greg/Desktop/src/Open-Table-Explorer/test/unit/battery_test.rb:24:in `test_Battery\'
     21:   end # all
     22: 
     23:   def test_Battery
  => 24:     assert_includes(\'href\', Url.column_names)
     25:     refute_nil(Url.where("href=\'EEG2\'"))
     26:     refute_nil(Url.where("href=\'EEG2\'").first)
     27:     file = Url.where("href=\'EEG2\'").first.url
===============================================================================
..

Finished in 0.010401841 seconds.
------
3 tests, 0 assertions, 0 failures, 1 errors, 0 pendings, 0 omissions, 0 notifications
66.6667% passed
------
288.41 tests/s, 0.00 assertions/s
',
:errors => {:syserr => 'Command exited with non-zero status 1
	Command being timed: "ruby -v -W0 /home/greg/Desktop/src/Open-Table-Explorer/test/unit/battery_test.rb"
	User time (seconds): 0.90
	System time (seconds): 0.09
	Percent of CPU this job got: 99%
	Elapsed (wall clock) time (h:mm:ss or m:ss): 0:01.00
	Average shared text size (kbytes): 0
	Average unshared data size (kbytes): 0
	Average stack size (kbytes): 0
	Average total size (kbytes): 0
	Maximum resident set size (kbytes): 24600
	Average resident set size (kbytes): 0
	Major (requiring I/O) page faults: 0
	Minor (reclaiming a frame) page faults: 6276
	Voluntary context switches: 3
	Involuntary context switches: 103
	Swaps: 0
	File system inputs: 0
	File system outputs: 0
	Socket messages sent: 0
	Socket messages received: 0
	Signals delivered: 0
	Page size (bytes): 4096
	Exit status: 1
'
}

}
