{:current_branch_name => :passed,
:start_time => Time.new(2016, 11, 8, 3, 26, Rational(35696890882, 1000000000), "-08:00"),
:command_string => '/usr/bin/time --verbose ruby -v -W0 /home/greg/Desktop/src/Open-Table-Explorer/test/unit/branch_test.rb',
:output => 'ruby 2.3.1p112 (2016-04-26) [x86_64-linux-gnu]
Run options: --seed 0

# Running:

............................

Finished in 1.719875s, 16.2802 runs/s, 60.4695 assertions/s.

28 runs, 104 assertions, 0 failures, 0 errors, 0 skips
',
:errors => {:syserr => '	Command being timed: "ruby -v -W0 /home/greg/Desktop/src/Open-Table-Explorer/test/unit/branch_test.rb"
	User time (seconds): 3.50
	System time (seconds): 0.62
	Percent of CPU this job got: 91%
	Elapsed (wall clock) time (h:mm:ss or m:ss): 0:04.53
	Average shared text size (kbytes): 0
	Average unshared data size (kbytes): 0
	Average stack size (kbytes): 0
	Average total size (kbytes): 0
	Maximum resident set size (kbytes): 45316
	Average resident set size (kbytes): 0
	Major (requiring I/O) page faults: 0
	Minor (reclaiming a frame) page faults: 41527
	Voluntary context switches: 1343
	Involuntary context switches: 1261
	Swaps: 0
	File system inputs: 0
	File system outputs: 5352
	Socket messages sent: 0
	Socket messages received: 0
	Signals delivered: 0
	Page size (bytes): 4096
	Exit status: 0
'
}

}
