{:current_branch_name => Branch.new(name: nil)
,
:start_time => Time.new(2017, 7, 18, 8, 26, Rational(41314042878, 1000000000), "-07:00"),
:command_string => '/usr/bin/time --verbose ruby -v -W0 /home/greg/Desktop/src/Open-Table-Explorer/test/unit/column_group_test.rb',
:output => 'ruby 2.3.3p222 (2016-11-21) [x86_64-linux-gnu]
',
:errors => {:syserr => '/home/greg/Desktop/src/Open-Table-Explorer/test/assertions/generic_table_examples.rb:11:in `<module:Examples>\': uninitialized constant OpenTableExplorer::OpenTableBrowser::Examples::ActiveRecord (NameError)
	from /home/greg/Desktop/src/Open-Table-Explorer/test/assertions/generic_table_examples.rb:10:in `<module:OpenTableBrowser>\'
	from /home/greg/Desktop/src/Open-Table-Explorer/test/assertions/generic_table_examples.rb:9:in `<module:OpenTableExplorer>\'
	from /home/greg/Desktop/src/Open-Table-Explorer/test/assertions/generic_table_examples.rb:8:in `<top (required)>\'
	from /home/greg/Desktop/src/Open-Table-Explorer/test/unit/column_group_test.rb:12:in `require_relative\'
	from /home/greg/Desktop/src/Open-Table-Explorer/test/unit/column_group_test.rb:12:in `<main>\'
Command exited with non-zero status 1
	Command being timed: "ruby -v -W0 /home/greg/Desktop/src/Open-Table-Explorer/test/unit/column_group_test.rb"
	User time (seconds): 0.08
	System time (seconds): 0.02
	Percent of CPU this job got: 97%
	Elapsed (wall clock) time (h:mm:ss or m:ss): 0:00.10
	Average shared text size (kbytes): 0
	Average unshared data size (kbytes): 0
	Average stack size (kbytes): 0
	Average total size (kbytes): 0
	Maximum resident set size (kbytes): 7032
	Average resident set size (kbytes): 0
	Major (requiring I/O) page faults: 0
	Minor (reclaiming a frame) page faults: 1846
	Voluntary context switches: 4
	Involuntary context switches: 10
	Swaps: 0
	File system inputs: 8
	File system outputs: 0
	Socket messages sent: 0
	Socket messages received: 0
	Signals delivered: 0
	Page size (bytes): 4096
	Exit status: 1
'
}

}
