{:current_branch_name => :passed,
:start_time => Time.new(2016, 8, 17, 17, 15, Rational(23819532189, 1000000000), "-07:00"),
:command_string => '/usr/bin/time --verbose ruby -v -W0 /home/greg/Desktop/src/Open-Table-Explorer/test/unit/command_test.rb',
:output => 'ruby 2.3.1p112 (2016-04-26) [x86_64-linux-gnu]
',
:errors => {:syserr => '/home/greg/Desktop/src/Open-Table-Explorer/test/unit/command_test.rb:11:in `<class:CommandTest>': uninitialized constant NewTestClass::DefaultTests (NameError)
	from /home/greg/Desktop/src/Open-Table-Explorer/test/unit/command_test.rb:10:in `<main>'
Command exited with non-zero status 1
	Command being timed: "ruby -v -W0 /home/greg/Desktop/src/Open-Table-Explorer/test/unit/command_test.rb"
	User time (seconds): 0.90
	System time (seconds): 0.04
	Percent of CPU this job got: 93%
	Elapsed (wall clock) time (h:mm:ss or m:ss): 0:01.00
	Average shared text size (kbytes): 0
	Average unshared data size (kbytes): 0
	Average stack size (kbytes): 0
	Average total size (kbytes): 0
	Maximum resident set size (kbytes): 26000
	Average resident set size (kbytes): 0
	Major (requiring I/O) page faults: 1
	Minor (reclaiming a frame) page faults: 5499
	Voluntary context switches: 66
	Involuntary context switches: 19
	Swaps: 0
	File system inputs: 6480
	File system outputs: 0
	Socket messages sent: 0
	Socket messages received: 0
	Signals delivered: 0
	Page size (bytes): 4096
	Exit status: 1
',
}
,
}
