passed
2016-02-01 12:27:51.483
ruby -v -W0 test/unit/dependancies_test.rb
ruby 2.2.4p230 (2015-12-16) [x86_64-linux-gnu]
Run options: --seed 0

# Running:

...E.
/usr/lib/ruby/2.2.0/open3.rb:202: [BUG] Bus Error at 0x0003e8000054ba
ruby 2.2.4p230 (2015-12-16) [x86_64-linux-gnu]

-- Control frame information -----------------------------------------------
c:0030 p:---- s:0141 e:000140 CFUNC  :join
c:0029 p:0013 s:0138 e:000137 RESCUE /usr/lib/ruby/2.2.0/open3.rb:202
c:0028 p:0108 s:0135 e:000134 METHOD /usr/lib/ruby/2.2.0/open3.rb:202
c:0027 p:0125 s:0125 e:000124 METHOD /usr/lib/ruby/2.2.0/open3.rb:93
c:0026 p:0052 s:0113 E:001c70 METHOD /home/greg/Desktop/src/Open-Table-Explorer/app/models/shell_command.rb:90
c:0025 p:0026 s:0108 e:000107 METHOD /home/greg/Desktop/src/Open-Table-Explorer/app/models/shell_command.rb:117 [FINISH]
c:0024 p:---- s:0104 e:000103 CFUNC  :new
c:0023 p:0015 s:0100 e:000099 METHOD test/unit/dependancies_test.rb:17
c:0022 p:0024 s:0096 e:000095 BLOCK  /usr/lib/ruby/vendor_ruby/minitest/test.rb:108
c:0021 p:0006 s:0094 e:000093 METHOD /usr/lib/ruby/vendor_ruby/minitest/test.rb:205
c:0020 p:0007 s:0090 e:000089 BLOCK  /usr/lib/ruby/vendor_ruby/minitest/test.rb:105
c:0019 p:0019 s:0088 e:000087 METHOD /usr/lib/ruby/vendor_ruby/minitest/test.rb:256
c:0018 p:0007 s:0084 e:000083 BLOCK  /usr/lib/ruby/vendor_ruby/minitest/test.rb:104
c:0017 p:0034 s:0082 e:000081 METHOD /usr/lib/ruby/vendor_ruby/minitest.rb:331
c:0016 p:0035 s:0075 E:000d08 METHOD /usr/lib/ruby/vendor_ruby/minitest/test.rb:276
c:0015 p:0007 s:0069 E:000cc0 METHOD /usr/lib/ruby/vendor_ruby/minitest/test.rb:103
c:0014 p:0012 s:0066 e:000065 METHOD /usr/lib/ruby/vendor_ruby/minitest.rb:778
c:0013 p:0019 s:0060 e:000058 METHOD /usr/lib/ruby/vendor_ruby/minitest.rb:305
c:0012 p:0013 s:0053 e:000052 BLOCK  /usr/lib/ruby/vendor_ruby/minitest.rb:293 [FINISH]
c:0011 p:---- s:0050 e:000049 CFUNC  :each
c:0010 p:0008 s:0047 e:000046 BLOCK  /usr/lib/ruby/vendor_ruby/minitest.rb:292
c:0009 p:0034 s:0045 e:000044 METHOD /usr/lib/ruby/vendor_ruby/minitest.rb:331
c:0008 p:0020 s:0038 E:002698 METHOD /usr/lib/ruby/vendor_ruby/minitest.rb:318
c:0007 p:0076 s:0032 E:001da0 METHOD /usr/lib/ruby/vendor_ruby/minitest.rb:291
c:0006 p:0012 s:0025 e:000024 BLOCK  /usr/lib/ruby/vendor_ruby/minitest.rb:152 [FINISH]
c:0005 p:---- s:0022 e:000021 CFUNC  :map
c:0004 p:0036 s:0019 e:000018 METHOD /usr/lib/ruby/vendor_ruby/minitest.rb:152
c:0003 p:0140 s:0011 e:000010 METHOD /usr/lib/ruby/vendor_ruby/minitest.rb:129
c:0002 p:0065 s:0005 E:001198 BLOCK  /usr/lib/ruby/vendor_ruby/minitest.rb:56 [FINISH]
c:0001 p:0000 s:0002 E:002080 TOP    [FINISH]

-- Ruby level backtrace information ----------------------------------------
/usr/lib/ruby/vendor_ruby/minitest.rb:56:in `block in autorun'
/usr/lib/ruby/vendor_ruby/minitest.rb:129:in `run'
/usr/lib/ruby/vendor_ruby/minitest.rb:152:in `__run'
/usr/lib/ruby/vendor_ruby/minitest.rb:152:in `map'
/usr/lib/ruby/vendor_ruby/minitest.rb:152:in `block in __run'
/usr/lib/ruby/vendor_ruby/minitest.rb:291:in `run'
/usr/lib/ruby/vendor_ruby/minitest.rb:318:in `with_info_handler'
/usr/lib/ruby/vendor_ruby/minitest.rb:331:in `on_signal'
/usr/lib/ruby/vendor_ruby/minitest.rb:292:in `block in run'
/usr/lib/ruby/vendor_ruby/minitest.rb:292:in `each'
/usr/lib/ruby/vendor_ruby/minitest.rb:293:in `block (2 levels) in run'
/usr/lib/ruby/vendor_ruby/minitest.rb:305:in `run_one_method'
/usr/lib/ruby/vendor_ruby/minitest.rb:778:in `run_one_method'
/usr/lib/ruby/vendor_ruby/minitest/test.rb:103:in `run'
/usr/lib/ruby/vendor_ruby/minitest/test.rb:276:in `with_info_handler'
/usr/lib/ruby/vendor_ruby/minitest.rb:331:in `on_signal'
/usr/lib/ruby/vendor_ruby/minitest/test.rb:104:in `block in run'
/usr/lib/ruby/vendor_ruby/minitest/test.rb:256:in `time_it'
/usr/lib/ruby/vendor_ruby/minitest/test.rb:105:in `block (2 levels) in run'
/usr/lib/ruby/vendor_ruby/minitest/test.rb:205:in `capture_exceptions'
/usr/lib/ruby/vendor_ruby/minitest/test.rb:108:in `block (3 levels) in run'
test/unit/dependancies_test.rb:17:in `test_script'
test/unit/dependancies_test.rb:17:in `new'
/home/greg/Desktop/src/Open-Table-Explorer/app/models/shell_command.rb:117:in `initialize'
/home/greg/Desktop/src/Open-Table-Explorer/app/models/shell_command.rb:90:in `execute'
/usr/lib/ruby/2.2.0/open3.rb:93:in `popen3'
/usr/lib/ruby/2.2.0/open3.rb:202:in `popen_run'
/usr/lib/ruby/2.2.0/open3.rb:202:in `ensure in popen_run'
/usr/lib/ruby/2.2.0/open3.rb:202:in `join'

-- Machine register context ------------------------------------------------
 RIP: 0x00007f769c4838cf RBP: 0x0000000000000002 RSP: 0x00007fffb4063210
 RAX: 0xfffffffffffffffc RBX: 0x00007f769c82aba0 RCX: 0xffffffffffffffff
 RDX: 0x0000000000000001 RDI: 0x00000000006446a4 RSI: 0x0000000000000080
  R8: 0x0000000000644700  R9: 0x0000000000000000 R10: 0x0000000000000000
 R11: 0x0000000000000246 R12: 0x0000000000000001 R13: 0x0000000000000000
 R14: 0x0000000000000000 R15: 0x0000000000796ba0 EFL: 0x0000000000000246

-- C level backtrace information -------------------------------------------
/usr/lib/x86_64-linux-gnu/libruby-2.2.so.2.2 [0x7f769c825de5]
/usr/lib/x86_64-linux-gnu/libruby-2.2.so.2.2 [0x7f769c82601c]
/usr/lib/x86_64-linux-gnu/libruby-2.2.so.2.2 [0x7f769c701fcb]
/usr/lib/x86_64-linux-gnu/libruby-2.2.so.2.2 [0x7f769c7b753e]
/lib/x86_64-linux-gnu/libpthread.so.0 [0x7f769c487660]
/lib/x86_64-linux-gnu/libpthread.so.0(pthread_cond_wait+0xbf) [0x7f769c4838cf]
/usr/lib/x86_64-linux-gnu/libruby-2.2.so.2.2 [0x7f769c82ad29]
/usr/lib/x86_64-linux-gnu/libruby-2.2.so.2.2 [0x7f769c82c14a]
/usr/lib/x86_64-linux-gnu/libruby-2.2.so.2.2 [0x7f769c82ef62]
/usr/lib/x86_64-linux-gnu/libruby-2.2.so.2.2 [0x7f769c82f39f]
/usr/lib/x86_64-linux-gnu/libruby-2.2.so.2.2(rb_ensure+0xb0) [0x7f769c7076f0]
/usr/lib/x86_64-linux-gnu/libruby-2.2.so.2.2 [0x7f769c82be42]
/usr/lib/x86_64-linux-gnu/libruby-2.2.so.2.2 [0x7f769c82bf6f]
/usr/lib/x86_64-linux-gnu/libruby-2.2.so.2.2 [0x7f769c80fa21]
/usr/lib/x86_64-linux-gnu/libruby-2.2.so.2.2 [0x7f769c81febe]
/usr/lib/x86_64-linux-gnu/libruby-2.2.so.2.2 [0x7f769c8135c2]
/usr/lib/x86_64-linux-gnu/libruby-2.2.so.2.2 [0x7f769c818d8d]
/usr/lib/x86_64-linux-gnu/libruby-2.2.so.2.2 [0x7f769c81a484]
/usr/lib/x86_64-linux-gnu/libruby-2.2.so.2.2 [0x7f769c81b8e6]
/usr/lib/x86_64-linux-gnu/libruby-2.2.so.2.2(rb_class_new_instance+0x21) [0x7f769c757171]
/usr/lib/x86_64-linux-gnu/libruby-2.2.so.2.2 [0x7f769c80fa21]
/usr/lib/x86_64-linux-gnu/libruby-2.2.so.2.2 [0x7f769c81febe]
/usr/lib/x86_64-linux-gnu/libruby-2.2.so.2.2 [0x7f769c8135c2]
/usr/lib/x86_64-linux-gnu/libruby-2.2.so.2.2 [0x7f769c818d8d]
/usr/lib/x86_64-linux-gnu/libruby-2.2.so.2.2 [0x7f769c81e1c0]
/usr/lib/x86_64-linux-gnu/libruby-2.2.so.2.2(rb_yield+0x5b) [0x7f769c81f36b]
/usr/lib/x86_64-linux-gnu/libruby-2.2.so.2.2(rb_ary_each+0x52) [0x7f769c6c17f2]
/usr/lib/x86_64-linux-gnu/libruby-2.2.so.2.2 [0x7f769c80fa21]
/usr/lib/x86_64-linux-gnu/libruby-2.2.so.2.2 [0x7f769c813517]
/usr/lib/x86_64-linux-gnu/libruby-2.2.so.2.2 [0x7f769c818d8d]
/usr/lib/x86_64-linux-gnu/libruby-2.2.so.2.2 [0x7f769c81e1c0]
/usr/lib/x86_64-linux-gnu/libruby-2.2.so.2.2(rb_yield+0x5b) [0x7f769c81f36b]
/usr/lib/x86_64-linux-gnu/libruby-2.2.so.2.2 [0x7f769c6c67bd]
/usr/lib/x86_64-linux-gnu/libruby-2.2.so.2.2 [0x7f769c80fa21]
/usr/lib/x86_64-linux-gnu/libruby-2.2.so.2.2 [0x7f769c81febe]
/usr/lib/x86_64-linux-gnu/libruby-2.2.so.2.2 [0x7f769c813517]
/usr/lib/x86_64-linux-gnu/libruby-2.2.so.2.2 [0x7f769c818d8d]
/usr/lib/x86_64-linux-gnu/libruby-2.2.so.2.2 [0x7f769c81e1c0]
/usr/lib/x86_64-linux-gnu/libruby-2.2.so.2.2 [0x7f769c81e6f0]
/usr/lib/x86_64-linux-gnu/libruby-2.2.so.2.2 [0x7f769c81e7e8]
/usr/lib/x86_64-linux-gnu/libruby-2.2.so.2.2(rb_proc_call+0x42) [0x7f769c70de62]
/usr/lib/x86_64-linux-gnu/libruby-2.2.so.2.2 [0x7f769c705054]
/usr/lib/x86_64-linux-gnu/libruby-2.2.so.2.2(rb_exec_end_proc+0x93) [0x7f769c7082f3]
/usr/lib/x86_64-linux-gnu/libruby-2.2.so.2.2 [0x7f769c708423]
/usr/lib/x86_64-linux-gnu/libruby-2.2.so.2.2(ruby_cleanup+0x200) [0x7f769c7087d0]
/usr/lib/x86_64-linux-gnu/libruby-2.2.so.2.2(ruby_run_node+0x25) [0x7f769c708c35]
ruby [0x40089b]
/lib/x86_64-linux-gnu/libc.so.6(__libc_start_main+0xf0) [0x7f769b730870]
ruby(_start+0x29) [0x4008c9]

-- Other runtime information -----------------------------------------------

* Loaded script: test/unit/dependancies_test.rb

* Loaded features:

    0 enumerator.so
    1 rational.so
    2 complex.so
    3 /usr/lib/x86_64-linux-gnu/ruby/2.2.0/enc/encdb.so
    4 /usr/lib/x86_64-linux-gnu/ruby/2.2.0/enc/trans/transdb.so
    5 /usr/lib/ruby/2.2.0/unicode_normalize.rb
    6 /usr/lib/x86_64-linux-gnu/ruby/2.2.0/rbconfig.rb
    7 thread.rb
    8 /usr/lib/x86_64-linux-gnu/ruby/2.2.0/thread.so
    9 /usr/lib/ruby/2.2.0/rubygems/compatibility.rb
   10 /usr/lib/ruby/2.2.0/rubygems/defaults.rb
   11 /usr/lib/ruby/2.2.0/rubygems/deprecate.rb
   12 /usr/lib/ruby/2.2.0/rubygems/errors.rb
   13 /usr/lib/ruby/2.2.0/rubygems/version.rb
   14 /usr/lib/ruby/2.2.0/rubygems/requirement.rb
   15 /usr/lib/ruby/2.2.0/rubygems/platform.rb
   16 /usr/lib/ruby/2.2.0/rubygems/basic_specification.rb
   17 /usr/lib/ruby/2.2.0/rubygems/stub_specification.rb
   18 /usr/lib/ruby/2.2.0/rubygems/util/stringio.rb
   19 /usr/lib/ruby/2.2.0/rubygems/specification.rb
   20 /usr/lib/ruby/2.2.0/rubygems/exceptions.rb
   21 /usr/lib/ruby/vendor_ruby/rubygems/defaults/operating_system.rb
   22 /usr/lib/ruby/2.2.0/rubygems/core_ext/kernel_gem.rb
   23 /usr/lib/ruby/2.2.0/monitor.rb
   24 /usr/lib/ruby/2.2.0/rubygems/core_ext/kernel_require.rb
   25 /usr/lib/ruby/2.2.0/rubygems.rb
   26 /usr/lib/ruby/2.2.0/open3.rb
   27 /usr/lib/ruby/2.2.0/shellwords.rb
   28 /home/greg/Desktop/src/Open-Table-Explorer/app/models/global.rb
   29 /home/greg/Desktop/src/Open-Table-Explorer/app/models/log.rb
   30 /home/greg/Desktop/src/Open-Table-Explorer/app/models/shell_command.rb
   31 /home/greg/Desktop/src/Open-Table-Explorer/app/models/dependancy.rb
   32 /usr/lib/ruby/vendor_ruby/test/unit/attribute.rb
   33 /usr/lib/ruby/vendor_ruby/test/unit/fixture.rb
   34 /usr/lib/ruby/vendor_ruby/test/unit/exception-handler.rb
   35 /usr/lib/ruby/vendor_ruby/test/unit/assertion-failed-error.rb
   36 /usr/lib/ruby/vendor_ruby/power_assert/version.rb
   37 /usr/lib/ruby/vendor_ruby/power_assert/enable_tracepoint_events.rb
   38 /usr/lib/x86_64-linux-gnu/ruby/2.2.0/ripper.so
   39 /usr/lib/ruby/2.2.0/ripper/core.rb
   40 /usr/lib/ruby/2.2.0/ripper/lexer.rb
   41 /usr/lib/ruby/2.2.0/ripper/filter.rb
   42 /usr/lib/ruby/2.2.0/ripper/sexp.rb
   43 /usr/lib/ruby/2.2.0/ripper.rb
   44 /usr/lib/ruby/vendor_ruby/power_assert.rb
   45 /usr/lib/ruby/vendor_ruby/test/unit/util/backtracefilter.rb
   46 /usr/lib/ruby/vendor_ruby/test/unit/util/method-owner-finder.rb
   47 /usr/lib/ruby/vendor_ruby/test/unit/diff.rb
   48 /usr/lib/ruby/vendor_ruby/test/unit/assertions.rb
   49 /usr/lib/ruby/vendor_ruby/test/unit/failure.rb
   50 /usr/lib/ruby/vendor_ruby/test/unit/error.rb
   51 /usr/lib/ruby/vendor_ruby/test/unit/pending.rb
   52 /usr/lib/ruby/vendor_ruby/test/unit/omission.rb
   53 /usr/lib/ruby/vendor_ruby/test/unit/notification.rb
   54 /usr/lib/x86_64-linux-gnu/ruby/2.2.0/etc.so
   55 /usr/lib/ruby/2.2.0/fileutils.rb
   56 /usr/lib/ruby/vendor_ruby/test/unit/priority.rb
   57 /usr/lib/ruby/vendor_ruby/test/unit/data.rb
   58 /usr/lib/ruby/vendor_ruby/test/unit/testsuite.rb
   59 /usr/lib/ruby/vendor_ruby/test/unit/test-suite-creator.rb
   60 /usr/lib/ruby/vendor_ruby/test/unit/auto-runner-loader.rb
   61 /usr/lib/ruby/vendor_ruby/test/unit/util/output.rb
   62 /usr/lib/ruby/vendor_ruby/test/unit/testcase.rb
   63 /usr/lib/ruby/2.2.0/English.rb
   64 /usr/lib/ruby/vendor_ruby/test/unit/color.rb
   65 /usr/lib/ruby/vendor_ruby/test/unit/color-scheme.rb
   66 /usr/lib/ruby/vendor_ruby/test/unit/attribute-matcher.rb
   67 /usr/lib/ruby/2.2.0/optparse.rb
   68 /usr/lib/ruby/vendor_ruby/test/unit/runner/console.rb
   69 /usr/lib/ruby/vendor_ruby/test/unit/runner/emacs.rb
   70 /usr/lib/ruby/vendor_ruby/test/unit/runner/xml.rb
   71 /usr/lib/ruby/vendor_ruby/test/unit/autorunner.rb
   72 /usr/lib/ruby/vendor_ruby/test/unit.rb
   73 /usr/lib/x86_64-linux-gnu/ruby/2.2.0/digest.so
   74 /usr/lib/ruby/2.2.0/digest.rb
   75 /usr/lib/x86_64-linux-gnu/ruby/2.2.0/openssl.so
   76 /usr/lib/ruby/2.2.0/openssl/bn.rb
   77 /usr/lib/ruby/2.2.0/openssl/cipher.rb
   78 /usr/lib/x86_64-linux-gnu/ruby/2.2.0/stringio.so
   79 /usr/lib/ruby/2.2.0/openssl/config.rb
   80 /usr/lib/ruby/2.2.0/openssl/digest.rb
   81 /usr/lib/ruby/2.2.0/openssl/x509.rb
   82 /usr/lib/ruby/2.2.0/openssl/buffering.rb
   83 /usr/lib/x86_64-linux-gnu/ruby/2.2.0/fcntl.so
   84 /usr/lib/ruby/2.2.0/openssl/ssl.rb
   85 /usr/lib/ruby/2.2.0/openssl.rb
   86 /usr/lib/ruby/2.2.0/securerandom.rb
   87 /usr/lib/ruby/vendor_ruby/thread_safe/version.rb
   88 /usr/lib/ruby/2.2.0/delegate.rb
   89 /usr/lib/ruby/vendor_ruby/thread_safe/synchronized_delegator.rb
   90 /usr/lib/ruby/vendor_ruby/thread_safe.rb
   91 /usr/lib/ruby/vendor_ruby/active_support/core_ext/array/prepend_and_append.rb
   92 /usr/lib/ruby/vendor_ruby/active_support/core_ext/hash/deep_merge.rb
   93 /usr/lib/ruby/vendor_ruby/active_support/core_ext/hash/except.rb
   94 /usr/lib/ruby/vendor_ruby/active_support/core_ext/hash/slice.rb
   95 /usr/lib/ruby/vendor_ruby/i18n/version.rb
   96 /usr/lib/ruby/2.2.0/cgi/core.rb
   97 /usr/lib/ruby/2.2.0/cgi/util.rb
   98 /usr/lib/ruby/2.2.0/cgi/cookie.rb
   99 /usr/lib/ruby/2.2.0/cgi.rb
  100 /usr/lib/ruby/vendor_ruby/i18n/exceptions.rb
  101 /usr/lib/ruby/vendor_ruby/i18n/interpolate/ruby.rb
  102 /usr/lib/ruby/vendor_ruby/i18n.rb
  103 /usr/lib/ruby/vendor_ruby/active_support/lazy_load_hooks.rb
  104 /usr/lib/ruby/2.2.0/set.rb
  105 /usr/lib/ruby/vendor_ruby/i18n/config.rb
  106 /usr/lib/ruby/vendor_ruby/active_support/i18n.rb
  107 /usr/lib/ruby/vendor_ruby/thread_safe/non_concurrent_cache_backend.rb
  108 /usr/lib/ruby/vendor_ruby/thread_safe/mri_cache_backend.rb
  109 /usr/lib/ruby/vendor_ruby/thread_safe/cache.rb
  110 /usr/lib/ruby/vendor_ruby/active_support/inflector/inflections.rb
  111 /usr/lib/ruby/vendor_ruby/active_support/inflections.rb
  112 /usr/lib/ruby/vendor_ruby/active_support/inflector/methods.rb
  113 /usr/lib/ruby/vendor_ruby/active_support/dependencies/autoload.rb
  114 /usr/lib/ruby/vendor_ruby/active_support/gem_version.rb
  115 /usr/lib/ruby/vendor_ruby/active_support/version.rb
  116 /usr/lib/ruby/vendor_ruby/active_support/core_ext/array/extract_options.rb
  117 /usr/lib/ruby/vendor_ruby/active_support/core_ext/module/attribute_accessors.rb
  118 /usr/lib/ruby/vendor_ruby/active_support/concern.rb
  119 /usr/lib/ruby/vendor_ruby/active_support/logger_silence.rb
  120 /usr/lib/ruby/2.2.0/logger.rb
  121 /usr/lib/ruby/vendor_ruby/active_support/logger.rb
  122 /usr/lib/ruby/vendor_ruby/active_support.rb
  123 /usr/lib/x86_64-linux-gnu/ruby/2.2.0/date_core.so
  124 /usr/lib/ruby/2.2.0/date.rb
  125 /usr/lib/ruby/2.2.0/time.rb
  126 /usr/lib/ruby/vendor_ruby/active_support/core_ext/object/acts_like.rb
  127 /usr/lib/ruby/vendor_ruby/active_support/core_ext/time/acts_like.rb
  128 /usr/lib/ruby/2.2.0/base64.rb
  129 /usr/lib/ruby/2.2.0/rubygems/dependency.rb
  130 /usr/lib/ruby/2.2.0/rubygems/path_support.rb
  131 /usr/lib/x86_64-linux-gnu/ruby/2.2.0/bigdecimal.so
  132 /usr/lib/ruby/vendor_ruby/active_support/core_ext/module/delegation.rb
  133 /usr/lib/ruby/vendor_ruby/active_support/multibyte.rb
  134 /usr/lib/ruby/vendor_ruby/active_support/core_ext/string/multibyte.rb
  135 /usr/lib/ruby/vendor_ruby/active_support/inflector/transliterate.rb
  136 /usr/lib/ruby/vendor_ruby/active_support/core_ext/string/inflections.rb
  137 /usr/lib/ruby/vendor_ruby/active_support/core_ext/date_time/calculations.rb
  138 /usr/lib/ruby/2.2.0/tmpdir.rb
  139 /usr/lib/ruby/2.2.0/tempfile.rb
  140 /usr/lib/ruby/2.2.0/singleton.rb
  141 /usr/lib/ruby/vendor_ruby/active_support/core_ext/kernel/singleton_class.rb
  142 /usr/lib/ruby/vendor_ruby/active_support/deprecation/instance_delegator.rb
  143 /usr/lib/ruby/vendor_ruby/active_support/notifications/instrumenter.rb
  144 /usr/lib/ruby/2.2.0/mutex_m.rb
  145 /usr/lib/ruby/vendor_ruby/active_support/notifications/fanout.rb
  146 /usr/lib/ruby/vendor_ruby/active_support/per_thread_registry.rb
  147 /usr/lib/ruby/vendor_ruby/active_support/notifications.rb
  148 /usr/lib/ruby/vendor_ruby/active_support/deprecation/behaviors.rb
  149 /usr/lib/ruby/vendor_ruby/active_support/deprecation/reporting.rb
  150 /usr/lib/ruby/vendor_ruby/active_support/core_ext/module/aliasing.rb
  151 /usr/lib/ruby/vendor_ruby/active_support/deprecation/method_wrappers.rb
  152 /usr/lib/ruby/vendor_ruby/active_support/deprecation/proxy_wrappers.rb
  153 /usr/lib/ruby/vendor_ruby/active_support/core_ext/module/deprecation.rb
  154 /usr/lib/ruby/vendor_ruby/active_support/deprecation.rb
  155 /usr/lib/ruby/vendor_ruby/active_support/core_ext/kernel/reporting.rb
  156 /usr/lib/ruby/vendor_ruby/active_support/core_ext/object/blank.rb
  157 /usr/lib/ruby/vendor_ruby/active_support/xml_mini/rexml.rb
  158 /usr/lib/ruby/vendor_ruby/active_support/xml_mini.rb
  159 /usr/lib/ruby/vendor_ruby/active_support/core_ext/hash/keys.rb
  160 /usr/lib/ruby/vendor_ruby/active_support/core_ext/object/to_query.rb
  161 /usr/lib/ruby/vendor_ruby/active_support/core_ext/object/to_param.rb
  162 /usr/lib/ruby/vendor_ruby/active_support/core_ext/array/conversions.rb
  163 /usr/lib/ruby/vendor_ruby/active_support/duration.rb
  164 /usr/lib/ruby/vendor_ruby/tzinfo/ruby_core_support.rb
  165 /usr/lib/ruby/vendor_ruby/tzinfo/offset_rationals.rb
  166 /usr/lib/ruby/vendor_ruby/tzinfo/time_or_datetime.rb
  167 /usr/lib/ruby/vendor_ruby/tzinfo/timezone_definition.rb
  168 /usr/lib/ruby/vendor_ruby/tzinfo/timezone_offset.rb
  169 /usr/lib/ruby/vendor_ruby/tzinfo/timezone_transition.rb
  170 /usr/lib/ruby/vendor_ruby/tzinfo/timezone_transition_definition.rb
  171 /usr/lib/ruby/vendor_ruby/tzinfo/timezone_index_definition.rb
  172 /usr/lib/ruby/vendor_ruby/tzinfo/timezone_info.rb
  173 /usr/lib/ruby/vendor_ruby/tzinfo/data_timezone_info.rb
  174 /usr/lib/ruby/vendor_ruby/tzinfo/linked_timezone_info.rb
  175 /usr/lib/ruby/vendor_ruby/tzinfo/transition_data_timezone_info.rb
  176 /usr/lib/ruby/vendor_ruby/tzinfo/zoneinfo_timezone_info.rb
  177 /usr/lib/ruby/vendor_ruby/tzinfo/data_source.rb
  178 /usr/lib/ruby/vendor_ruby/tzinfo/ruby_data_source.rb
  179 /usr/lib/ruby/vendor_ruby/tzinfo/zoneinfo_data_source.rb
  180 /usr/lib/ruby/vendor_ruby/tzinfo/timezone_period.rb
  181 /usr/lib/ruby/vendor_ruby/tzinfo/timezone.rb
  182 /usr/lib/ruby/vendor_ruby/tzinfo/info_timezone.rb
  183 /usr/lib/ruby/vendor_ruby/tzinfo/data_timezone.rb
  184 /usr/lib/ruby/vendor_ruby/tzinfo/linked_timezone.rb
  185 /usr/lib/ruby/vendor_ruby/tzinfo/timezone_proxy.rb
  186 /usr/lib/ruby/vendor_ruby/tzinfo/country_index_definition.rb
  187 /usr/lib/ruby/vendor_ruby/tzinfo/country_info.rb
  188 /usr/lib/ruby/vendor_ruby/tzinfo/ruby_country_info.rb
  189 /usr/lib/ruby/vendor_ruby/tzinfo/zoneinfo_country_info.rb
  190 /usr/lib/ruby/vendor_ruby/tzinfo/country.rb
  191 /usr/lib/ruby/vendor_ruby/tzinfo/country_timezone.rb
  192 /usr/lib/ruby/vendor_ruby/tzinfo.rb
  193 /usr/lib/ruby/vendor_ruby/active_support/core_ext/object/try.rb
  194 /usr/lib/ruby/vendor_ruby/active_support/values/time_zone.rb
  195 /usr/lib/ruby/vendor_ruby/active_support/core_ext/time/conversions.rb
  196 /usr/lib/ruby/vendor_ruby/active_support/time_with_zone.rb
  197 /usr/lib/ruby/vendor_ruby/active_support/core_ext/date_and_time/zones.rb
  198 /usr/lib/ruby/vendor_ruby/active_support/core_ext/time/zones.rb
  199 /usr/lib/ruby/vendor_ruby/active_support/core_ext/date_and_time/calculations.rb
  200 /usr/lib/ruby/vendor_ruby/active_support/core_ext/date/zones.rb
  201 /usr/lib/ruby/vendor_ruby/active_support/core_ext/date/calculations.rb
  202 /usr/lib/ruby/vendor_ruby/active_support/core_ext/time/calculations.rb
  203 /usr/lib/ruby/vendor_ruby/active_support/core_ext/time/marshal.rb
  204 /usr/lib/ruby/vendor_ruby/active_support/core_ext/time.rb
  205 /usr/lib/ruby/vendor_ruby/active_support/core_ext/date/acts_like.rb
  206 /usr/lib/ruby/vendor_ruby/active_support/core_ext/module/remove_method.rb
  207 /usr/lib/ruby/vendor_ruby/active_support/core_ext/date/conversions.rb
  208 /usr/lib/ruby/vendor_ruby/active_support/core_ext/date.rb
  209 /usr/lib/ruby/vendor_ruby/active_support/core_ext/date_time/acts_like.rb
  210 /usr/lib/ruby/vendor_ruby/active_support/core_ext/date_time/conversions.rb
  211 /usr/lib/ruby/vendor_ruby/active_support/core_ext/date_time/zones.rb
  212 /usr/lib/ruby/vendor_ruby/active_support/core_ext/date_time.rb
  213 /usr/lib/ruby/vendor_ruby/active_support/core_ext/numeric/time.rb
  214 /usr/lib/ruby/vendor_ruby/active_support/core_ext/integer/time.rb
  215 /usr/lib/ruby/vendor_ruby/active_support/core_ext/string/conversions.rb
  216 /usr/lib/ruby/vendor_ruby/active_support/core_ext/string/zones.rb
  217 /usr/lib/ruby/vendor_ruby/active_support/time.rb
  218 /usr/lib/ruby/vendor_ruby/active_support/inflector.rb
  219 /usr/lib/ruby/vendor_ruby/active_support/core_ext/module/introspection.rb
  220 /usr/lib/ruby/vendor_ruby/active_support/core_ext/module/anonymous.rb
  221 /usr/lib/ruby/vendor_ruby/active_support/core_ext/module/reachable.rb
  222 /usr/lib/ruby/vendor_ruby/active_support/core_ext/module/attr_internal.rb
  223 /usr/lib/ruby/vendor_ruby/active_support/core_ext/module/concerning.rb
  224 /usr/lib/ruby/vendor_ruby/active_support/core_ext/module/qualified_const.rb
  225 /usr/lib/ruby/vendor_ruby/active_support/core_ext/module.rb
  226 /usr/lib/ruby/vendor_ruby/active_support/core_ext/marshal.rb
  227 /usr/lib/ruby/vendor_ruby/active_support/core_ext/object/duplicable.rb
  228 /usr/lib/ruby/vendor_ruby/active_support/core_ext/object/deep_dup.rb
  229 /usr/lib/ruby/vendor_ruby/active_support/core_ext/object/itself.rb
  230 /usr/lib/ruby/vendor_ruby/active_support/core_ext/object/inclusion.rb
  231 /usr/lib/ruby/vendor_ruby/active_support/core_ext/array/wrap.rb
  232 /usr/lib/ruby/vendor_ruby/active_support/core_ext/hash/reverse_merge.rb
  233 /usr/lib/ruby/vendor_ruby/active_support/core_ext/hash/conversions.rb
  234 /usr/lib/ruby/vendor_ruby/active_support/core_ext/object/conversions.rb
  235 /usr/lib/ruby/vendor_ruby/active_support/core_ext/object/instance_variables.rb
  236 /usr/lib/ruby/vendor_ruby/json/version.rb
  237 /usr/lib/ruby/2.2.0/ostruct.rb
  238 /usr/lib/ruby/vendor_ruby/json/generic_object.rb
  239 /usr/lib/ruby/vendor_ruby/json/common.rb
  240 /usr/lib/x86_64-linux-gnu/ruby/2.2.0/enc/utf_16be.so
  241 /usr/lib/x86_64-linux-gnu/ruby/2.2.0/enc/utf_16le.so
  242 /usr/lib/x86_64-linux-gnu/ruby/2.2.0/enc/utf_32be.so
  243 /usr/lib/x86_64-linux-gnu/ruby/2.2.0/enc/utf_32le.so
  244 /usr/lib/x86_64-linux-gnu/ruby/vendor_ruby/2.2.0/json/ext/parser.so
  245 /usr/lib/x86_64-linux-gnu/ruby/vendor_ruby/2.2.0/json/ext/generator.so
  246 /usr/lib/ruby/vendor_ruby/json/ext.rb
  247 /usr/lib/ruby/vendor_ruby/json.rb
  248 /usr/lib/ruby/2.2.0/bigdecimal/util.rb
  249 /usr/lib/ruby/vendor_ruby/active_support/core_ext/big_decimal/conversions.rb
  250 /usr/lib/ruby/vendor_ruby/active_support/core_ext/object/json.rb
  251 /usr/lib/ruby/vendor_ruby/active_support/option_merger.rb
  252 /usr/lib/ruby/vendor_ruby/active_support/core_ext/object/with_options.rb
  253 /usr/lib/ruby/vendor_ruby/active_support/core_ext/object.rb
  254 /usr/lib/ruby/vendor_ruby/active_support/core_ext/class/attribute.rb
  255 /usr/lib/ruby/vendor_ruby/active_support/core_ext/class/delegating_attributes.rb
  256 /usr/lib/ruby/vendor_ruby/active_support/core_ext/class/subclasses.rb
  257 /usr/lib/ruby/vendor_ruby/active_support/core_ext/class.rb
  258 /usr/lib/ruby/vendor_ruby/active_support/core_ext/range/conversions.rb
  259 /usr/lib/ruby/vendor_ruby/active_support/core_ext/range/include_range.rb
  260 /usr/lib/ruby/vendor_ruby/active_support/core_ext/range/overlaps.rb
  261 /usr/lib/ruby/vendor_ruby/active_support/core_ext/range/each.rb
  262 /usr/lib/ruby/vendor_ruby/active_support/core_ext/range.rb
  263 /usr/lib/ruby/vendor_ruby/active_support/core_ext/hash/compact.rb
  264 /usr/lib/ruby/vendor_ruby/active_support/hash_with_indifferent_access.rb
  265 /usr/lib/ruby/vendor_ruby/active_support/core_ext/hash/indifferent_access.rb
  266 /usr/lib/ruby/vendor_ruby/active_support/core_ext/hash/transform_values.rb
  267 /usr/lib/ruby/vendor_ruby/active_support/core_ext/hash.rb
  268 /usr/lib/ruby/vendor_ruby/active_support/core_ext/kernel/agnostics.rb
  269 /usr/lib/ruby/vendor_ruby/active_support/core_ext/kernel/concern.rb
  270 /usr/lib/ruby/vendor_ruby/active_support/core_ext/kernel.rb
  271 /usr/lib/ruby/2.2.0/benchmark.rb
  272 /usr/lib/ruby/vendor_ruby/active_support/core_ext/benchmark.rb
  273 /usr/lib/ruby/vendor_ruby/active_support/core_ext/thread.rb
  274 /usr/lib/ruby/vendor_ruby/active_support/core_ext/file/atomic.rb
  275 /usr/lib/ruby/vendor_ruby/active_support/core_ext/file.rb
  276 /usr/lib/ruby/vendor_ruby/active_support/core_ext/big_decimal.rb
  277 /usr/lib/ruby/2.2.0/uri/rfc2396_parser.rb
  278 /usr/lib/ruby/2.2.0/uri/rfc3986_parser.rb
  279 /usr/lib/ruby/2.2.0/uri/common.rb
  280 /usr/lib/ruby/2.2.0/uri/generic.rb
  281 /usr/lib/ruby/2.2.0/uri/ftp.rb
  282 /usr/lib/ruby/2.2.0/uri/http.rb
  283 /usr/lib/ruby/2.2.0/uri/https.rb
  284 /usr/lib/ruby/2.2.0/uri/ldap.rb
  285 /usr/lib/ruby/2.2.0/uri/ldaps.rb
  286 /usr/lib/ruby/2.2.0/uri/mailto.rb
  287 /usr/lib/ruby/2.2.0/uri.rb
  288 /usr/lib/ruby/vendor_ruby/active_support/core_ext/uri.rb
  289 /usr/lib/ruby/vendor_ruby/active_support/core_ext/enumerable.rb
  290 /usr/lib/ruby/vendor_ruby/active_support/core_ext/numeric/bytes.rb
  291 /usr/lib/ruby/vendor_ruby/active_support/number_helper.rb
  292 /usr/lib/ruby/vendor_ruby/active_support/core_ext/numeric/conversions.rb
  293 /usr/lib/ruby/vendor_ruby/active_support/core_ext/numeric.rb
  294 /usr/lib/ruby/vendor_ruby/active_support/core_ext/array/access.rb
  295 /usr/lib/ruby/vendor_ruby/active_support/core_ext/array/grouping.rb
  296 /usr/lib/ruby/vendor_ruby/active_support/core_ext/array.rb
  297 /usr/lib/ruby/vendor_ruby/active_support/core_ext/load_error.rb
  298 /usr/lib/ruby/vendor_ruby/active_support/core_ext/name_error.rb
  299 /usr/lib/ruby/vendor_ruby/active_support/core_ext/integer/multiple.rb
  300 /usr/lib/ruby/vendor_ruby/active_support/core_ext/integer/inflections.rb
  301 /usr/lib/ruby/vendor_ruby/active_support/core_ext/integer.rb
  302 /usr/lib/ruby/vendor_ruby/active_support/core_ext/regexp.rb
  303 /usr/lib/ruby/vendor_ruby/active_support/core_ext/string/filters.rb
  304 /usr/lib/ruby/vendor_ruby/active_support/core_ext/string/starts_ends_with.rb
  305 /usr/lib/ruby/vendor_ruby/active_support/core_ext/string/access.rb
  306 /usr/lib/ruby/vendor_ruby/active_support/core_ext/string/behavior.rb
  307 /usr/lib/x86_64-linux-gnu/ruby/2.2.0/strscan.so
  308 /usr/lib/ruby/2.2.0/erb.rb
  309 /usr/lib/ruby/vendor_ruby/active_support/core_ext/string/output_safety.rb
  310 /usr/lib/ruby/vendor_ruby/active_support/core_ext/string/exclude.rb
  311 /usr/lib/ruby/vendor_ruby/active_support/core_ext/string/strip.rb
  312 /usr/lib/ruby/vendor_ruby/active_support/string_inquirer.rb
  313 /usr/lib/ruby/vendor_ruby/active_support/core_ext/string/inquiry.rb
  314 /usr/lib/ruby/vendor_ruby/active_support/core_ext/string/indent.rb
  315 /usr/lib/ruby/vendor_ruby/active_support/core_ext/string.rb
  316 /usr/lib/ruby/vendor_ruby/active_support/core_ext/struct.rb
  317 /usr/lib/ruby/vendor_ruby/active_support/core_ext.rb
  318 /usr/lib/ruby/vendor_ruby/active_support/all.rb
  319 /usr/lib/ruby/vendor_ruby/minitest/parallel.rb
  320 /usr/lib/ruby/vendor_ruby/minitest/assertions.rb
  321 /usr/lib/ruby/vendor_ruby/minitest/unit.rb
  322 /usr/lib/ruby/vendor_ruby/minitest/test.rb
  323 /usr/lib/ruby/vendor_ruby/minitest.rb
  324 /usr/lib/ruby/vendor_ruby/minitest/expectations.rb
  325 /usr/lib/ruby/vendor_ruby/minitest/spec.rb
  326 /usr/lib/ruby/vendor_ruby/minitest/mock.rb
  327 /usr/lib/ruby/vendor_ruby/minitest/autorun.rb
  328 /home/greg/Desktop/src/Open-Table-Explorer/app/models/test_environment_minitest.rb
  329 /usr/lib/x86_64-linux-gnu/ruby/2.2.0/pathname.so
  330 /usr/lib/ruby/2.2.0/pathname.rb
  331 /home/greg/Desktop/src/Open-Table-Explorer/test/assertions/ruby_assertions.rb
  332 /usr/lib/ruby/vendor_ruby/active_model/naming.rb
  333 /usr/lib/ruby/vendor_ruby/active_model/errors.rb
  334 /home/greg/Desktop/src/Open-Table-Explorer/app/models/regexp.rb
  335 /home/greg/Desktop/src/Open-Table-Explorer/test/assertions.rb
  336 /home/greg/Desktop/src/Open-Table-Explorer/app/models/file_pattern.rb
  337 /var/lib/gems/2.2.0/gems/descendants_tracker-0.0.4/lib/descendants_tracker.rb
  338 /var/lib/gems/2.2.0/gems/equalizer-0.0.9/lib/equalizer.rb
  339 /var/lib/gems/2.2.0/gems/ice_nine-0.11.0/lib/ice_nine/support/recursion_guard.rb
  340 /var/lib/gems/2.2.0/gems/ice_nine-0.11.0/lib/ice_nine/freezer.rb
  341 /var/lib/gems/2.2.0/gems/ice_nine-0.11.0/lib/ice_nine/freezer/object.rb
  342 /var/lib/gems/2.2.0/gems/ice_nine-0.11.0/lib/ice_nine/freezer/no_freeze.rb
  343 /var/lib/gems/2.2.0/gems/ice_nine-0.11.0/lib/ice_nine/freezer/array.rb
  344 /var/lib/gems/2.2.0/gems/ice_nine-0.11.0/lib/ice_nine/freezer/false_class.rb
  345 /var/lib/gems/2.2.0/gems/ice_nine-0.11.0/lib/ice_nine/freezer/hash.rb
  346 /var/lib/gems/2.2.0/gems/ice_nine-0.11.0/lib/ice_nine/freezer/hash/state.rb
  347 /var/lib/gems/2.2.0/gems/ice_nine-0.11.0/lib/ice_nine/freezer/nil_class.rb
  348 /var/lib/gems/2.2.0/gems/ice_nine-0.11.0/lib/ice_nine/freezer/module.rb
  349 /var/lib/gems/2.2.0/gems/ice_nine-0.11.0/lib/ice_nine/freezer/numeric.rb
  350 /var/lib/gems/2.2.0/gems/ice_nine-0.11.0/lib/ice_nine/freezer/range.rb
  351 /var/lib/gems/2.2.0/gems/ice_nine-0.11.0/lib/ice_nine/freezer/rubinius.rb
  352 /var/lib/gems/2.2.0/gems/ice_nine-0.11.0/lib/ice_nine/freezer/struct.rb
  353 /var/lib/gems/2.2.0/gems/ice_nine-0.11.0/lib/ice_nine/freezer/symbol.rb
  354 /var/lib/gems/2.2.0/gems/ice_nine-0.11.0/lib/ice_nine/freezer/true_class.rb
  355 /var/lib/gems/2.2.0/gems/ice_nine-0.11.0/lib/ice_nine/version.rb
  356 /var/lib/gems/2.2.0/gems/ice_nine-0.11.0/lib/ice_nine.rb
  357 /var/lib/gems/2.2.0/gems/axiom-types-0.1.1/lib/axiom/types/support/options.rb
  358 /var/lib/gems/2.2.0/gems/axiom-types-0.1.1/lib/axiom/types/support/infinity.rb
  359 /var/lib/gems/2.2.0/gems/axiom-types-0.1.1/lib/axiom/types/value_comparable.rb
  360 /var/lib/gems/2.2.0/gems/axiom-types-0.1.1/lib/axiom/types/length_comparable.rb
  361 /var/lib/gems/2.2.0/gems/axiom-types-0.1.1/lib/axiom/types/encodable.rb
  362 /var/lib/gems/2.2.0/gems/axiom-types-0.1.1/lib/axiom/types/type.rb
  363 /var/lib/gems/2.2.0/gems/axiom-types-0.1.1/lib/axiom/types/object.rb
  364 /var/lib/gems/2.2.0/gems/axiom-types-0.1.1/lib/axiom/types/collection.rb
  365 /var/lib/gems/2.2.0/gems/axiom-types-0.1.1/lib/axiom/types/numeric.rb
  366 /var/lib/gems/2.2.0/gems/axiom-types-0.1.1/lib/axiom/types/array.rb
  367 /var/lib/gems/2.2.0/gems/axiom-types-0.1.1/lib/axiom/types/boolean.rb
  368 /var/lib/gems/2.2.0/gems/axiom-types-0.1.1/lib/axiom/types/class.rb
  369 /var/lib/gems/2.2.0/gems/axiom-types-0.1.1/lib/axiom/types/date.rb
  370 /var/lib/gems/2.2.0/gems/axiom-types-0.1.1/lib/axiom/types/date_time.rb
  371 /var/lib/gems/2.2.0/gems/axiom-types-0.1.1/lib/axiom/types/decimal.rb
  372 /var/lib/gems/2.2.0/gems/axiom-types-0.1.1/lib/axiom/types/float.rb
  373 /var/lib/gems/2.2.0/gems/axiom-types-0.1.1/lib/axiom/types/hash.rb
  374 /var/lib/gems/2.2.0/gems/axiom-types-0.1.1/lib/axiom/types/integer.rb
  375 /var/lib/gems/2.2.0/gems/axiom-types-0.1.1/lib/axiom/types/set.rb
  376 /var/lib/gems/2.2.0/gems/axiom-types-0.1.1/lib/axiom/types/string.rb
  377 /var/lib/gems/2.2.0/gems/axiom-types-0.1.1/lib/axiom/types/symbol.rb
  378 /var/lib/gems/2.2.0/gems/axiom-types-0.1.1/lib/axiom/types/time.rb
  379 /var/lib/gems/2.2.0/gems/axiom-types-0.1.1/lib/axiom/types/version.rb
  380 /var/lib/gems/2.2.0/gems/axiom-types-0.1.1/lib/axiom/types.rb
  381 /var/lib/gems/2.2.0/gems/axiom-types-0.1.1/lib/axiom-types.rb
  382 /var/lib/gems/2.2.0/gems/coercible-1.0.0/lib/support/options.rb
  383 /var/lib/gems/2.2.0/gems/coercible-1.0.0/lib/support/type_lookup.rb
  384 /var/lib/gems/2.2.0/gems/coercible-1.0.0/lib/coercible/version.rb
  385 /var/lib/gems/2.2.0/gems/coercible-1.0.0/lib/coercible/configuration.rb
  386 /var/lib/gems/2.2.0/gems/coercible-1.0.0/lib/coercible/coercer.rb
  387 /var/lib/gems/2.2.0/gems/coercible-1.0.0/lib/coercible/coercer/configurable.rb
  388 /var/lib/gems/2.2.0/gems/coercible-1.0.0/lib/coercible/coercer/object.rb
  389 /var/lib/gems/2.2.0/gems/coercible-1.0.0/lib/coercible/coercer/numeric.rb
  390 /var/lib/gems/2.2.0/gems/coercible-1.0.0/lib/coercible/coercer/float.rb
  391 /var/lib/gems/2.2.0/gems/coercible-1.0.0/lib/coercible/coercer/integer.rb
  392 /var/lib/gems/2.2.0/gems/coercible-1.0.0/lib/coercible/coercer/decimal.rb
  393 /var/lib/gems/2.2.0/gems/coercible-1.0.0/lib/coercible/coercer/string.rb
  394 /var/lib/gems/2.2.0/gems/coercible-1.0.0/lib/coercible/coercer/symbol.rb
  395 /var/lib/gems/2.2.0/gems/coercible-1.0.0/lib/coercible/coercer/time_coercions.rb
  396 /var/lib/gems/2.2.0/gems/coercible-1.0.0/lib/coercible/coercer/date.rb
  397 /var/lib/gems/2.2.0/gems/coercible-1.0.0/lib/coercible/coercer/date_time.rb
  398 /var/lib/gems/2.2.0/gems/coercible-1.0.0/lib/coercible/coercer/time.rb
  399 /var/lib/gems/2.2.0/gems/coercible-1.0.0/lib/coercible/coercer/false_class.rb
  400 /var/lib/gems/2.2.0/gems/coercible-1.0.0/lib/coercible/coercer/true_class.rb
  401 /var/lib/gems/2.2.0/gems/coercible-1.0.0/lib/coercible/coercer/array.rb
  402 /var/lib/gems/2.2.0/gems/coercible-1.0.0/lib/coercible/coercer/hash.rb
  403 /var/lib/gems/2.2.0/gems/coercible-1.0.0/lib/coercible.rb
  404 /var/lib/gems/2.2.0/gems/virtus-1.0.3/lib/virtus/support/equalizer.rb
  405 /var/lib/gems/2.2.0/gems/virtus-1.0.3/lib/virtus/support/options.rb
  406 /var/lib/gems/2.2.0/gems/virtus-1.0.3/lib/virtus/support/type_lookup.rb
  407 /var/lib/gems/2.2.0/gems/virtus-1.0.3/lib/virtus/model.rb
  408 /var/lib/gems/2.2.0/gems/virtus-1.0.3/lib/virtus/extensions.rb
  409 /var/lib/gems/2.2.0/gems/virtus-1.0.3/lib/virtus/const_missing_extensions.rb
  410 /var/lib/gems/2.2.0/gems/virtus-1.0.3/lib/virtus/class_inclusions.rb
  411 /var/lib/gems/2.2.0/gems/virtus-1.0.3/lib/virtus/module_extensions.rb
  412 /var/lib/gems/2.2.0/gems/virtus-1.0.3/lib/virtus/configuration.rb
  413 /var/lib/gems/2.2.0/gems/virtus-1.0.3/lib/virtus/builder.rb
  414 /var/lib/gems/2.2.0/gems/virtus-1.0.3/lib/virtus/builder/hook_context.rb
  415 /var/lib/gems/2.2.0/gems/virtus-1.0.3/lib/virtus/class_methods.rb
  416 /var/lib/gems/2.2.0/gems/virtus-1.0.3/lib/virtus/instance_methods.rb
  417 /var/lib/gems/2.2.0/gems/virtus-1.0.3/lib/virtus/value_object.rb
  418 /var/lib/gems/2.2.0/gems/virtus-1.0.3/lib/virtus/coercer.rb
  419 /var/lib/gems/2.2.0/gems/virtus-1.0.3/lib/virtus/attribute_set.rb
  420 /var/lib/gems/2.2.0/gems/virtus-1.0.3/lib/virtus/attribute/default_value.rb
  421 /var/lib/gems/2.2.0/gems/virtus-1.0.3/lib/virtus/attribute/default_value/from_clonable.rb
  422 /var/lib/gems/2.2.0/gems/virtus-1.0.3/lib/virtus/attribute/default_value/from_callable.rb
  423 /var/lib/gems/2.2.0/gems/virtus-1.0.3/lib/virtus/attribute/default_value/from_symbol.rb
  424 /var/lib/gems/2.2.0/gems/virtus-1.0.3/lib/virtus/attribute.rb
  425 /var/lib/gems/2.2.0/gems/virtus-1.0.3/lib/virtus/attribute/builder.rb
  426 /var/lib/gems/2.2.0/gems/virtus-1.0.3/lib/virtus/attribute/coercer.rb
  427 /var/lib/gems/2.2.0/gems/virtus-1.0.3/lib/virtus/attribute/accessor.rb
  428 /var/lib/gems/2.2.0/gems/virtus-1.0.3/lib/virtus/attribute/coercible.rb
  429 /var/lib/gems/2.2.0/gems/virtus-1.0.3/lib/virtus/attribute/strict.rb
  430 /var/lib/gems/2.2.0/gems/virtus-1.0.3/lib/virtus/attribute/lazy_default.rb
  431 /var/lib/gems/2.2.0/gems/virtus-1.0.3/lib/virtus/attribute/boolean.rb
  432 /var/lib/gems/2.2.0/gems/virtus-1.0.3/lib/virtus/attribute/collection.rb
  433 /var/lib/gems/2.2.0/gems/virtus-1.0.3/lib/virtus/attribute/hash.rb
  434 /var/lib/gems/2.2.0/gems/virtus-1.0.3/lib/virtus/attribute/embedded_value.rb
  435 /var/lib/gems/2.2.0/gems/virtus-1.0.3/lib/virtus.rb
  436 /home/greg/Desktop/src/Open-Table-Explorer/app/models/unit.rb
  437 /home/greg/Desktop/src/Open-Table-Explorer/app/models/test_environment_ruby.rb
  438 /home/greg/Desktop/src/Open-Table-Explorer/app/models/default_test_case.rb
  439 /usr/lib/ruby/vendor_ruby/minitest/pride_plugin.rb

* Process memory map:

00400000-00401000 r-xp 00000000 103:00 2649509                           /usr/bin/ruby2.2
00600000-00601000 r--p 00000000 103:00 2649509                           /usr/bin/ruby2.2
00601000-00602000 rw-p 00001000 103:00 2649509                           /usr/bin/ruby2.2
00643000-01a93000 rw-p 00000000 00:00 0                                  [heap]
7f768bbf3000-7f768bd95000 r--s 00000000 103:00 5505837                   /lib/x86_64-linux-gnu/libc-2.21.so
7f768bd95000-7f768c000000 r--s 00000000 103:00 2641569                   /usr/lib/x86_64-linux-gnu/libruby-2.2.so.2.2.0
7f768c000000-7f768c021000 rw-p 00000000 00:00 0 
7f768c021000-7f7690000000 ---p 00000000 00:00 0 
7f7690000000-7f7690021000 rw-p 00000000 00:00 0 
7f7690021000-7f7694000000 ---p 00000000 00:00 0 
7f7694000000-7f7694021000 rw-p 00000000 00:00 0 
7f7694021000-7f7698000000 ---p 00000000 00:00 0 
7f7698015000-7f769802b000 r-xp 00000000 103:00 5505027                   /lib/x86_64-linux-gnu/libgcc_s.so.1
7f769802b000-7f769822a000 ---p 00016000 103:00 5505027                   /lib/x86_64-linux-gnu/libgcc_s.so.1
7f769822a000-7f769822b000 rw-p 00015000 103:00 5505027                   /lib/x86_64-linux-gnu/libgcc_s.so.1
7f769822b000-7f769822c000 ---p 00000000 00:00 0 
7f769822c000-7f769842d000 rw-p 00000000 00:00 0 
7f769842d000-7f769842e000 ---p 00000000 00:00 0 
7f769842e000-7f769862f000 rw-p 00000000 00:00 0 
7f769862f000-7f7698630000 ---p 00000000 00:00 0 
7f7698630000-7f7698831000 rw-p 00000000 00:00 0 
7f7698831000-7f7698837000 r-xp 00000000 103:00 2768093                   /usr/lib/x86_64-linux-gnu/ruby/2.2.0/pathname.so
7f7698837000-7f7698a36000 ---p 00006000 103:00 2768093                   /usr/lib/x86_64-linux-gnu/ruby/2.2.0/pathname.so
7f7698a36000-7f7698a37000 r--p 00005000 103:00 2768093                   /usr/lib/x86_64-linux-gnu/ruby/2.2.0/pathname.so
7f7698a37000-7f7698a38000 rw-p 00006000 103:00 2768093                   /usr/lib/x86_64-linux-gnu/ruby/2.2.0/pathname.so
7f7698a38000-7f7698a3d000 r-xp 00000000 103:00 2761461                   /usr/lib/x86_64-linux-gnu/ruby/2.2.0/strscan.so
7f7698a3d000-7f7698c3c000 ---p 00005000 103:00 2761461                   /usr/lib/x86_64-linux-gnu/ruby/2.2.0/strscan.so
7f7698c3c000-7f7698c3d000 r--p 00004000 103:00 2761461                   /usr/lib/x86_64-linux-gnu/ruby/2.2.0/strscan.so
7f7698c3d000-7f7698c3e000 rw-p 00005000 103:00 2761461                   /usr/lib/x86_64-linux-gnu/ruby/2.2.0/strscan.so
7f7698c3e000-7f7698c46000 r-xp 00000000 103:00 3422222                   /usr/lib/x86_64-linux-gnu/ruby/vendor_ruby/2.2.0/json/ext/generator.so
7f7698c46000-7f7698e45000 ---p 00008000 103:00 3422222                   /usr/lib/x86_64-linux-gnu/ruby/vendor_ruby/2.2.0/json/ext/generator.so
7f7698e45000-7f7698e46000 r--p 00007000 103:00 3422222                   /usr/lib/x86_64-linux-gnu/ruby/vendor_ruby/2.2.0/json/ext/generator.so
7f7698e46000-7f7698e47000 rw-p 00008000 103:00 3422222                   /usr/lib/x86_64-linux-gnu/ruby/vendor_ruby/2.2.0/json/ext/generator.so
7f7698e47000-7f7698e48000 r-xp 00000000 103:00 2768165                   /usr/lib/x86_64-linux-gnu/ruby/2.2.0/enc/utf_32le.so
7f7698e48000-7f7699048000 ---p 00001000 103:00 2768165                   /usr/lib/x86_64-linux-gnu/ruby/2.2.0/enc/utf_32le.so
7f7699048000-7f7699049000 r--p 00001000 103:00 2768165                   /usr/lib/x86_64-linux-gnu/ruby/2.2.0/enc/utf_32le.so
7f7699049000-7f769904a000 rw-p 00002000 103:00 2768165                   /usr/lib/x86_64-linux-gnu/ruby/2.2.0/enc/utf_32le.so
7f769904a000-7f769904b000 r-xp 00000000 103:00 2768167                   /usr/lib/x86_64-linux-gnu/ruby/2.2.0/enc/utf_32be.so
7f769904b000-7f769924b000 ---p 00001000 103:00 2768167                   /usr/lib/x86_64-linux-gnu/ruby/2.2.0/enc/utf_32be.so
7f769924b000-7f769924c000 r--p 00001000 103:00 2768167                   /usr/lib/x86_64-linux-gnu/ruby/2.2.0/enc/utf_32be.so
7f769924c000-7f769924d000 rw-p 00002000 103:00 2768167                   /usr/lib/x86_64-linux-gnu/ruby/2.2.0/enc/utf_32be.so
7f769924d000-7f769924e000 r-xp 00000000 103:00 2768169                   /usr/lib/x86_64-linux-gnu/ruby/2.2.0/enc/utf_16le.so
7f769924e000-7f769944e000 ---p 00001000 103:00 2768169                   /usr/lib/x86_64-linux-gnu/ruby/2.2.0/enc/utf_16le.so
7f769944e000-7f769944f000 r--p 00001000 103:00 2768169                   /usr/lib/x86_64-linux-gnu/ruby/2.2.0/enc/utf_16le.so
7f769944f000-7f7699450000 rw-p 00002000 103:00 2768169                   /usr/lib/x86_64-linux-gnu/ruby/2.2.0/enc/utf_16le.so
7f7699450000-7f7699451000 r-xp 00000000 103:00 2768171                   /usr/lib/x86_64-linux-gnu/ruby/2.2.0/enc/utf_16be.so
7f7699451000-7f7699651000 ---p 00001000 103:00 2768171                   /usr/lib/x86_64-linux-gnu/ruby/2.2.0/enc/utf_16be.so
7f7699651000-7f7699652000 r--p 00001000 103:00 2768171                   /usr/lib/x86_64-linux-gnu/ruby/2.2.0/enc/utf_16be.so
7f7699652000-7f7699653000 rw-p 00002000 103:00 2768171                   /usr/lib/x86_64-linux-gnu/ruby/2.2.0/enc/utf_16be.so
7f7699653000-7f7699659000 r-xp 00000000 103:00 3422223                   /usr/lib/x86_64-linux-gnu/ruby/vendor_ruby/2.2.0/json/ext/parser.so
7f7699659000-7f7699858000 ---p 00006000 103:00 3422223                   /usr/lib/x86_64-linux-gnu/ruby/vendor_ruby/2.2.0/json/ext/parser.so
7f7699858000-7f7699859000 r--p 00005000 103:00 3422223                   /usr/lib/x86_64-linux-gnu/ruby/vendor_ruby/2.2.0/json/ext/parser.so
7f7699859000-7f769985a000 rw-p 00006000 103:00 3422223                   /usr/lib/x86_64-linux-gnu/ruby/vendor_ruby/2.2.0/json/ext/parser.so
7f769985a000-7f769986b000 r-xp 00000000 103:00 2768155                   /usr/lib/x86_64-linux-gnu/ruby/2.2.0/bigdecimal.so
7f769986b000-7f7699a6a000 ---p 00011000 103:00 2768155                   /usr/lib/x86_64-linux-gnu/ruby/2.2.0/bigdecimal.so
7f7699a6a000-7f7699a6b000 r--p 00010000 103:00 2768155                   /usr/lib/x86_64-linux-gnu/ruby/2.2.0/bigdecimal.so
7f7699a6b000-7f7699a6c000 rw-p 00011000 103:00 2768155                   /usr/lib/x86_64-linux-gnu/ruby/2.2.0/bigdecimal.so
7f7699a6c000-7f7699a9b000 r-xp 00000000 103:00 2768143                   /usr/lib/x86_64-linux-gnu/ruby/2.2.0/date_core.so
7f7699a9b000-7f7699c9b000 ---p 0002f000 103:00 2768143                   /usr/lib/x86_64-linux-gnu/ruby/2.2.0/date_core.so
7f7699c9b000-7f7699c9c000 r--p 0002f000 103:00 2768143                   /usr/lib/x86_64-linux-gnu/ruby/2.2.0/date_core.so
7f7699c9c000-7f7699c9d000 rw-p 00030000 103:00 2768143                   /usr/lib/x86_64-linux-gnu/ruby/2.2.0/date_core.so
7f7699c9d000-7f7699c9e000 rw-p 00000000 00:00 0 
7f7699c9e000-7f7699c9f000 r-xp 00000000 103:00 2768151                   /usr/lib/x86_64-linux-gnu/ruby/2.2.0/fcntl.so
7f7699c9f000-7f7699e9e000 ---p 00001000 103:00 2768151                   /usr/lib/x86_64-linux-gnu/ruby/2.2.0/fcntl.so
7f7699e9e000-7f7699e9f000 r--p 00000000 103:00 2768151                   /usr/lib/x86_64-linux-gnu/ruby/2.2.0/fcntl.so
7f7699e9f000-7f7699ea0000 rw-p 00001000 103:00 2768151                   /usr/lib/x86_64-linux-gnu/ruby/2.2.0/fcntl.so
7f7699ea0000-7f7699ea7000 r-xp 00000000 103:00 2761463                   /usr/lib/x86_64-linux-gnu/ruby/2.2.0/stringio.so
7f7699ea7000-7f769a0a6000 ---p 00007000 103:00 2761463                   /usr/lib/x86_64-linux-gnu/ruby/2.2.0/stringio.so
7f769a0a6000-7f769a0a7000 r--p 00006000 103:00 2761463                   /usr/lib/x86_64-linux-gnu/ruby/2.2.0/stringio.so
7f769a0a7000-7f769a0a8000 rw-p 00007000 103:00 2761463                   /usr/lib/x86_64-linux-gnu/ruby/2.2.0/stringio.so
7f769a0a8000-7f769a0ab000 r-xp 00000000 103:00 2768157                   /usr/lib/x86_64-linux-gnu/ruby/2.2.0/digest.so
7f769a0ab000-7f769a2aa000 ---p 00003000 103:00 2768157                   /usr/lib/x86_64-linux-gnu/ruby/2.2.0/digest.so
7f769a2aa000-7f769a2ab000 r--p 00002000 103:00 2768157                   /usr/lib/x86_64-linux-gnu/ruby/2.2.0/digest.so
7f769a2ab000-7f769a2ac000 rw-p 00003000 103:00 2768157                   /usr/lib/x86_64-linux-gnu/ruby/2.2.0/digest.so
7f769a2ac000-7f769a4df000 r-xp 00000000 103:00 2628303                   /usr/lib/x86_64-linux-gnu/libcrypto.so.1.0.2
7f769a4df000-7f769a6df000 ---p 00233000 103:00 2628303                   /usr/lib/x86_64-linux-gnu/libcrypto.so.1.0.2
7f769a6df000-7f769a6fb000 r--p 00233000 103:00 2628303                   /usr/lib/x86_64-linux-gnu/libcrypto.so.1.0.2
7f769a6fb000-7f769a70a000 rw-p 0024f000 103:00 2628303                   /usr/lib/x86_64-linux-gnu/libcrypto.so.1.0.2
7f769a70a000-7f769a70e000 rw-p 00000000 00:00 0 
7f769a70e000-7f769a76d000 r-xp 00000000 103:00 2628307                   /usr/lib/x86_64-linux-gnu/libssl.so.1.0.2
7f769a76d000-7f769a96c000 ---p 0005f000 103:00 2628307                   /usr/lib/x86_64-linux-gnu/libssl.so.1.0.2
7f769a96c000-7f769a970000 r--p 0005e000 103:00 2628307                   /usr/lib/x86_64-linux-gnu/libssl.so.1.0.2
7f769a970000-7f769a977000 rw-p 00062000 103:00 2628307                   /usr/lib/x86_64-linux-gnu/libssl.so.1.0.2
7f769a977000-7f769a9c6000 r-xp 00000000 103:00 2761454                   /usr/lib/x86_64-linux-gnu/ruby/2.2.0/openssl.so
7f769a9c6000-7f769abc5000 ---p 0004f000 103:00 2761454                   /usr/lib/x86_64-linux-gnu/ruby/2.2.0/openssl.so
7f769abc5000-7f769abc7000 r--p 0004e000 103:00 2761454                   /usr/lib/x86_64-linux-gnu/ruby/2.2.0/openssl.so
7f769abc7000-7f769abc9000 rw-p 00050000 103:00 2761454                   /usr/lib/x86_64-linux-gnu/ruby/2.2.0/openssl.so
7f769abc9000-7f769abca000 rw-p 00000000 00:00 0 
7f769abca000-7f769abd0000 r-xp 00000000 103:00 2768149                   /usr/lib/x86_64-linux-gnu/ruby/2.2.0/etc.so
7f769abd0000-7f769adcf000 ---p 00006000 103:00 2768149                   /usr/lib/x86_64-linux-gnu/ruby/2.2.0/etc.so
7f769adcf000-7f769add0000 r--p 00005000 103:00 2768149                   /usr/lib/x86_64-linux-gnu/ruby/2.2.0/etc.so
7f769add0000-7f769add1000 rw-p 00006000 103:00 2768149                   /usr/lib/x86_64-linux-gnu/ruby/2.2.0/etc.so
7f769add1000-7f769adfd000 r-xp 00000000 103:00 2761446                   /usr/lib/x86_64-linux-gnu/ruby/2.2.0/ripper.so
7f769adfd000-7f769affc000 ---p 0002c000 103:00 2761446                   /usr/lib/x86_64-linux-gnu/ruby/2.2.0/ripper.so
7f769affc000-7f769affe000 r--p 0002b000 103:00 2761446                   /usr/lib/x86_64-linux-gnu/ruby/2.2.0/ripper.so
7f769affe000-7f769afff000 rw-p 0002d000 103:00 2761446                   /usr/lib/x86_64-linux-gnu/ruby/2.2.0/ripper.so
7f769afff000-7f769b002000 r-xp 00000000 103:00 2761456                   /usr/lib/x86_64-linux-gnu/ruby/2.2.0/thread.so
7f769b002000-7f769b201000 ---p 00003000 103:00 2761456                   /usr/lib/x86_64-linux-gnu/ruby/2.2.0/thread.so
7f769b201000-7f769b202000 r--p 00002000 103:00 2761456                   /usr/lib/x86_64-linux-gnu/ruby/2.2.0/thread.so
7f769b202000-7f769b203000 rw-p 00003000 103:00 2761456                   /usr/lib/x86_64-linux-gnu/ruby/2.2.0/thread.so
7f769b203000-7f769b205000 r-xp 00000000 103:00 2768267                   /usr/lib/x86_64-linux-gnu/ruby/2.2.0/enc/trans/transdb.so
7f769b205000-7f769b405000 ---p 00002000 103:00 2768267                   /usr/lib/x86_64-linux-gnu/ruby/2.2.0/enc/trans/transdb.so
7f769b405000-7f769b406000 r--p 00002000 103:00 2768267                   /usr/lib/x86_64-linux-gnu/ruby/2.2.0/enc/trans/transdb.so
7f769b406000-7f769b407000 rw-p 00003000 103:00 2768267                   /usr/lib/x86_64-linux-gnu/ruby/2.2.0/enc/trans/transdb.so
7f769b407000-7f769b409000 r-xp 00000000 103:00 2768229                   /usr/lib/x86_64-linux-gnu/ruby/2.2.0/enc/encdb.so
7f769b409000-7f769b608000 ---p 00002000 103:00 2768229                   /usr/lib/x86_64-linux-gnu/ruby/2.2.0/enc/encdb.so
7f769b608000-7f769b609000 r--p 00001000 103:00 2768229                   /usr/lib/x86_64-linux-gnu/ruby/2.2.0/enc/encdb.so
7f769b609000-7f769b60a000 rw-p 00002000 103:00 2768229                   /usr/lib/x86_64-linux-gnu/ruby/2.2.0/enc/encdb.so
7f769b60a000-7f769b60b000 rw-p 00000000 00:00 0 
7f769b60b000-7f769b60c000 ---p 00000000 00:00 0 
7f769b60c000-7f769b710000 rw-p 00000000 00:00 0 
7f769b710000-7f769b8aa000 r-xp 00000000 103:00 5505837                   /lib/x86_64-linux-gnu/libc-2.21.so
7f769b8aa000-7f769baaa000 ---p 0019a000 103:00 5505837                   /lib/x86_64-linux-gnu/libc-2.21.so
7f769baaa000-7f769baae000 r--p 0019a000 103:00 5505837                   /lib/x86_64-linux-gnu/libc-2.21.so
7f769baae000-7f769bab0000 rw-p 0019e000 103:00 5505837                   /lib/x86_64-linux-gnu/libc-2.21.so
7f769bab0000-7f769bab4000 rw-p 00000000 00:00 0 
7f769bab4000-7f769bbb7000 r-xp 00000000 103:00 5505845                   /lib/x86_64-linux-gnu/libm-2.21.so
7f769bbb7000-7f769bdb7000 ---p 00103000 103:00 5505845                   /lib/x86_64-linux-gnu/libm-2.21.so
7f769bdb7000-7f769bdb8000 r--p 00103000 103:00 5505845                   /lib/x86_64-linux-gnu/libm-2.21.so
7f769bdb8000-7f769bdb9000 rw-p 00104000 103:00 5505845                   /lib/x86_64-linux-gnu/libm-2.21.so
7f769bdb9000-7f769bdc1000 r-xp 00000000 103:00 5505843                   /lib/x86_64-linux-gnu/libcrypt-2.21.so
7f769bdc1000-7f769bfc0000 ---p 00008000 103:00 5505843                   /lib/x86_64-linux-gnu/libcrypt-2.21.so
7f769bfc0000-7f769bfc1000 r--p 00007000 103:00 5505843                   /lib/x86_64-linux-gnu/libcrypt-2.21.so
7f769bfc1000-7f769bfc2000 rw-p 00008000 103:00 5505843                   /lib/x86_64-linux-gnu/libcrypt-2.21.so
7f769bfc2000-7f769bff0000 rw-p 00000000 00:00 0 
7f769bff0000-7f769bff2000 r-xp 00000000 103:00 5505844                   /lib/x86_64-linux-gnu/libdl-2.21.so
7f769bff2000-7f769c1f2000 ---p 00002000 103:00 5505844                   /lib/x86_64-linux-gnu/libdl-2.21.so
7f769c1f2000-7f769c1f3000 r--p 00002000 103:00 5505844                   /lib/x86_64-linux-gnu/libdl-2.21.so
7f769c1f3000-7f769c1f4000 rw-p 00003000 103:00 5505844                   /lib/x86_64-linux-gnu/libdl-2.21.so
7f769c1f4000-7f769c276000 r-xp 00000000 103:00 2632913                   /usr/lib/x86_64-linux-gnu/libgmp.so.10.3.0
7f769c276000-7f769c475000 ---p 00082000 103:00 2632913                   /usr/lib/x86_64-linux-gnu/libgmp.so.10.3.0
7f769c475000-7f769c476000 r--p 00081000 103:00 2632913                   /usr/lib/x86_64-linux-gnu/libgmp.so.10.3.0
7f769c476000-7f769c477000 rw-p 00082000 103:00 2632913                   /usr/lib/x86_64-linux-gnu/libgmp.so.10.3.0
7f769c477000-7f769c48f000 r-xp 00000000 103:00 5505361                   /lib/x86_64-linux-gnu/libpthread-2.21.so
7f769c48f000-7f769c68e000 ---p 00018000 103:00 5505361                   /lib/x86_64-linux-gnu/libpthread-2.21.so
7f769c68e000-7f769c68f000 r--p 00017000 103:00 5505361                   /lib/x86_64-linux-gnu/libpthread-2.21.so
7f769c68f000-7f769c690000 rw-p 00018000 103:00 5505361                   /lib/x86_64-linux-gnu/libpthread-2.21.so
7f769c690000-7f769c694000 rw-p 00000000 00:00 0 
7f769c694000-7f769c8f6000 r-xp 00000000 103:00 2641569                   /usr/lib/x86_64-linux-gnu/libruby-2.2.so.2.2.0
7f769c8f6000-7f769caf6000 ---p 00262000 103:00 2641569                   /usr/lib/x86_64-linux-gnu/libruby-2.2.so.2.2.0
7f769caf6000-7f769cafb000 r--p 00262000 103:00 2641569                   /usr/lib/x86_64-linux-gnu/libruby-2.2.so.2.2.0
7f769cafb000-7f769cafe000 rw-p 00267000 103:00 2641569                   /usr/lib/x86_64-linux-gnu/libruby-2.2.so.2.2.0
7f769cafe000-7f769cb0f000 rw-p 00000000 00:00 0 
7f769cb0f000-7f769cb31000 r-xp 00000000 103:00 5505728                   /lib/x86_64-linux-gnu/ld-2.21.so
7f769cb7a000-7f769cd03000 r--p 00000000 103:00 2625802                   /usr/lib/locale/locale-archive
7f769cd03000-7f769cd08000 rw-p 00000000 00:00 0 
7f769cd0a000-7f769cd0b000 rw-p 00000000 00:00 0 
7f769cd0b000-7f769cd2c000 r--s 00000000 103:00 5505361                   /lib/x86_64-linux-gnu/libpthread-2.21.so
7f769cd2c000-7f769cd2e000 r--s 00000000 103:00 2649509                   /usr/bin/ruby2.2
7f769cd2e000-7f769cd30000 rw-p 00000000 00:00 0 
7f769cd30000-7f769cd31000 r--p 00021000 103:00 5505728                   /lib/x86_64-linux-gnu/ld-2.21.so
7f769cd31000-7f769cd32000 rw-p 00022000 103:00 5505728                   /lib/x86_64-linux-gnu/ld-2.21.so
7f769cd32000-7f769cd33000 rw-p 00000000 00:00 0 
7fffb3867000-7fffb4066000 rw-p 00000000 00:00 0                          [stack]
7fffb41d9000-7fffb41da000 r-xp 00000000 00:00 0                          [vdso]
ffffffffff600000-ffffffffff601000 r-xp 00000000 00:00 0                  [vsyscall]


[NOTE]
You may have encountered a bug in the Ruby interpreter or extension libraries.
Bug reports are welcome.
For details: http://www.ruby-lang.org/bugreport.html

