{:current_branch_name => Branch.new(repository: Repository.new(path: '/home/greg/Desktop/src/Open-Table-Explorer/')
,
   name: :passed,
   initialization_string: nil)
,
:start_time => Time.new(2017, 2, 20, 9, 7, Rational(45809761131, 1000000000), "-08:00"),
:command_string => '/usr/bin/time --verbose ruby -v -W0 /home/greg/Desktop/src/Open-Table-Explorer/test/unit/dependancy_test.rb',
:output => 'ruby 2.3.1p112 (2016-04-26) [x86_64-linux-gnu]
Run options: --seed 0

# Running:

...E...F......

Finished in 2.308832s, 6.0637 runs/s, 0.4331 assertions/s.

  1) Error:
DependanciesTest#test_bundle:
NoMethodError: undefined method `assertions\' for #<ShellCommands:0x00000001d971e0>
Did you mean?  assert
    /usr/lib/ruby/vendor_ruby/minitest/assertions.rb:135:in `assert\'
    /usr/lib/ruby/vendor_ruby/minitest/assertions.rb:340:in `assert_respond_to\'
    /usr/lib/ruby/vendor_ruby/minitest/assertions.rb:153:in `assert_empty\'
    /home/greg/Desktop/src/Open-Table-Explorer/app/models/shell_command.rb:703:in `assert_post_conditions\'
    /home/greg/Desktop/src/Open-Table-Explorer/test/unit/dependancy_test.rb:23:in `test_bundle\'
    /usr/lib/ruby/vendor_ruby/minitest/test.rb:107:in `block (3 levels) in run\'
    /usr/lib/ruby/vendor_ruby/minitest/test.rb:204:in `capture_exceptions\'
    /usr/lib/ruby/vendor_ruby/minitest/test.rb:104:in `block (2 levels) in run\'
    /usr/lib/ruby/vendor_ruby/minitest/test.rb:255:in `time_it\'
    /usr/lib/ruby/vendor_ruby/minitest/test.rb:103:in `block in run\'
    /usr/lib/ruby/vendor_ruby/minitest.rb:348:in `on_signal\'
    /usr/lib/ruby/vendor_ruby/minitest/test.rb:275:in `with_info_handler\'
    /usr/lib/ruby/vendor_ruby/minitest/test.rb:102:in `run\'
    /usr/lib/ruby/vendor_ruby/minitest.rb:799:in `run_one_method\'
    /usr/lib/ruby/vendor_ruby/minitest.rb:322:in `run_one_method\'
    /usr/lib/ruby/vendor_ruby/minitest.rb:310:in `block (2 levels) in run\'
    /usr/lib/ruby/vendor_ruby/minitest.rb:309:in `each\'
    /usr/lib/ruby/vendor_ruby/minitest.rb:309:in `block in run\'
    /usr/lib/ruby/vendor_ruby/minitest.rb:348:in `on_signal\'
    /usr/lib/ruby/vendor_ruby/minitest.rb:335:in `with_info_handler\'
    /usr/lib/ruby/vendor_ruby/minitest.rb:308:in `run\'
    /usr/lib/ruby/vendor_ruby/minitest.rb:158:in `block in __run\'
    /usr/lib/ruby/vendor_ruby/minitest.rb:158:in `map\'
    /usr/lib/ruby/vendor_ruby/minitest.rb:158:in `__run\'
    /usr/lib/ruby/vendor_ruby/minitest.rb:135:in `run\'
    /usr/lib/ruby/vendor_ruby/minitest.rb:62:in `block in autorun\'


  2) Failure:
DependanciesTest#test_dpkg_lock [/home/greg/Desktop/src/Open-Table-Explorer/test/unit/dependancy_test.rb:27]:
/var/cache/apt/archives/lock

14 runs, 1 assertions, 1 failures, 1 errors, 0 skips
',
:errors => {:syserr => 'Command exited with non-zero status 1
	Command being timed: "ruby -v -W0 /home/greg/Desktop/src/Open-Table-Explorer/test/unit/dependancy_test.rb"
	User time (seconds): 2.36
	System time (seconds): 0.29
	Percent of CPU this job got: 69%
	Elapsed (wall clock) time (h:mm:ss or m:ss): 0:03.81
	Average shared text size (kbytes): 0
	Average unshared data size (kbytes): 0
	Average stack size (kbytes): 0
	Average total size (kbytes): 0
	Maximum resident set size (kbytes): 34628
	Average resident set size (kbytes): 0
	Major (requiring I/O) page faults: 26
	Minor (reclaiming a frame) page faults: 18367
	Voluntary context switches: 399
	Involuntary context switches: 301
	Swaps: 0
	File system inputs: 32048
	File system outputs: 22664
	Socket messages sent: 0
	Socket messages received: 0
	Signals delivered: 0
	Page size (bytes): 4096
	Exit status: 1
'
}

}
