{:current_branch_name => Branch.new(repository: Repository.new(path: '/home/greg/Desktop/src/Open-Table-Explorer/')
,
   name: :passed,
   initialization_string: nil)
,
:start_time => Time.new(2017, 2, 20, 9, 7, Rational(53168337093, 1000000000), "-08:00"),
:command_string => '/usr/bin/time --verbose ruby -v -W0 /home/greg/Desktop/src/Open-Table-Explorer/test/unit/edison_test.rb',
:output => 'ruby 2.3.1p112 (2016-04-26) [x86_64-linux-gnu]
Loaded suite /home/greg/Desktop/src/Open-Table-Explorer/test/unit/edison_test
Started
E
===============================================================================
Error: test_aaa_test_new_assertions(EdisonTest):
  NameError: undefined local variable or method `define_model_of_test\' for #<EdisonTest:0x00000001e310b0>
  Did you mean?  define_singleton_method
/home/greg/Desktop/src/Open-Table-Explorer/test/unit/edison_test.rb:8:in `setup\'
===============================================================================
E
===============================================================================
Error: test_general_associations(EdisonTest):
  NameError: undefined local variable or method `define_model_of_test\' for #<EdisonTest:0x00000001e30fe8>
  Did you mean?  define_singleton_method
/home/greg/Desktop/src/Open-Table-Explorer/test/unit/edison_test.rb:8:in `setup\'
===============================================================================
E
===============================================================================
Error: test_id_equal(EdisonTest):
  NameError: undefined local variable or method `define_model_of_test\' for #<EdisonTest:0x00000001e30f20>
  Did you mean?  define_singleton_method
/home/greg/Desktop/src/Open-Table-Explorer/test/unit/edison_test.rb:8:in `setup\'
===============================================================================
E
===============================================================================
Error: test_specific__stable_and_working(EdisonTest):
  NameError: undefined local variable or method `define_model_of_test\' for #<EdisonTest:0x00000001e30e30>
  Did you mean?  define_singleton_method
/home/greg/Desktop/src/Open-Table-Explorer/test/unit/edison_test.rb:8:in `setup\'
===============================================================================


Finished in 0.142954539 seconds.
------
4 tests, 0 assertions, 0 failures, 4 errors, 0 pendings, 0 omissions, 0 notifications
0% passed
------
27.98 tests/s, 0.00 assertions/s
',
:errors => {:syserr => 'Command exited with non-zero status 1
	Command being timed: "ruby -v -W0 /home/greg/Desktop/src/Open-Table-Explorer/test/unit/edison_test.rb"
	User time (seconds): 0.68
	System time (seconds): 0.06
	Percent of CPU this job got: 99%
	Elapsed (wall clock) time (h:mm:ss or m:ss): 0:00.75
	Average shared text size (kbytes): 0
	Average unshared data size (kbytes): 0
	Average stack size (kbytes): 0
	Average total size (kbytes): 0
	Maximum resident set size (kbytes): 20988
	Average resident set size (kbytes): 0
	Major (requiring I/O) page faults: 0
	Minor (reclaiming a frame) page faults: 5373
	Voluntary context switches: 3
	Involuntary context switches: 78
	Swaps: 0
	File system inputs: 0
	File system outputs: 0
	Socket messages sent: 0
	Socket messages received: 0
	Signals delivered: 0
	Page size (bytes): 4096
	Exit status: 1
'
}

}
