{:current_branch_name => Branch.new(repository: Repository.new(path: '/home/greg/Desktop/src/Open-Table-Explorer/')
,
   name: :passed,
   initialization_string: nil)
,
:start_time => Time.new(2017, 2, 20, 9, 11, Rational(2146399271, 1000000000), "-08:00"),
:command_string => '/usr/bin/time --verbose ruby -v -W0 /home/greg/Desktop/src/Open-Table-Explorer/test/unit/enumerator_test.rb',
:output => 'ruby 2.3.1p112 (2016-04-26) [x86_64-linux-gnu]
Loaded suite /home/greg/Desktop/src/Open-Table-Explorer/test/unit/enumerator_test
Started
....F
===============================================================================
Failure: test_intersection(EnumeratorTest)
/home/greg/Desktop/src/Open-Table-Explorer/test/unit/enumerator_test.rb:109:in `test_intersection\'
     106:   def test_intersection
     107:     assert_equal({}, {} & {})
     108:     assert_equal({ cat: 1 }, { cat: 1 } & { cat: 1 })
  => 109:     assert_equal({}, { cat: 1 } & { dog: 1 })
     110:     assert_equal({ cat: 1 }, { cat: 1 } & { cat: 2 })
     111:     assert_equal({ dog: { bird: 6 } }, { cat: 1, dog: { fish: 5, bird: 6 } } & { cat: 2, dog:  { bird: 6 } })
     112:   end # intersection
<{}> expected but was
<{:dog=>1}>

diff:
? {:dog=>1}
===============================================================================
...E
===============================================================================
Error: test_operator(EnumeratorTest): LocalJumpError: no block given (yield)
/home/greg/Desktop/src/Open-Table-Explorer/app/models/enumerator.rb:120:in `block in operator\'
/home/greg/Desktop/src/Open-Table-Explorer/app/models/enumerator.rb:116:in `each_pair\'
/home/greg/Desktop/src/Open-Table-Explorer/app/models/enumerator.rb:116:in `operator\'
/home/greg/Desktop/src/Open-Table-Explorer/app/models/enumerator.rb:118:in `block in operator\'
/home/greg/Desktop/src/Open-Table-Explorer/app/models/enumerator.rb:116:in `each_pair\'
/home/greg/Desktop/src/Open-Table-Explorer/app/models/enumerator.rb:116:in `operator\'
/home/greg/Desktop/src/Open-Table-Explorer/test/unit/enumerator_test.rb:93:in `test_operator\'
     90:     assert_equal({ cat: 1 }, { cat: 1 }.operator({ cat: 2 }, &operator_lambda))
     91:     assert_equal({ cat: 1 }, { cat: 1, dog: 3 }.operator({ cat: 2, dog: 3 }, &operator_lambda))
     92:     assert_equal({ fish: 5 }, { fish: 5, bird: 6 }.operator({ bird: 6 }, &operator_lambda))
  => 93:     assert_equal({ cat: 1, dog: { fish: 5 } }, { cat: 1, dog: { fish: 5, bird: 6 } }.operator({ cat: 2, dog:  { bird: 6 } }, &operator_lambda))
     94:     assert_equal({ cat: 1 }, { cat: 1 }.operator({ dog: 2 }, &operator_lambda))
     95:     assert_equal({ cat: 1 }, { cat: 1 }.operator({ dog: 1 }, &operator_lambda))
     96: 
===============================================================================
...

Finished in 0.023886989 seconds.
------
12 tests, 63 assertions, 1 failures, 1 errors, 0 pendings, 0 omissions, 0 notifications
83.3333% passed
------
502.37 tests/s, 2637.42 assertions/s
',
:errors => {:syserr => 'Command exited with non-zero status 1
	Command being timed: "ruby -v -W0 /home/greg/Desktop/src/Open-Table-Explorer/test/unit/enumerator_test.rb"
	User time (seconds): 0.86
	System time (seconds): 0.06
	Percent of CPU this job got: 98%
	Elapsed (wall clock) time (h:mm:ss or m:ss): 0:00.94
	Average shared text size (kbytes): 0
	Average unshared data size (kbytes): 0
	Average stack size (kbytes): 0
	Average total size (kbytes): 0
	Maximum resident set size (kbytes): 28708
	Average resident set size (kbytes): 0
	Major (requiring I/O) page faults: 0
	Minor (reclaiming a frame) page faults: 7301
	Voluntary context switches: 3
	Involuntary context switches: 112
	Swaps: 0
	File system inputs: 0
	File system outputs: 0
	Socket messages sent: 0
	Socket messages received: 0
	Signals delivered: 0
	Page size (bytes): 4096
	Exit status: 1
'
}

}
