{:current_branch_name => Branch.new(name: nil)
,
:start_time => Time.new(2017, 7, 18, 8, 53, Rational(41929034640, 1000000000), "-07:00"),
:command_string => '/usr/bin/time --verbose ruby -v -W0 /home/greg/Desktop/src/Open-Table-Explorer/test/unit/error_type_test.rb',
:output => 'ruby 2.3.3p222 (2016-11-21) [x86_64-linux-gnu]
Loaded suite /home/greg/Desktop/src/Open-Table-Explorer/test/unit/error_type_test
Started
E
===============================================================================
Error: test_aaa_test_new_assertions_(ErrorTypeTest):
  NameError: undefined local variable or method `define_model_of_test\' for #<ErrorTypeTest:0x007f2e8842e088>
  Did you mean?  define_singleton_method
/home/greg/Desktop/src/Open-Table-Explorer/test/unit/error_type_test.rb:8:in `setup\'
===============================================================================
E
===============================================================================
Error: test_general_associations(ErrorTypeTest):
  NameError: undefined local variable or method `define_model_of_test\' for #<ErrorTypeTest:0x007f2e8842dc50>
  Did you mean?  define_singleton_method
/home/greg/Desktop/src/Open-Table-Explorer/test/unit/error_type_test.rb:8:in `setup\'
===============================================================================
E
===============================================================================
Error: test_id_equal(ErrorTypeTest):
  NameError: undefined local variable or method `define_model_of_test\' for #<ErrorTypeTest:0x007f2e8842d750>
  Did you mean?  define_singleton_method
/home/greg/Desktop/src/Open-Table-Explorer/test/unit/error_type_test.rb:8:in `setup\'
===============================================================================
E
===============================================================================
Error: test_specific__stable_and_working(ErrorTypeTest):
  NameError: undefined local variable or method `define_model_of_test\' for #<ErrorTypeTest:0x007f2e8842d0e8>
  Did you mean?  define_singleton_method
/home/greg/Desktop/src/Open-Table-Explorer/test/unit/error_type_test.rb:8:in `setup\'
===============================================================================


Finished in 0.149306411 seconds.
------
4 tests, 0 assertions, 0 failures, 4 errors, 0 pendings, 0 omissions, 0 notifications
0% passed
------
26.79 tests/s, 0.00 assertions/s
',
:errors => {:syserr => 'Command exited with non-zero status 1
	Command being timed: "ruby -v -W0 /home/greg/Desktop/src/Open-Table-Explorer/test/unit/error_type_test.rb"
	User time (seconds): 1.13
	System time (seconds): 0.13
	Percent of CPU this job got: 99%
	Elapsed (wall clock) time (h:mm:ss or m:ss): 0:01.27
	Average shared text size (kbytes): 0
	Average unshared data size (kbytes): 0
	Average stack size (kbytes): 0
	Average total size (kbytes): 0
	Maximum resident set size (kbytes): 24716
	Average resident set size (kbytes): 0
	Major (requiring I/O) page faults: 0
	Minor (reclaiming a frame) page faults: 6304
	Voluntary context switches: 2
	Involuntary context switches: 188
	Swaps: 0
	File system inputs: 0
	File system outputs: 0
	Socket messages sent: 0
	Socket messages received: 0
	Signals delivered: 0
	Page size (bytes): 4096
	Exit status: 1
'
}

}
