tax_form
2016-04-03 03:26:30.148
ruby -v -W0 /home/greg/Desktop/src/Open-Table-Explorer/test/unit/file_pattern_test.rb
ruby 2.2.4p230 (2015-12-16) [x86_64-linux-gnu]
Loaded suite /home/greg/Desktop/src/Open-Table-Explorer/test/unit/file_pattern_test
Started


It is best for example files to actally exist. But {:suffix=>"_test.rb", :name=>:integration_test, :prefix=>"test/integration/", :example_file=>"test/integration/release_test.rb", :generate=>true} does not exist.


It is best for example files to actally exist. But {:suffix=>"_test.rb", :name=>:long_test, :prefix=>"test/long_test/", :example_file=>"test/long_test/interactive_bottleneck_test.rb", :generate=>true} does not exist.


It is best for example files to actally exist. But {:suffix=>".log", :name=>:unit_log, :prefix=>"log/unit/", :example_file=>"log/unit/2.2/2.2.3p173/silence/repository.log", :generate=>false} does not exist.


It is best for example files to actally exist. But {:suffix=>".log", :name=>:assertions_test_log, :prefix=>"log/assertions_test/", :example_file=>"log/assertions_test/2.2/2.2.3p173/silence/minimal4.log", :generate=>false} does not exist.


It is best for example files to actally exist. But {:suffix=>".log", :name=>:long_log, :prefix=>"log/long_test/", :example_file=>"log/long_test/2.2/2.2.3p173/silence/interactive_bottleneck.log", :generate=>false} does not exist.


It is best for example files to actally exist. But {:suffix=>".log", :name=>:integration_log, :prefix=>"log/integration/", :example_file=>"log/integration/2.2/2.2.3p173/silence/repository.log", :generate=>false} does not exist.
.E
===============================================================================
Error: test_Examples(FilePatternTest): NoMethodError: undefined method `assert_data_file' for #<FilePatternTest:0x00000002d23af0>
/home/greg/Desktop/src/Open-Table-Explorer/test/unit/file_pattern_test.rb:263:in `test_Examples'
     260: 	FilePattern.assert_pattern_array(FilePattern::Patterns)
     261: end #assert_pattern_array
     262: def test_Examples
  => 263: 	assert_data_file(Data_source_example)
     264: end #Examples
     265: end #FilePattern
===============================================================================
.................E
===============================================================================
Error: test_project_root_dir(FilePatternTest): NoMethodError: undefined method `assert_pathname_exists' for #<FilePatternTest:0x00000002d22ce0>
/home/greg/Desktop/src/Open-Table-Explorer/test/unit/file_pattern_test.rb:149:in `test_project_root_dir'
     146: 	end #map
     147: 	assert_equal(roots.uniq.size, 1, roots.inspect)
     148: 	refute_empty(FilePattern.project_root_dir?(path))
  => 149: 	assert_pathname_exists(FilePattern.project_root_dir?(path))
     150: 	path='.gitignore'
     151: 	path=File.expand_path(path)
     152: 	assert_pathname_exists(path)
===============================================================================
.E
===============================================================================
Error: test_repository_dir?(FilePatternTest): NoMethodError: undefined method `assert_pathname_exists' for #<FilePatternTest:0x00000002d22b50>
/home/greg/Desktop/src/Open-Table-Explorer/test/unit/file_pattern_test.rb:97:in `test_repository_dir?'
      94: 	path=$0
      95: #	path='.gitignore'
      96: 	path=File.expand_path(path)
  =>  97: 	assert_pathname_exists(path)
      98: 	if File.directory?(path) then
      99: 		dirname=path
     100: 	else
===============================================================================
.

Finished in 0.097629843 seconds.
------
23 tests, 133 assertions, 0 failures, 3 errors, 0 pendings, 0 omissions, 0 notifications
86.9565% passed
------
235.58 tests/s, 1362.29 assertions/s

