{:current_branch_name => Branch.new(name: nil)
,
:start_time => Time.new(2017, 7, 18, 8, 54, Rational(3437288327, 1000000000), "-07:00"),
:command_string => '/usr/bin/time --verbose ruby -v -W0 /home/greg/Desktop/src/Open-Table-Explorer/test/unit/flora_test.rb',
:output => 'ruby 2.3.3p222 (2016-11-21) [x86_64-linux-gnu]
',
:errors => {:syserr => '/home/greg/Desktop/src/Open-Table-Explorer/app/models/flora.rb:17:in `<class:AvrDude>\': uninitialized constant Flora::AvrDude::GenericFiles (NameError)
Did you mean?  GenericFile
	from /home/greg/Desktop/src/Open-Table-Explorer/app/models/flora.rb:14:in `<module:Flora>\'
	from /home/greg/Desktop/src/Open-Table-Explorer/app/models/flora.rb:10:in `<top (required)>\'
	from /home/greg/Desktop/src/Open-Table-Explorer/test/unit/flora_test.rb:10:in `require_relative\'
	from /home/greg/Desktop/src/Open-Table-Explorer/test/unit/flora_test.rb:10:in `<main>\'
Command exited with non-zero status 1
	Command being timed: "ruby -v -W0 /home/greg/Desktop/src/Open-Table-Explorer/test/unit/flora_test.rb"
	User time (seconds): 1.05
	System time (seconds): 0.12
	Percent of CPU this job got: 96%
	Elapsed (wall clock) time (h:mm:ss or m:ss): 0:01.20
	Average shared text size (kbytes): 0
	Average unshared data size (kbytes): 0
	Average stack size (kbytes): 0
	Average total size (kbytes): 0
	Maximum resident set size (kbytes): 24652
	Average resident set size (kbytes): 0
	Major (requiring I/O) page faults: 0
	Minor (reclaiming a frame) page faults: 6285
	Voluntary context switches: 5
	Involuntary context switches: 132
	Swaps: 0
	File system inputs: 16
	File system outputs: 0
	Socket messages sent: 0
	Socket messages received: 0
	Signals delivered: 0
	Page size (bytes): 4096
	Exit status: 1
'
}

}
