{:current_branch_name => Branch.new(repository: Repository.new(path: '/home/greg/Desktop/src/Open-Table-Explorer/')
,
   name: :passed,
   initialization_string: nil)
,
:start_time => Time.new(2017, 2, 20, 9, 11, Rational(22399137790, 1000000000), "-08:00"),
:command_string => '/usr/bin/time --verbose ruby -v -W0 /home/greg/Desktop/src/Open-Table-Explorer/test/unit/frequency_test.rb',
:output => 'ruby 2.3.1p112 (2016-04-26) [x86_64-linux-gnu]
Loaded suite /home/greg/Desktop/src/Open-Table-Explorer/test/unit/frequency_test
Started
E
===============================================================================
Error: test_aaa_test_new_assertions_(FrequencyTest):
  NameError: undefined local variable or method `define_model_of_test\' for #<FrequencyTest:0x00000002e48fc0>
  Did you mean?  define_singleton_method
/home/greg/Desktop/src/Open-Table-Explorer/test/unit/frequency_test.rb:7:in `setup\'
===============================================================================
E
===============================================================================
Error: test_general_associations(FrequencyTest):
  NameError: undefined local variable or method `define_model_of_test\' for #<FrequencyTest:0x00000002e48ef8>
  Did you mean?  define_singleton_method
/home/greg/Desktop/src/Open-Table-Explorer/test/unit/frequency_test.rb:7:in `setup\'
===============================================================================
E
===============================================================================
Error: test_id_equal(FrequencyTest):
  NameError: undefined local variable or method `define_model_of_test\' for #<FrequencyTest:0x00000002e48e30>
  Did you mean?  define_singleton_method
/home/greg/Desktop/src/Open-Table-Explorer/test/unit/frequency_test.rb:7:in `setup\'
===============================================================================
E
===============================================================================
Error: test_specific__stable_and_working(FrequencyTest):
  NameError: undefined local variable or method `define_model_of_test\' for #<FrequencyTest:0x00000002e48d40>
  Did you mean?  define_singleton_method
/home/greg/Desktop/src/Open-Table-Explorer/test/unit/frequency_test.rb:7:in `setup\'
===============================================================================


Finished in 0.157843342 seconds.
------
4 tests, 0 assertions, 0 failures, 4 errors, 0 pendings, 0 omissions, 0 notifications
0% passed
------
25.34 tests/s, 0.00 assertions/s
',
:errors => {:syserr => 'Command exited with non-zero status 1
	Command being timed: "ruby -v -W0 /home/greg/Desktop/src/Open-Table-Explorer/test/unit/frequency_test.rb"
	User time (seconds): 0.75
	System time (seconds): 0.05
	Percent of CPU this job got: 99%
	Elapsed (wall clock) time (h:mm:ss or m:ss): 0:00.81
	Average shared text size (kbytes): 0
	Average unshared data size (kbytes): 0
	Average stack size (kbytes): 0
	Average total size (kbytes): 0
	Maximum resident set size (kbytes): 20980
	Average resident set size (kbytes): 0
	Major (requiring I/O) page faults: 0
	Minor (reclaiming a frame) page faults: 5370
	Voluntary context switches: 3
	Involuntary context switches: 84
	Swaps: 0
	File system inputs: 0
	File system outputs: 0
	Socket messages sent: 0
	Socket messages received: 0
	Signals delivered: 0
	Page size (bytes): 4096
	Exit status: 1
'
}

}
