{:current_branch_name => :passed,
:start_time => Time.new(2016, 8, 17, 17, 22, Rational(43640657622, 1000000000), "-07:00"),
:command_string => '/usr/bin/time --verbose ruby -v -W0 /home/greg/Desktop/src/Open-Table-Explorer/test/unit/generic_table_examples_test.rb',
:output => 'ruby 2.3.1p112 (2016-04-26) [x86_64-linux-gnu]
',
:errors => {:syserr => '/home/greg/Desktop/src/Open-Table-Explorer/test/unit/generic_table_examples_test.rb:12:in `<class:GenericTableExamplesTest>': uninitialized constant OpenTableExplorer::Tests::GenericTableExamplesTest::DefaultTests2 (NameError)
	from /home/greg/Desktop/src/Open-Table-Explorer/test/unit/generic_table_examples_test.rb:11:in `<module:Tests>'
	from /home/greg/Desktop/src/Open-Table-Explorer/test/unit/generic_table_examples_test.rb:9:in `<module:OpenTableExplorer>'
	from /home/greg/Desktop/src/Open-Table-Explorer/test/unit/generic_table_examples_test.rb:8:in `<main>'
Command exited with non-zero status 1
	Command being timed: "ruby -v -W0 /home/greg/Desktop/src/Open-Table-Explorer/test/unit/generic_table_examples_test.rb"
	User time (seconds): 0.62
	System time (seconds): 0.05
	Percent of CPU this job got: 100%
	Elapsed (wall clock) time (h:mm:ss or m:ss): 0:00.68
	Average shared text size (kbytes): 0
	Average unshared data size (kbytes): 0
	Average stack size (kbytes): 0
	Average total size (kbytes): 0
	Maximum resident set size (kbytes): 23720
	Average resident set size (kbytes): 0
	Major (requiring I/O) page faults: 0
	Minor (reclaiming a frame) page faults: 4411
	Voluntary context switches: 3
	Involuntary context switches: 4
	Swaps: 0
	File system inputs: 0
	File system outputs: 0
	Socket messages sent: 0
	Socket messages received: 0
	Signals delivered: 0
	Page size (bytes): 4096
	Exit status: 1
',
}
,
}
