{:current_branch_name => Branch.new(name: nil)
,
:start_time => Time.new(2017, 7, 18, 8, 54, Rational(20452847369, 1000000000), "-07:00"),
:command_string => '/usr/bin/time --verbose ruby -v -W0 /home/greg/Desktop/src/Open-Table-Explorer/test/unit/generic_table_association_test.rb',
:output => 'ruby 2.3.3p222 (2016-11-21) [x86_64-linux-gnu]
',
:errors => {:syserr => '/usr/lib/ruby/2.3.0/rubygems/specification.rb:2287:in `raise_if_conflicts\': Unable to activate activesupport-4.2.6, because json-2.0.1 conflicts with json (>= 1.7.7, ~> 1.7) (Gem::ConflictError)
	from /usr/lib/ruby/2.3.0/rubygems/specification.rb:1408:in `activate\'
	from /usr/lib/ruby/2.3.0/rubygems/specification.rb:1442:in `block in activate_dependencies\'
	from /usr/lib/ruby/2.3.0/rubygems/specification.rb:1428:in `each\'
	from /usr/lib/ruby/2.3.0/rubygems/specification.rb:1428:in `activate_dependencies\'
	from /usr/lib/ruby/2.3.0/rubygems/specification.rb:1410:in `activate\'
	from /usr/lib/ruby/2.3.0/rubygems.rb:196:in `rescue in try_activate\'
	from /usr/lib/ruby/2.3.0/rubygems.rb:193:in `try_activate\'
	from /usr/lib/ruby/2.3.0/rubygems/core_ext/kernel_require.rb:125:in `rescue in require\'
	from /usr/lib/ruby/2.3.0/rubygems/core_ext/kernel_require.rb:40:in `require\'
	from /home/greg/Desktop/src/Open-Table-Explorer/test/unit/generic_table_association_test.rb:12:in `<main>\'
Command exited with non-zero status 1
	Command being timed: "ruby -v -W0 /home/greg/Desktop/src/Open-Table-Explorer/test/unit/generic_table_association_test.rb"
	User time (seconds): 1.58
	System time (seconds): 0.18
	Percent of CPU this job got: 99%
	Elapsed (wall clock) time (h:mm:ss or m:ss): 0:01.78
	Average shared text size (kbytes): 0
	Average unshared data size (kbytes): 0
	Average stack size (kbytes): 0
	Average total size (kbytes): 0
	Maximum resident set size (kbytes): 38576
	Average resident set size (kbytes): 0
	Major (requiring I/O) page faults: 0
	Minor (reclaiming a frame) page faults: 9769
	Voluntary context switches: 2
	Involuntary context switches: 204
	Swaps: 0
	File system inputs: 0
	File system outputs: 0
	Socket messages sent: 0
	Socket messages received: 0
	Signals delivered: 0
	Page size (bytes): 4096
	Exit status: 1
'
}

}
