{:current_branch_name => Branch.new(repository: Repository.new(path: '/home/greg/Desktop/src/Open-Table-Explorer/')
,
   name: :passed,
   initialization_string: nil)
,
:start_time => Time.new(2017, 2, 20, 9, 11, Rational(26388098260, 1000000000), "-08:00"),
:command_string => '/usr/bin/time --verbose ruby -v -W0 /home/greg/Desktop/src/Open-Table-Explorer/test/unit/generic_file_test.rb',
:output => 'ruby 2.3.1p112 (2016-04-26) [x86_64-linux-gnu]
',
:errors => {:syserr => '/usr/lib/ruby/vendor_ruby/minitest/assertions.rb:135:in `assert\': undefined method `assertions\' for RegexpParseType::Examples:Module (NoMethodError)
Did you mean?  assert
	from /usr/lib/ruby/vendor_ruby/minitest/assertions.rb:174:in `assert_equal\'
	from /home/greg/Desktop/src/Open-Table-Explorer/test/assertions/regexp_parse_assertions.rb:139:in `<module:Examples>\'
	from /home/greg/Desktop/src/Open-Table-Explorer/test/assertions/regexp_parse_assertions.rb:138:in `<module:RegexpParseType>\'
	from /home/greg/Desktop/src/Open-Table-Explorer/test/assertions/regexp_parse_assertions.rb:14:in `<top (required)>\'
	from /home/greg/Desktop/src/Open-Table-Explorer/app/models/generic_file.rb:9:in `require_relative\'
	from /home/greg/Desktop/src/Open-Table-Explorer/app/models/generic_file.rb:9:in `<top (required)>\'
	from /home/greg/Desktop/src/Open-Table-Explorer/test/unit/generic_file_test.rb:11:in `require_relative\'
	from /home/greg/Desktop/src/Open-Table-Explorer/test/unit/generic_file_test.rb:11:in `<main>\'
Command exited with non-zero status 1
	Command being timed: "ruby -v -W0 /home/greg/Desktop/src/Open-Table-Explorer/test/unit/generic_file_test.rb"
	User time (seconds): 0.97
	System time (seconds): 0.11
	Percent of CPU this job got: 99%
	Elapsed (wall clock) time (h:mm:ss or m:ss): 0:01.09
	Average shared text size (kbytes): 0
	Average unshared data size (kbytes): 0
	Average stack size (kbytes): 0
	Average total size (kbytes): 0
	Maximum resident set size (kbytes): 27552
	Average resident set size (kbytes): 0
	Major (requiring I/O) page faults: 0
	Minor (reclaiming a frame) page faults: 7013
	Voluntary context switches: 3
	Involuntary context switches: 106
	Swaps: 0
	File system inputs: 0
	File system outputs: 0
	Socket messages sent: 0
	Socket messages received: 0
	Signals delivered: 0
	Page size (bytes): 4096
	Exit status: 1
'
}

}
