{:current_branch_name => Branch.new(repository: Repository.new(path: '/home/greg/Desktop/src/Open-Table-Explorer/')
,
   name: :command_fail,
   initialization_string: nil)
,
:start_time => Time.new(2017, 5, 3, 1, 59, Rational(21660637015, 1000000000), "-07:00"),
:command_string => '/usr/bin/time --verbose ruby -v -W0 /home/greg/Desktop/src/Open-Table-Explorer/test/unit/generic_column_test.rb',
:output => 'ruby 2.3.3p222 (2016-11-21) [x86_64-linux-gnu]
Loaded suite /home/greg/Desktop/src/Open-Table-Explorer/test/unit/generic_column_test
Started
....N
===============================================================================
GenericColumnTest#test_equal was redefined [test_equal(GenericColumnTest)]
/home/greg/Desktop/src/Open-Table-Explorer/test/unit/generic_column_test.rb:38:in `<class:GenericColumnTest>\'
===============================================================================
..E
===============================================================================
Error: test_to_hash(GenericColumnTest): NoMethodError: undefined method `to_regexp_escaped_string\' for Regexp:Class
/home/greg/Desktop/src/Open-Table-Explorer/test/unit/generic_column_test.rb:62:in `test_to_hash\'
     59:     #	assert_equal(\'\\', Regexp.new(Regexp.to_regexp_escaped_string(\'\\')).source)
     60:     #	assert_equal(\'\"\', Regexp.new(Regexp.to_regexp_escaped_string(\'\"\')).source)
     61:     #	assert_equal(\'\"\', /\\"/.source)
  => 62:     string_quote_inspected_regexp = Regexp.new(Regexp.to_regexp_escaped_string(\'\"\'))
     63:     name_string_regexp = /:[A-Z][a-z0-9]+/
     64:     assert_match(name_string_regexp, Col_1.to_hash(\'123\').inspect)
     65:     ruby_type_regexp = /ruby_type=/ * name_string_regexp
===============================================================================


Finished in 0.050990468 seconds.
------
7 tests, 20 assertions, 0 failures, 1 errors, 0 pendings, 0 omissions, 1 notifications
85.7143% passed
------
137.28 tests/s, 392.23 assertions/s
',
:errors => {:syserr => 'Command exited with non-zero status 1
	Command being timed: "ruby -v -W0 /home/greg/Desktop/src/Open-Table-Explorer/test/unit/generic_column_test.rb"
	User time (seconds): 0.72
	System time (seconds): 0.05
	Percent of CPU this job got: 99%
	Elapsed (wall clock) time (h:mm:ss or m:ss): 0:00.79
	Average shared text size (kbytes): 0
	Average unshared data size (kbytes): 0
	Average stack size (kbytes): 0
	Average total size (kbytes): 0
	Maximum resident set size (kbytes): 22268
	Average resident set size (kbytes): 0
	Major (requiring I/O) page faults: 0
	Minor (reclaiming a frame) page faults: 5693
	Voluntary context switches: 2
	Involuntary context switches: 91
	Swaps: 0
	File system inputs: 0
	File system outputs: 0
	Socket messages sent: 0
	Socket messages received: 0
	Signals delivered: 0
	Page size (bytes): 4096
	Exit status: 1
'
}

}
