{:current_branch_name => Branch.new(repository: Repository.new(path: '/home/greg/Desktop/src/Open-Table-Explorer/')
,
   name: :command_fail,
   initialization_string: nil)
,
:start_time => Time.new(2017, 5, 3, 1, 59, Rational(47328074056, 1000000000), "-07:00"),
:command_string => '/usr/bin/time --verbose ruby -v -W0 /home/greg/Desktop/src/Open-Table-Explorer/test/unit/git_reference_test.rb',
:output => 'ruby 2.3.3p222 (2016-11-21) [x86_64-linux-gnu]
Loaded suite /home/greg/Desktop/src/Open-Table-Explorer/test/unit/git_reference_test
Started
...............

Finished in 5.669815955 seconds.
------
15 tests, 45 assertions, 0 failures, 0 errors, 0 pendings, 0 omissions, 0 notifications
100% passed
------
2.65 tests/s, 7.94 assertions/s
',
:errors => {:syserr => '	Command being timed: "ruby -v -W0 /home/greg/Desktop/src/Open-Table-Explorer/test/unit/git_reference_test.rb"
	User time (seconds): 6.01
	System time (seconds): 0.65
	Percent of CPU this job got: 84%
	Elapsed (wall clock) time (h:mm:ss or m:ss): 0:07.85
	Average shared text size (kbytes): 0
	Average unshared data size (kbytes): 0
	Average stack size (kbytes): 0
	Average total size (kbytes): 0
	Maximum resident set size (kbytes): 61088
	Average resident set size (kbytes): 0
	Major (requiring I/O) page faults: 738
	Minor (reclaiming a frame) page faults: 110340
	Voluntary context switches: 1724
	Involuntary context switches: 887
	Swaps: 0
	File system inputs: 63936
	File system outputs: 2640
	Socket messages sent: 0
	Socket messages received: 0
	Signals delivered: 0
	Page size (bytes): 4096
	Exit status: 0
'
}

}
