passed
2016-06-01 05:32:02.544
/usr/bin/time --verbose ruby -v -W0 /home/greg/Desktop/src/Open-Table-Explorer/test/unit/grub_test.rb
ruby 2.2.4p230 (2015-12-16) [x86_64-linux-gnu]

/var/lib/gems/2.2.0/gems/virtus-1.0.5/lib/virtus/const_missing_extensions.rb:14:in `const_missing': uninitialized constant Version::Version_regexp (NameError)
	from /home/greg/Desktop/src/Open-Table-Explorer/app/models/grub.rb:25:in `<module:Constants>'
	from /home/greg/Desktop/src/Open-Table-Explorer/app/models/grub.rb:20:in `<class:Grub>'
	from /home/greg/Desktop/src/Open-Table-Explorer/app/models/grub.rb:13:in `<top (required)>'
	from /home/greg/Desktop/src/Open-Table-Explorer/test/unit/grub_test.rb:9:in `require_relative'
	from /home/greg/Desktop/src/Open-Table-Explorer/test/unit/grub_test.rb:9:in `<main>'
Command exited with non-zero status 1
	Command being timed: "ruby -v -W0 /home/greg/Desktop/src/Open-Table-Explorer/test/unit/grub_test.rb"
	User time (seconds): 0.81
	System time (seconds): 0.07
	Percent of CPU this job got: 99%
	Elapsed (wall clock) time (h:mm:ss or m:ss): 0:00.90
	Average shared text size (kbytes): 0
	Average unshared data size (kbytes): 0
	Average stack size (kbytes): 0
	Average total size (kbytes): 0
	Maximum resident set size (kbytes): 24612
	Average resident set size (kbytes): 0
	Major (requiring I/O) page faults: 0
	Minor (reclaiming a frame) page faults: 7163
	Voluntary context switches: 42
	Involuntary context switches: 95
	Swaps: 0
	File system inputs: 0
	File system outputs: 0
	Socket messages sent: 0
	Socket messages received: 0
	Signals delivered: 0
	Page size (bytes): 4096
	Exit status: 1
