{:current_branch_name => :passed,
:start_time => Time.new(2016, 8, 17, 17, 22, Rational(56195008210, 1000000000), "-07:00"),
:command_string => '/usr/bin/time --verbose ruby -v -W0 /home/greg/Desktop/src/Open-Table-Explorer/test/unit/homerun_test.rb',
:output => 'ruby 2.3.1p112 (2016-04-26) [x86_64-linux-gnu]
Run options: --seed 0

# Running:

....E.EF

Finished in 0.004916s, 1627.2029 runs/s, 406.8007 assertions/s.

  1) Error:
HomeRunTest#test_Constants:
NoMethodError: undefined method `size' for nil:NilClass
    /home/greg/Desktop/src/Open-Table-Explorer/test/unit/homerun_test.rb:21:in `test_Constants'
    /usr/lib/ruby/vendor_ruby/minitest/test.rb:107:in `block (3 levels) in run'
    /usr/lib/ruby/vendor_ruby/minitest/test.rb:204:in `capture_exceptions'
    /usr/lib/ruby/vendor_ruby/minitest/test.rb:104:in `block (2 levels) in run'
    /usr/lib/ruby/vendor_ruby/minitest/test.rb:255:in `time_it'
    /usr/lib/ruby/vendor_ruby/minitest/test.rb:103:in `block in run'
    /usr/lib/ruby/vendor_ruby/minitest.rb:348:in `on_signal'
    /usr/lib/ruby/vendor_ruby/minitest/test.rb:275:in `with_info_handler'
    /usr/lib/ruby/vendor_ruby/minitest/test.rb:102:in `run'
    /usr/lib/ruby/vendor_ruby/minitest.rb:799:in `run_one_method'
    /usr/lib/ruby/vendor_ruby/minitest.rb:322:in `run_one_method'
    /usr/lib/ruby/vendor_ruby/minitest.rb:310:in `block (2 levels) in run'
    /usr/lib/ruby/vendor_ruby/minitest.rb:309:in `each'
    /usr/lib/ruby/vendor_ruby/minitest.rb:309:in `block in run'
    /usr/lib/ruby/vendor_ruby/minitest.rb:348:in `on_signal'
    /usr/lib/ruby/vendor_ruby/minitest.rb:335:in `with_info_handler'
    /usr/lib/ruby/vendor_ruby/minitest.rb:308:in `run'
    /usr/lib/ruby/vendor_ruby/minitest.rb:158:in `block in __run'
    /usr/lib/ruby/vendor_ruby/minitest.rb:158:in `map'
    /usr/lib/ruby/vendor_ruby/minitest.rb:158:in `__run'
    /usr/lib/ruby/vendor_ruby/minitest.rb:135:in `run'
    /usr/lib/ruby/vendor_ruby/minitest.rb:62:in `block in autorun'


  2) Error:
HomeRunTest#test_initialize:
NoMethodError: undefined method `assertions' for #<HomeRun:0x00000002a73760 @id="10311E80">
Did you mean?  assert
    /usr/lib/ruby/vendor_ruby/minitest/assertions.rb:135:in `assert'
    /usr/lib/ruby/vendor_ruby/minitest/assertions.rb:340:in `assert_respond_to'
    /usr/lib/ruby/vendor_ruby/minitest/assertions.rb:206:in `assert_includes'
    /home/greg/Desktop/src/Open-Table-Explorer/app/models/homerun.rb:36:in `assert_post_conditions'
    /home/greg/Desktop/src/Open-Table-Explorer/test/unit/homerun_test.rb:13:in `test_initialize'
    /usr/lib/ruby/vendor_ruby/minitest/test.rb:107:in `block (3 levels) in run'
    /usr/lib/ruby/vendor_ruby/minitest/test.rb:204:in `capture_exceptions'
    /usr/lib/ruby/vendor_ruby/minitest/test.rb:104:in `block (2 levels) in run'
    /usr/lib/ruby/vendor_ruby/minitest/test.rb:255:in `time_it'
    /usr/lib/ruby/vendor_ruby/minitest/test.rb:103:in `block in run'
    /usr/lib/ruby/vendor_ruby/minitest.rb:348:in `on_signal'
    /usr/lib/ruby/vendor_ruby/minitest/test.rb:275:in `with_info_handler'
    /usr/lib/ruby/vendor_ruby/minitest/test.rb:102:in `run'
    /usr/lib/ruby/vendor_ruby/minitest.rb:799:in `run_one_method'
    /usr/lib/ruby/vendor_ruby/minitest.rb:322:in `run_one_method'
    /usr/lib/ruby/vendor_ruby/minitest.rb:310:in `block (2 levels) in run'
    /usr/lib/ruby/vendor_ruby/minitest.rb:309:in `each'
    /usr/lib/ruby/vendor_ruby/minitest.rb:309:in `block in run'
    /usr/lib/ruby/vendor_ruby/minitest.rb:348:in `on_signal'
    /usr/lib/ruby/vendor_ruby/minitest.rb:335:in `with_info_handler'
    /usr/lib/ruby/vendor_ruby/minitest.rb:308:in `run'
    /usr/lib/ruby/vendor_ruby/minitest.rb:158:in `block in __run'
    /usr/lib/ruby/vendor_ruby/minitest.rb:158:in `map'
    /usr/lib/ruby/vendor_ruby/minitest.rb:158:in `__run'
    /usr/lib/ruby/vendor_ruby/minitest.rb:135:in `run'
    /usr/lib/ruby/vendor_ruby/minitest.rb:62:in `block in autorun'


  3) Failure:
HomeRunTest#test_scan [/home/greg/Desktop/src/Open-Table-Explorer/test/unit/homerun_test.rb:17]:
scan=$ hdhomerun_config 10311E80 scan
@errors="#<Errno::ENOENT: No such file or directory - hdhomerun_config>"
@process_status=nil
.
Expected /^unable to connect to device\n|^$/ to match # encoding: ASCII-8BIT
"#<Errno::ENOENT: No such file or directory - hdhomerun_config>".

8 runs, 2 assertions, 1 failures, 2 errors, 0 skips
',
:errors => {:syserr => 'Command exited with non-zero status 1
	Command being timed: "ruby -v -W0 /home/greg/Desktop/src/Open-Table-Explorer/test/unit/homerun_test.rb"
	User time (seconds): 0.74
	System time (seconds): 0.02
	Percent of CPU this job got: 99%
	Elapsed (wall clock) time (h:mm:ss or m:ss): 0:00.77
	Average shared text size (kbytes): 0
	Average unshared data size (kbytes): 0
	Average stack size (kbytes): 0
	Average total size (kbytes): 0
	Maximum resident set size (kbytes): 24512
	Average resident set size (kbytes): 0
	Major (requiring I/O) page faults: 0
	Minor (reclaiming a frame) page faults: 4874
	Voluntary context switches: 43
	Involuntary context switches: 13
	Swaps: 0
	File system inputs: 0
	File system outputs: 0
	Socket messages sent: 0
	Socket messages received: 0
	Signals delivered: 0
	Page size (bytes): 4096
	Exit status: 1
',
}
,
}
