{:current_branch_name => Branch.new(name: nil)
,
:start_time => Time.new(2017, 7, 18, 9, 0, Rational(10768061133, 1000000000), "-07:00"),
:command_string => '/usr/bin/time --verbose ruby -v -W0 /home/greg/Desktop/src/Open-Table-Explorer/test/unit/match_data_test.rb',
:output => 'ruby 2.3.3p222 (2016-11-21) [x86_64-linux-gnu]
',
:errors => {:syserr => '/home/greg/Desktop/src/Open-Table-Explorer/test/unit/match_data_test.rb:9:in `<main>\': uninitialized constant Parse (NameError)
Did you mean?  OptParse
Command exited with non-zero status 1
	Command being timed: "ruby -v -W0 /home/greg/Desktop/src/Open-Table-Explorer/test/unit/match_data_test.rb"
	User time (seconds): 1.12
	System time (seconds): 0.12
	Percent of CPU this job got: 99%
	Elapsed (wall clock) time (h:mm:ss or m:ss): 0:01.25
	Average shared text size (kbytes): 0
	Average unshared data size (kbytes): 0
	Average stack size (kbytes): 0
	Average total size (kbytes): 0
	Maximum resident set size (kbytes): 24368
	Average resident set size (kbytes): 0
	Major (requiring I/O) page faults: 0
	Minor (reclaiming a frame) page faults: 6217
	Voluntary context switches: 2
	Involuntary context switches: 138
	Swaps: 0
	File system inputs: 0
	File system outputs: 0
	Socket messages sent: 0
	Socket messages received: 0
	Signals delivered: 0
	Page size (bytes): 4096
	Exit status: 1
'
}

}
