{:current_branch_name => :passed,
:start_time => Time.new(2016, 8, 29, 22, 34, Rational(23092014123, 1000000000), "-07:00"),
:command_string => '/usr/bin/time --verbose ruby -v -W0 /home/greg/Desktop/src/Open-Table-Explorer/test/unit/merge_test.rb',
:output => 'ruby 2.3.1p112 (2016-04-26) [x86_64-linux-gnu]
Loaded suite /home/greg/Desktop/src/Open-Table-Explorer/test/unit/merge_test
Started
....log/unit/2.2/2.2.3p173/silence/.log is an updated log file.
log/unit/2.2/2.2.3p173/silence/minimal2.log is an updated log file.
........$ git rebase --abort
@errors="No rebase in progress?\n"
@process_status=#<Process::Status: pid 28009 exit 1>
$ git merge --abort
@errors="fatal: There is no merge to abort (MERGE_HEAD missing).\n"
@process_status=#<Process::Status: pid 28030 exit 128>
$ git checkout master
@errors="Already on 'master'\n"
...merge_status= Already up-to-date.
not merge_conflict_recoveryAlready up-to-date.
.

Finished in 0.954283055 seconds.
------
16 tests, 58 assertions, 0 failures, 0 errors, 0 pendings, 0 omissions, 0 notifications
100% passed
------
16.77 tests/s, 60.78 assertions/s
',
:errors => {:syserr => '	Command being timed: "ruby -v -W0 /home/greg/Desktop/src/Open-Table-Explorer/test/unit/merge_test.rb"
	User time (seconds): 9.60
	System time (seconds): 1.53
	Percent of CPU this job got: 95%
	Elapsed (wall clock) time (h:mm:ss or m:ss): 0:11.72
	Average shared text size (kbytes): 0
	Average unshared data size (kbytes): 0
	Average stack size (kbytes): 0
	Average total size (kbytes): 0
	Maximum resident set size (kbytes): 46548
	Average resident set size (kbytes): 0
	Major (requiring I/O) page faults: 0
	Minor (reclaiming a frame) page faults: 97913
	Voluntary context switches: 1904
	Involuntary context switches: 3831
	Swaps: 0
	File system inputs: 0
	File system outputs: 3872
	Socket messages sent: 0
	Socket messages received: 0
	Signals delivered: 0
	Page size (bytes): 4096
	Exit status: 0
',
}
,
}
