{:current_branch_name => Branch.new(name: nil)
,
:start_time => Time.new(2017, 7, 18, 9, 5, Rational(9022815605, 1000000000), "-07:00"),
:command_string => '/usr/bin/time --verbose ruby -v -W0 /home/greg/Desktop/src/Open-Table-Explorer/test/unit/minimal4_test.rb',
:output => 'ruby 2.3.3p222 (2016-11-21) [x86_64-linux-gnu]
',
:errors => {:syserr => '/home/greg/Desktop/src/Open-Table-Explorer/test/unit/minimal4_test.rb:12:in `<class:Minimal4Test>\': uninitialized constant Minimal4Test::RailsishRubyUnit (NameError)
	from /home/greg/Desktop/src/Open-Table-Explorer/test/unit/minimal4_test.rb:10:in `<main>\'
Command exited with non-zero status 1
	Command being timed: "ruby -v -W0 /home/greg/Desktop/src/Open-Table-Explorer/test/unit/minimal4_test.rb"
	User time (seconds): 1.64
	System time (seconds): 0.20
	Percent of CPU this job got: 98%
	Elapsed (wall clock) time (h:mm:ss or m:ss): 0:01.87
	Average shared text size (kbytes): 0
	Average unshared data size (kbytes): 0
	Average stack size (kbytes): 0
	Average total size (kbytes): 0
	Maximum resident set size (kbytes): 34660
	Average resident set size (kbytes): 0
	Major (requiring I/O) page faults: 0
	Minor (reclaiming a frame) page faults: 8788
	Voluntary context switches: 2
	Involuntary context switches: 223
	Swaps: 0
	File system inputs: 0
	File system outputs: 0
	Socket messages sent: 0
	Socket messages received: 0
	Signals delivered: 0
	Page size (bytes): 4096
	Exit status: 1
'
}

}
