passed
2016-05-30 00:17:32.258
/usr/bin/time --verbose ruby -v -W0 /home/greg/Desktop/src/Open-Table-Explorer/test/unit/network_test.rb
ruby 2.2.4p230 (2015-12-16) [x86_64-linux-gnu]
Run options: --seed 0

# Running:

.FFF........

Finished in 0.039489s, 303.8792 runs/s, 1494.0727 assertions/s.

  1) Failure:
NewTestClass#test_ifconfig [/home/greg/Desktop/src/Open-Table-Explorer/test/unit/network_test.rb:56]:
Expected /^\s+inet (?:[0-2]?[0-9]?[0-9]\.){3}[0-2]?[0-9]?[0-9]  netmask (?:[0-2]?[0-9]?[0-9]\.){3}[0-2]?[0-9]?[0-9]  broadcast / to match "eth0: flags=4163<UP,BROADCAST,RUNNING,MULTICAST>  mtu 1500\n        ether f8:0f:41:d2:26:c7  txqueuelen 1000  (Ethernet)\n        RX packets 860565  bytes 1129173547 (1.0 GiB)\n        RX errors 0  dropped 0  overruns 0  frame 0\n        TX packets 694332  bytes 96485422 (92.0 MiB)\n        TX errors 0  dropped 19280 overruns 0  carrier 0  collisions 0\n        device interrupt 103  base 0xa000  \n\nlo: flags=73<UP,LOOPBACK,RUNNING>  mtu 16436\n        inet 127.0.0.1  netmask 255.0.0.0\n        inet6 ::1  prefixlen 128  scopeid 0x10<host>\n        loop  txqueuelen 0  (Local Loopback)\n        RX packets 9173412  bytes 740812229 (706.4 MiB)\n        RX errors 0  dropped 0  overruns 0  frame 0\n        TX packets 9173412  bytes 740812229 (706.4 MiB)\n        TX errors 0  dropped 0 overruns 0  carrier 0  collisions 0\n\nwlan0: flags=4099<UP,BROADCAST,MULTICAST>  mtu 1500\n        ether 30:10:b3:40:00:e5  txqueuelen 1000  (Ethernet)\n        RX packets 0  bytes 0 (0.0 B)\n        RX errors 0  dropped 0  overruns 0  frame 0\n        TX packets 0  bytes 0 (0.0 B)\n        TX errors 0  dropped 0 overruns 0  carrier 0  collisions 0\n\n".


  2) Failure:
NewTestClass#test_Constants [/home/greg/Desktop/src/Open-Table-Explorer/test/unit/network_test.rb:194]:
{:eth0=>{}, :lo=>{}, :wlan0=>{}}.
Expected nil to not be nil.


  3) Failure:
NewTestClass#test_DefinitionalConstants [/home/greg/Desktop/src/Open-Table-Explorer/test/unit/network_test.rb:32]:
#<MatchCapture:0x000000035008e0 @string="eth0: flags=4163<UP,BROADCAST,RUNNING,MULTICAST>  mtu 1500\n        ether f8:0f:41:d2:26:c7  txqueuelen 1000  (Ethernet)\n        RX packets 860565  bytes 1129173547 (1.0 GiB)\n        RX errors 0  dropped 0  overruns 0  frame 0\n        TX packets 694332  bytes 96485422 (92.0 MiB)\n        TX errors 0  dropped 19280 overruns 0  carrier 0  collisions 0\n        device interrupt 103  base 0xa000  ", @regexp=/^\s+inet (?<ipv4>(?:[0-2]?[0-9]?[0-9]\.){3}[0-2]?[0-9]?[0-9])  netmask (?<netmask>(?:[0-2]?[0-9]?[0-9]\.){3}[0-2]?[0-9]?[0-9])  broadcast (?<broadcast>(?:[0-2]?[0-9]?[0-9]\.){3}[0-2]?[0-9]?[0-9])\n/, @raw_captures=nil>.
Expected /(?:[0-2]?[0-9]?[0-9]\.){3}[0-2]?[0-9]?[0-9]/ to match nil.

12 runs, 59 assertions, 3 failures, 0 errors, 0 skips

Command exited with non-zero status 1
	Command being timed: "ruby -v -W0 /home/greg/Desktop/src/Open-Table-Explorer/test/unit/network_test.rb"
	User time (seconds): 1.04
	System time (seconds): 0.07
	Percent of CPU this job got: 98%
	Elapsed (wall clock) time (h:mm:ss or m:ss): 0:01.13
	Average shared text size (kbytes): 0
	Average unshared data size (kbytes): 0
	Average stack size (kbytes): 0
	Average total size (kbytes): 0
	Maximum resident set size (kbytes): 30940
	Average resident set size (kbytes): 0
	Major (requiring I/O) page faults: 0
	Minor (reclaiming a frame) page faults: 10553
	Voluntary context switches: 82
	Involuntary context switches: 130
	Swaps: 0
	File system inputs: 0
	File system outputs: 0
	Socket messages sent: 0
	Socket messages received: 0
	Signals delivered: 0
	Page size (bytes): 4096
	Exit status: 1
