{:current_branch_name => Branch.new(repository: Repository.new(path: '/home/greg/Desktop/src/Open-Table-Explorer/')
,
   name: :passed,
   initialization_string: nil)
,
:start_time => Time.new(2017, 5, 8, 7, 37, Rational(37627018491, 1000000000), "-07:00"),
:command_string => '/usr/bin/time --verbose ruby -v -W0 /home/greg/Desktop/src/Open-Table-Explorer/test/unit/nil_comparable_test.rb',
:output => 'ruby 2.3.3p222 (2016-11-21) [x86_64-linux-gnu]
Loaded suite /home/greg/Desktop/src/Open-Table-Explorer/test/unit/nil_comparable_test
Started
F
===============================================================================
Failure: test_NilClass_comparison(NilClassTest)
/home/greg/Desktop/src/Open-Table-Explorer/test/unit/nil_comparable_test.rb:20:in `test_NilClass_comparison\'
     17:     refute_operator(nil, :==, 0)
     18:     assert_equal(true, nil != 0)
     19: 
  => 20:     assert_equal(0, nil <=> 0)
     21:   end # comparison
     22: 
     23:   def test_greater_than
<0> expected but was
<nil>
===============================================================================
.E
===============================================================================
Error: test_greater_than_or_equal(NilClassTest): ArgumentError: comparison of NilClass with 0 failed
/home/greg/Desktop/src/Open-Table-Explorer/app/models/nil_comparable.rb:51:in `between?\'
/home/greg/Desktop/src/Open-Table-Explorer/app/models/nil_comparable.rb:51:in `>=\'
/home/greg/Desktop/src/Open-Table-Explorer/test/unit/nil_comparable_test.rb:36:in `test_greater_than_or_equal\'
     33:   def test_greater_than_or_equal
     34:     assert_includes(NilClass.instance_methods, :>=)
     35:     assert_operator(nil, :>=, nil)
  => 36:     assert_equal(false, nil >= 0)
     37:   end # greater_than_or_equal
     38: 
     39:   def test_less_than_or_equal
===============================================================================
.E
===============================================================================
Error: test_less_than_or_equal(NilClassTest): ArgumentError: comparison of NilClass with -1 failed
/home/greg/Desktop/src/Open-Table-Explorer/app/models/nil_comparable.rb:59:in `between?\'
/home/greg/Desktop/src/Open-Table-Explorer/app/models/nil_comparable.rb:59:in `<=\'
/home/greg/Desktop/src/Open-Table-Explorer/test/unit/nil_comparable_test.rb:40:in `test_less_than_or_equal\'
     37:   end # greater_than_or_equal
     38: 
     39:   def test_less_than_or_equal
  => 40:     assert_equal(false, nil <= 0)
     41:   end # less_than_or_equal
     42: end # NilClass
     43: 
===============================================================================
E
===============================================================================
Error: test_NilComparable_comparison(NilComparableTest): ArgumentError: comparison of Fixnum with nil failed
/home/greg/Desktop/src/Open-Table-Explorer/test/unit/nil_comparable_test.rb:48:in `test_NilComparable_comparison\'
     45:   def test_NilComparable_comparison
     46:     assert_operator(nil, :==, nil)
     47:     assert_operator(0, :!=, nil)
  => 48:     assert_operator(0, :>=, nil)
     49:     assert_operator(0, :<=, nil)
     50:     assert_operator(0, :>, nil)
     51:     assert_operator(0, :<, nil)
===============================================================================


Finished in 0.024407684 seconds.
------
6 tests, 17 assertions, 1 failures, 3 errors, 0 pendings, 0 omissions, 0 notifications
33.3333% passed
------
245.82 tests/s, 696.50 assertions/s
',
:errors => {:syserr => 'Command exited with non-zero status 1
	Command being timed: "ruby -v -W0 /home/greg/Desktop/src/Open-Table-Explorer/test/unit/nil_comparable_test.rb"
	User time (seconds): 0.56
	System time (seconds): 0.06
	Percent of CPU this job got: 99%
	Elapsed (wall clock) time (h:mm:ss or m:ss): 0:00.64
	Average shared text size (kbytes): 0
	Average unshared data size (kbytes): 0
	Average stack size (kbytes): 0
	Average total size (kbytes): 0
	Maximum resident set size (kbytes): 20716
	Average resident set size (kbytes): 0
	Major (requiring I/O) page faults: 0
	Minor (reclaiming a frame) page faults: 5303
	Voluntary context switches: 3
	Involuntary context switches: 66
	Swaps: 0
	File system inputs: 0
	File system outputs: 0
	Socket messages sent: 0
	Socket messages received: 0
	Signals delivered: 0
	Page size (bytes): 4096
	Exit status: 1
'
}

}
