{:current_branch_name => Branch.new(repository: Repository.new(path: '/home/greg/Desktop/src/Open-Table-Explorer/')
,
   name: :passed,
   initialization_string: nil)
,
:start_time => Time.new(2017, 2, 20, 9, 21, Rational(54362945687, 1000000000), "-08:00"),
:command_string => '/usr/bin/time --verbose ruby -v -W0 /home/greg/Desktop/src/Open-Table-Explorer/test/unit/no_db_test.rb',
:output => 'ruby 2.3.1p112 (2016-04-26) [x86_64-linux-gnu]
Run options: --seed 0

# Running:

...F.EEEEEF.EEEFE.E.EE......

Finished in 0.009807s, 2855.1823 runs/s, 3772.9194 assertions/s.

  1) Failure:
GenericTableTest#test_keys [/home/greg/Desktop/src/Open-Table-Explorer/test/unit/no_db_test.rb:138]:
Expected: ["input", "output"]
  Actual: [:input, :output]


  2) Error:
GenericTableTest#test_table_name:
NameError: uninitialized constant GenericTableTest::BatteryType
    /home/greg/Desktop/src/Open-Table-Explorer/test/unit/no_db_test.rb:146:in `test_table_name\'
    /usr/lib/ruby/vendor_ruby/minitest/test.rb:107:in `block (3 levels) in run\'
    /usr/lib/ruby/vendor_ruby/minitest/test.rb:204:in `capture_exceptions\'
    /usr/lib/ruby/vendor_ruby/minitest/test.rb:104:in `block (2 levels) in run\'
    /usr/lib/ruby/vendor_ruby/minitest/test.rb:255:in `time_it\'
    /usr/lib/ruby/vendor_ruby/minitest/test.rb:103:in `block in run\'
    /usr/lib/ruby/vendor_ruby/minitest.rb:348:in `on_signal\'
    /usr/lib/ruby/vendor_ruby/minitest/test.rb:275:in `with_info_handler\'
    /usr/lib/ruby/vendor_ruby/minitest/test.rb:102:in `run\'
    /usr/lib/ruby/vendor_ruby/minitest.rb:799:in `run_one_method\'
    /usr/lib/ruby/vendor_ruby/minitest.rb:322:in `run_one_method\'
    /usr/lib/ruby/vendor_ruby/minitest.rb:310:in `block (2 levels) in run\'
    /usr/lib/ruby/vendor_ruby/minitest.rb:309:in `each\'
    /usr/lib/ruby/vendor_ruby/minitest.rb:309:in `block in run\'
    /usr/lib/ruby/vendor_ruby/minitest.rb:348:in `on_signal\'
    /usr/lib/ruby/vendor_ruby/minitest.rb:335:in `with_info_handler\'
    /usr/lib/ruby/vendor_ruby/minitest.rb:308:in `run\'
    /usr/lib/ruby/vendor_ruby/minitest.rb:158:in `block in __run\'
    /usr/lib/ruby/vendor_ruby/minitest.rb:158:in `map\'
    /usr/lib/ruby/vendor_ruby/minitest.rb:158:in `__run\'
    /usr/lib/ruby/vendor_ruby/minitest.rb:135:in `run\'
    /usr/lib/ruby/vendor_ruby/minitest.rb:62:in `block in autorun\'


  3) Error:
GenericTableTest#test_NoDB_table_class:
NameError: uninitialized constant GenericTableTest::BatteryType
    /home/greg/Desktop/src/Open-Table-Explorer/test/unit/no_db_test.rb:53:in `test_NoDB_table_class\'
    /usr/lib/ruby/vendor_ruby/minitest/test.rb:107:in `block (3 levels) in run\'
    /usr/lib/ruby/vendor_ruby/minitest/test.rb:204:in `capture_exceptions\'
    /usr/lib/ruby/vendor_ruby/minitest/test.rb:104:in `block (2 levels) in run\'
    /usr/lib/ruby/vendor_ruby/minitest/test.rb:255:in `time_it\'
    /usr/lib/ruby/vendor_ruby/minitest/test.rb:103:in `block in run\'
    /usr/lib/ruby/vendor_ruby/minitest.rb:348:in `on_signal\'
    /usr/lib/ruby/vendor_ruby/minitest/test.rb:275:in `with_info_handler\'
    /usr/lib/ruby/vendor_ruby/minitest/test.rb:102:in `run\'
    /usr/lib/ruby/vendor_ruby/minitest.rb:799:in `run_one_method\'
    /usr/lib/ruby/vendor_ruby/minitest.rb:322:in `run_one_method\'
    /usr/lib/ruby/vendor_ruby/minitest.rb:310:in `block (2 levels) in run\'
    /usr/lib/ruby/vendor_ruby/minitest.rb:309:in `each\'
    /usr/lib/ruby/vendor_ruby/minitest.rb:309:in `block in run\'
    /usr/lib/ruby/vendor_ruby/minitest.rb:348:in `on_signal\'
    /usr/lib/ruby/vendor_ruby/minitest.rb:335:in `with_info_handler\'
    /usr/lib/ruby/vendor_ruby/minitest.rb:308:in `run\'
    /usr/lib/ruby/vendor_ruby/minitest.rb:158:in `block in __run\'
    /usr/lib/ruby/vendor_ruby/minitest.rb:158:in `map\'
    /usr/lib/ruby/vendor_ruby/minitest.rb:158:in `__run\'
    /usr/lib/ruby/vendor_ruby/minitest.rb:135:in `run\'
    /usr/lib/ruby/vendor_ruby/minitest.rb:62:in `block in autorun\'


  4) Error:
GenericTableTest#test_data_source_yaml_values:
NameError: uninitialized constant GenericTableTest::BatteryType
    /home/greg/Desktop/src/Open-Table-Explorer/test/unit/no_db_test.rb:80:in `test_data_source_yaml_values\'
    /usr/lib/ruby/vendor_ruby/minitest/test.rb:107:in `block (3 levels) in run\'
    /usr/lib/ruby/vendor_ruby/minitest/test.rb:204:in `capture_exceptions\'
    /usr/lib/ruby/vendor_ruby/minitest/test.rb:104:in `block (2 levels) in run\'
    /usr/lib/ruby/vendor_ruby/minitest/test.rb:255:in `time_it\'
    /usr/lib/ruby/vendor_ruby/minitest/test.rb:103:in `block in run\'
    /usr/lib/ruby/vendor_ruby/minitest.rb:348:in `on_signal\'
    /usr/lib/ruby/vendor_ruby/minitest/test.rb:275:in `with_info_handler\'
    /usr/lib/ruby/vendor_ruby/minitest/test.rb:102:in `run\'
    /usr/lib/ruby/vendor_ruby/minitest.rb:799:in `run_one_method\'
    /usr/lib/ruby/vendor_ruby/minitest.rb:322:in `run_one_method\'
    /usr/lib/ruby/vendor_ruby/minitest.rb:310:in `block (2 levels) in run\'
    /usr/lib/ruby/vendor_ruby/minitest.rb:309:in `each\'
    /usr/lib/ruby/vendor_ruby/minitest.rb:309:in `block in run\'
    /usr/lib/ruby/vendor_ruby/minitest.rb:348:in `on_signal\'
    /usr/lib/ruby/vendor_ruby/minitest.rb:335:in `with_info_handler\'
    /usr/lib/ruby/vendor_ruby/minitest.rb:308:in `run\'
    /usr/lib/ruby/vendor_ruby/minitest.rb:158:in `block in __run\'
    /usr/lib/ruby/vendor_ruby/minitest.rb:158:in `map\'
    /usr/lib/ruby/vendor_ruby/minitest.rb:158:in `__run\'
    /usr/lib/ruby/vendor_ruby/minitest.rb:135:in `run\'
    /usr/lib/ruby/vendor_ruby/minitest.rb:62:in `block in autorun\'


  5) Error:
GenericTableTest#test_has_key:
NoMethodError: undefined method `key?\' for []:GenericTableTest::TestData
Did you mean?  keys
    /home/greg/Desktop/src/Open-Table-Explorer/test/unit/no_db_test.rb:134:in `test_has_key\'
    /usr/lib/ruby/vendor_ruby/minitest/test.rb:107:in `block (3 levels) in run\'
    /usr/lib/ruby/vendor_ruby/minitest/test.rb:204:in `capture_exceptions\'
    /usr/lib/ruby/vendor_ruby/minitest/test.rb:104:in `block (2 levels) in run\'
    /usr/lib/ruby/vendor_ruby/minitest/test.rb:255:in `time_it\'
    /usr/lib/ruby/vendor_ruby/minitest/test.rb:103:in `block in run\'
    /usr/lib/ruby/vendor_ruby/minitest.rb:348:in `on_signal\'
    /usr/lib/ruby/vendor_ruby/minitest/test.rb:275:in `with_info_handler\'
    /usr/lib/ruby/vendor_ruby/minitest/test.rb:102:in `run\'
    /usr/lib/ruby/vendor_ruby/minitest.rb:799:in `run_one_method\'
    /usr/lib/ruby/vendor_ruby/minitest.rb:322:in `run_one_method\'
    /usr/lib/ruby/vendor_ruby/minitest.rb:310:in `block (2 levels) in run\'
    /usr/lib/ruby/vendor_ruby/minitest.rb:309:in `each\'
    /usr/lib/ruby/vendor_ruby/minitest.rb:309:in `block in run\'
    /usr/lib/ruby/vendor_ruby/minitest.rb:348:in `on_signal\'
    /usr/lib/ruby/vendor_ruby/minitest.rb:335:in `with_info_handler\'
    /usr/lib/ruby/vendor_ruby/minitest.rb:308:in `run\'
    /usr/lib/ruby/vendor_ruby/minitest.rb:158:in `block in __run\'
    /usr/lib/ruby/vendor_ruby/minitest.rb:158:in `map\'
    /usr/lib/ruby/vendor_ruby/minitest.rb:158:in `__run\'
    /usr/lib/ruby/vendor_ruby/minitest.rb:135:in `run\'
    /usr/lib/ruby/vendor_ruby/minitest.rb:62:in `block in autorun\'


  6) Error:
GenericTableTest#test_NoDB_table_name:
NameError: uninitialized constant GenericTableTest::BatteryType
    /home/greg/Desktop/src/Open-Table-Explorer/test/unit/no_db_test.rb:58:in `test_NoDB_table_name\'
    /usr/lib/ruby/vendor_ruby/minitest/test.rb:107:in `block (3 levels) in run\'
    /usr/lib/ruby/vendor_ruby/minitest/test.rb:204:in `capture_exceptions\'
    /usr/lib/ruby/vendor_ruby/minitest/test.rb:104:in `block (2 levels) in run\'
    /usr/lib/ruby/vendor_ruby/minitest/test.rb:255:in `time_it\'
    /usr/lib/ruby/vendor_ruby/minitest/test.rb:103:in `block in run\'
    /usr/lib/ruby/vendor_ruby/minitest.rb:348:in `on_signal\'
    /usr/lib/ruby/vendor_ruby/minitest/test.rb:275:in `with_info_handler\'
    /usr/lib/ruby/vendor_ruby/minitest/test.rb:102:in `run\'
    /usr/lib/ruby/vendor_ruby/minitest.rb:799:in `run_one_method\'
    /usr/lib/ruby/vendor_ruby/minitest.rb:322:in `run_one_method\'
    /usr/lib/ruby/vendor_ruby/minitest.rb:310:in `block (2 levels) in run\'
    /usr/lib/ruby/vendor_ruby/minitest.rb:309:in `each\'
    /usr/lib/ruby/vendor_ruby/minitest.rb:309:in `block in run\'
    /usr/lib/ruby/vendor_ruby/minitest.rb:348:in `on_signal\'
    /usr/lib/ruby/vendor_ruby/minitest.rb:335:in `with_info_handler\'
    /usr/lib/ruby/vendor_ruby/minitest.rb:308:in `run\'
    /usr/lib/ruby/vendor_ruby/minitest.rb:158:in `block in __run\'
    /usr/lib/ruby/vendor_ruby/minitest.rb:158:in `map\'
    /usr/lib/ruby/vendor_ruby/minitest.rb:158:in `__run\'
    /usr/lib/ruby/vendor_ruby/minitest.rb:135:in `run\'
    /usr/lib/ruby/vendor_ruby/minitest.rb:62:in `block in autorun\'


  7) Failure:
GenericTableTest#test_attributes [/home/greg/Desktop/src/Open-Table-Explorer/test/unit/no_db_test.rb:37]:
Expected {:input=>2, :output=>4} to be an instance of ActiveSupport::HashWithIndifferentAccess, not Hash.


  8) Error:
GenericTableTest#test_dump:
NameError: uninitialized constant GenericTableTest::BatteryType
    /home/greg/Desktop/src/Open-Table-Explorer/test/unit/no_db_test.rb:74:in `test_dump\'
    /usr/lib/ruby/vendor_ruby/minitest/test.rb:107:in `block (3 levels) in run\'
    /usr/lib/ruby/vendor_ruby/minitest/test.rb:204:in `capture_exceptions\'
    /usr/lib/ruby/vendor_ruby/minitest/test.rb:104:in `block (2 levels) in run\'
    /usr/lib/ruby/vendor_ruby/minitest/test.rb:255:in `time_it\'
    /usr/lib/ruby/vendor_ruby/minitest/test.rb:103:in `block in run\'
    /usr/lib/ruby/vendor_ruby/minitest.rb:348:in `on_signal\'
    /usr/lib/ruby/vendor_ruby/minitest/test.rb:275:in `with_info_handler\'
    /usr/lib/ruby/vendor_ruby/minitest/test.rb:102:in `run\'
    /usr/lib/ruby/vendor_ruby/minitest.rb:799:in `run_one_method\'
    /usr/lib/ruby/vendor_ruby/minitest.rb:322:in `run_one_method\'
    /usr/lib/ruby/vendor_ruby/minitest.rb:310:in `block (2 levels) in run\'
    /usr/lib/ruby/vendor_ruby/minitest.rb:309:in `each\'
    /usr/lib/ruby/vendor_ruby/minitest.rb:309:in `block in run\'
    /usr/lib/ruby/vendor_ruby/minitest.rb:348:in `on_signal\'
    /usr/lib/ruby/vendor_ruby/minitest.rb:335:in `with_info_handler\'
    /usr/lib/ruby/vendor_ruby/minitest.rb:308:in `run\'
    /usr/lib/ruby/vendor_ruby/minitest.rb:158:in `block in __run\'
    /usr/lib/ruby/vendor_ruby/minitest.rb:158:in `map\'
    /usr/lib/ruby/vendor_ruby/minitest.rb:158:in `__run\'
    /usr/lib/ruby/vendor_ruby/minitest.rb:135:in `run\'
    /usr/lib/ruby/vendor_ruby/minitest.rb:62:in `block in autorun\'


  9) Error:
GenericTableTest#test_each_pair:
LocalJumpError: no block given (yield)
    /home/greg/Desktop/src/Open-Table-Explorer/app/models/no_db.rb:128:in `block in each_pair\'
    /home/greg/Desktop/src/Open-Table-Explorer/app/models/no_db.rb:127:in `each_pair\'
    /home/greg/Desktop/src/Open-Table-Explorer/app/models/no_db.rb:127:in `each_pair\'
    /home/greg/Desktop/src/Open-Table-Explorer/test/unit/no_db_test.rb:157:in `test_each_pair\'
    /usr/lib/ruby/vendor_ruby/minitest/test.rb:107:in `block (3 levels) in run\'
    /usr/lib/ruby/vendor_ruby/minitest/test.rb:204:in `capture_exceptions\'
    /usr/lib/ruby/vendor_ruby/minitest/test.rb:104:in `block (2 levels) in run\'
    /usr/lib/ruby/vendor_ruby/minitest/test.rb:255:in `time_it\'
    /usr/lib/ruby/vendor_ruby/minitest/test.rb:103:in `block in run\'
    /usr/lib/ruby/vendor_ruby/minitest.rb:348:in `on_signal\'
    /usr/lib/ruby/vendor_ruby/minitest/test.rb:275:in `with_info_handler\'
    /usr/lib/ruby/vendor_ruby/minitest/test.rb:102:in `run\'
    /usr/lib/ruby/vendor_ruby/minitest.rb:799:in `run_one_method\'
    /usr/lib/ruby/vendor_ruby/minitest.rb:322:in `run_one_method\'
    /usr/lib/ruby/vendor_ruby/minitest.rb:310:in `block (2 levels) in run\'
    /usr/lib/ruby/vendor_ruby/minitest.rb:309:in `each\'
    /usr/lib/ruby/vendor_ruby/minitest.rb:309:in `block in run\'
    /usr/lib/ruby/vendor_ruby/minitest.rb:348:in `on_signal\'
    /usr/lib/ruby/vendor_ruby/minitest.rb:335:in `with_info_handler\'
    /usr/lib/ruby/vendor_ruby/minitest.rb:308:in `run\'
    /usr/lib/ruby/vendor_ruby/minitest.rb:158:in `block in __run\'
    /usr/lib/ruby/vendor_ruby/minitest.rb:158:in `map\'
    /usr/lib/ruby/vendor_ruby/minitest.rb:158:in `__run\'
    /usr/lib/ruby/vendor_ruby/minitest.rb:135:in `run\'
    /usr/lib/ruby/vendor_ruby/minitest.rb:62:in `block in autorun\'


 10) Error:
GenericTableTest#test_assign_attribute:
TypeError: can\'t clone NilClass
    /home/greg/Desktop/src/Open-Table-Explorer/app/models/no_db.rb:123:in `clone\'
    /home/greg/Desktop/src/Open-Table-Explorer/app/models/no_db.rb:123:in `clone\'
    /home/greg/Desktop/src/Open-Table-Explorer/test/unit/no_db_test.rb:127:in `test_assign_attribute\'
    /usr/lib/ruby/vendor_ruby/minitest/test.rb:107:in `block (3 levels) in run\'
    /usr/lib/ruby/vendor_ruby/minitest/test.rb:204:in `capture_exceptions\'
    /usr/lib/ruby/vendor_ruby/minitest/test.rb:104:in `block (2 levels) in run\'
    /usr/lib/ruby/vendor_ruby/minitest/test.rb:255:in `time_it\'
    /usr/lib/ruby/vendor_ruby/minitest/test.rb:103:in `block in run\'
    /usr/lib/ruby/vendor_ruby/minitest.rb:348:in `on_signal\'
    /usr/lib/ruby/vendor_ruby/minitest/test.rb:275:in `with_info_handler\'
    /usr/lib/ruby/vendor_ruby/minitest/test.rb:102:in `run\'
    /usr/lib/ruby/vendor_ruby/minitest.rb:799:in `run_one_method\'
    /usr/lib/ruby/vendor_ruby/minitest.rb:322:in `run_one_method\'
    /usr/lib/ruby/vendor_ruby/minitest.rb:310:in `block (2 levels) in run\'
    /usr/lib/ruby/vendor_ruby/minitest.rb:309:in `each\'
    /usr/lib/ruby/vendor_ruby/minitest.rb:309:in `block in run\'
    /usr/lib/ruby/vendor_ruby/minitest.rb:348:in `on_signal\'
    /usr/lib/ruby/vendor_ruby/minitest.rb:335:in `with_info_handler\'
    /usr/lib/ruby/vendor_ruby/minitest.rb:308:in `run\'
    /usr/lib/ruby/vendor_ruby/minitest.rb:158:in `block in __run\'
    /usr/lib/ruby/vendor_ruby/minitest.rb:158:in `map\'
    /usr/lib/ruby/vendor_ruby/minitest.rb:158:in `__run\'
    /usr/lib/ruby/vendor_ruby/minitest.rb:135:in `run\'
    /usr/lib/ruby/vendor_ruby/minitest.rb:62:in `block in autorun\'


 11) Failure:
GenericTableTest#test_default_names [/home/greg/Desktop/src/Open-Table-Explorer/test/assertions/ruby_assertions.rb:234]:
Object Module NoDB::ClassMethods of class=\'Module\' does not respond to method :default_names; noninherited class methods= [:dump, :column_symbols, :table_class, :table_name, :default_names, :insert_sql, :get_field_names, :data_source_yaml_path, :data_source_yaml].
Expected NoDB::ClassMethods (Module) to respond to #default_names.


 12) Error:
GenericTableTest#test_clone:
TypeError: can\'t clone NilClass
    /home/greg/Desktop/src/Open-Table-Explorer/app/models/no_db.rb:123:in `clone\'
    /home/greg/Desktop/src/Open-Table-Explorer/app/models/no_db.rb:123:in `clone\'
    /home/greg/Desktop/src/Open-Table-Explorer/test/unit/no_db_test.rb:150:in `test_clone\'
    /usr/lib/ruby/vendor_ruby/minitest/test.rb:107:in `block (3 levels) in run\'
    /usr/lib/ruby/vendor_ruby/minitest/test.rb:204:in `capture_exceptions\'
    /usr/lib/ruby/vendor_ruby/minitest/test.rb:104:in `block (2 levels) in run\'
    /usr/lib/ruby/vendor_ruby/minitest/test.rb:255:in `time_it\'
    /usr/lib/ruby/vendor_ruby/minitest/test.rb:103:in `block in run\'
    /usr/lib/ruby/vendor_ruby/minitest.rb:348:in `on_signal\'
    /usr/lib/ruby/vendor_ruby/minitest/test.rb:275:in `with_info_handler\'
    /usr/lib/ruby/vendor_ruby/minitest/test.rb:102:in `run\'
    /usr/lib/ruby/vendor_ruby/minitest.rb:799:in `run_one_method\'
    /usr/lib/ruby/vendor_ruby/minitest.rb:322:in `run_one_method\'
    /usr/lib/ruby/vendor_ruby/minitest.rb:310:in `block (2 levels) in run\'
    /usr/lib/ruby/vendor_ruby/minitest.rb:309:in `each\'
    /usr/lib/ruby/vendor_ruby/minitest.rb:309:in `block in run\'
    /usr/lib/ruby/vendor_ruby/minitest.rb:348:in `on_signal\'
    /usr/lib/ruby/vendor_ruby/minitest.rb:335:in `with_info_handler\'
    /usr/lib/ruby/vendor_ruby/minitest.rb:308:in `run\'
    /usr/lib/ruby/vendor_ruby/minitest.rb:158:in `block in __run\'
    /usr/lib/ruby/vendor_ruby/minitest.rb:158:in `map\'
    /usr/lib/ruby/vendor_ruby/minitest.rb:158:in `__run\'
    /usr/lib/ruby/vendor_ruby/minitest.rb:135:in `run\'
    /usr/lib/ruby/vendor_ruby/minitest.rb:62:in `block in autorun\'


 13) Error:
GenericTableTest#test_insert_sql:
NameError: uninitialized constant GenericTableTest::BatteryType
    /home/greg/Desktop/src/Open-Table-Explorer/test/unit/no_db_test.rb:70:in `test_insert_sql\'
    /usr/lib/ruby/vendor_ruby/minitest/test.rb:107:in `block (3 levels) in run\'
    /usr/lib/ruby/vendor_ruby/minitest/test.rb:204:in `capture_exceptions\'
    /usr/lib/ruby/vendor_ruby/minitest/test.rb:104:in `block (2 levels) in run\'
    /usr/lib/ruby/vendor_ruby/minitest/test.rb:255:in `time_it\'
    /usr/lib/ruby/vendor_ruby/minitest/test.rb:103:in `block in run\'
    /usr/lib/ruby/vendor_ruby/minitest.rb:348:in `on_signal\'
    /usr/lib/ruby/vendor_ruby/minitest/test.rb:275:in `with_info_handler\'
    /usr/lib/ruby/vendor_ruby/minitest/test.rb:102:in `run\'
    /usr/lib/ruby/vendor_ruby/minitest.rb:799:in `run_one_method\'
    /usr/lib/ruby/vendor_ruby/minitest.rb:322:in `run_one_method\'
    /usr/lib/ruby/vendor_ruby/minitest.rb:310:in `block (2 levels) in run\'
    /usr/lib/ruby/vendor_ruby/minitest.rb:309:in `each\'
    /usr/lib/ruby/vendor_ruby/minitest.rb:309:in `block in run\'
    /usr/lib/ruby/vendor_ruby/minitest.rb:348:in `on_signal\'
    /usr/lib/ruby/vendor_ruby/minitest.rb:335:in `with_info_handler\'
    /usr/lib/ruby/vendor_ruby/minitest.rb:308:in `run\'
    /usr/lib/ruby/vendor_ruby/minitest.rb:158:in `block in __run\'
    /usr/lib/ruby/vendor_ruby/minitest.rb:158:in `map\'
    /usr/lib/ruby/vendor_ruby/minitest.rb:158:in `__run\'
    /usr/lib/ruby/vendor_ruby/minitest.rb:135:in `run\'
    /usr/lib/ruby/vendor_ruby/minitest.rb:62:in `block in autorun\'


 14) Error:
GenericTableTest#test_column_symbols:
NameError: uninitialized constant GenericTableTest::BatteryMeasurement
    /home/greg/Desktop/src/Open-Table-Explorer/test/unit/no_db_test.rb:41:in `test_column_symbols\'
    /usr/lib/ruby/vendor_ruby/minitest/test.rb:107:in `block (3 levels) in run\'
    /usr/lib/ruby/vendor_ruby/minitest/test.rb:204:in `capture_exceptions\'
    /usr/lib/ruby/vendor_ruby/minitest/test.rb:104:in `block (2 levels) in run\'
    /usr/lib/ruby/vendor_ruby/minitest/test.rb:255:in `time_it\'
    /usr/lib/ruby/vendor_ruby/minitest/test.rb:103:in `block in run\'
    /usr/lib/ruby/vendor_ruby/minitest.rb:348:in `on_signal\'
    /usr/lib/ruby/vendor_ruby/minitest/test.rb:275:in `with_info_handler\'
    /usr/lib/ruby/vendor_ruby/minitest/test.rb:102:in `run\'
    /usr/lib/ruby/vendor_ruby/minitest.rb:799:in `run_one_method\'
    /usr/lib/ruby/vendor_ruby/minitest.rb:322:in `run_one_method\'
    /usr/lib/ruby/vendor_ruby/minitest.rb:310:in `block (2 levels) in run\'
    /usr/lib/ruby/vendor_ruby/minitest.rb:309:in `each\'
    /usr/lib/ruby/vendor_ruby/minitest.rb:309:in `block in run\'
    /usr/lib/ruby/vendor_ruby/minitest.rb:348:in `on_signal\'
    /usr/lib/ruby/vendor_ruby/minitest.rb:335:in `with_info_handler\'
    /usr/lib/ruby/vendor_ruby/minitest.rb:308:in `run\'
    /usr/lib/ruby/vendor_ruby/minitest.rb:158:in `block in __run\'
    /usr/lib/ruby/vendor_ruby/minitest.rb:158:in `map\'
    /usr/lib/ruby/vendor_ruby/minitest.rb:158:in `__run\'
    /usr/lib/ruby/vendor_ruby/minitest.rb:135:in `run\'
    /usr/lib/ruby/vendor_ruby/minitest.rb:62:in `block in autorun\'


 15) Error:
GenericTableTest#test_table_class:
NameError: uninitialized constant GenericTableTest::BatteryType
    /home/greg/Desktop/src/Open-Table-Explorer/test/unit/no_db_test.rb:142:in `test_table_class\'
    /usr/lib/ruby/vendor_ruby/minitest/test.rb:107:in `block (3 levels) in run\'
    /usr/lib/ruby/vendor_ruby/minitest/test.rb:204:in `capture_exceptions\'
    /usr/lib/ruby/vendor_ruby/minitest/test.rb:104:in `block (2 levels) in run\'
    /usr/lib/ruby/vendor_ruby/minitest/test.rb:255:in `time_it\'
    /usr/lib/ruby/vendor_ruby/minitest/test.rb:103:in `block in run\'
    /usr/lib/ruby/vendor_ruby/minitest.rb:348:in `on_signal\'
    /usr/lib/ruby/vendor_ruby/minitest/test.rb:275:in `with_info_handler\'
    /usr/lib/ruby/vendor_ruby/minitest/test.rb:102:in `run\'
    /usr/lib/ruby/vendor_ruby/minitest.rb:799:in `run_one_method\'
    /usr/lib/ruby/vendor_ruby/minitest.rb:322:in `run_one_method\'
    /usr/lib/ruby/vendor_ruby/minitest.rb:310:in `block (2 levels) in run\'
    /usr/lib/ruby/vendor_ruby/minitest.rb:309:in `each\'
    /usr/lib/ruby/vendor_ruby/minitest.rb:309:in `block in run\'
    /usr/lib/ruby/vendor_ruby/minitest.rb:348:in `on_signal\'
    /usr/lib/ruby/vendor_ruby/minitest.rb:335:in `with_info_handler\'
    /usr/lib/ruby/vendor_ruby/minitest.rb:308:in `run\'
    /usr/lib/ruby/vendor_ruby/minitest.rb:158:in `block in __run\'
    /usr/lib/ruby/vendor_ruby/minitest.rb:158:in `map\'
    /usr/lib/ruby/vendor_ruby/minitest.rb:158:in `__run\'
    /usr/lib/ruby/vendor_ruby/minitest.rb:135:in `run\'
    /usr/lib/ruby/vendor_ruby/minitest.rb:62:in `block in autorun\'

28 runs, 37 assertions, 3 failures, 12 errors, 0 skips
',
:errors => {:syserr => 'Command exited with non-zero status 1
	Command being timed: "ruby -v -W0 /home/greg/Desktop/src/Open-Table-Explorer/test/unit/no_db_test.rb"
	User time (seconds): 0.96
	System time (seconds): 0.08
	Percent of CPU this job got: 92%
	Elapsed (wall clock) time (h:mm:ss or m:ss): 0:01.12
	Average shared text size (kbytes): 0
	Average unshared data size (kbytes): 0
	Average stack size (kbytes): 0
	Average total size (kbytes): 0
	Maximum resident set size (kbytes): 23688
	Average resident set size (kbytes): 0
	Major (requiring I/O) page faults: 0
	Minor (reclaiming a frame) page faults: 6044
	Voluntary context switches: 43
	Involuntary context switches: 107
	Swaps: 0
	File system inputs: 80
	File system outputs: 0
	Socket messages sent: 0
	Socket messages received: 0
	Signals delivered: 0
	Page size (bytes): 4096
	Exit status: 1
'
}

}
