{:current_branch_name => Branch.new(repository: Repository.new(path: '/home/greg/Desktop/src/Open-Table-Explorer/')
,
   name: :passed,
   initialization_string: nil)
,
:start_time => Time.new(2017, 2, 20, 9, 22, Rational(2155343138, 1000000000), "-08:00"),
:command_string => '/usr/bin/time --verbose ruby -v -W0 /home/greg/Desktop/src/Open-Table-Explorer/test/unit/open_tax_solver_test.rb',
:output => 'ruby 2.3.1p112 (2016-04-26) [x86_64-linux-gnu]
',
:errors => {:syserr => '/home/greg/Desktop/src/Open-Table-Explorer/test/assertions/regexp_parse_assertions.rb:146:in `<module:Examples>\': undefined method `new\' for RegexpParseType:Module (NoMethodError)
	from /home/greg/Desktop/src/Open-Table-Explorer/test/assertions/regexp_parse_assertions.rb:138:in `<module:RegexpParseType>\'
	from /home/greg/Desktop/src/Open-Table-Explorer/test/assertions/regexp_parse_assertions.rb:14:in `<top (required)>\'
	from /home/greg/Desktop/src/Open-Table-Explorer/app/models/generic_file.rb:9:in `require_relative\'
	from /home/greg/Desktop/src/Open-Table-Explorer/app/models/generic_file.rb:9:in `<top (required)>\'
	from /home/greg/Desktop/src/Open-Table-Explorer/app/models/open_tax_solver.rb:8:in `require_relative\'
	from /home/greg/Desktop/src/Open-Table-Explorer/app/models/open_tax_solver.rb:8:in `<top (required)>\'
	from /home/greg/Desktop/src/Open-Table-Explorer/test/unit/open_tax_solver_test.rb:10:in `require_relative\'
	from /home/greg/Desktop/src/Open-Table-Explorer/test/unit/open_tax_solver_test.rb:10:in `<main>\'
Command exited with non-zero status 1
	Command being timed: "ruby -v -W0 /home/greg/Desktop/src/Open-Table-Explorer/test/unit/open_tax_solver_test.rb"
	User time (seconds): 0.81
	System time (seconds): 0.06
	Percent of CPU this job got: 99%
	Elapsed (wall clock) time (h:mm:ss or m:ss): 0:00.87
	Average shared text size (kbytes): 0
	Average unshared data size (kbytes): 0
	Average stack size (kbytes): 0
	Average total size (kbytes): 0
	Maximum resident set size (kbytes): 28436
	Average resident set size (kbytes): 0
	Major (requiring I/O) page faults: 0
	Minor (reclaiming a frame) page faults: 7232
	Voluntary context switches: 3
	Involuntary context switches: 94
	Swaps: 0
	File system inputs: 0
	File system outputs: 0
	Socket messages sent: 0
	Socket messages received: 0
	Signals delivered: 0
	Page size (bytes): 4096
	Exit status: 1
'
}

}
