{:current_branch_name => Branch.new(repository: Repository.new(path: '/home/greg/Desktop/src/Open-Table-Explorer/')
,
   name: :passed,
   initialization_string: nil)
,
:start_time => Time.new(2017, 4, 25, 12, 24, Rational(2195465424, 1000000000), "-07:00"),
:command_string => '/usr/bin/time --verbose ruby -v -W0 /home/greg/Desktop/src/Open-Table-Explorer/test/unit/parse_test.rb',
:output => 'ruby 2.3.3p222 (2016-11-21) [x86_64-linux-gnu]
Loaded suite /home/greg/Desktop/src/Open-Table-Explorer/test/unit/parse_test
Started
.......b did not match anything.
b did not match anything.
c did not match anything.
.............................................F
===============================================================================
Failure: test_suggest(MatchRefinementTest)
/home/greg/Desktop/src/Open-Table-Explorer/test/unit/parse_test.rb:52:in `test_suggest\'
     49: 				value_regexp.inspect + \'.capture(:\' + name +\')\'
     50: 			end # map
     51: 		suggestion = MatchRefinement.suggest_name_value(\'a=1\', /a/, /=/, /1/)
  => 52: 		assert_equal([name: \'a\', delimiter: \'=\', value: \'1\'], suggestion)
     53: 	end # suggest
     54: 	
     55: 		def test_MatchRefinement_square_brackets
<[{:delimiter=>"=", :name=>"a", :value=>"1"}]> expected but was
<[]>

diff:
? [{:delimiter=>"=", :name=>"a", :value=>"1"}]
===============================================================================
........................................... matched
#<MatchCapture string="  " regexp=/  />
...........

Finished in 0.668071175 seconds.
------
107 tests, 372 assertions, 1 failures, 0 errors, 0 pendings, 0 omissions, 0 notifications
99.0654% passed
------
160.16 tests/s, 556.83 assertions/s
',
:errors => {:syserr => 'Command exited with non-zero status 1
	Command being timed: "ruby -v -W0 /home/greg/Desktop/src/Open-Table-Explorer/test/unit/parse_test.rb"
	User time (seconds): 1.47
	System time (seconds): 0.10
	Percent of CPU this job got: 99%
	Elapsed (wall clock) time (h:mm:ss or m:ss): 0:01.59
	Average shared text size (kbytes): 0
	Average unshared data size (kbytes): 0
	Average stack size (kbytes): 0
	Average total size (kbytes): 0
	Maximum resident set size (kbytes): 31188
	Average resident set size (kbytes): 0
	Major (requiring I/O) page faults: 0
	Minor (reclaiming a frame) page faults: 7922
	Voluntary context switches: 2
	Involuntary context switches: 156
	Swaps: 0
	File system inputs: 0
	File system outputs: 0
	Socket messages sent: 0
	Socket messages received: 0
	Signals delivered: 0
	Page size (bytes): 4096
	Exit status: 1
'
}

}
