passed
2016-02-01 18:11:38.768
ruby -v -W0 test/unit/partition_test.rb
ruby 2.2.4p230 (2015-12-16) [x86_64-linux-gnu]
Run options: --seed 0

# Running:

..E..

Finished in 0.005874s, 851.1612 runs/s, 0.0000 assertions/s.

  1) Error:
NewTestClass#test_initialize:
NoMethodError: undefined method `assert_pre_conditions' for #<ShellCommands:0x00000001076ce0>
    test/unit/partition_test.rb:15:in `test_initialize'
    /usr/lib/ruby/vendor_ruby/minitest/test.rb:108:in `block (3 levels) in run'
    /usr/lib/ruby/vendor_ruby/minitest/test.rb:205:in `capture_exceptions'
    /usr/lib/ruby/vendor_ruby/minitest/test.rb:105:in `block (2 levels) in run'
    /usr/lib/ruby/vendor_ruby/minitest/test.rb:256:in `time_it'
    /usr/lib/ruby/vendor_ruby/minitest/test.rb:104:in `block in run'
    /usr/lib/ruby/vendor_ruby/minitest.rb:331:in `on_signal'
    /usr/lib/ruby/vendor_ruby/minitest/test.rb:276:in `with_info_handler'
    /usr/lib/ruby/vendor_ruby/minitest/test.rb:103:in `run'
    /usr/lib/ruby/vendor_ruby/minitest.rb:778:in `run_one_method'
    /usr/lib/ruby/vendor_ruby/minitest.rb:305:in `run_one_method'
    /usr/lib/ruby/vendor_ruby/minitest.rb:293:in `block (2 levels) in run'
    /usr/lib/ruby/vendor_ruby/minitest.rb:292:in `each'
    /usr/lib/ruby/vendor_ruby/minitest.rb:292:in `block in run'
    /usr/lib/ruby/vendor_ruby/minitest.rb:331:in `on_signal'
    /usr/lib/ruby/vendor_ruby/minitest.rb:318:in `with_info_handler'
    /usr/lib/ruby/vendor_ruby/minitest.rb:291:in `run'
    /usr/lib/ruby/vendor_ruby/minitest.rb:152:in `block in __run'
    /usr/lib/ruby/vendor_ruby/minitest.rb:152:in `map'
    /usr/lib/ruby/vendor_ruby/minitest.rb:152:in `__run'
    /usr/lib/ruby/vendor_ruby/minitest.rb:129:in `run'
    /usr/lib/ruby/vendor_ruby/minitest.rb:56:in `block in autorun'

5 runs, 0 assertions, 0 failures, 1 errors, 0 skips

