{:current_branch_name => Branch.new(name: nil)
,
:start_time => Time.new(2017, 7, 18, 10, 35, Rational(46077451976, 1000000000), "-07:00"),
:command_string => '/usr/bin/time --verbose ruby -v -W0 /home/greg/Desktop/src/Open-Table-Explorer/test/unit/pcf8591_test.rb',
:output => '',
:errors => {:rescue_exception => e = Exception.new("execution expired");e.set_backtrace(['/home/greg/Desktop/src/Open-Table-Explorer/app/models/shell_command.rb:542:in `read\'',
'/home/greg/Desktop/src/Open-Table-Explorer/app/models/shell_command.rb:542:in `block in execute\'',
'/usr/lib/ruby/2.3.0/open3.rb:205:in `popen_run\'',
'/usr/lib/ruby/2.3.0/open3.rb:95:in `popen3\'',
'/home/greg/Desktop/src/Open-Table-Explorer/app/models/shell_command.rb:540:in `execute\'',
'/home/greg/Desktop/src/Open-Table-Explorer/app/models/shell_command.rb:568:in `initialize\'',
'/home/greg/Desktop/src/Open-Table-Explorer/app/models/test_run.rb:25:in `new\'',
'/home/greg/Desktop/src/Open-Table-Explorer/app/models/test_run.rb:25:in `block (2 levels) in <module:DefinitionalConstants>\'',
'/usr/lib/ruby/2.3.0/timeout.rb:106:in `timeout\'',
'/home/greg/Desktop/src/Open-Table-Explorer/app/models/test_run.rb:24:in `block in <module:DefinitionalConstants>\'',
'/var/lib/gems/2.3.0/gems/virtus-1.0.5/lib/virtus/attribute/default_value/from_callable.rb:29:in `call\'',
'/var/lib/gems/2.3.0/gems/virtus-1.0.5/lib/virtus/attribute/accessor.rb:79:in `set_default_value\'',
'/var/lib/gems/2.3.0/gems/virtus-1.0.5/lib/virtus/attribute_set.rb:186:in `block in set_defaults\'',
'/var/lib/gems/2.3.0/gems/virtus-1.0.5/lib/virtus/attribute_set.rb:46:in `block in each\'',
'/var/lib/gems/2.3.0/gems/virtus-1.0.5/lib/virtus/attribute_set.rb:46:in `each\'',
'/var/lib/gems/2.3.0/gems/virtus-1.0.5/lib/virtus/attribute_set.rb:46:in `each\'',
'/var/lib/gems/2.3.0/gems/virtus-1.0.5/lib/virtus/attribute_set.rb:184:in `set_defaults\'',
'/var/lib/gems/2.3.0/gems/virtus-1.0.5/lib/virtus/instance_methods.rb:185:in `set_default_attributes\'',
'/var/lib/gems/2.3.0/gems/virtus-1.0.5/lib/virtus/instance_methods.rb:18:in `initialize\'',
'/home/greg/Desktop/src/Open-Table-Explorer/app/models/test_run.rb:204:in `new\'',
'/home/greg/Desktop/src/Open-Table-Explorer/app/models/test_run.rb:204:in `block in <module:DefinitionalConstants>\'',
'/var/lib/gems/2.3.0/gems/virtus-1.0.5/lib/virtus/attribute/default_value/from_callable.rb:29:in `call\'',
'/var/lib/gems/2.3.0/gems/virtus-1.0.5/lib/virtus/attribute/accessor.rb:79:in `set_default_value\'',
'/var/lib/gems/2.3.0/gems/virtus-1.0.5/lib/virtus/attribute_set.rb:186:in `block in set_defaults\'',
'/var/lib/gems/2.3.0/gems/virtus-1.0.5/lib/virtus/attribute_set.rb:46:in `block in each\'',
'/var/lib/gems/2.3.0/gems/virtus-1.0.5/lib/virtus/attribute_set.rb:46:in `each\'',
'/var/lib/gems/2.3.0/gems/virtus-1.0.5/lib/virtus/attribute_set.rb:46:in `each\'',
'/var/lib/gems/2.3.0/gems/virtus-1.0.5/lib/virtus/attribute_set.rb:184:in `set_defaults\'',
'/var/lib/gems/2.3.0/gems/virtus-1.0.5/lib/virtus/instance_methods.rb:185:in `set_default_attributes\'',
'/var/lib/gems/2.3.0/gems/virtus-1.0.5/lib/virtus/instance_methods.rb:18:in `initialize\'',
'/home/greg/Desktop/src/Open-Table-Explorer/app/models/command_line_sub_executable.rb:37:in `new\'',
'/home/greg/Desktop/src/Open-Table-Explorer/app/models/command_line_sub_executable.rb:37:in `make_executable_object\'',
'/home/greg/Desktop/src/Open-Table-Explorer/app/models/command_line_sub_executable.rb:51:in `executable_object\'',
'/home/greg/Desktop/src/Open-Table-Explorer/app/models/command_line_sub_executable.rb:111:in `executable_method?\'',
'/home/greg/Desktop/src/Open-Table-Explorer/app/models/command_line_sub_executable.rb:131:in `dispatch_required_arguments\'',
'/home/greg/Desktop/src/Open-Table-Explorer/app/models/command_line_sub_executable.rb:171:in `block in run\'',
'/home/greg/Desktop/src/Open-Table-Explorer/app/models/command_line_sub_executable.rb:170:in `each\'',
'/home/greg/Desktop/src/Open-Table-Explorer/app/models/command_line_sub_executable.rb:170:in `run\'',
'script/command_line.rb:91:in `block in <main>\'',
'/home/greg/Desktop/src/Open-Table-Explorer/app/models/command_line_sub_executable.rb:153:in `run\'',
'script/command_line.rb:70:in `<main>\'']);e
}

}
