{:current_branch_name => :passed,
:start_time => Time.new(2016, 8, 17, 18, 20, Rational(23399491432, 1000000000), "-07:00"),
:command_string => '/usr/bin/time --verbose ruby -v -W0 /home/greg/Desktop/src/Open-Table-Explorer/test/unit/r_rsruby_test.rb',
:output => 'ruby 2.3.1p112 (2016-04-26) [x86_64-linux-gnu]
',
:errors => {:syserr => 'Rserve: no process found
/usr/lib/R/bin/Rcmd: 62: exec: Rserve: not found
/var/lib/gems/2.3.0/gems/rserve-client-0.3.1/lib/rserve/connection.rb:83:in `rescue in initialize': Can't start Rserve (Rserve::Connection::RserveNotStartedError)
	from /var/lib/gems/2.3.0/gems/rserve-client-0.3.1/lib/rserve/connection.rb:66:in `initialize'
	from /home/greg/Desktop/src/Open-Table-Explorer/app/models/r.rb:5:in `new'
	from /home/greg/Desktop/src/Open-Table-Explorer/app/models/r.rb:5:in `initialize'
	from /home/greg/Desktop/src/Open-Table-Explorer/app/models/r.rb:33:in `new'
	from /home/greg/Desktop/src/Open-Table-Explorer/app/models/r.rb:33:in `<module:Constants>'
	from /home/greg/Desktop/src/Open-Table-Explorer/app/models/r.rb:32:in `<class:RSession>'
	from /home/greg/Desktop/src/Open-Table-Explorer/app/models/r.rb:3:in `<top (required)>'
	from /home/greg/Desktop/src/Open-Table-Explorer/test/unit/r_rsruby_test.rb:1:in `require_relative'
	from /home/greg/Desktop/src/Open-Table-Explorer/test/unit/r_rsruby_test.rb:1:in `<main>'
Command exited with non-zero status 1
	Command being timed: "ruby -v -W0 /home/greg/Desktop/src/Open-Table-Explorer/test/unit/r_rsruby_test.rb"
	User time (seconds): 0.19
	System time (seconds): 0.02
	Percent of CPU this job got: 30%
	Elapsed (wall clock) time (h:mm:ss or m:ss): 0:00.73
	Average shared text size (kbytes): 0
	Average unshared data size (kbytes): 0
	Average stack size (kbytes): 0
	Average total size (kbytes): 0
	Maximum resident set size (kbytes): 10712
	Average resident set size (kbytes): 0
	Major (requiring I/O) page faults: 9
	Minor (reclaiming a frame) page faults: 2171
	Voluntary context switches: 101
	Involuntary context switches: 12
	Swaps: 0
	File system inputs: 5560
	File system outputs: 0
	Socket messages sent: 0
	Socket messages received: 0
	Signals delivered: 0
	Page size (bytes): 4096
	Exit status: 1
',
}
,
}
