{:current_branch_name => Branch.new(repository: Repository.new(path: '/home/greg/Desktop/src/Open-Table-Explorer/')
,
   name: :passed,
   initialization_string: nil)
,
:start_time => Time.new(2017, 2, 20, 9, 34, Rational(40633042865, 1000000000), "-08:00"),
:command_string => '/usr/bin/time --verbose ruby -v -W0 /home/greg/Desktop/src/Open-Table-Explorer/test/unit/rebase_test.rb',
:output => 'ruby 2.3.1p112 (2016-04-26) [x86_64-linux-gnu]
',
:errors => {:syserr => '/home/greg/Desktop/src/Open-Table-Explorer/test/unit/rebase_test.rb:11:in `<class:RebaseTest>\': uninitialized constant RebaseTest::DefaultTests (NameError)
	from /home/greg/Desktop/src/Open-Table-Explorer/test/unit/rebase_test.rb:10:in `<main>\'
Command exited with non-zero status 1
	Command being timed: "ruby -v -W0 /home/greg/Desktop/src/Open-Table-Explorer/test/unit/rebase_test.rb"
	User time (seconds): 1.31
	System time (seconds): 0.17
	Percent of CPU this job got: 99%
	Elapsed (wall clock) time (h:mm:ss or m:ss): 0:01.50
	Average shared text size (kbytes): 0
	Average unshared data size (kbytes): 0
	Average stack size (kbytes): 0
	Average total size (kbytes): 0
	Maximum resident set size (kbytes): 33532
	Average resident set size (kbytes): 0
	Major (requiring I/O) page faults: 0
	Minor (reclaiming a frame) page faults: 8509
	Voluntary context switches: 3
	Involuntary context switches: 159
	Swaps: 0
	File system inputs: 0
	File system outputs: 0
	Socket messages sent: 0
	Socket messages received: 0
	Signals delivered: 0
	Page size (bytes): 4096
	Exit status: 1
'
}

}
