{:current_branch_name => Branch.new(repository: Repository.new(path: '/home/greg/Desktop/src/Open-Table-Explorer/')
,
   name: :command_fail,
   initialization_string: nil)
,
:start_time => Time.new(2017, 5, 3, 2, 18, Rational(55898513059, 1000000000), "-07:00"),
:command_string => '/usr/bin/time --verbose ruby -v -W0 /home/greg/Desktop/src/Open-Table-Explorer/test/unit/regexp_parse_test.rb',
:output => 'ruby 2.3.3p222 (2016-11-21) [x86_64-linux-gnu]
',
:errors => {:syserr => '/home/greg/Desktop/src/Open-Table-Explorer/test/assertions/regexp_parse_assertions.rb:146:in `<module:Examples>\': undefined method `new\' for RegexpParseType:Module (NoMethodError)
	from /home/greg/Desktop/src/Open-Table-Explorer/test/assertions/regexp_parse_assertions.rb:138:in `<module:RegexpParseType>\'
	from /home/greg/Desktop/src/Open-Table-Explorer/test/assertions/regexp_parse_assertions.rb:14:in `<top (required)>\'
	from /home/greg/Desktop/src/Open-Table-Explorer/test/unit/regexp_parse_test.rb:12:in `require_relative\'
	from /home/greg/Desktop/src/Open-Table-Explorer/test/unit/regexp_parse_test.rb:12:in `<main>\'
Command exited with non-zero status 1
	Command being timed: "ruby -v -W0 /home/greg/Desktop/src/Open-Table-Explorer/test/unit/regexp_parse_test.rb"
	User time (seconds): 0.85
	System time (seconds): 0.07
	Percent of CPU this job got: 99%
	Elapsed (wall clock) time (h:mm:ss or m:ss): 0:00.93
	Average shared text size (kbytes): 0
	Average unshared data size (kbytes): 0
	Average stack size (kbytes): 0
	Average total size (kbytes): 0
	Maximum resident set size (kbytes): 27212
	Average resident set size (kbytes): 0
	Major (requiring I/O) page faults: 0
	Minor (reclaiming a frame) page faults: 6927
	Voluntary context switches: 3
	Involuntary context switches: 94
	Swaps: 0
	File system inputs: 0
	File system outputs: 0
	Socket messages sent: 0
	Socket messages received: 0
	Signals delivered: 0
	Page size (bytes): 4096
	Exit status: 1
'
}

}
