{:current_branch_name => :passed,
:start_time => Time.new(2016, 8, 17, 18, 19, Rational(52194638902, 1000000000), "-07:00"),
:command_string => '/usr/bin/time --verbose ruby -v -W0 /home/greg/Desktop/src/Open-Table-Explorer/test/unit/regexp_test.rb',
:output => 'ruby 2.3.1p112 (2016-04-26) [x86_64-linux-gnu]
',
:errors => {:syserr => '/usr/lib/ruby/vendor_ruby/minitest/assertions.rb:135:in `assert': undefined method `assertions' for main:Object (NoMethodError)
Did you mean?  assert
	from /usr/lib/ruby/vendor_ruby/minitest/assertions.rb:340:in `assert_respond_to'
	from /usr/lib/ruby/vendor_ruby/minitest/assertions.rb:206:in `assert_includes'
	from /home/greg/Desktop/src/Open-Table-Explorer/test/assertions/ruby_assertions.rb:392:in `assert_global_name'
	from /home/greg/Desktop/src/Open-Table-Explorer/test/unit/regexp_test.rb:9:in `<main>'
Command exited with non-zero status 1
	Command being timed: "ruby -v -W0 /home/greg/Desktop/src/Open-Table-Explorer/test/unit/regexp_test.rb"
	User time (seconds): 0.68
	System time (seconds): 0.03
	Percent of CPU this job got: 92%
	Elapsed (wall clock) time (h:mm:ss or m:ss): 0:00.77
	Average shared text size (kbytes): 0
	Average unshared data size (kbytes): 0
	Average stack size (kbytes): 0
	Average total size (kbytes): 0
	Maximum resident set size (kbytes): 23996
	Average resident set size (kbytes): 0
	Major (requiring I/O) page faults: 0
	Minor (reclaiming a frame) page faults: 4486
	Voluntary context switches: 7
	Involuntary context switches: 12
	Swaps: 0
	File system inputs: 336
	File system outputs: 0
	Socket messages sent: 0
	Socket messages received: 0
	Signals delivered: 0
	Page size (bytes): 4096
	Exit status: 1
',
}
,
}
