{:current_branch_name => Branch.new(repository: Repository.new(path: '/home/greg/Desktop/src/Open-Table-Explorer/')
,
   name: :passed,
   initialization_string: nil)
,
:start_time => Time.new(2017, 2, 20, 9, 37, Rational(25574259305, 1000000000), "-08:00"),
:command_string => '/usr/bin/time --verbose ruby -v -W0 /home/greg/Desktop/src/Open-Table-Explorer/test/unit/regexp_sequence_test.rb',
:output => 'ruby 2.3.1p112 (2016-04-26) [x86_64-linux-gnu]
',
:errors => {:syserr => '/home/greg/Desktop/src/Open-Table-Explorer/app/models/regexp_sequence.rb:68:in `block in initialize\': stack level too deep (SystemStackError)
	from /home/greg/Desktop/src/Open-Table-Explorer/app/models/regexp_sequence.rb:68:in `each\'
	from /home/greg/Desktop/src/Open-Table-Explorer/app/models/regexp_sequence.rb:68:in `initialize\'
	from /home/greg/Desktop/src/Open-Table-Explorer/app/models/regexp_sequence.rb:78:in `new\'
	from /home/greg/Desktop/src/Open-Table-Explorer/app/models/regexp_sequence.rb:78:in `promote\'
	from /home/greg/Desktop/src/Open-Table-Explorer/app/models/regexp_sequence.rb:69:in `block in initialize\'
	from /home/greg/Desktop/src/Open-Table-Explorer/app/models/regexp_sequence.rb:68:in `each\'
	from /home/greg/Desktop/src/Open-Table-Explorer/app/models/regexp_sequence.rb:68:in `initialize\'
	from /home/greg/Desktop/src/Open-Table-Explorer/app/models/regexp_sequence.rb:78:in `new\'
	 ... 10505 levels...
	from /home/greg/Desktop/src/Open-Table-Explorer/app/models/regexp_sequence.rb:161:in `<class:RegexpSequence>\'
	from /home/greg/Desktop/src/Open-Table-Explorer/app/models/regexp_sequence.rb:58:in `<top (required)>\'
	from /home/greg/Desktop/src/Open-Table-Explorer/test/unit/regexp_sequence_test.rb:10:in `require_relative\'
	from /home/greg/Desktop/src/Open-Table-Explorer/test/unit/regexp_sequence_test.rb:10:in `<main>\'
Command exited with non-zero status 1
	Command being timed: "ruby -v -W0 /home/greg/Desktop/src/Open-Table-Explorer/test/unit/regexp_sequence_test.rb"
	User time (seconds): 0.78
	System time (seconds): 0.10
	Percent of CPU this job got: 97%
	Elapsed (wall clock) time (h:mm:ss or m:ss): 0:00.90
	Average shared text size (kbytes): 0
	Average unshared data size (kbytes): 0
	Average stack size (kbytes): 0
	Average total size (kbytes): 0
	Maximum resident set size (kbytes): 38496
	Average resident set size (kbytes): 0
	Major (requiring I/O) page faults: 0
	Minor (reclaiming a frame) page faults: 9775
	Voluntary context switches: 6
	Involuntary context switches: 90
	Swaps: 0
	File system inputs: 40
	File system outputs: 0
	Socket messages sent: 0
	Socket messages received: 0
	Signals delivered: 0
	Page size (bytes): 4096
	Exit status: 1
'
}

}
