{:current_branch_name => :passed,
:start_time => Time.new(2016, 11, 21, 6, 24, Rational(39988248466, 1000000000), "-08:00"),
:command_string => '/usr/bin/time --verbose ruby -v -W0 /home/greg/Desktop/src/Open-Table-Explorer/test/unit/repository_test.rb',
:output => 'ruby 2.3.1p112 (2016-04-26) [x86_64-linux-gnu]
Run options: --seed 0

# Running:

......................................

Finished in 3.728949s, 10.1905 runs/s, 52.0254 assertions/s.

38 runs, 194 assertions, 0 failures, 0 errors, 0 skips
',
:errors => {:syserr => '	Command being timed: "ruby -v -W0 /home/greg/Desktop/src/Open-Table-Explorer/test/unit/repository_test.rb"
	User time (seconds): 3.62
	System time (seconds): 1.02
	Percent of CPU this job got: 85%
	Elapsed (wall clock) time (h:mm:ss or m:ss): 0:05.43
	Average shared text size (kbytes): 0
	Average unshared data size (kbytes): 0
	Average stack size (kbytes): 0
	Average total size (kbytes): 0
	Maximum resident set size (kbytes): 46788
	Average resident set size (kbytes): 0
	Major (requiring I/O) page faults: 2
	Minor (reclaiming a frame) page faults: 76792
	Voluntary context switches: 1736
	Involuntary context switches: 1081
	Swaps: 0
	File system inputs: 16
	File system outputs: 9240
	Socket messages sent: 0
	Socket messages received: 0
	Signals delivered: 0
	Page size (bytes): 4096
	Exit status: 0
'
}

}
