{:current_branch_name => :passed,
:start_time => Time.new(2016, 8, 17, 18, 21, Rational(26160307443, 1000000000), "-07:00"),
:command_string => '/usr/bin/time --verbose ruby -v -W0 /home/greg/Desktop/src/Open-Table-Explorer/test/unit/ssbc_test.rb',
:output => 'ruby 2.3.1p112 (2016-04-26) [x86_64-linux-gnu]
',
:errors => {:syserr => '/home/greg/Desktop/src/Open-Table-Explorer/test/unit/ssbc_test.rb:1:in `initialize': no implicit conversion of String into Integer (TypeError)
	from /home/greg/Desktop/src/Open-Table-Explorer/test/unit/ssbc_test.rb:1:in `open'
	from /home/greg/Desktop/src/Open-Table-Explorer/test/unit/ssbc_test.rb:1:in `<main>'
Command exited with non-zero status 1
	Command being timed: "ruby -v -W0 /home/greg/Desktop/src/Open-Table-Explorer/test/unit/ssbc_test.rb"
	User time (seconds): 0.08
	System time (seconds): 0.01
	Percent of CPU this job got: 50%
	Elapsed (wall clock) time (h:mm:ss or m:ss): 0:00.19
	Average shared text size (kbytes): 0
	Average unshared data size (kbytes): 0
	Average stack size (kbytes): 0
	Average total size (kbytes): 0
	Maximum resident set size (kbytes): 8712
	Average resident set size (kbytes): 0
	Major (requiring I/O) page faults: 2
	Minor (reclaiming a frame) page faults: 1173
	Voluntary context switches: 18
	Involuntary context switches: 3
	Swaps: 0
	File system inputs: 216
	File system outputs: 0
	Socket messages sent: 0
	Socket messages received: 0
	Signals delivered: 0
	Page size (bytes): 4096
	Exit status: 1
',
}
,
}
