master
2016-04-03 01:58:26.981
ruby -v -W0 /home/greg/Desktop/src/Open-Table-Explorer/test/unit/stream_link_test.rb
ruby 2.2.4p230 (2015-12-16) [x86_64-linux-gnu]
Run options: --seed 0

# Running:

.EEEEEEEEE..

Finished in 0.003275s, 3663.8301 runs/s, 0.0000 assertions/s.

  1) Error:
NewTestClass#test_logical_primary_key:
NameError: undefined local variable or method `define_model_of_test' for #<NewTestClass:0x000000022f2540>
    /home/greg/Desktop/src/Open-Table-Explorer/test/unit/stream_link_test.rb:69:in `setup'
    /usr/lib/ruby/vendor_ruby/minitest/test.rb:106:in `block (3 levels) in run'
    /usr/lib/ruby/vendor_ruby/minitest/test.rb:205:in `capture_exceptions'
    /usr/lib/ruby/vendor_ruby/minitest/test.rb:105:in `block (2 levels) in run'
    /usr/lib/ruby/vendor_ruby/minitest/test.rb:256:in `time_it'
    /usr/lib/ruby/vendor_ruby/minitest/test.rb:104:in `block in run'
    /usr/lib/ruby/vendor_ruby/minitest.rb:331:in `on_signal'
    /usr/lib/ruby/vendor_ruby/minitest/test.rb:276:in `with_info_handler'
    /usr/lib/ruby/vendor_ruby/minitest/test.rb:103:in `run'
    /usr/lib/ruby/vendor_ruby/minitest.rb:778:in `run_one_method'
    /usr/lib/ruby/vendor_ruby/minitest.rb:305:in `run_one_method'
    /usr/lib/ruby/vendor_ruby/minitest.rb:293:in `block (2 levels) in run'
    /usr/lib/ruby/vendor_ruby/minitest.rb:292:in `each'
    /usr/lib/ruby/vendor_ruby/minitest.rb:292:in `block in run'
    /usr/lib/ruby/vendor_ruby/minitest.rb:331:in `on_signal'
    /usr/lib/ruby/vendor_ruby/minitest.rb:318:in `with_info_handler'
    /usr/lib/ruby/vendor_ruby/minitest.rb:291:in `run'
    /usr/lib/ruby/vendor_ruby/minitest.rb:152:in `block in __run'
    /usr/lib/ruby/vendor_ruby/minitest.rb:152:in `map'
    /usr/lib/ruby/vendor_ruby/minitest.rb:152:in `__run'
    /usr/lib/ruby/vendor_ruby/minitest.rb:129:in `run'
    /usr/lib/ruby/vendor_ruby/minitest.rb:56:in `block in autorun'


  2) Error:
NewTestClass#test_association_names:
NameError: undefined local variable or method `define_model_of_test' for #<NewTestClass:0x000000022f2270>
    /home/greg/Desktop/src/Open-Table-Explorer/test/unit/stream_link_test.rb:69:in `setup'
    /usr/lib/ruby/vendor_ruby/minitest/test.rb:106:in `block (3 levels) in run'
    /usr/lib/ruby/vendor_ruby/minitest/test.rb:205:in `capture_exceptions'
    /usr/lib/ruby/vendor_ruby/minitest/test.rb:105:in `block (2 levels) in run'
    /usr/lib/ruby/vendor_ruby/minitest/test.rb:256:in `time_it'
    /usr/lib/ruby/vendor_ruby/minitest/test.rb:104:in `block in run'
    /usr/lib/ruby/vendor_ruby/minitest.rb:331:in `on_signal'
    /usr/lib/ruby/vendor_ruby/minitest/test.rb:276:in `with_info_handler'
    /usr/lib/ruby/vendor_ruby/minitest/test.rb:103:in `run'
    /usr/lib/ruby/vendor_ruby/minitest.rb:778:in `run_one_method'
    /usr/lib/ruby/vendor_ruby/minitest.rb:305:in `run_one_method'
    /usr/lib/ruby/vendor_ruby/minitest.rb:293:in `block (2 levels) in run'
    /usr/lib/ruby/vendor_ruby/minitest.rb:292:in `each'
    /usr/lib/ruby/vendor_ruby/minitest.rb:292:in `block in run'
    /usr/lib/ruby/vendor_ruby/minitest.rb:331:in `on_signal'
    /usr/lib/ruby/vendor_ruby/minitest.rb:318:in `with_info_handler'
    /usr/lib/ruby/vendor_ruby/minitest.rb:291:in `run'
    /usr/lib/ruby/vendor_ruby/minitest.rb:152:in `block in __run'
    /usr/lib/ruby/vendor_ruby/minitest.rb:152:in `map'
    /usr/lib/ruby/vendor_ruby/minitest.rb:152:in `__run'
    /usr/lib/ruby/vendor_ruby/minitest.rb:129:in `run'
    /usr/lib/ruby/vendor_ruby/minitest.rb:56:in `block in autorun'


  3) Error:
NewTestClass#test_class_name:
NameError: undefined local variable or method `define_model_of_test' for #<NewTestClass:0x000000022f1fa0>
    /home/greg/Desktop/src/Open-Table-Explorer/test/unit/stream_link_test.rb:69:in `setup'
    /usr/lib/ruby/vendor_ruby/minitest/test.rb:106:in `block (3 levels) in run'
    /usr/lib/ruby/vendor_ruby/minitest/test.rb:205:in `capture_exceptions'
    /usr/lib/ruby/vendor_ruby/minitest/test.rb:105:in `block (2 levels) in run'
    /usr/lib/ruby/vendor_ruby/minitest/test.rb:256:in `time_it'
    /usr/lib/ruby/vendor_ruby/minitest/test.rb:104:in `block in run'
    /usr/lib/ruby/vendor_ruby/minitest.rb:331:in `on_signal'
    /usr/lib/ruby/vendor_ruby/minitest/test.rb:276:in `with_info_handler'
    /usr/lib/ruby/vendor_ruby/minitest/test.rb:103:in `run'
    /usr/lib/ruby/vendor_ruby/minitest.rb:778:in `run_one_method'
    /usr/lib/ruby/vendor_ruby/minitest.rb:305:in `run_one_method'
    /usr/lib/ruby/vendor_ruby/minitest.rb:293:in `block (2 levels) in run'
    /usr/lib/ruby/vendor_ruby/minitest.rb:292:in `each'
    /usr/lib/ruby/vendor_ruby/minitest.rb:292:in `block in run'
    /usr/lib/ruby/vendor_ruby/minitest.rb:331:in `on_signal'
    /usr/lib/ruby/vendor_ruby/minitest.rb:318:in `with_info_handler'
    /usr/lib/ruby/vendor_ruby/minitest.rb:291:in `run'
    /usr/lib/ruby/vendor_ruby/minitest.rb:152:in `block in __run'
    /usr/lib/ruby/vendor_ruby/minitest.rb:152:in `map'
    /usr/lib/ruby/vendor_ruby/minitest.rb:152:in `__run'
    /usr/lib/ruby/vendor_ruby/minitest.rb:129:in `run'
    /usr/lib/ruby/vendor_ruby/minitest.rb:56:in `block in autorun'


  4) Error:
NewTestClass#test_id_equal:
NameError: undefined local variable or method `define_model_of_test' for #<NewTestClass:0x000000022f1cd0>
    /home/greg/Desktop/src/Open-Table-Explorer/test/unit/stream_link_test.rb:69:in `setup'
    /usr/lib/ruby/vendor_ruby/minitest/test.rb:106:in `block (3 levels) in run'
    /usr/lib/ruby/vendor_ruby/minitest/test.rb:205:in `capture_exceptions'
    /usr/lib/ruby/vendor_ruby/minitest/test.rb:105:in `block (2 levels) in run'
    /usr/lib/ruby/vendor_ruby/minitest/test.rb:256:in `time_it'
    /usr/lib/ruby/vendor_ruby/minitest/test.rb:104:in `block in run'
    /usr/lib/ruby/vendor_ruby/minitest.rb:331:in `on_signal'
    /usr/lib/ruby/vendor_ruby/minitest/test.rb:276:in `with_info_handler'
    /usr/lib/ruby/vendor_ruby/minitest/test.rb:103:in `run'
    /usr/lib/ruby/vendor_ruby/minitest.rb:778:in `run_one_method'
    /usr/lib/ruby/vendor_ruby/minitest.rb:305:in `run_one_method'
    /usr/lib/ruby/vendor_ruby/minitest.rb:293:in `block (2 levels) in run'
    /usr/lib/ruby/vendor_ruby/minitest.rb:292:in `each'
    /usr/lib/ruby/vendor_ruby/minitest.rb:292:in `block in run'
    /usr/lib/ruby/vendor_ruby/minitest.rb:331:in `on_signal'
    /usr/lib/ruby/vendor_ruby/minitest.rb:318:in `with_info_handler'
    /usr/lib/ruby/vendor_ruby/minitest.rb:291:in `run'
    /usr/lib/ruby/vendor_ruby/minitest.rb:152:in `block in __run'
    /usr/lib/ruby/vendor_ruby/minitest.rb:152:in `map'
    /usr/lib/ruby/vendor_ruby/minitest.rb:152:in `__run'
    /usr/lib/ruby/vendor_ruby/minitest.rb:129:in `run'
    /usr/lib/ruby/vendor_ruby/minitest.rb:56:in `block in autorun'


  5) Error:
NewTestClass#test_next_method:
NameError: undefined local variable or method `define_model_of_test' for #<NewTestClass:0x000000022f1a00>
    /home/greg/Desktop/src/Open-Table-Explorer/test/unit/stream_link_test.rb:69:in `setup'
    /usr/lib/ruby/vendor_ruby/minitest/test.rb:106:in `block (3 levels) in run'
    /usr/lib/ruby/vendor_ruby/minitest/test.rb:205:in `capture_exceptions'
    /usr/lib/ruby/vendor_ruby/minitest/test.rb:105:in `block (2 levels) in run'
    /usr/lib/ruby/vendor_ruby/minitest/test.rb:256:in `time_it'
    /usr/lib/ruby/vendor_ruby/minitest/test.rb:104:in `block in run'
    /usr/lib/ruby/vendor_ruby/minitest.rb:331:in `on_signal'
    /usr/lib/ruby/vendor_ruby/minitest/test.rb:276:in `with_info_handler'
    /usr/lib/ruby/vendor_ruby/minitest/test.rb:103:in `run'
    /usr/lib/ruby/vendor_ruby/minitest.rb:778:in `run_one_method'
    /usr/lib/ruby/vendor_ruby/minitest.rb:305:in `run_one_method'
    /usr/lib/ruby/vendor_ruby/minitest.rb:293:in `block (2 levels) in run'
    /usr/lib/ruby/vendor_ruby/minitest.rb:292:in `each'
    /usr/lib/ruby/vendor_ruby/minitest.rb:292:in `block in run'
    /usr/lib/ruby/vendor_ruby/minitest.rb:331:in `on_signal'
    /usr/lib/ruby/vendor_ruby/minitest.rb:318:in `with_info_handler'
    /usr/lib/ruby/vendor_ruby/minitest.rb:291:in `run'
    /usr/lib/ruby/vendor_ruby/minitest.rb:152:in `block in __run'
    /usr/lib/ruby/vendor_ruby/minitest.rb:152:in `map'
    /usr/lib/ruby/vendor_ruby/minitest.rb:152:in `__run'
    /usr/lib/ruby/vendor_ruby/minitest.rb:129:in `run'
    /usr/lib/ruby/vendor_ruby/minitest.rb:56:in `block in autorun'


  6) Error:
NewTestClass#test_input_stream_method_argument:
NameError: undefined local variable or method `define_model_of_test' for #<NewTestClass:0x000000022f1730>
    /home/greg/Desktop/src/Open-Table-Explorer/test/unit/stream_link_test.rb:69:in `setup'
    /usr/lib/ruby/vendor_ruby/minitest/test.rb:106:in `block (3 levels) in run'
    /usr/lib/ruby/vendor_ruby/minitest/test.rb:205:in `capture_exceptions'
    /usr/lib/ruby/vendor_ruby/minitest/test.rb:105:in `block (2 levels) in run'
    /usr/lib/ruby/vendor_ruby/minitest/test.rb:256:in `time_it'
    /usr/lib/ruby/vendor_ruby/minitest/test.rb:104:in `block in run'
    /usr/lib/ruby/vendor_ruby/minitest.rb:331:in `on_signal'
    /usr/lib/ruby/vendor_ruby/minitest/test.rb:276:in `with_info_handler'
    /usr/lib/ruby/vendor_ruby/minitest/test.rb:103:in `run'
    /usr/lib/ruby/vendor_ruby/minitest.rb:778:in `run_one_method'
    /usr/lib/ruby/vendor_ruby/minitest.rb:305:in `run_one_method'
    /usr/lib/ruby/vendor_ruby/minitest.rb:293:in `block (2 levels) in run'
    /usr/lib/ruby/vendor_ruby/minitest.rb:292:in `each'
    /usr/lib/ruby/vendor_ruby/minitest.rb:292:in `block in run'
    /usr/lib/ruby/vendor_ruby/minitest.rb:331:in `on_signal'
    /usr/lib/ruby/vendor_ruby/minitest.rb:318:in `with_info_handler'
    /usr/lib/ruby/vendor_ruby/minitest.rb:291:in `run'
    /usr/lib/ruby/vendor_ruby/minitest.rb:152:in `block in __run'
    /usr/lib/ruby/vendor_ruby/minitest.rb:152:in `map'
    /usr/lib/ruby/vendor_ruby/minitest.rb:152:in `__run'
    /usr/lib/ruby/vendor_ruby/minitest.rb:129:in `run'
    /usr/lib/ruby/vendor_ruby/minitest.rb:56:in `block in autorun'


  7) Error:
NewTestClass#test_store_method:
NameError: undefined local variable or method `define_model_of_test' for #<NewTestClass:0x000000022f1460>
    /home/greg/Desktop/src/Open-Table-Explorer/test/unit/stream_link_test.rb:69:in `setup'
    /usr/lib/ruby/vendor_ruby/minitest/test.rb:106:in `block (3 levels) in run'
    /usr/lib/ruby/vendor_ruby/minitest/test.rb:205:in `capture_exceptions'
    /usr/lib/ruby/vendor_ruby/minitest/test.rb:105:in `block (2 levels) in run'
    /usr/lib/ruby/vendor_ruby/minitest/test.rb:256:in `time_it'
    /usr/lib/ruby/vendor_ruby/minitest/test.rb:104:in `block in run'
    /usr/lib/ruby/vendor_ruby/minitest.rb:331:in `on_signal'
    /usr/lib/ruby/vendor_ruby/minitest/test.rb:276:in `with_info_handler'
    /usr/lib/ruby/vendor_ruby/minitest/test.rb:103:in `run'
    /usr/lib/ruby/vendor_ruby/minitest.rb:778:in `run_one_method'
    /usr/lib/ruby/vendor_ruby/minitest.rb:305:in `run_one_method'
    /usr/lib/ruby/vendor_ruby/minitest.rb:293:in `block (2 levels) in run'
    /usr/lib/ruby/vendor_ruby/minitest.rb:292:in `each'
    /usr/lib/ruby/vendor_ruby/minitest.rb:292:in `block in run'
    /usr/lib/ruby/vendor_ruby/minitest.rb:331:in `on_signal'
    /usr/lib/ruby/vendor_ruby/minitest.rb:318:in `with_info_handler'
    /usr/lib/ruby/vendor_ruby/minitest.rb:291:in `run'
    /usr/lib/ruby/vendor_ruby/minitest.rb:152:in `block in __run'
    /usr/lib/ruby/vendor_ruby/minitest.rb:152:in `map'
    /usr/lib/ruby/vendor_ruby/minitest.rb:152:in `__run'
    /usr/lib/ruby/vendor_ruby/minitest.rb:129:in `run'
    /usr/lib/ruby/vendor_ruby/minitest.rb:56:in `block in autorun'


  8) Error:
NewTestClass#test_fire:
NameError: undefined local variable or method `define_model_of_test' for #<NewTestClass:0x000000022f1190>
    /home/greg/Desktop/src/Open-Table-Explorer/test/unit/stream_link_test.rb:69:in `setup'
    /usr/lib/ruby/vendor_ruby/minitest/test.rb:106:in `block (3 levels) in run'
    /usr/lib/ruby/vendor_ruby/minitest/test.rb:205:in `capture_exceptions'
    /usr/lib/ruby/vendor_ruby/minitest/test.rb:105:in `block (2 levels) in run'
    /usr/lib/ruby/vendor_ruby/minitest/test.rb:256:in `time_it'
    /usr/lib/ruby/vendor_ruby/minitest/test.rb:104:in `block in run'
    /usr/lib/ruby/vendor_ruby/minitest.rb:331:in `on_signal'
    /usr/lib/ruby/vendor_ruby/minitest/test.rb:276:in `with_info_handler'
    /usr/lib/ruby/vendor_ruby/minitest/test.rb:103:in `run'
    /usr/lib/ruby/vendor_ruby/minitest.rb:778:in `run_one_method'
    /usr/lib/ruby/vendor_ruby/minitest.rb:305:in `run_one_method'
    /usr/lib/ruby/vendor_ruby/minitest.rb:293:in `block (2 levels) in run'
    /usr/lib/ruby/vendor_ruby/minitest.rb:292:in `each'
    /usr/lib/ruby/vendor_ruby/minitest.rb:292:in `block in run'
    /usr/lib/ruby/vendor_ruby/minitest.rb:331:in `on_signal'
    /usr/lib/ruby/vendor_ruby/minitest.rb:318:in `with_info_handler'
    /usr/lib/ruby/vendor_ruby/minitest.rb:291:in `run'
    /usr/lib/ruby/vendor_ruby/minitest.rb:152:in `block in __run'
    /usr/lib/ruby/vendor_ruby/minitest.rb:152:in `map'
    /usr/lib/ruby/vendor_ruby/minitest.rb:152:in `__run'
    /usr/lib/ruby/vendor_ruby/minitest.rb:129:in `run'
    /usr/lib/ruby/vendor_ruby/minitest.rb:56:in `block in autorun'


  9) Error:
NewTestClass#test_output_stream_method_argument:
NameError: undefined local variable or method `define_model_of_test' for #<NewTestClass:0x000000022f0ec0>
    /home/greg/Desktop/src/Open-Table-Explorer/test/unit/stream_link_test.rb:69:in `setup'
    /usr/lib/ruby/vendor_ruby/minitest/test.rb:106:in `block (3 levels) in run'
    /usr/lib/ruby/vendor_ruby/minitest/test.rb:205:in `capture_exceptions'
    /usr/lib/ruby/vendor_ruby/minitest/test.rb:105:in `block (2 levels) in run'
    /usr/lib/ruby/vendor_ruby/minitest/test.rb:256:in `time_it'
    /usr/lib/ruby/vendor_ruby/minitest/test.rb:104:in `block in run'
    /usr/lib/ruby/vendor_ruby/minitest.rb:331:in `on_signal'
    /usr/lib/ruby/vendor_ruby/minitest/test.rb:276:in `with_info_handler'
    /usr/lib/ruby/vendor_ruby/minitest/test.rb:103:in `run'
    /usr/lib/ruby/vendor_ruby/minitest.rb:778:in `run_one_method'
    /usr/lib/ruby/vendor_ruby/minitest.rb:305:in `run_one_method'
    /usr/lib/ruby/vendor_ruby/minitest.rb:293:in `block (2 levels) in run'
    /usr/lib/ruby/vendor_ruby/minitest.rb:292:in `each'
    /usr/lib/ruby/vendor_ruby/minitest.rb:292:in `block in run'
    /usr/lib/ruby/vendor_ruby/minitest.rb:331:in `on_signal'
    /usr/lib/ruby/vendor_ruby/minitest.rb:318:in `with_info_handler'
    /usr/lib/ruby/vendor_ruby/minitest.rb:291:in `run'
    /usr/lib/ruby/vendor_ruby/minitest.rb:152:in `block in __run'
    /usr/lib/ruby/vendor_ruby/minitest.rb:152:in `map'
    /usr/lib/ruby/vendor_ruby/minitest.rb:152:in `__run'
    /usr/lib/ruby/vendor_ruby/minitest.rb:129:in `run'
    /usr/lib/ruby/vendor_ruby/minitest.rb:56:in `block in autorun'

12 runs, 0 assertions, 0 failures, 9 errors, 0 skips

