passed
2016-05-19 02:55:05.471
/usr/bin/time --verbose ruby -v -W0 /home/greg/Desktop/src/Open-Table-Explorer/test/unit/stream_tree_test.rb
ruby 2.2.4p230 (2015-12-16) [x86_64-linux-gnu]
Run options: --seed 0

# Running:

.E..E.....EE.EE....F....E..F....F...

Finished in 0.013781s, 2612.2172 runs/s, 7111.0358 assertions/s.

  1) Error:
NewTestClass#test_map_recursive:
LocalJumpError: no block given (yield)
    /home/greg/Desktop/src/Open-Table-Explorer/app/models/stream_tree.rb:155:in `inspect_node'
    /home/greg/Desktop/src/Open-Table-Explorer/app/models/stream_tree.rb:250:in `block in <module:Examples>'
    /home/greg/Desktop/src/Open-Table-Explorer/test/unit/stream_tree_test.rb:157:in `call'
    /home/greg/Desktop/src/Open-Table-Explorer/test/unit/stream_tree_test.rb:157:in `test_map_recursive'
    /usr/lib/ruby/vendor_ruby/minitest/test.rb:108:in `block (3 levels) in run'
    /usr/lib/ruby/vendor_ruby/minitest/test.rb:205:in `capture_exceptions'
    /usr/lib/ruby/vendor_ruby/minitest/test.rb:105:in `block (2 levels) in run'
    /usr/lib/ruby/vendor_ruby/minitest/test.rb:256:in `time_it'
    /usr/lib/ruby/vendor_ruby/minitest/test.rb:104:in `block in run'
    /usr/lib/ruby/vendor_ruby/minitest.rb:331:in `on_signal'
    /usr/lib/ruby/vendor_ruby/minitest/test.rb:276:in `with_info_handler'
    /usr/lib/ruby/vendor_ruby/minitest/test.rb:103:in `run'
    /usr/lib/ruby/vendor_ruby/minitest.rb:778:in `run_one_method'
    /usr/lib/ruby/vendor_ruby/minitest.rb:305:in `run_one_method'
    /usr/lib/ruby/vendor_ruby/minitest.rb:293:in `block (2 levels) in run'
    /usr/lib/ruby/vendor_ruby/minitest.rb:292:in `each'
    /usr/lib/ruby/vendor_ruby/minitest.rb:292:in `block in run'
    /usr/lib/ruby/vendor_ruby/minitest.rb:331:in `on_signal'
    /usr/lib/ruby/vendor_ruby/minitest.rb:318:in `with_info_handler'
    /usr/lib/ruby/vendor_ruby/minitest.rb:291:in `run'
    /usr/lib/ruby/vendor_ruby/minitest.rb:152:in `block in __run'
    /usr/lib/ruby/vendor_ruby/minitest.rb:152:in `map'
    /usr/lib/ruby/vendor_ruby/minitest.rb:152:in `__run'
    /usr/lib/ruby/vendor_ruby/minitest.rb:129:in `run'
    /usr/lib/ruby/vendor_ruby/minitest.rb:56:in `block in autorun'


  2) Error:
NewTestClass#test_Assertions:
NoMethodError: undefined method `assertions' for Connectivity:Class
    /usr/lib/ruby/vendor_ruby/minitest/assertions.rb:125:in `assert'
    /usr/lib/ruby/vendor_ruby/minitest/assertions.rb:163:in `assert_equal'
    /home/greg/Desktop/src/Open-Table-Explorer/app/models/stream_tree.rb:211:in `assert_pre_conditions'
    /home/greg/Desktop/src/Open-Table-Explorer/test/unit/stream_tree_test.rb:194:in `test_Assertions'
    /usr/lib/ruby/vendor_ruby/minitest/test.rb:108:in `block (3 levels) in run'
    /usr/lib/ruby/vendor_ruby/minitest/test.rb:205:in `capture_exceptions'
    /usr/lib/ruby/vendor_ruby/minitest/test.rb:105:in `block (2 levels) in run'
    /usr/lib/ruby/vendor_ruby/minitest/test.rb:256:in `time_it'
    /usr/lib/ruby/vendor_ruby/minitest/test.rb:104:in `block in run'
    /usr/lib/ruby/vendor_ruby/minitest.rb:331:in `on_signal'
    /usr/lib/ruby/vendor_ruby/minitest/test.rb:276:in `with_info_handler'
    /usr/lib/ruby/vendor_ruby/minitest/test.rb:103:in `run'
    /usr/lib/ruby/vendor_ruby/minitest.rb:778:in `run_one_method'
    /usr/lib/ruby/vendor_ruby/minitest.rb:305:in `run_one_method'
    /usr/lib/ruby/vendor_ruby/minitest.rb:293:in `block (2 levels) in run'
    /usr/lib/ruby/vendor_ruby/minitest.rb:292:in `each'
    /usr/lib/ruby/vendor_ruby/minitest.rb:292:in `block in run'
    /usr/lib/ruby/vendor_ruby/minitest.rb:331:in `on_signal'
    /usr/lib/ruby/vendor_ruby/minitest.rb:318:in `with_info_handler'
    /usr/lib/ruby/vendor_ruby/minitest.rb:291:in `run'
    /usr/lib/ruby/vendor_ruby/minitest.rb:152:in `block in __run'
    /usr/lib/ruby/vendor_ruby/minitest.rb:152:in `map'
    /usr/lib/ruby/vendor_ruby/minitest.rb:152:in `__run'
    /usr/lib/ruby/vendor_ruby/minitest.rb:129:in `run'
    /usr/lib/ruby/vendor_ruby/minitest.rb:56:in `block in autorun'


  3) Error:
NewTestClass#test_inspect_recursive:
LocalJumpError: no block given (yield)
    /home/greg/Desktop/src/Open-Table-Explorer/app/models/stream_tree.rb:155:in `inspect_node'
    /home/greg/Desktop/src/Open-Table-Explorer/app/models/stream_tree.rb:250:in `block in <module:Examples>'
    /home/greg/Desktop/src/Open-Table-Explorer/app/models/stream_tree.rb:174:in `map_recursive'
    /home/greg/Desktop/src/Open-Table-Explorer/test/unit/stream_tree_test.rb:183:in `test_inspect_recursive'
    /usr/lib/ruby/vendor_ruby/minitest/test.rb:108:in `block (3 levels) in run'
    /usr/lib/ruby/vendor_ruby/minitest/test.rb:205:in `capture_exceptions'
    /usr/lib/ruby/vendor_ruby/minitest/test.rb:105:in `block (2 levels) in run'
    /usr/lib/ruby/vendor_ruby/minitest/test.rb:256:in `time_it'
    /usr/lib/ruby/vendor_ruby/minitest/test.rb:104:in `block in run'
    /usr/lib/ruby/vendor_ruby/minitest.rb:331:in `on_signal'
    /usr/lib/ruby/vendor_ruby/minitest/test.rb:276:in `with_info_handler'
    /usr/lib/ruby/vendor_ruby/minitest/test.rb:103:in `run'
    /usr/lib/ruby/vendor_ruby/minitest.rb:778:in `run_one_method'
    /usr/lib/ruby/vendor_ruby/minitest.rb:305:in `run_one_method'
    /usr/lib/ruby/vendor_ruby/minitest.rb:293:in `block (2 levels) in run'
    /usr/lib/ruby/vendor_ruby/minitest.rb:292:in `each'
    /usr/lib/ruby/vendor_ruby/minitest.rb:292:in `block in run'
    /usr/lib/ruby/vendor_ruby/minitest.rb:331:in `on_signal'
    /usr/lib/ruby/vendor_ruby/minitest.rb:318:in `with_info_handler'
    /usr/lib/ruby/vendor_ruby/minitest.rb:291:in `run'
    /usr/lib/ruby/vendor_ruby/minitest.rb:152:in `block in __run'
    /usr/lib/ruby/vendor_ruby/minitest.rb:152:in `map'
    /usr/lib/ruby/vendor_ruby/minitest.rb:152:in `__run'
    /usr/lib/ruby/vendor_ruby/minitest.rb:129:in `run'
    /usr/lib/ruby/vendor_ruby/minitest.rb:56:in `block in autorun'


  4) Error:
NewTestClass#test_to_hash:
NoMethodError: undefined method `each_pair' for [1, 2, 3]:Array
    /home/greg/Desktop/src/Open-Table-Explorer/app/models/stream_tree.rb:434:in `to_hash'
    /home/greg/Desktop/src/Open-Table-Explorer/test/unit/stream_tree_test.rb:288:in `test_to_hash'
    /usr/lib/ruby/vendor_ruby/minitest/test.rb:108:in `block (3 levels) in run'
    /usr/lib/ruby/vendor_ruby/minitest/test.rb:205:in `capture_exceptions'
    /usr/lib/ruby/vendor_ruby/minitest/test.rb:105:in `block (2 levels) in run'
    /usr/lib/ruby/vendor_ruby/minitest/test.rb:256:in `time_it'
    /usr/lib/ruby/vendor_ruby/minitest/test.rb:104:in `block in run'
    /usr/lib/ruby/vendor_ruby/minitest.rb:331:in `on_signal'
    /usr/lib/ruby/vendor_ruby/minitest/test.rb:276:in `with_info_handler'
    /usr/lib/ruby/vendor_ruby/minitest/test.rb:103:in `run'
    /usr/lib/ruby/vendor_ruby/minitest.rb:778:in `run_one_method'
    /usr/lib/ruby/vendor_ruby/minitest.rb:305:in `run_one_method'
    /usr/lib/ruby/vendor_ruby/minitest.rb:293:in `block (2 levels) in run'
    /usr/lib/ruby/vendor_ruby/minitest.rb:292:in `each'
    /usr/lib/ruby/vendor_ruby/minitest.rb:292:in `block in run'
    /usr/lib/ruby/vendor_ruby/minitest.rb:331:in `on_signal'
    /usr/lib/ruby/vendor_ruby/minitest.rb:318:in `with_info_handler'
    /usr/lib/ruby/vendor_ruby/minitest.rb:291:in `run'
    /usr/lib/ruby/vendor_ruby/minitest.rb:152:in `block in __run'
    /usr/lib/ruby/vendor_ruby/minitest.rb:152:in `map'
    /usr/lib/ruby/vendor_ruby/minitest.rb:152:in `__run'
    /usr/lib/ruby/vendor_ruby/minitest.rb:129:in `run'
    /usr/lib/ruby/vendor_ruby/minitest.rb:56:in `block in autorun'


  5) Error:
NewTestClass#test_inspect_node:
LocalJumpError: no block given (yield)
    /home/greg/Desktop/src/Open-Table-Explorer/app/models/stream_tree.rb:155:in `inspect_node'
    /home/greg/Desktop/src/Open-Table-Explorer/test/unit/stream_tree_test.rb:144:in `test_inspect_node'
    /usr/lib/ruby/vendor_ruby/minitest/test.rb:108:in `block (3 levels) in run'
    /usr/lib/ruby/vendor_ruby/minitest/test.rb:205:in `capture_exceptions'
    /usr/lib/ruby/vendor_ruby/minitest/test.rb:105:in `block (2 levels) in run'
    /usr/lib/ruby/vendor_ruby/minitest/test.rb:256:in `time_it'
    /usr/lib/ruby/vendor_ruby/minitest/test.rb:104:in `block in run'
    /usr/lib/ruby/vendor_ruby/minitest.rb:331:in `on_signal'
    /usr/lib/ruby/vendor_ruby/minitest/test.rb:276:in `with_info_handler'
    /usr/lib/ruby/vendor_ruby/minitest/test.rb:103:in `run'
    /usr/lib/ruby/vendor_ruby/minitest.rb:778:in `run_one_method'
    /usr/lib/ruby/vendor_ruby/minitest.rb:305:in `run_one_method'
    /usr/lib/ruby/vendor_ruby/minitest.rb:293:in `block (2 levels) in run'
    /usr/lib/ruby/vendor_ruby/minitest.rb:292:in `each'
    /usr/lib/ruby/vendor_ruby/minitest.rb:292:in `block in run'
    /usr/lib/ruby/vendor_ruby/minitest.rb:331:in `on_signal'
    /usr/lib/ruby/vendor_ruby/minitest.rb:318:in `with_info_handler'
    /usr/lib/ruby/vendor_ruby/minitest.rb:291:in `run'
    /usr/lib/ruby/vendor_ruby/minitest.rb:152:in `block in __run'
    /usr/lib/ruby/vendor_ruby/minitest.rb:152:in `map'
    /usr/lib/ruby/vendor_ruby/minitest.rb:152:in `__run'
    /usr/lib/ruby/vendor_ruby/minitest.rb:129:in `run'
    /usr/lib/ruby/vendor_ruby/minitest.rb:56:in `block in autorun'


  6) Error:
NewTestClass#test_ref:
NameError: undefined local variable or method `ref' for #<NewTestClass:0x000000022b6900>
    /home/greg/Desktop/src/Open-Table-Explorer/test/unit/stream_tree_test.rb:111:in `test_ref'
    /usr/lib/ruby/vendor_ruby/minitest/test.rb:108:in `block (3 levels) in run'
    /usr/lib/ruby/vendor_ruby/minitest/test.rb:205:in `capture_exceptions'
    /usr/lib/ruby/vendor_ruby/minitest/test.rb:105:in `block (2 levels) in run'
    /usr/lib/ruby/vendor_ruby/minitest/test.rb:256:in `time_it'
    /usr/lib/ruby/vendor_ruby/minitest/test.rb:104:in `block in run'
    /usr/lib/ruby/vendor_ruby/minitest.rb:331:in `on_signal'
    /usr/lib/ruby/vendor_ruby/minitest/test.rb:276:in `with_info_handler'
    /usr/lib/ruby/vendor_ruby/minitest/test.rb:103:in `run'
    /usr/lib/ruby/vendor_ruby/minitest.rb:778:in `run_one_method'
    /usr/lib/ruby/vendor_ruby/minitest.rb:305:in `run_one_method'
    /usr/lib/ruby/vendor_ruby/minitest.rb:293:in `block (2 levels) in run'
    /usr/lib/ruby/vendor_ruby/minitest.rb:292:in `each'
    /usr/lib/ruby/vendor_ruby/minitest.rb:292:in `block in run'
    /usr/lib/ruby/vendor_ruby/minitest.rb:331:in `on_signal'
    /usr/lib/ruby/vendor_ruby/minitest.rb:318:in `with_info_handler'
    /usr/lib/ruby/vendor_ruby/minitest.rb:291:in `run'
    /usr/lib/ruby/vendor_ruby/minitest.rb:152:in `block in __run'
    /usr/lib/ruby/vendor_ruby/minitest.rb:152:in `map'
    /usr/lib/ruby/vendor_ruby/minitest.rb:152:in `__run'
    /usr/lib/ruby/vendor_ruby/minitest.rb:129:in `run'
    /usr/lib/ruby/vendor_ruby/minitest.rb:56:in `block in autorun'


  7) Failure:
NewTestClass#test_NestedArrayType_Assertions [/home/greg/Desktop/src/Open-Table-Explorer/test/unit/stream_tree_test.rb:219]:
Expected [:children?] to include :each_pair.


  8) Error:
NewTestClass#test_Node_format:
LocalJumpError: no block given (yield)
    /home/greg/Desktop/src/Open-Table-Explorer/app/models/stream_tree.rb:155:in `inspect_node'
    /home/greg/Desktop/src/Open-Table-Explorer/test/unit/stream_tree_test.rb:263:in `test_Node_format'
    /usr/lib/ruby/vendor_ruby/minitest/test.rb:108:in `block (3 levels) in run'
    /usr/lib/ruby/vendor_ruby/minitest/test.rb:205:in `capture_exceptions'
    /usr/lib/ruby/vendor_ruby/minitest/test.rb:105:in `block (2 levels) in run'
    /usr/lib/ruby/vendor_ruby/minitest/test.rb:256:in `time_it'
    /usr/lib/ruby/vendor_ruby/minitest/test.rb:104:in `block in run'
    /usr/lib/ruby/vendor_ruby/minitest.rb:331:in `on_signal'
    /usr/lib/ruby/vendor_ruby/minitest/test.rb:276:in `with_info_handler'
    /usr/lib/ruby/vendor_ruby/minitest/test.rb:103:in `run'
    /usr/lib/ruby/vendor_ruby/minitest.rb:778:in `run_one_method'
    /usr/lib/ruby/vendor_ruby/minitest.rb:305:in `run_one_method'
    /usr/lib/ruby/vendor_ruby/minitest.rb:293:in `block (2 levels) in run'
    /usr/lib/ruby/vendor_ruby/minitest.rb:292:in `each'
    /usr/lib/ruby/vendor_ruby/minitest.rb:292:in `block in run'
    /usr/lib/ruby/vendor_ruby/minitest.rb:331:in `on_signal'
    /usr/lib/ruby/vendor_ruby/minitest.rb:318:in `with_info_handler'
    /usr/lib/ruby/vendor_ruby/minitest.rb:291:in `run'
    /usr/lib/ruby/vendor_ruby/minitest.rb:152:in `block in __run'
    /usr/lib/ruby/vendor_ruby/minitest.rb:152:in `map'
    /usr/lib/ruby/vendor_ruby/minitest.rb:152:in `__run'
    /usr/lib/ruby/vendor_ruby/minitest.rb:129:in `run'
    /usr/lib/ruby/vendor_ruby/minitest.rb:56:in `block in autorun'


  9) Failure:
NewTestClass#test_children? [/home/greg/Desktop/src/Open-Table-Explorer/test/unit/stream_tree_test.rb:118]:
Expected nil (NilClass) to respond to #empty?.


 10) Failure:
NewTestClass#test_rgl_readme [/home/greg/Desktop/src/Open-Table-Explorer/test/unit/stream_tree_test.rb:23]:
Expected: [5, 6, 1, 2, 3, 4]
  Actual: [1, 2, 3, 4, 5, 6]

36 runs, 98 assertions, 3 failures, 7 errors, 0 skips

Command exited with non-zero status 1
	Command being timed: "ruby -v -W0 /home/greg/Desktop/src/Open-Table-Explorer/test/unit/stream_tree_test.rb"
	User time (seconds): 0.69
	System time (seconds): 0.06
	Percent of CPU this job got: 99%
	Elapsed (wall clock) time (h:mm:ss or m:ss): 0:00.76
	Average shared text size (kbytes): 0
	Average unshared data size (kbytes): 0
	Average stack size (kbytes): 0
	Average total size (kbytes): 0
	Maximum resident set size (kbytes): 23468
	Average resident set size (kbytes): 0
	Major (requiring I/O) page faults: 0
	Minor (reclaiming a frame) page faults: 5996
	Voluntary context switches: 20
	Involuntary context switches: 84
	Swaps: 0
	File system inputs: 0
	File system outputs: 8
	Socket messages sent: 0
	Socket messages received: 0
	Signals delivered: 0
	Page size (bytes): 4096
	Exit status: 1
