{:current_branch_name => Branch.new(repository: Repository.new(path: '/home/greg/Desktop/src/Open-Table-Explorer/')
,
   name: :passed,
   initialization_string: nil)
,
:start_time => Time.new(2017, 2, 20, 9, 39, Rational(14936773067, 1000000000), "-08:00"),
:command_string => '/usr/bin/time --verbose ruby -v -W0 /home/greg/Desktop/src/Open-Table-Explorer/test/unit/stream_method_call_test.rb',
:output => 'ruby 2.3.1p112 (2016-04-26) [x86_64-linux-gnu]
Loaded suite /home/greg/Desktop/src/Open-Table-Explorer/test/unit/stream_method_call_test
Started
E
===============================================================================
Error: test_fire(StreamMethodCallTest):
  NameError: uninitialized constant StreamMethodCallTest::StreamMethodCall
  Did you mean?  StreamMethodCallTest
/home/greg/Desktop/src/Open-Table-Explorer/test/unit/stream_method_call_test.rb:33:in `test_fire\'
     30:   end # outputs
     31: 
     32:   def test_fire
  => 33:     StreamMethodCall.find(:all).each(&:fire) # each
     34:   end # fire
     35: 
     36:   def test_id_equal
===============================================================================
E
===============================================================================
Error: test_id_equal(StreamMethodCallTest): NoMethodError: undefined method `model_class?\' for #<StreamMethodCallTest:0x0000000171d580>
/home/greg/Desktop/src/Open-Table-Explorer/test/unit/stream_method_call_test.rb:37:in `test_id_equal\'
     34:   end # fire
     35: 
     36:   def test_id_equal
  => 37:     assert(!model_class?.sequential_id?, "model_class?=#{model_class?}, should not be a sequential_id.")
     38:     assert_test_id_equal
     39:   end # id_equal
     40: end # StreamMethodCall
===============================================================================
E
===============================================================================
Error: test_inputs(StreamMethodCallTest):
  NameError: uninitialized constant StreamMethodCallTest::StreamMethodCall
  Did you mean?  StreamMethodCallTest
/home/greg/Desktop/src/Open-Table-Explorer/test/unit/stream_method_call_test.rb:24:in `test_inputs\'
     21:   end # stream_links
     22: 
     23:   def test_inputs
  => 24:     StreamMethodCall.find(:all).each do |smc|
     25:       assert(smc.inputs.exists?, "smc=#{smc.inspect}, smc.stream_links=#{smc.inputs.inspect} ")
     26:     end # each
     27:   end # inputs
===============================================================================
.E
===============================================================================
Error: test_stream_links(StreamMethodCallTest):
  NameError: uninitialized constant StreamMethodCallTest::StreamMethodCall
  Did you mean?  StreamMethodCallTest
/home/greg/Desktop/src/Open-Table-Explorer/test/unit/stream_method_call_test.rb:12:in `test_stream_links\'
      9: 
     10: class StreamMethodCallTest < TestCase
     11:   def test_stream_links
  => 12:     streamCall = StreamMethodCall.first
     13:     assert_equal(64_810_937, streamCall.id)
     14:     assert_equal_sets(%w(stream_method stream_links), StreamMethodCall.association_names)
     15:     assert_equal(\'\', StreamLink.all)
===============================================================================


Finished in 0.073292283 seconds.
------
5 tests, 0 assertions, 0 failures, 4 errors, 0 pendings, 0 omissions, 0 notifications
20% passed
------
68.22 tests/s, 0.00 assertions/s
',
:errors => {:syserr => 'Command exited with non-zero status 1
	Command being timed: "ruby -v -W0 /home/greg/Desktop/src/Open-Table-Explorer/test/unit/stream_method_call_test.rb"
	User time (seconds): 0.62
	System time (seconds): 0.04
	Percent of CPU this job got: 99%
	Elapsed (wall clock) time (h:mm:ss or m:ss): 0:00.67
	Average shared text size (kbytes): 0
	Average unshared data size (kbytes): 0
	Average stack size (kbytes): 0
	Average total size (kbytes): 0
	Maximum resident set size (kbytes): 20696
	Average resident set size (kbytes): 0
	Major (requiring I/O) page faults: 0
	Minor (reclaiming a frame) page faults: 5299
	Voluntary context switches: 3
	Involuntary context switches: 71
	Swaps: 0
	File system inputs: 0
	File system outputs: 0
	Socket messages sent: 0
	Socket messages received: 0
	Signals delivered: 0
	Page size (bytes): 4096
	Exit status: 1
'
}

}
