{:current_branch_name => Branch.new(repository: Repository.new(path: '/home/greg/Desktop/src/Open-Table-Explorer/')
,
   name: :passed,
   initialization_string: nil)
,
:start_time => Time.new(2017, 2, 20, 9, 39, Rational(13133014652, 1000000000), "-08:00"),
:command_string => '/usr/bin/time --verbose ruby -v -W0 /home/greg/Desktop/src/Open-Table-Explorer/test/unit/stream_method_argument_test.rb',
:output => 'ruby 2.3.1p112 (2016-04-26) [x86_64-linux-gnu]
',
:errors => {:syserr => '/home/greg/Desktop/src/Open-Table-Explorer/app/models/stream_pattern.rb:9:in `<top (required)>\': uninitialized constant ActiveRecord (NameError)
Did you mean?  ActiveModel
	from /home/greg/Desktop/src/Open-Table-Explorer/app/models/stream_method.rb:11:in `require_relative\'
	from /home/greg/Desktop/src/Open-Table-Explorer/app/models/stream_method.rb:11:in `<top (required)>\'
	from /home/greg/Desktop/src/Open-Table-Explorer/app/models/generic_table_association.rb:11:in `require_relative\'
	from /home/greg/Desktop/src/Open-Table-Explorer/app/models/generic_table_association.rb:11:in `<top (required)>\'
	from /home/greg/Desktop/src/Open-Table-Explorer/app/models/generic_table.rb:9:in `require_relative\'
	from /home/greg/Desktop/src/Open-Table-Explorer/app/models/generic_table.rb:9:in `<top (required)>\'
	from /home/greg/Desktop/src/Open-Table-Explorer/app/models/stream_method_argument.rb:9:in `require_relative\'
	from /home/greg/Desktop/src/Open-Table-Explorer/app/models/stream_method_argument.rb:9:in `<top (required)>\'
	from /home/greg/Desktop/src/Open-Table-Explorer/test/unit/stream_method_argument_test.rb:10:in `require_relative\'
	from /home/greg/Desktop/src/Open-Table-Explorer/test/unit/stream_method_argument_test.rb:10:in `<main>\'
Command exited with non-zero status 1
	Command being timed: "ruby -v -W0 /home/greg/Desktop/src/Open-Table-Explorer/test/unit/stream_method_argument_test.rb"
	User time (seconds): 0.76
	System time (seconds): 0.06
	Percent of CPU this job got: 97%
	Elapsed (wall clock) time (h:mm:ss or m:ss): 0:00.84
	Average shared text size (kbytes): 0
	Average unshared data size (kbytes): 0
	Average stack size (kbytes): 0
	Average total size (kbytes): 0
	Maximum resident set size (kbytes): 23072
	Average resident set size (kbytes): 0
	Major (requiring I/O) page faults: 0
	Minor (reclaiming a frame) page faults: 5890
	Voluntary context switches: 8
	Involuntary context switches: 89
	Swaps: 0
	File system inputs: 104
	File system outputs: 0
	Socket messages sent: 0
	Socket messages received: 0
	Signals delivered: 0
	Page size (bytes): 4096
	Exit status: 1
'
}

}
