{:current_branch_name => Branch.new(name: nil)
,
:start_time => Time.new(2017, 7, 18, 12, 18, Rational(12238460138, 1000000000), "-07:00"),
:command_string => '/usr/bin/time --verbose ruby -v -W0 /home/greg/Desktop/src/Open-Table-Explorer/test/unit/stream_method_test.rb',
:output => 'ruby 2.3.3p222 (2016-11-21) [x86_64-linux-gnu]
',
:errors => {:syserr => '/home/greg/Desktop/src/Open-Table-Explorer/app/models/generic_table_association.rb:391:in `<module:Examples>\': uninitialized constant GenericTableAssociation::Examples::StreamMethod (NameError)
Did you mean?  StreamMethodTest
	from /home/greg/Desktop/src/Open-Table-Explorer/app/models/generic_table_association.rb:390:in `<module:GenericTableAssociation>\'
	from /home/greg/Desktop/src/Open-Table-Explorer/app/models/generic_table_association.rb:12:in `<top (required)>\'
	from /home/greg/Desktop/src/Open-Table-Explorer/app/models/generic_table.rb:9:in `require_relative\'
	from /home/greg/Desktop/src/Open-Table-Explorer/app/models/generic_table.rb:9:in `<top (required)>\'
	from /home/greg/Desktop/src/Open-Table-Explorer/app/models/stream_method.rb:9:in `require_relative\'
	from /home/greg/Desktop/src/Open-Table-Explorer/app/models/stream_method.rb:9:in `<top (required)>\'
	from /home/greg/Desktop/src/Open-Table-Explorer/test/assertions/stream_method_assertions.rb:8:in `require_relative\'
	from /home/greg/Desktop/src/Open-Table-Explorer/test/assertions/stream_method_assertions.rb:8:in `<top (required)>\'
	from /home/greg/Desktop/src/Open-Table-Explorer/test/unit/stream_method_test.rb:10:in `require_relative\'
	from /home/greg/Desktop/src/Open-Table-Explorer/test/unit/stream_method_test.rb:10:in `<main>\'
Command exited with non-zero status 1
	Command being timed: "ruby -v -W0 /home/greg/Desktop/src/Open-Table-Explorer/test/unit/stream_method_test.rb"
	User time (seconds): 1.60
	System time (seconds): 0.12
	Percent of CPU this job got: 99%
	Elapsed (wall clock) time (h:mm:ss or m:ss): 0:01.74
	Average shared text size (kbytes): 0
	Average unshared data size (kbytes): 0
	Average stack size (kbytes): 0
	Average total size (kbytes): 0
	Maximum resident set size (kbytes): 38916
	Average resident set size (kbytes): 0
	Major (requiring I/O) page faults: 0
	Minor (reclaiming a frame) page faults: 9854
	Voluntary context switches: 4
	Involuntary context switches: 185
	Swaps: 0
	File system inputs: 24
	File system outputs: 0
	Socket messages sent: 0
	Socket messages received: 0
	Signals delivered: 0
	Page size (bytes): 4096
	Exit status: 1
'
}

}
