{:current_branch_name => Branch.new(name: nil)
,
:start_time => Time.new(2017, 7, 18, 12, 18, Rational(18327206903, 1000000000), "-07:00"),
:command_string => '/usr/bin/time --verbose ruby -v -W0 /home/greg/Desktop/src/Open-Table-Explorer/test/unit/stream_pattern_argument_test.rb',
:output => 'ruby 2.3.3p222 (2016-11-21) [x86_64-linux-gnu]
Run options: --seed 0

# Running:

......EEE..

Finished in 0.006654s, 1653.1618 runs/s, 0.0000 assertions/s.

  1) Error:
NewTestClass#test_id_equal:
NameError: undefined local variable or method `define_model_of_test\' for #<NewTestClass:0x007f443b0c9a00>
Did you mean?  define_singleton_method
    /home/greg/Desktop/src/Open-Table-Explorer/test/unit/stream_pattern_argument_test.rb:13:in `setup\'
    /usr/lib/ruby/vendor_ruby/minitest/test.rb:105:in `block (3 levels) in run\'
    /usr/lib/ruby/vendor_ruby/minitest/test.rb:204:in `capture_exceptions\'
    /usr/lib/ruby/vendor_ruby/minitest/test.rb:104:in `block (2 levels) in run\'
    /usr/lib/ruby/vendor_ruby/minitest/test.rb:255:in `time_it\'
    /usr/lib/ruby/vendor_ruby/minitest/test.rb:103:in `block in run\'
    /usr/lib/ruby/vendor_ruby/minitest.rb:348:in `on_signal\'
    /usr/lib/ruby/vendor_ruby/minitest/test.rb:275:in `with_info_handler\'
    /usr/lib/ruby/vendor_ruby/minitest/test.rb:102:in `run\'
    /usr/lib/ruby/vendor_ruby/minitest.rb:799:in `run_one_method\'
    /usr/lib/ruby/vendor_ruby/minitest.rb:322:in `run_one_method\'
    /usr/lib/ruby/vendor_ruby/minitest.rb:310:in `block (2 levels) in run\'
    /usr/lib/ruby/vendor_ruby/minitest.rb:309:in `each\'
    /usr/lib/ruby/vendor_ruby/minitest.rb:309:in `block in run\'
    /usr/lib/ruby/vendor_ruby/minitest.rb:348:in `on_signal\'
    /usr/lib/ruby/vendor_ruby/minitest.rb:335:in `with_info_handler\'
    /usr/lib/ruby/vendor_ruby/minitest.rb:308:in `run\'
    /usr/lib/ruby/vendor_ruby/minitest.rb:158:in `block in __run\'
    /usr/lib/ruby/vendor_ruby/minitest.rb:158:in `map\'
    /usr/lib/ruby/vendor_ruby/minitest.rb:158:in `__run\'
    /usr/lib/ruby/vendor_ruby/minitest.rb:135:in `run\'
    /usr/lib/ruby/vendor_ruby/minitest.rb:62:in `block in autorun\'


  2) Error:
NewTestClass#test_class_name:
NameError: undefined local variable or method `define_model_of_test\' for #<NewTestClass:0x007f443b0c96e0>
Did you mean?  define_singleton_method
    /home/greg/Desktop/src/Open-Table-Explorer/test/unit/stream_pattern_argument_test.rb:13:in `setup\'
    /usr/lib/ruby/vendor_ruby/minitest/test.rb:105:in `block (3 levels) in run\'
    /usr/lib/ruby/vendor_ruby/minitest/test.rb:204:in `capture_exceptions\'
    /usr/lib/ruby/vendor_ruby/minitest/test.rb:104:in `block (2 levels) in run\'
    /usr/lib/ruby/vendor_ruby/minitest/test.rb:255:in `time_it\'
    /usr/lib/ruby/vendor_ruby/minitest/test.rb:103:in `block in run\'
    /usr/lib/ruby/vendor_ruby/minitest.rb:348:in `on_signal\'
    /usr/lib/ruby/vendor_ruby/minitest/test.rb:275:in `with_info_handler\'
    /usr/lib/ruby/vendor_ruby/minitest/test.rb:102:in `run\'
    /usr/lib/ruby/vendor_ruby/minitest.rb:799:in `run_one_method\'
    /usr/lib/ruby/vendor_ruby/minitest.rb:322:in `run_one_method\'
    /usr/lib/ruby/vendor_ruby/minitest.rb:310:in `block (2 levels) in run\'
    /usr/lib/ruby/vendor_ruby/minitest.rb:309:in `each\'
    /usr/lib/ruby/vendor_ruby/minitest.rb:309:in `block in run\'
    /usr/lib/ruby/vendor_ruby/minitest.rb:348:in `on_signal\'
    /usr/lib/ruby/vendor_ruby/minitest.rb:335:in `with_info_handler\'
    /usr/lib/ruby/vendor_ruby/minitest.rb:308:in `run\'
    /usr/lib/ruby/vendor_ruby/minitest.rb:158:in `block in __run\'
    /usr/lib/ruby/vendor_ruby/minitest.rb:158:in `map\'
    /usr/lib/ruby/vendor_ruby/minitest.rb:158:in `__run\'
    /usr/lib/ruby/vendor_ruby/minitest.rb:135:in `run\'
    /usr/lib/ruby/vendor_ruby/minitest.rb:62:in `block in autorun\'


  3) Error:
NewTestClass#test_general_associations:
NameError: undefined local variable or method `define_model_of_test\' for #<NewTestClass:0x007f443b0c9370>
Did you mean?  define_singleton_method
    /home/greg/Desktop/src/Open-Table-Explorer/test/unit/stream_pattern_argument_test.rb:13:in `setup\'
    /usr/lib/ruby/vendor_ruby/minitest/test.rb:105:in `block (3 levels) in run\'
    /usr/lib/ruby/vendor_ruby/minitest/test.rb:204:in `capture_exceptions\'
    /usr/lib/ruby/vendor_ruby/minitest/test.rb:104:in `block (2 levels) in run\'
    /usr/lib/ruby/vendor_ruby/minitest/test.rb:255:in `time_it\'
    /usr/lib/ruby/vendor_ruby/minitest/test.rb:103:in `block in run\'
    /usr/lib/ruby/vendor_ruby/minitest.rb:348:in `on_signal\'
    /usr/lib/ruby/vendor_ruby/minitest/test.rb:275:in `with_info_handler\'
    /usr/lib/ruby/vendor_ruby/minitest/test.rb:102:in `run\'
    /usr/lib/ruby/vendor_ruby/minitest.rb:799:in `run_one_method\'
    /usr/lib/ruby/vendor_ruby/minitest.rb:322:in `run_one_method\'
    /usr/lib/ruby/vendor_ruby/minitest.rb:310:in `block (2 levels) in run\'
    /usr/lib/ruby/vendor_ruby/minitest.rb:309:in `each\'
    /usr/lib/ruby/vendor_ruby/minitest.rb:309:in `block in run\'
    /usr/lib/ruby/vendor_ruby/minitest.rb:348:in `on_signal\'
    /usr/lib/ruby/vendor_ruby/minitest.rb:335:in `with_info_handler\'
    /usr/lib/ruby/vendor_ruby/minitest.rb:308:in `run\'
    /usr/lib/ruby/vendor_ruby/minitest.rb:158:in `block in __run\'
    /usr/lib/ruby/vendor_ruby/minitest.rb:158:in `map\'
    /usr/lib/ruby/vendor_ruby/minitest.rb:158:in `__run\'
    /usr/lib/ruby/vendor_ruby/minitest.rb:135:in `run\'
    /usr/lib/ruby/vendor_ruby/minitest.rb:62:in `block in autorun\'

11 runs, 0 assertions, 0 failures, 3 errors, 0 skips
',
:errors => {:syserr => 'Command exited with non-zero status 1
	Command being timed: "ruby -v -W0 /home/greg/Desktop/src/Open-Table-Explorer/test/unit/stream_pattern_argument_test.rb"
	User time (seconds): 1.66
	System time (seconds): 0.17
	Percent of CPU this job got: 99%
	Elapsed (wall clock) time (h:mm:ss or m:ss): 0:01.84
	Average shared text size (kbytes): 0
	Average unshared data size (kbytes): 0
	Average stack size (kbytes): 0
	Average total size (kbytes): 0
	Maximum resident set size (kbytes): 39048
	Average resident set size (kbytes): 0
	Major (requiring I/O) page faults: 0
	Minor (reclaiming a frame) page faults: 9887
	Voluntary context switches: 22
	Involuntary context switches: 204
	Swaps: 0
	File system inputs: 0
	File system outputs: 0
	Socket messages sent: 0
	Socket messages received: 0
	Signals delivered: 0
	Page size (bytes): 4096
	Exit status: 1
'
}

}
