passed
2016-04-27 06:49:44.261
/usr/bin/time --verbose ruby -v -W0 /home/greg/Desktop/src/Open-Table-Explorer/test/data_sources/test_maturity/syntax_error.rb
ruby 2.2.4p230 (2015-12-16) [x86_64-linux-gnu]

/home/greg/Desktop/src/Open-Table-Explorer/test/data_sources/test_maturity/syntax_error.rb:1: syntax error, unexpected &
Command exited with non-zero status 1
	Command being timed: "ruby -v -W0 /home/greg/Desktop/src/Open-Table-Explorer/test/data_sources/test_maturity/syntax_error.rb"
	User time (seconds): 0.07
	System time (seconds): 0.00
	Percent of CPU this job got: 98%
	Elapsed (wall clock) time (h:mm:ss or m:ss): 0:00.08
	Average shared text size (kbytes): 0
	Average unshared data size (kbytes): 0
	Average stack size (kbytes): 0
	Average total size (kbytes): 0
	Maximum resident set size (kbytes): 6992
	Average resident set size (kbytes): 0
	Major (requiring I/O) page faults: 0
	Minor (reclaiming a frame) page faults: 1837
	Voluntary context switches: 3
	Involuntary context switches: 10
	Swaps: 0
	File system inputs: 0
	File system outputs: 0
	Socket messages sent: 0
	Socket messages received: 0
	Signals delivered: 0
	Page size (bytes): 4096
	Exit status: 1
