{:current_branch_name => Branch.new(repository: Repository.new(path: '/home/greg/Desktop/src/Open-Table-Explorer/')
,
   name: :passed,
   initialization_string: nil)
,
:start_time => Time.new(2017, 2, 20, 9, 39, Rational(34060515489, 1000000000), "-08:00"),
:command_string => '/usr/bin/time --verbose ruby -v -W0 /home/greg/Desktop/src/Open-Table-Explorer/test/unit/tedprimary_test.rb',
:output => 'ruby 2.3.1p112 (2016-04-26) [x86_64-linux-gnu]
Loaded suite /home/greg/Desktop/src/Open-Table-Explorer/test/unit/tedprimary_test
Started
.

Finished in 0.001342174 seconds.
------
1 tests, 1 assertions, 0 failures, 0 errors, 0 pendings, 0 omissions, 0 notifications
100% passed
------
745.06 tests/s, 745.06 assertions/s
',
:errors => {:syserr => '	Command being timed: "ruby -v -W0 /home/greg/Desktop/src/Open-Table-Explorer/test/unit/tedprimary_test.rb"
	User time (seconds): 0.59
	System time (seconds): 0.06
	Percent of CPU this job got: 99%
	Elapsed (wall clock) time (h:mm:ss or m:ss): 0:00.65
	Average shared text size (kbytes): 0
	Average unshared data size (kbytes): 0
	Average stack size (kbytes): 0
	Average total size (kbytes): 0
	Maximum resident set size (kbytes): 20316
	Average resident set size (kbytes): 0
	Major (requiring I/O) page faults: 0
	Minor (reclaiming a frame) page faults: 5205
	Voluntary context switches: 3
	Involuntary context switches: 68
	Swaps: 0
	File system inputs: 0
	File system outputs: 0
	Socket messages sent: 0
	Socket messages received: 0
	Signals delivered: 0
	Page size (bytes): 4096
	Exit status: 0
'
}

}
