{:current_branch_name => Branch.new(repository: Repository.new(path: '/home/greg/Desktop/src/Open-Table-Explorer/')
,
   name: :passed,
   initialization_string: nil)
,
:start_time => Time.new(2017, 2, 20, 9, 40, Rational(2114387083, 1000000000), "-08:00"),
:command_string => '/usr/bin/time --verbose ruby -v -W0 /home/greg/Desktop/src/Open-Table-Explorer/test/unit/to_do_list_test.rb',
:output => 'ruby 2.3.1p112 (2016-04-26) [x86_64-linux-gnu]
',
:errors => {:syserr => '/home/greg/Desktop/src/Open-Table-Explorer/app/models/to_do_list.rb:130:in `<module:Examples>\': uninitialized constant Branch::Examples::Empty_repo_master_branch (NameError)
	from /home/greg/Desktop/src/Open-Table-Explorer/app/models/to_do_list.rb:127:in `<class:ToDoList>\'
	from /home/greg/Desktop/src/Open-Table-Explorer/app/models/to_do_list.rb:9:in `<top (required)>\'
	from /home/greg/Desktop/src/Open-Table-Explorer/test/unit/to_do_list_test.rb:9:in `require_relative\'
	from /home/greg/Desktop/src/Open-Table-Explorer/test/unit/to_do_list_test.rb:9:in `<main>\'
Command exited with non-zero status 1
	Command being timed: "ruby -v -W0 /home/greg/Desktop/src/Open-Table-Explorer/test/unit/to_do_list_test.rb"
	User time (seconds): 1.97
	System time (seconds): 0.18
	Percent of CPU this job got: 98%
	Elapsed (wall clock) time (h:mm:ss or m:ss): 0:02.18
	Average shared text size (kbytes): 0
	Average unshared data size (kbytes): 0
	Average stack size (kbytes): 0
	Average total size (kbytes): 0
	Maximum resident set size (kbytes): 41624
	Average resident set size (kbytes): 0
	Major (requiring I/O) page faults: 0
	Minor (reclaiming a frame) page faults: 10546
	Voluntary context switches: 5
	Involuntary context switches: 226
	Swaps: 0
	File system inputs: 24
	File system outputs: 0
	Socket messages sent: 0
	Socket messages received: 0
	Signals delivered: 0
	Page size (bytes): 4096
	Exit status: 1
'
}

}
