{:current_branch_name => :passed,
:start_time => Time.new(2016, 8, 17, 18, 22, Rational(30448094772, 1000000000), "-07:00"),
:command_string => '/usr/bin/time --verbose ruby -v -W0 /home/greg/Desktop/src/Open-Table-Explorer/test/unit/transfer_test.rb',
:output => 'ruby 2.3.1p112 (2016-04-26) [x86_64-linux-gnu]
',
:errors => {:syserr => '/home/greg/Desktop/src/Open-Table-Explorer/test/unit/transfer_test.rb:103: dynamic constant assignment
T=Arel::Table.new(:transfers, :as => 'T')
  ^
/home/greg/Desktop/src/Open-Table-Explorer/test/unit/transfer_test.rb:104: dynamic constant assignment
A =Arel::Table.new(:accounts, :as => 'A')
   ^
/home/greg/Desktop/src/Open-Table-Explorer/test/unit/transfer_test.rb:107: dynamic constant assignment
G =T.join(A)  #(implicit) will reference final joined relationship
   ^
/home/greg/Desktop/src/Open-Table-Explorer/test/unit/transfer_test.rb:110: dynamic constant assignment
G =T.join(A).on( T[:account_id].eq(A[:id] )) 
   ^
/home/greg/Desktop/src/Open-Table-Explorer/test/unit/transfer_test.rb:116: dynamic constant assignment
G=G.group(T[:account_id])
  ^
Command exited with non-zero status 1
	Command being timed: "ruby -v -W0 /home/greg/Desktop/src/Open-Table-Explorer/test/unit/transfer_test.rb"
	User time (seconds): 0.09
	System time (seconds): 0.00
	Percent of CPU this job got: 97%
	Elapsed (wall clock) time (h:mm:ss or m:ss): 0:00.10
	Average shared text size (kbytes): 0
	Average unshared data size (kbytes): 0
	Average stack size (kbytes): 0
	Average total size (kbytes): 0
	Maximum resident set size (kbytes): 8732
	Average resident set size (kbytes): 0
	Major (requiring I/O) page faults: 0
	Minor (reclaiming a frame) page faults: 1179
	Voluntary context switches: 3
	Involuntary context switches: 4
	Swaps: 0
	File system inputs: 0
	File system outputs: 0
	Socket messages sent: 0
	Socket messages received: 0
	Signals delivered: 0
	Page size (bytes): 4096
	Exit status: 1
',
}
,
}
