master
2016-04-03 01:59:20.545
ruby -v -W0 /home/greg/Desktop/src/Open-Table-Explorer/test/unit/udev_test.rb
ruby 2.2.4p230 (2015-12-16) [x86_64-linux-gnu]
rescue exception in Shell#execute#<TypeError: no implicit conversion of Symbol into String>
/home/greg/Desktop/src/Open-Table-Explorer/app/models/shell_command.rb:88:in `execute'
/home/greg/Desktop/src/Open-Table-Explorer/app/models/shell_command.rb:117:in `initialize'
/home/greg/Desktop/src/Open-Table-Explorer/app/models/udev.rb:30:in `new'
/home/greg/Desktop/src/Open-Table-Explorer/app/models/udev.rb:30:in `<module:Constants>'
/home/greg/Desktop/src/Open-Table-Explorer/app/models/udev.rb:29:in `<class:Udev>'
/home/greg/Desktop/src/Open-Table-Explorer/app/models/udev.rb:9:in `<top (required)>'
/home/greg/Desktop/src/Open-Table-Explorer/test/unit/udev_test.rb:9:in `require_relative'
/home/greg/Desktop/src/Open-Table-Explorer/test/unit/udev_test.rb:9:in `<main>'
rescue exception in Shell#execute#<TypeError: no implicit conversion of Symbol into String>
/home/greg/Desktop/src/Open-Table-Explorer/app/models/shell_command.rb:88:in `execute'
/home/greg/Desktop/src/Open-Table-Explorer/app/models/shell_command.rb:117:in `initialize'
/home/greg/Desktop/src/Open-Table-Explorer/app/models/udev.rb:31:in `new'
/home/greg/Desktop/src/Open-Table-Explorer/app/models/udev.rb:31:in `<module:Constants>'
/home/greg/Desktop/src/Open-Table-Explorer/app/models/udev.rb:29:in `<class:Udev>'
/home/greg/Desktop/src/Open-Table-Explorer/app/models/udev.rb:9:in `<top (required)>'
/home/greg/Desktop/src/Open-Table-Explorer/test/unit/udev_test.rb:9:in `require_relative'
/home/greg/Desktop/src/Open-Table-Explorer/test/unit/udev_test.rb:9:in `<main>'
Run options: --seed 0

# Running:

.rescue exception in Shell#execute#<TypeError: no implicit conversion of Symbol into String>
/home/greg/Desktop/src/Open-Table-Explorer/app/models/shell_command.rb:88:in `execute'
/home/greg/Desktop/src/Open-Table-Explorer/test/unit/udev_test.rb:13:in `test_Constants'
/usr/lib/ruby/vendor_ruby/minitest/test.rb:108:in `block (3 levels) in run'
/usr/lib/ruby/vendor_ruby/minitest/test.rb:205:in `capture_exceptions'
/usr/lib/ruby/vendor_ruby/minitest/test.rb:105:in `block (2 levels) in run'
/usr/lib/ruby/vendor_ruby/minitest/test.rb:256:in `time_it'
/usr/lib/ruby/vendor_ruby/minitest/test.rb:104:in `block in run'
/usr/lib/ruby/vendor_ruby/minitest.rb:331:in `on_signal'
/usr/lib/ruby/vendor_ruby/minitest/test.rb:276:in `with_info_handler'
/usr/lib/ruby/vendor_ruby/minitest/test.rb:103:in `run'
/usr/lib/ruby/vendor_ruby/minitest.rb:778:in `run_one_method'
/usr/lib/ruby/vendor_ruby/minitest.rb:305:in `run_one_method'
/usr/lib/ruby/vendor_ruby/minitest.rb:293:in `block (2 levels) in run'
/usr/lib/ruby/vendor_ruby/minitest.rb:292:in `each'
/usr/lib/ruby/vendor_ruby/minitest.rb:292:in `block in run'
/usr/lib/ruby/vendor_ruby/minitest.rb:331:in `on_signal'
/usr/lib/ruby/vendor_ruby/minitest.rb:318:in `with_info_handler'
/usr/lib/ruby/vendor_ruby/minitest.rb:291:in `run'
/usr/lib/ruby/vendor_ruby/minitest.rb:152:in `block in __run'
/usr/lib/ruby/vendor_ruby/minitest.rb:152:in `map'
/usr/lib/ruby/vendor_ruby/minitest.rb:152:in `__run'
/usr/lib/ruby/vendor_ruby/minitest.rb:129:in `run'
/usr/lib/ruby/vendor_ruby/minitest.rb:56:in `block in autorun'
E...

Finished in 0.004322s, 1156.8041 runs/s, 0.0000 assertions/s.

  1) Error:
NewTestClass#test_Constants:
NoMethodError: undefined method `assert_post_conditions' for #<String:0x00000002b3b350>
    /home/greg/Desktop/src/Open-Table-Explorer/test/unit/udev_test.rb:13:in `test_Constants'
    /usr/lib/ruby/vendor_ruby/minitest/test.rb:108:in `block (3 levels) in run'
    /usr/lib/ruby/vendor_ruby/minitest/test.rb:205:in `capture_exceptions'
    /usr/lib/ruby/vendor_ruby/minitest/test.rb:105:in `block (2 levels) in run'
    /usr/lib/ruby/vendor_ruby/minitest/test.rb:256:in `time_it'
    /usr/lib/ruby/vendor_ruby/minitest/test.rb:104:in `block in run'
    /usr/lib/ruby/vendor_ruby/minitest.rb:331:in `on_signal'
    /usr/lib/ruby/vendor_ruby/minitest/test.rb:276:in `with_info_handler'
    /usr/lib/ruby/vendor_ruby/minitest/test.rb:103:in `run'
    /usr/lib/ruby/vendor_ruby/minitest.rb:778:in `run_one_method'
    /usr/lib/ruby/vendor_ruby/minitest.rb:305:in `run_one_method'
    /usr/lib/ruby/vendor_ruby/minitest.rb:293:in `block (2 levels) in run'
    /usr/lib/ruby/vendor_ruby/minitest.rb:292:in `each'
    /usr/lib/ruby/vendor_ruby/minitest.rb:292:in `block in run'
    /usr/lib/ruby/vendor_ruby/minitest.rb:331:in `on_signal'
    /usr/lib/ruby/vendor_ruby/minitest.rb:318:in `with_info_handler'
    /usr/lib/ruby/vendor_ruby/minitest.rb:291:in `run'
    /usr/lib/ruby/vendor_ruby/minitest.rb:152:in `block in __run'
    /usr/lib/ruby/vendor_ruby/minitest.rb:152:in `map'
    /usr/lib/ruby/vendor_ruby/minitest.rb:152:in `__run'
    /usr/lib/ruby/vendor_ruby/minitest.rb:129:in `run'
    /usr/lib/ruby/vendor_ruby/minitest.rb:56:in `block in autorun'

5 runs, 0 assertions, 0 failures, 1 errors, 0 skips

