{:current_branch_name => Branch.new(name: nil)
,
:start_time => Time.new(2017, 7, 18, 12, 29, Rational(49761656545, 1000000000), "-07:00"),
:command_string => '/usr/bin/time --verbose ruby -v -W0 /home/greg/Desktop/src/Open-Table-Explorer/test/unit/usb_test.rb',
:output => 'ruby 2.3.3p222 (2016-11-21) [x86_64-linux-gnu]
',
:errors => {:syserr => '/home/greg/Desktop/src/Open-Table-Explorer/app/models/parse.rb:676:in `block in to_hash\': undefined method `[]\' for nil:NilClass (NoMethodError)
	from /home/greg/Desktop/src/Open-Table-Explorer/app/models/parse.rb:673:in `each_pair\'
	from /home/greg/Desktop/src/Open-Table-Explorer/app/models/parse.rb:673:in `to_hash\'
	from /home/greg/Desktop/src/Open-Table-Explorer/app/models/parse.rb:879:in `output\'
	from /home/greg/Desktop/src/Open-Table-Explorer/app/models/enumerator.rb:158:in `map\'
	from /home/greg/Desktop/src/Open-Table-Explorer/app/models/enumerator.rb:158:in `call\'
	from /home/greg/Desktop/src/Open-Table-Explorer/app/models/enumerator.rb:158:in `enumerate\'
	from /home/greg/Desktop/src/Open-Table-Explorer/app/models/enumerator.rb:148:in `enumerate_single\'
	from /home/greg/Desktop/src/Open-Table-Explorer/app/models/enumerator.rb:160:in `enumerate\'
	from /home/greg/Desktop/src/Open-Table-Explorer/app/models/parse.rb:1319:in `block in parse\'
	from /home/greg/Desktop/src/Open-Table-Explorer/app/models/enumerator.rb:158:in `map\'
	from /home/greg/Desktop/src/Open-Table-Explorer/app/models/enumerator.rb:158:in `call\'
	from /home/greg/Desktop/src/Open-Table-Explorer/app/models/enumerator.rb:158:in `enumerate\'
	from /home/greg/Desktop/src/Open-Table-Explorer/app/models/enumerator.rb:148:in `enumerate_single\'
	from /home/greg/Desktop/src/Open-Table-Explorer/app/models/enumerator.rb:160:in `enumerate\'
	from /home/greg/Desktop/src/Open-Table-Explorer/app/models/parse.rb:1318:in `parse\'
	from /home/greg/Desktop/src/Open-Table-Explorer/app/models/usb.rb:18:in `block in <module:Constants>\'
	from /home/greg/Desktop/src/Open-Table-Explorer/app/models/usb.rb:18:in `map\'
	from /home/greg/Desktop/src/Open-Table-Explorer/app/models/usb.rb:18:in `<module:Constants>\'
	from /home/greg/Desktop/src/Open-Table-Explorer/app/models/usb.rb:15:in `<class:UsbBus>\'
	from /home/greg/Desktop/src/Open-Table-Explorer/app/models/usb.rb:11:in `<top (required)>\'
	from /home/greg/Desktop/src/Open-Table-Explorer/test/unit/usb_test.rb:9:in `require_relative\'
	from /home/greg/Desktop/src/Open-Table-Explorer/test/unit/usb_test.rb:9:in `<main>\'
Command exited with non-zero status 1
	Command being timed: "ruby -v -W0 /home/greg/Desktop/src/Open-Table-Explorer/test/unit/usb_test.rb"
	User time (seconds): 1.57
	System time (seconds): 0.14
	Percent of CPU this job got: 88%
	Elapsed (wall clock) time (h:mm:ss or m:ss): 0:01.93
	Average shared text size (kbytes): 0
	Average unshared data size (kbytes): 0
	Average stack size (kbytes): 0
	Average total size (kbytes): 0
	Maximum resident set size (kbytes): 38336
	Average resident set size (kbytes): 0
	Major (requiring I/O) page faults: 5
	Minor (reclaiming a frame) page faults: 9750
	Voluntary context switches: 45
	Involuntary context switches: 197
	Swaps: 0
	File system inputs: 2056
	File system outputs: 0
	Socket messages sent: 0
	Socket messages received: 0
	Signals delivered: 0
	Page size (bytes): 4096
	Exit status: 1
'
}

}
