{:current_branch_name => Branch.new(repository: Repository.new(path: '/home/greg/Desktop/src/Open-Table-Explorer/')
,
   name: :passed,
   initialization_string: nil)
,
:start_time => Time.new(2017, 2, 20, 9, 50, Rational(38125442851, 1000000000), "-08:00"),
:command_string => '/usr/bin/time --verbose ruby -v -W0 /home/greg/Desktop/src/Open-Table-Explorer/test/unit/x_test.rb',
:output => 'ruby 2.3.1p112 (2016-04-26) [x86_64-linux-gnu]
',
:errors => {:syserr => '/home/greg/Desktop/src/Open-Table-Explorer/app/models/x.rb:81:in `read\': No such file or directory @ rb_sysopen - /var/log/Xorg.1.log (Errno::ENOENT)
	from /home/greg/Desktop/src/Open-Table-Explorer/app/models/x.rb:81:in `<module:Examples>\'
	from /home/greg/Desktop/src/Open-Table-Explorer/app/models/x.rb:79:in `<class:X>\'
	from /home/greg/Desktop/src/Open-Table-Explorer/app/models/x.rb:10:in `<top (required)>\'
	from /home/greg/Desktop/src/Open-Table-Explorer/test/unit/x_test.rb:9:in `require_relative\'
	from /home/greg/Desktop/src/Open-Table-Explorer/test/unit/x_test.rb:9:in `<main>\'
Command exited with non-zero status 1
	Command being timed: "ruby -v -W0 /home/greg/Desktop/src/Open-Table-Explorer/test/unit/x_test.rb"
	User time (seconds): 0.87
	System time (seconds): 0.11
	Percent of CPU this job got: 95%
	Elapsed (wall clock) time (h:mm:ss or m:ss): 0:01.03
	Average shared text size (kbytes): 0
	Average unshared data size (kbytes): 0
	Average stack size (kbytes): 0
	Average total size (kbytes): 0
	Maximum resident set size (kbytes): 28156
	Average resident set size (kbytes): 0
	Major (requiring I/O) page faults: 0
	Minor (reclaiming a frame) page faults: 7170
	Voluntary context switches: 6
	Involuntary context switches: 100
	Swaps: 0
	File system inputs: 272
	File system outputs: 0
	Socket messages sent: 0
	Socket messages received: 0
	Signals delivered: 0
	Page size (bytes): 4096
	Exit status: 1
'
}

}
