{:current_branch_name => Branch.new(repository: Repository.new(path: '/home/greg/Desktop/src/Open-Table-Explorer/')
,
   name: :passed,
   initialization_string: nil)
,
:start_time => Time.new(2017, 2, 20, 9, 50, Rational(36063272625, 1000000000), "-08:00"),
:command_string => '/usr/bin/time --verbose ruby -v -W0 /home/greg/Desktop/src/Open-Table-Explorer/test/unit/xrandr_test.rb',
:output => 'ruby 2.3.1p112 (2016-04-26) [x86_64-linux-gnu]
',
:errors => {:syserr => 'DEPRECATION WARNING: `#capture(stream)` is deprecated and will be removed in the next release. (called from <module:Constants> at /home/greg/Desktop/src/Open-Table-Explorer/app/models/xrandr.rb:14)
/usr/lib/ruby/vendor_ruby/active_support/core_ext/kernel/reporting.rb:106:in `ensure in capture\': undefined method `reopen\' for nil:NilClass (NoMethodError)
	from /usr/lib/ruby/vendor_ruby/active_support/core_ext/kernel/reporting.rb:106:in `capture\'
	from /home/greg/Desktop/src/Open-Table-Explorer/app/models/xrandr.rb:14:in `<module:Constants>\'
	from /home/greg/Desktop/src/Open-Table-Explorer/app/models/xrandr.rb:13:in `<class:Xrandr>\'
	from /home/greg/Desktop/src/Open-Table-Explorer/app/models/xrandr.rb:9:in `<top (required)>\'
	from /home/greg/Desktop/src/Open-Table-Explorer/test/unit/xrandr_test.rb:9:in `require_relative\'
	from /home/greg/Desktop/src/Open-Table-Explorer/test/unit/xrandr_test.rb:9:in `<main>\'
Command exited with non-zero status 1
	Command being timed: "ruby -v -W0 /home/greg/Desktop/src/Open-Table-Explorer/test/unit/xrandr_test.rb"
	User time (seconds): 0.59
	System time (seconds): 0.06
	Percent of CPU this job got: 96%
	Elapsed (wall clock) time (h:mm:ss or m:ss): 0:00.67
	Average shared text size (kbytes): 0
	Average unshared data size (kbytes): 0
	Average stack size (kbytes): 0
	Average total size (kbytes): 0
	Maximum resident set size (kbytes): 19916
	Average resident set size (kbytes): 0
	Major (requiring I/O) page faults: 0
	Minor (reclaiming a frame) page faults: 5101
	Voluntary context switches: 5
	Involuntary context switches: 74
	Swaps: 0
	File system inputs: 16
	File system outputs: 0
	Socket messages sent: 0
	Socket messages received: 0
	Signals delivered: 0
	Page size (bytes): 4096
	Exit status: 1
'
}

}
