testing
2015-10-25 16:47:28.336
ruby -v -W0 test/unit/branch_test.rb
ruby 1.9.3p194 (2012-04-20 revision 35410) [x86_64-linux]
Run options: --seed 0

# Running:

...E..EFEEEEFEF..E.E.

Finished in 4.073297s, 5.1555 runs/s, 6.6285 assertions/s.

  1) Error:
NewTestClass#test_branch_capture:
NoMethodError: undefined method `assert_block' for * master
  passed
:ShellCommands
    /home/greg/Desktop/src/Open-Table-Explorer/test/assertions/ruby_assertions.rb:245:in `assert_empty'
    /home/greg/Desktop/src/Open-Table-Explorer/test/assertions/shell_command_assertions.rb:40:in `assert_post_conditions'
    test/unit/branch_test.rb:150:in `test_branch_capture'


  2) Error:
NewTestClass#test_initialize:
NoMethodError: undefined method `assert_block' for #<ShellCommands:0x000000039322d8>
    /home/greg/Desktop/src/Open-Table-Explorer/test/assertions/ruby_assertions.rb:245:in `assert_empty'
    /home/greg/Desktop/src/Open-Table-Explorer/test/assertions/shell_command_assertions.rb:40:in `assert_post_conditions'
    /home/greg/Desktop/src/Open-Table-Explorer/app/models/repository.rb:172:in `git_parse'
    /home/greg/Desktop/src/Open-Table-Explorer/app/models/branch.rb:234:in `remotes?'
    /home/greg/Desktop/src/Open-Table-Explorer/app/models/branch.rb:270:in `find_origin'
    test/unit/branch_test.rb:187:in `test_initialize'


  3) Failure:
NewTestClass#test_branch_names? [test/unit/branch_test.rb:181]:
[:edited]


  4) Error:
NewTestClass#test_assert_output:
NoMethodError: undefined method `assertions' for BranchReference:Class
    /home/greg/Desktop/src/Open-Table-Explorer/app/models/branch.rb:109:in `assert_reflog_line'
    /home/greg/Desktop/src/Open-Table-Explorer/app/models/branch.rb:122:in `assert_output'
    test/unit/branch_test.rb:140:in `test_assert_output'


  5) Error:
NewTestClass#test_branches?:
NoMethodError: undefined method `assert_block' for * master
  passed
:ShellCommands
    /home/greg/Desktop/src/Open-Table-Explorer/test/assertions/ruby_assertions.rb:245:in `assert_empty'
    /home/greg/Desktop/src/Open-Table-Explorer/test/assertions/shell_command_assertions.rb:40:in `assert_post_conditions'
    test/unit/branch_test.rb:160:in `test_branches?'


  6) Error:
NewTestClass#test_merged?:
NoMethodError: undefined method `assert_block' for * master
  passed
:ShellCommands
    /home/greg/Desktop/src/Open-Table-Explorer/test/assertions/ruby_assertions.rb:245:in `assert_empty'
    /home/greg/Desktop/src/Open-Table-Explorer/test/assertions/shell_command_assertions.rb:40:in `assert_post_conditions'
    /home/greg/Desktop/src/Open-Table-Explorer/app/models/repository.rb:172:in `git_parse'
    /home/greg/Desktop/src/Open-Table-Explorer/app/models/branch.rb:238:in `merged?'
    test/unit/branch_test.rb:177:in `test_merged?'


  7) Error:
NewTestClass#test_BranchReference_Constants:
NoMethodError: undefined method `assertions' for BranchReference:Class
    /home/greg/Desktop/src/Open-Table-Explorer/app/models/branch.rb:109:in `assert_reflog_line'
    test/unit/branch_test.rb:28:in `test_BranchReference_Constants'


  8) Failure:
NewTestClass#test_new_from_ref [test/unit/branch_test.rb:57]:
#<BranchReference branch=:infinite_loop age=0 timestamp=2015-10-18 13:43:22 -0700>.
--- expected
+++ actual
@@ -1 +1 @@
-"Sun, 18 Oct 2015 13:43:22 -0700"
+2015-10-18 13:43:22 -0700



  9) Error:
NewTestClass#test_assert_reflog_line:
NoMethodError: undefined method `assertions' for BranchReference:Class
    /home/greg/Desktop/src/Open-Table-Explorer/app/models/branch.rb:109:in `assert_reflog_line'
    test/unit/branch_test.rb:134:in `test_assert_reflog_line'


 10) Failure:
NewTestClass#test_last_change? [test/unit/branch_test.rb:123]:
First argument of assert_include must be an Array or Set, not [:edited]:infinite_loop is not in list [:edited]


 11) Error:
NewTestClass#test_remotes?:
NoMethodError: undefined method `assert_block' for :ShellCommands
    /home/greg/Desktop/src/Open-Table-Explorer/test/assertions/ruby_assertions.rb:245:in `assert_empty'
    /home/greg/Desktop/src/Open-Table-Explorer/test/assertions/shell_command_assertions.rb:40:in `assert_post_conditions'
    /home/greg/Desktop/src/Open-Table-Explorer/app/models/repository.rb:172:in `git_parse'
    /home/greg/Desktop/src/Open-Table-Explorer/app/models/branch.rb:234:in `remotes?'
    test/unit/branch_test.rb:173:in `test_remotes?'


 12) Error:
NewTestClass#test_current_branch_name?:
NoMethodError: undefined method `assert_block' for * master
  passed
:ShellCommands
    /home/greg/Desktop/src/Open-Table-Explorer/test/assertions/ruby_assertions.rb:245:in `assert_empty'
    /home/greg/Desktop/src/Open-Table-Explorer/test/assertions/shell_command_assertions.rb:40:in `assert_post_conditions'
    test/unit/branch_test.rb:155:in `test_current_branch_name?'

21 runs, 27 assertions, 3 failures, 9 errors, 0 skips

