master
2015-09-22 07:42:12.708
ruby -v -W0 test/unit/dhcp_test.rb
ruby 1.9.3p194 (2012-04-20 revision 35410) [x86_64-linux]
Run options: --seed 61093

# Running:

.$ /sbin/dhclient -v eth0
@errors="Internet Systems Consortium DHCP Client 4.3.2\nCopyright 2004-2015 Internet Systems Consortium.\nAll rights reserved.\nFor info, please visit https://www.isc.org/software/dhcp/\n\nCorrupt lease file - possible data loss!\nCorrupt lease file - possible data loss!\nCorrupt lease file - possible data loss!\nCorrupt lease file - possible data loss!\nCorrupt lease file - possible data loss!\nCorrupt lease file - possible data loss!\nCorrupt lease file - possible data loss!\nCorrupt lease file - possible data loss!\nCorrupt lease file - possible data loss!\nCorrupt lease file - possible data loss!\nCorrupt lease file - possible data loss!\nCorrupt lease file - possible data loss!\nCorrupt lease file - possible data loss!\ncan't create /var/lib/dhcp/dhclient.leases: Permission denied\nRTNETLINK answers: Operation not permitted\nOpen a socket for LPF: Operation not permitted\n\nIf you think you have received this message due to a bug rather\nthan a configuration issue please read the section on submitting\nbugs on either our web page at www.isc.org or in the README file\nbefore submitting a bug.  These pages explain the proper\nprocess and the information we find helpful for debugging..\n\nexiting.\n"
@process_status=#<Process::Status: pid 31400 exit 1>
Internet Systems Consortium DHCP Client 4.3.2
Copyright 2004-2015 Internet Systems Consortium.
All rights reserved.
For info, please visit https://www.isc.org/software/dhcp/

Corrupt lease file - possible data loss!
Corrupt lease file - possible data loss!
Corrupt lease file - possible data loss!
Corrupt lease file - possible data loss!
Corrupt lease file - possible data loss!
Corrupt lease file - possible data loss!
Corrupt lease file - possible data loss!
Corrupt lease file - possible data loss!
Corrupt lease file - possible data loss!
Corrupt lease file - possible data loss!
Corrupt lease file - possible data loss!
Corrupt lease file - possible data loss!
Corrupt lease file - possible data loss!
can't create /var/lib/dhcp/dhclient.leases: Permission denied
RTNETLINK answers: Operation not permitted
Open a socket for LPF: Operation not permitted

If you think you have received this message due to a bug rather
than a configuration issue please read the section on submitting
bugs on either our web page at www.isc.org or in the README file
before submitting a bug.  These pages explain the proper
process and the information we find helpful for debugging..

exiting.
F....

Finished in 0.175330s, 34.2212 runs/s, 11.4071 assertions/s.

  1) Failure:
DHCPTest#test_dhclient [test/unit/dhcp_test.rb:9]:
dhclient.errors=Internet Systems Consortium DHCP Client 4.3.2
Copyright 2004-2015 Internet Systems Consortium.
All rights reserved.
For info, please visit https://www.isc.org/software/dhcp/

Corrupt lease file - possible data loss!
Corrupt lease file - possible data loss!
Corrupt lease file - possible data loss!
Corrupt lease file - possible data loss!
Corrupt lease file - possible data loss!
Corrupt lease file - possible data loss!
Corrupt lease file - possible data loss!
Corrupt lease file - possible data loss!
Corrupt lease file - possible data loss!
Corrupt lease file - possible data loss!
Corrupt lease file - possible data loss!
Corrupt lease file - possible data loss!
Corrupt lease file - possible data loss!
can't create /var/lib/dhcp/dhclient.leases: Permission denied
RTNETLINK answers: Operation not permitted
Open a socket for LPF: Operation not permitted

If you think you have received this message due to a bug rather
than a configuration issue please read the section on submitting
bugs on either our web page at www.isc.org or in the README file
before submitting a bug.  These pages explain the proper
process and the information we find helpful for debugging..

exiting.
.
Expected /DHCPACK/ to match "Internet Systems Consortium DHCP Client 4.3.2\nCopyright 2004-2015 Internet Systems Consortium.\nAll rights reserved.\nFor info, please visit https://www.isc.org/software/dhcp/\n\nCorrupt lease file - possible data loss!\nCorrupt lease file - possible data loss!\nCorrupt lease file - possible data loss!\nCorrupt lease file - possible data loss!\nCorrupt lease file - possible data loss!\nCorrupt lease file - possible data loss!\nCorrupt lease file - possible data loss!\nCorrupt lease file - possible data loss!\nCorrupt lease file - possible data loss!\nCorrupt lease file - possible data loss!\nCorrupt lease file - possible data loss!\nCorrupt lease file - possible data loss!\nCorrupt lease file - possible data loss!\ncan't create /var/lib/dhcp/dhclient.leases: Permission denied\nRTNETLINK answers: Operation not permitted\nOpen a socket for LPF: Operation not permitted\n\nIf you think you have received this message due to a bug rather\nthan a configuration issue please read the section on submitting\nbugs on either our web page at www.isc.org or in the README file\nbefore submitting a bug.  These pages explain the proper\nprocess and the information we find helpful for debugging..\n\nexiting.\n".

6 runs, 2 assertions, 1 failures, 0 errors, 0 skips

