testing
2015-10-25 16:55:08.598
ruby -v -W0 test/unit/editor_test.rb
ruby 1.9.3p194 (2012-04-20 revision 35410) [x86_64-linux]
Run options: --seed 0

# Running:

...E.E..EE.F...

Finished in 0.029288s, 512.1577 runs/s, 204.8631 assertions/s.

  1) Error:
NewTestClass#test_goldilocks:
NoMethodError: undefined method `repository' for #<Editor:0x000000020e96e0>
    test/unit/editor_test.rb:29:in `test_goldilocks'


  2) Error:
NewTestClass#test_initializes:
NoMethodError: undefined method `assert_block' for #<NewTestClass:0x000000027db368>
    /home/greg/Desktop/src/Open-Table-Explorer/test/assertions/ruby_assertions.rb:240:in `refute_empty'
    test/unit/editor_test.rb:22:in `test_initializes'


  3) Error:
NewTestClass#test_local_assert_pre_conditions:
NoMethodError: undefined method `assertions' for #<Editor:0x000000020e96e0>
    /home/greg/Desktop/src/Open-Table-Explorer/app/models/editor.rb:147:in `assert_pre_conditions'
    test/unit/editor_test.rb:69:in `test_local_assert_pre_conditions'


  4) Error:
NewTestClass#test_local_assert_post_conditions:
NoMethodError: undefined method `assert_block' for #<Editor:0x000000020e96e0>
    /home/greg/Desktop/src/Open-Table-Explorer/test/assertions/ruby_assertions.rb:245:in `assert_empty'
    /home/greg/Desktop/src/Open-Table-Explorer/app/models/editor.rb:155:in `assert_post_conditions'
    test/unit/editor_test.rb:66:in `test_local_assert_post_conditions'


  5) Failure:
NewTestClass#test_minimal_comparison [test/unit/editor_test.rb:50]:
--- expected
+++ actual
@@ -1 +1 @@
-" -t app/models/editor.rb app/models/minimal2.rb -t test/unit/editor_test.rb test/unit/minimal2_test.rb"
+" -t app/models/editor.rb app/models/minimal2.rb -t test/unit/editor_test.rb test/unit/minimal2_test.rb -t script/editor.rb script/minimal2.rb"


15 runs, 6 assertions, 1 failures, 4 errors, 0 skips

