master
2015-09-22 07:41:51.406
ruby -v -W0 test/unit/EEG_test.rb
ruby 1.9.3p194 (2012-04-20 revision 35410) [x86_64-linux]
Run options: --seed 48847

# Running:

......EE

Finished in 0.004329s, 1848.0249 runs/s, 0.0000 assertions/s.

  1) Error:
EegTest#test_associations:
NameError: uninitialized constant EegTest::StreamPattern
    test/unit/EEG_test.rb:66:in `test_associations'
    /usr/lib/ruby/vendor_ruby/minitest/test.rb:108:in `block (3 levels) in run'
    /usr/lib/ruby/vendor_ruby/minitest/test.rb:205:in `capture_exceptions'
    /usr/lib/ruby/vendor_ruby/minitest/test.rb:105:in `block (2 levels) in run'
    /usr/lib/ruby/vendor_ruby/minitest/test.rb:256:in `time_it'
    /usr/lib/ruby/vendor_ruby/minitest/test.rb:104:in `block in run'
    /usr/lib/ruby/vendor_ruby/minitest.rb:332:in `on_signal'
    /usr/lib/ruby/vendor_ruby/minitest/test.rb:276:in `with_info_handler'
    /usr/lib/ruby/vendor_ruby/minitest/test.rb:103:in `run'
    /usr/lib/ruby/vendor_ruby/minitest.rb:779:in `run_one_method'
    /usr/lib/ruby/vendor_ruby/minitest.rb:306:in `run_one_method'
    /usr/lib/ruby/vendor_ruby/minitest.rb:294:in `block (2 levels) in run'
    /usr/lib/ruby/vendor_ruby/minitest.rb:293:in `each'
    /usr/lib/ruby/vendor_ruby/minitest.rb:293:in `block in run'
    /usr/lib/ruby/vendor_ruby/minitest.rb:332:in `on_signal'
    /usr/lib/ruby/vendor_ruby/minitest.rb:319:in `with_info_handler'
    /usr/lib/ruby/vendor_ruby/minitest.rb:292:in `run'
    /usr/lib/ruby/vendor_ruby/minitest.rb:155:in `block in __run'
    /usr/lib/ruby/vendor_ruby/minitest.rb:155:in `map'
    /usr/lib/ruby/vendor_ruby/minitest.rb:155:in `__run'
    /usr/lib/ruby/vendor_ruby/minitest.rb:129:in `run'
    /usr/lib/ruby/vendor_ruby/minitest.rb:56:in `block in autorun'


  2) Error:
EegTest#test_all:
NameError: uninitialized constant EegTest::Url
    test/unit/EEG_test.rb:16:in `test_all'
    /usr/lib/ruby/vendor_ruby/minitest/test.rb:108:in `block (3 levels) in run'
    /usr/lib/ruby/vendor_ruby/minitest/test.rb:205:in `capture_exceptions'
    /usr/lib/ruby/vendor_ruby/minitest/test.rb:105:in `block (2 levels) in run'
    /usr/lib/ruby/vendor_ruby/minitest/test.rb:256:in `time_it'
    /usr/lib/ruby/vendor_ruby/minitest/test.rb:104:in `block in run'
    /usr/lib/ruby/vendor_ruby/minitest.rb:332:in `on_signal'
    /usr/lib/ruby/vendor_ruby/minitest/test.rb:276:in `with_info_handler'
    /usr/lib/ruby/vendor_ruby/minitest/test.rb:103:in `run'
    /usr/lib/ruby/vendor_ruby/minitest.rb:779:in `run_one_method'
    /usr/lib/ruby/vendor_ruby/minitest.rb:306:in `run_one_method'
    /usr/lib/ruby/vendor_ruby/minitest.rb:294:in `block (2 levels) in run'
    /usr/lib/ruby/vendor_ruby/minitest.rb:293:in `each'
    /usr/lib/ruby/vendor_ruby/minitest.rb:293:in `block in run'
    /usr/lib/ruby/vendor_ruby/minitest.rb:332:in `on_signal'
    /usr/lib/ruby/vendor_ruby/minitest.rb:319:in `with_info_handler'
    /usr/lib/ruby/vendor_ruby/minitest.rb:292:in `run'
    /usr/lib/ruby/vendor_ruby/minitest.rb:155:in `block in __run'
    /usr/lib/ruby/vendor_ruby/minitest.rb:155:in `map'
    /usr/lib/ruby/vendor_ruby/minitest.rb:155:in `__run'
    /usr/lib/ruby/vendor_ruby/minitest.rb:129:in `run'
    /usr/lib/ruby/vendor_ruby/minitest.rb:56:in `block in autorun'

8 runs, 0 assertions, 0 failures, 2 errors, 0 skips

