passed
2015-11-08 08:59:25.616
ruby -v -W0 test/unit/frequency_test.rb
ruby 1.9.3p194 (2012-04-20 revision 35410) [x86_64-linux]
Run options: --seed 0

# Running:

..EEEEE.

Finished in 0.003459s, 2312.5899 runs/s, 0.0000 assertions/s.

  1) Error:
NewTestClass#test_specific__stable_and_working:
NameError: undefined local variable or method `define_model_of_test' for #<NewTestClass:0x00000001e4c630>
    test/unit/frequency_test.rb:7:in `setup'


  2) Error:
NewTestClass#test_aaa_test_new_assertions_:
NameError: undefined local variable or method `define_model_of_test' for #<NewTestClass:0x00000001e51950>
    test/unit/frequency_test.rb:7:in `setup'


  3) Error:
NewTestClass#test_general_associations:
NameError: undefined local variable or method `define_model_of_test' for #<NewTestClass:0x00000001e56220>
    test/unit/frequency_test.rb:7:in `setup'


  4) Error:
NewTestClass#test_class_name:
NameError: undefined local variable or method `define_model_of_test' for #<NewTestClass:0x00000001e5a500>
    test/unit/frequency_test.rb:7:in `setup'


  5) Error:
NewTestClass#test_id_equal:
NameError: undefined local variable or method `define_model_of_test' for #<NewTestClass:0x00000001e5c968>
    test/unit/frequency_test.rb:7:in `setup'

8 runs, 0 assertions, 0 failures, 5 errors, 0 skips

