testing
2015-10-25 16:55:28.163
ruby -v -W0 test/unit/global_test.rb
ruby 1.9.3p194 (2012-04-20 revision 35410) [x86_64-linux]
Run options: --seed 0

# Running:

...E..EFEE.E.FE.self is Class NewTestClass::TestClass subclass of Object
obj is Symbol :cat
Can't figure out relation between :cat and NewTestClass::TestClass
.E.EEF...

Finished in 0.021496s, 1162.9901 runs/s, 1814.2646 assertions/s.

  1) Error:
NewTestClass#test_instance_methods_from_class:
RuntimeError: First argument of assert_include must be an Array or Set, not "full_associated_models"
    /home/greg/Desktop/src/Open-Table-Explorer/test/assertions/ruby_assertions.rb:314:in `assert_includes'
    test/unit/global_test.rb:47:in `test_instance_methods_from_class'


  2) Error:
NewTestClass#test_matching_methods_in_context:
NameError: uninitialized constant NewTestClass::Acquisition
    test/unit/global_test.rb:142:in `test_matching_methods_in_context'


  3) Failure:
NewTestClass#test_instance_respond_to [test/unit/global_test.rb:52]:
TestClass.instance_methods_from_class=[:publicInstanceMethod, :protectedInstanceMethod]


  4) Error:
NewTestClass#test_module:
NameError: uninitialized constant NewTestClass::StreamPattern
    test/unit/global_test.rb:121:in `test_module'


  5) Error:
NewTestClass#test_objectClass:
NameError: uninitialized constant NewTestClass::Generic_Table
    test/unit/global_test.rb:90:in `test_objectClass'


  6) Error:
NewTestClass#test_Acquisition_Interface_modules:
NameError: uninitialized constant NewTestClass::Generic_Table
    test/unit/global_test.rb:157:in `test_Acquisition_Interface_modules'


  7) Failure:
NewTestClass#test_noninherited_public_instance_methods [test/unit/global_test.rb:103]:
--- expected
+++ actual
@@ -1 +1 @@
-#<Set: {"publicInstanceMethod", "protectedInstanceMethod"}>
+#<Set: {:publicInstanceMethod, :protectedInstanceMethod}>



  8) Error:
NewTestClass#test_module_included:
NameError: uninitialized constant NewTestClass::StreamPattern
    test/unit/global_test.rb:139:in `test_module_included'


  9) Error:
NewTestClass#test_noninherited_modules:
NameError: uninitialized constant NewTestClass::Generic_Table
    test/unit/global_test.rb:125:in `test_noninherited_modules'


 10) Error:
NewTestClass#test_object_identities:
NameError: uninitialized constant NewTestClass::StreamPattern
    test/unit/global_test.rb:75:in `test_object_identities'


 11) Error:
NewTestClass#test_Acquisition_Stream_Spec_modules:
NameError: uninitialized constant NewTestClass::Generic_Table
    test/unit/global_test.rb:148:in `test_Acquisition_Stream_Spec_modules'


 12) Failure:
NewTestClass#test_set_inspect [test/unit/global_test.rb:38]:
Expected /\{4408\},\(\?-mix:3\),\/3\/>/ to match "#<Set: {/1/, /3/}>; <Regexp #11237840{-3061300232329331627},(?-mix:1),/1/>, <Regexp #11237600{-1618852820110836171},(?-mix:3),/3/>".

25 runs, 39 assertions, 3 failures, 9 errors, 0 skips

