passed
2015-11-08 08:59:43.642
ruby -v -W0 test/unit/huelshow_test.rb
ruby 1.9.3p194 (2012-04-20 revision 35410) [x86_64-linux]
Run options: --seed 0

# Running:

..EEEEE.

Finished in 0.003268s, 2447.8299 runs/s, 0.0000 assertions/s.

  1) Error:
NewTestClass#test_specific__stable_and_working:
NameError: undefined local variable or method `define_model_of_test' for #<NewTestClass:0x00000000f4d260>
    test/unit/huelshow_test.rb:8:in `setup'


  2) Error:
NewTestClass#test_aaa_test_new_assertions_:
NameError: undefined local variable or method `define_model_of_test' for #<NewTestClass:0x00000000f4ff88>
    test/unit/huelshow_test.rb:8:in `setup'


  3) Error:
NewTestClass#test_general_associations:
NameError: undefined local variable or method `define_model_of_test' for #<NewTestClass:0x00000000f553c0>
    test/unit/huelshow_test.rb:8:in `setup'


  4) Error:
NewTestClass#test_class_name:
NameError: undefined local variable or method `define_model_of_test' for #<NewTestClass:0x00000000f5a258>
    test/unit/huelshow_test.rb:8:in `setup'


  5) Error:
NewTestClass#test_id_equal:
NameError: undefined local variable or method `define_model_of_test' for #<NewTestClass:0x00000000f56f40>
    test/unit/huelshow_test.rb:8:in `setup'

8 runs, 0 assertions, 0 failures, 5 errors, 0 skips

