passed
2015-09-22 07:34:55.228
ruby -v -W0 test/unit/rebuild_test.rb
ruby 1.9.3p194 (2012-04-20 revision 35410) [x86_64-linux]

/home/greg/Desktop/src/Open-Table-Explorer/app/models/rebuild.rb:52: [BUG] Bus Error
ruby 1.9.3p194 (2012-04-20 revision 35410) [x86_64-linux]

-- Control frame information -----------------------------------------------
c:0009 p:---- s:0022 b:0022 l:000021 d:000021 CFUNC  :[]
c:0008 p:0031 s:0018 b:0018 l:000017 d:000017 CLASS  /home/greg/Desktop/src/Open-Table-Explorer/app/models/rebuild.rb:52
c:0007 p:0123 s:0016 b:0016 l:000015 d:000015 CLASS  /home/greg/Desktop/src/Open-Table-Explorer/app/models/rebuild.rb:49
c:0006 p:0021 s:0014 b:0014 l:000013 d:000013 TOP    /home/greg/Desktop/src/Open-Table-Explorer/app/models/rebuild.rb:9
c:0005 p:---- s:0012 b:0012 l:000011 d:000011 FINISH
c:0004 p:---- s:0010 b:0010 l:000009 d:000009 CFUNC  :require_relative
c:0003 p:0023 s:0006 b:0006 l:001538 d:001b78 EVAL   test/unit/rebuild_test.rb:9
c:0002 p:---- s:0004 b:0004 l:000003 d:000003 FINISH
c:0001 p:0000 s:0002 b:0002 l:001538 d:001538 TOP   

-- Ruby level backtrace information ----------------------------------------
test/unit/rebuild_test.rb:9:in `<main>'
test/unit/rebuild_test.rb:9:in `require_relative'
/home/greg/Desktop/src/Open-Table-Explorer/app/models/rebuild.rb:9:in `<top (required)>'
/home/greg/Desktop/src/Open-Table-Explorer/app/models/rebuild.rb:49:in `<class:Repository>'
/home/greg/Desktop/src/Open-Table-Explorer/app/models/rebuild.rb:52:in `<module:Constants>'
/home/greg/Desktop/src/Open-Table-Explorer/app/models/rebuild.rb:52:in `[]'

-- C level backtrace information -------------------------------------------
/usr/lib/libruby-1.9.1.so.1.9(+0x158379) [0x7f48498af379]
/usr/lib/libruby-1.9.1.so.1.9(+0x5a4d9) [0x7f48497b14d9]
/usr/lib/libruby-1.9.1.so.1.9(rb_bug+0xb3) [0x7f48497b1cc3]
/usr/lib/libruby-1.9.1.so.1.9(+0xf91e2) [0x7f48498501e2]
/lib/x86_64-linux-gnu/libpthread.so.0(+0xf8d0) [0x7f48495498d0]
/lib/x86_64-linux-gnu/libc.so.6(+0xb3bc5) [0x7f4848900bc5]
/lib/x86_64-linux-gnu/libc.so.6(readdir_r+0xbc) [0x7f484890092c]
/usr/lib/libruby-1.9.1.so.1.9(+0x512e2) [0x7f48497a82e2]
/usr/lib/libruby-1.9.1.so.1.9(+0x5145b) [0x7f48497a845b]
/usr/lib/libruby-1.9.1.so.1.9(+0x5145b) [0x7f48497a845b]
/usr/lib/libruby-1.9.1.so.1.9(+0x5145b) [0x7f48497a845b]
/usr/lib/libruby-1.9.1.so.1.9(+0x5145b) [0x7f48497a845b]
/usr/lib/libruby-1.9.1.so.1.9(+0x5145b) [0x7f48497a845b]
/usr/lib/libruby-1.9.1.so.1.9(+0x5145b) [0x7f48497a845b]
/usr/lib/libruby-1.9.1.so.1.9(+0x5145b) [0x7f48497a845b]
/usr/lib/libruby-1.9.1.so.1.9(+0x517b6) [0x7f48497a87b6]
/usr/lib/libruby-1.9.1.so.1.9(+0x51e3d) [0x7f48497a8e3d]
/usr/lib/libruby-1.9.1.so.1.9(+0x525a0) [0x7f48497a95a0]
/usr/lib/libruby-1.9.1.so.1.9(+0x5266f) [0x7f48497a966f]
/usr/lib/libruby-1.9.1.so.1.9(+0x152393) [0x7f48498a9393]
/usr/lib/libruby-1.9.1.so.1.9(+0x148f4c) [0x7f484989ff4c]
/usr/lib/libruby-1.9.1.so.1.9(+0x14d8b4) [0x7f48498a48b4]
/usr/lib/libruby-1.9.1.so.1.9(rb_iseq_eval+0x160) [0x7f48498abdb0]
/usr/lib/libruby-1.9.1.so.1.9(+0x609b0) [0x7f48497b79b0]
/usr/lib/libruby-1.9.1.so.1.9(rb_require_safe+0x45c) [0x7f48497b8c1c]
/usr/lib/libruby-1.9.1.so.1.9(+0x152393) [0x7f48498a9393]
/usr/lib/libruby-1.9.1.so.1.9(+0x148229) [0x7f484989f229]
/usr/lib/libruby-1.9.1.so.1.9(+0x14d8b4) [0x7f48498a48b4]
/usr/lib/libruby-1.9.1.so.1.9(rb_iseq_eval_main+0xad) [0x7f48498abe9d]
/usr/lib/libruby-1.9.1.so.1.9(+0x5de1a) [0x7f48497b4e1a]
/usr/lib/libruby-1.9.1.so.1.9(ruby_exec_node+0x1d) [0x7f48497b58bd]
/usr/lib/libruby-1.9.1.so.1.9(ruby_run_node+0x1e) [0x7f48497b734e]
ruby() [0x40091b]
/lib/x86_64-linux-gnu/libc.so.6(__libc_start_main+0xf5) [0x7f484886eb45]
ruby() [0x400949]

-- Other runtime information -----------------------------------------------

* Loaded script: test/unit/rebuild_test.rb

* Loaded features:

    0 enumerator.so
    1 /usr/lib/ruby/1.9.1/x86_64-linux/enc/encdb.so
    2 /usr/lib/ruby/1.9.1/x86_64-linux/enc/trans/transdb.so
    3 /usr/lib/ruby/1.9.1/rubygems/defaults.rb
    4 /usr/lib/ruby/1.9.1/x86_64-linux/rbconfig.rb
    5 /usr/lib/ruby/1.9.1/rubygems/deprecate.rb
    6 /usr/lib/ruby/1.9.1/rubygems/exceptions.rb
    7 /usr/lib/ruby/vendor_ruby/rubygems/defaults/operating_system.rb
    8 /usr/lib/ruby/1.9.1/rubygems/custom_require.rb
    9 /usr/lib/ruby/1.9.1/rubygems.rb
   10 /usr/lib/ruby/1.9.1/optparse.rb
   11 /usr/lib/ruby/1.9.1/thread.rb
   12 /usr/lib/ruby/1.9.1/mutex_m.rb
   13 /usr/lib/ruby/vendor_ruby/minitest/parallel.rb
   14 /usr/lib/ruby/1.9.1/delegate.rb
   15 /usr/lib/ruby/1.9.1/x86_64-linux/etc.so
   16 /usr/lib/ruby/1.9.1/fileutils.rb
   17 /usr/lib/ruby/1.9.1/tmpdir.rb
   18 /usr/lib/ruby/1.9.1/tempfile.rb
   19 /usr/lib/ruby/1.9.1/x86_64-linux/stringio.so
   20 /usr/lib/ruby/vendor_ruby/minitest/assertions.rb
   21 /usr/lib/ruby/vendor_ruby/minitest/unit.rb
   22 /usr/lib/ruby/vendor_ruby/minitest/test.rb
   23 /usr/lib/ruby/vendor_ruby/minitest.rb
   24 /usr/lib/ruby/vendor_ruby/minitest/expectations.rb
   25 /usr/lib/ruby/vendor_ruby/minitest/spec.rb
   26 /usr/lib/ruby/vendor_ruby/minitest/mock.rb
   27 /usr/lib/ruby/vendor_ruby/minitest/autorun.rb
   28 /usr/lib/ruby/1.9.1/x86_64-linux/digest.so
   29 /usr/lib/ruby/1.9.1/digest.rb
   30 /usr/lib/ruby/1.9.1/x86_64-linux/openssl.so
   31 /usr/lib/ruby/1.9.1/openssl/bn.rb
   32 /usr/lib/ruby/1.9.1/openssl/cipher.rb
   33 /usr/lib/ruby/1.9.1/openssl/config.rb
   34 /usr/lib/ruby/1.9.1/openssl/digest.rb
   35 /usr/lib/ruby/1.9.1/openssl/buffering.rb
   36 /usr/lib/ruby/1.9.1/x86_64-linux/fcntl.so
   37 /usr/lib/ruby/1.9.1/openssl/ssl-internal.rb
   38 /usr/lib/ruby/1.9.1/openssl/x509-internal.rb
   39 /usr/lib/ruby/1.9.1/openssl.rb
   40 /usr/lib/ruby/1.9.1/securerandom.rb
   41 /usr/lib/ruby/vendor_ruby/active_support/inflector/inflections.rb
   42 /usr/lib/ruby/vendor_ruby/active_support/inflector/methods.rb
   43 /usr/lib/ruby/vendor_ruby/active_support/lazy_load_hooks.rb
   44 /usr/lib/ruby/vendor_ruby/active_support/dependencies/autoload.rb
   45 /usr/lib/ruby/vendor_ruby/active_support/version.rb
   46 /usr/lib/ruby/vendor_ruby/active_support.rb
   47 /usr/lib/ruby/1.9.1/x86_64-linux/date_core.so
   48 /usr/lib/ruby/1.9.1/date/format.rb
   49 /usr/lib/ruby/1.9.1/date.rb
   50 /usr/lib/ruby/1.9.1/time.rb
   51 /usr/lib/ruby/vendor_ruby/active_support/core_ext/time/publicize_conversion_methods.rb
   52 /usr/lib/ruby/vendor_ruby/active_support/core_ext/time/marshal.rb
   53 /usr/lib/ruby/vendor_ruby/active_support/core_ext/object/acts_like.rb
   54 /usr/lib/ruby/vendor_ruby/active_support/core_ext/time/acts_like.rb
   55 /usr/lib/ruby/vendor_ruby/active_support/basic_object.rb
   56 /usr/lib/ruby/vendor_ruby/active_support/notifications/fanout.rb
   57 /usr/lib/ruby/vendor_ruby/active_support/notifications.rb
   58 /usr/lib/ruby/vendor_ruby/active_support/core_ext/array/wrap.rb
   59 /usr/lib/ruby/vendor_ruby/active_support/deprecation/behaviors.rb
   60 /usr/lib/ruby/vendor_ruby/active_support/deprecation/reporting.rb
   61 /usr/lib/ruby/vendor_ruby/active_support/core_ext/module/deprecation.rb
   62 /usr/lib/ruby/vendor_ruby/active_support/core_ext/module/aliasing.rb
   63 /usr/lib/ruby/vendor_ruby/active_support/core_ext/array/extract_options.rb
   64 /usr/lib/ruby/vendor_ruby/active_support/deprecation/method_wrappers.rb
   65 /usr/lib/ruby/vendor_ruby/active_support/deprecation/proxy_wrappers.rb
   66 /usr/lib/ruby/vendor_ruby/active_support/deprecation.rb
   67 /usr/lib/ruby/1.9.1/base64.rb
   68 /usr/lib/ruby/vendor_ruby/active_support/base64.rb
   69 /usr/lib/ruby/vendor_ruby/active_support/core_ext/module/delegation.rb
   70 /usr/lib/ruby/vendor_ruby/active_support/core_ext/module/attribute_accessors.rb
   71 /usr/lib/ruby/vendor_ruby/active_support/multibyte/utils.rb
   72 /usr/lib/ruby/vendor_ruby/active_support/multibyte.rb
   73 /usr/lib/ruby/vendor_ruby/active_support/core_ext/string/multibyte.rb
   74 /usr/lib/ruby/vendor_ruby/i18n/version.rb
   75 /usr/lib/ruby/1.9.1/cgi/core.rb
   76 /usr/lib/ruby/1.9.1/cgi/cookie.rb
   77 /usr/lib/ruby/1.9.1/cgi/util.rb
   78 /usr/lib/ruby/1.9.1/cgi.rb
   79 /usr/lib/ruby/vendor_ruby/i18n/exceptions.rb
   80 /usr/lib/ruby/vendor_ruby/i18n/interpolate/ruby.rb
   81 /usr/lib/ruby/vendor_ruby/i18n.rb
   82 /usr/lib/ruby/1.9.1/set.rb
   83 /usr/lib/ruby/vendor_ruby/i18n/config.rb
   84 /usr/lib/ruby/vendor_ruby/active_support/i18n.rb
   85 /usr/lib/ruby/vendor_ruby/active_support/inflector/transliterate.rb
   86 /usr/lib/ruby/vendor_ruby/active_support/core_ext/string/inflections.rb
   87 /usr/lib/ruby/vendor_ruby/active_support/core_ext/kernel/reporting.rb
   88 /usr/lib/ruby/vendor_ruby/active_support/core_ext/string/encoding.rb
   89 /usr/lib/ruby/vendor_ruby/active_support/core_ext/object/blank.rb
   90 /usr/lib/ruby/vendor_ruby/active_support/xml_mini/rexml.rb
   91 /usr/lib/ruby/vendor_ruby/active_support/xml_mini.rb
   92 /usr/lib/ruby/vendor_ruby/active_support/core_ext/hash/keys.rb
   93 /usr/lib/ruby/vendor_ruby/active_support/core_ext/hash/reverse_merge.rb
   94 /usr/lib/ruby/vendor_ruby/active_support/core_ext/array/conversions.rb
   95 /usr/lib/ruby/vendor_ruby/active_support/duration.rb
   96 /usr/lib/ruby/vendor_ruby/active_support/core_ext/object/try.rb
   97 /usr/lib/ruby/vendor_ruby/active_support/values/time_zone.rb
   98 /usr/lib/ruby/vendor_ruby/active_support/core_ext/time/conversions.rb
   99 /usr/lib/ruby/vendor_ruby/active_support/core_ext/time/calculations.rb
  100 /usr/lib/ruby/vendor_ruby/active_support/core_ext/object/inclusion.rb
  101 /usr/lib/ruby/vendor_ruby/active_support/time_with_zone.rb
  102 /usr/lib/ruby/vendor_ruby/active_support/core_ext/time/zones.rb
  103 /usr/lib/ruby/vendor_ruby/active_support/core_ext/date/acts_like.rb
  104 /usr/lib/ruby/vendor_ruby/active_support/core_ext/date/freeze.rb
  105 /usr/lib/ruby/vendor_ruby/active_support/core_ext/date/zones.rb
  106 /usr/lib/ruby/vendor_ruby/active_support/core_ext/date/calculations.rb
  107 /usr/lib/ruby/vendor_ruby/active_support/core_ext/module/remove_method.rb
  108 /usr/lib/ruby/vendor_ruby/active_support/core_ext/date/conversions.rb
  109 /usr/lib/ruby/vendor_ruby/active_support/core_ext/date_time/acts_like.rb
  110 /usr/lib/ruby/vendor_ruby/active_support/core_ext/date_time/calculations.rb
  111 /usr/lib/ruby/vendor_ruby/active_support/core_ext/date_time/conversions.rb
  112 /usr/lib/ruby/vendor_ruby/active_support/core_ext/date_time/zones.rb
  113 /usr/lib/ruby/vendor_ruby/active_support/core_ext/integer/time.rb
  114 /usr/lib/ruby/vendor_ruby/active_support/core_ext/numeric/time.rb
  115 /usr/lib/ruby/vendor_ruby/active_support/time.rb
  116 /usr/lib/ruby/vendor_ruby/active_support/core_ext/array/access.rb
  117 /usr/lib/ruby/vendor_ruby/active_support/core_ext/array/uniq_by.rb
  118 /usr/lib/ruby/vendor_ruby/active_support/core_ext/array/grouping.rb
  119 /usr/lib/ruby/vendor_ruby/active_support/core_ext/array/random_access.rb
  120 /usr/lib/ruby/vendor_ruby/active_support/core_ext/array/prepend_and_append.rb
  121 /usr/lib/ruby/vendor_ruby/active_support/core_ext/array.rb
  122 /usr/lib/ruby/1.9.1/benchmark.rb
  123 /usr/lib/ruby/vendor_ruby/active_support/core_ext/benchmark.rb
  124 /usr/lib/ruby/1.9.1/x86_64-linux/bigdecimal.so
  125 /usr/lib/ruby/1.9.1/psych/syntax_error.rb
  126 /usr/lib/ruby/1.9.1/x86_64-linux/psych.so
  127 /usr/lib/ruby/1.9.1/psych/nodes/node.rb
  128 /usr/lib/ruby/1.9.1/psych/nodes/stream.rb
  129 /usr/lib/ruby/1.9.1/psych/nodes/document.rb
  130 /usr/lib/ruby/1.9.1/psych/nodes/sequence.rb
  131 /usr/lib/ruby/1.9.1/psych/nodes/scalar.rb
  132 /usr/lib/ruby/1.9.1/psych/nodes/mapping.rb
  133 /usr/lib/ruby/1.9.1/psych/nodes/alias.rb
  134 /usr/lib/ruby/1.9.1/psych/nodes.rb
  135 /usr/lib/ruby/1.9.1/psych/streaming.rb
  136 /usr/lib/ruby/1.9.1/psych/visitors/visitor.rb
  137 /usr/lib/ruby/1.9.1/x86_64-linux/strscan.so
  138 /usr/lib/ruby/1.9.1/psych/scalar_scanner.rb
  139 /usr/lib/ruby/1.9.1/psych/visitors/to_ruby.rb
  140 /usr/lib/ruby/1.9.1/psych/visitors/emitter.rb
  141 /usr/lib/ruby/1.9.1/psych/visitors/yaml_tree.rb
  142 /usr/lib/ruby/1.9.1/psych/json/ruby_events.rb
  143 /usr/lib/ruby/1.9.1/psych/visitors/json_tree.rb
  144 /usr/lib/ruby/1.9.1/psych/visitors/depth_first.rb
  145 /usr/lib/ruby/1.9.1/psych/visitors.rb
  146 /usr/lib/ruby/1.9.1/psych/handler.rb
  147 /usr/lib/ruby/1.9.1/psych/tree_builder.rb
  148 /usr/lib/ruby/1.9.1/psych/parser.rb
  149 /usr/lib/ruby/1.9.1/psych/omap.rb
  150 /usr/lib/ruby/1.9.1/psych/set.rb
  151 /usr/lib/ruby/1.9.1/psych/coder.rb
  152 /usr/lib/ruby/1.9.1/psych/core_ext.rb
  153 /usr/lib/ruby/1.9.1/psych/deprecated.rb
  154 /usr/lib/ruby/1.9.1/psych/stream.rb
  155 /usr/lib/ruby/1.9.1/psych/json/yaml_events.rb
  156 /usr/lib/ruby/1.9.1/psych/json/tree_builder.rb
  157 /usr/lib/ruby/1.9.1/psych/json/stream.rb
  158 /usr/lib/ruby/1.9.1/psych/handlers/document_stream.rb
  159 /usr/lib/ruby/1.9.1/psych.rb
  160 /usr/lib/ruby/1.9.1/yaml.rb
  161 /usr/lib/ruby/vendor_ruby/active_support/core_ext/big_decimal/conversions.rb
  162 /usr/lib/ruby/vendor_ruby/active_support/core_ext/big_decimal.rb
  163 /usr/lib/ruby/vendor_ruby/active_support/core_ext/kernel/singleton_class.rb
  164 /usr/lib/ruby/vendor_ruby/active_support/core_ext/class/attribute.rb
  165 /usr/lib/ruby/vendor_ruby/active_support/core_ext/class/attribute_accessors.rb
  166 /usr/lib/ruby/vendor_ruby/active_support/core_ext/class/delegating_attributes.rb
  167 /usr/lib/ruby/vendor_ruby/active_support/core_ext/module/anonymous.rb
  168 /usr/lib/ruby/vendor_ruby/active_support/core_ext/module/reachable.rb
  169 /usr/lib/ruby/vendor_ruby/active_support/core_ext/class/subclasses.rb
  170 /usr/lib/ruby/vendor_ruby/active_support/core_ext/class.rb
  171 /usr/lib/ruby/vendor_ruby/active_support/ordered_hash.rb
  172 /usr/lib/ruby/vendor_ruby/active_support/core_ext/enumerable.rb
  173 /usr/lib/ruby/vendor_ruby/active_support/core_ext/exception.rb
  174 /usr/lib/ruby/vendor_ruby/active_support/core_ext/file/atomic.rb
  175 /usr/lib/ruby/vendor_ruby/active_support/core_ext/file/path.rb
  176 /usr/lib/ruby/vendor_ruby/active_support/core_ext/file.rb
  177 /usr/lib/ruby/vendor_ruby/active_support/core_ext/float/rounding.rb
  178 /usr/lib/ruby/vendor_ruby/active_support/core_ext/float.rb
  179 /usr/lib/ruby/vendor_ruby/active_support/core_ext/hash/conversions.rb
  180 /usr/lib/ruby/vendor_ruby/active_support/core_ext/hash/deep_merge.rb
  181 /usr/lib/ruby/vendor_ruby/active_support/core_ext/hash/deep_dup.rb
  182 /usr/lib/ruby/vendor_ruby/active_support/core_ext/hash/diff.rb
  183 /usr/lib/ruby/vendor_ruby/active_support/core_ext/hash/except.rb
  184 /usr/lib/ruby/vendor_ruby/active_support/hash_with_indifferent_access.rb
  185 /usr/lib/ruby/vendor_ruby/active_support/core_ext/hash/indifferent_access.rb
  186 /usr/lib/ruby/vendor_ruby/active_support/core_ext/hash/slice.rb
  187 /usr/lib/ruby/vendor_ruby/active_support/core_ext/hash.rb
  188 /usr/lib/ruby/vendor_ruby/active_support/core_ext/integer/multiple.rb
  189 /usr/lib/ruby/vendor_ruby/active_support/inflections.rb
  190 /usr/lib/ruby/vendor_ruby/active_support/inflector.rb
  191 /usr/lib/ruby/vendor_ruby/active_support/core_ext/integer/inflections.rb
  192 /usr/lib/ruby/vendor_ruby/active_support/core_ext/integer.rb
  193 /usr/lib/ruby/vendor_ruby/active_support/core_ext/io.rb
  194 /usr/lib/ruby/vendor_ruby/active_support/core_ext/kernel/agnostics.rb
  195 /usr/lib/ruby/vendor_ruby/active_support/core_ext/kernel/debugger.rb
  196 /usr/lib/ruby/vendor_ruby/active_support/core_ext/kernel.rb
  197 /usr/lib/ruby/vendor_ruby/active_support/core_ext/load_error.rb
  198 /usr/lib/ruby/1.9.1/monitor.rb
  199 /usr/lib/ruby/1.9.1/logger.rb
  200 /usr/lib/ruby/vendor_ruby/active_support/core_ext/logger.rb
  201 /usr/lib/ruby/vendor_ruby/active_support/core_ext/module/introspection.rb
  202 /usr/lib/ruby/vendor_ruby/active_support/core_ext/module/attr_internal.rb
  203 /usr/lib/ruby/vendor_ruby/active_support/core_ext/module/synchronization.rb
  204 /usr/lib/ruby/vendor_ruby/active_support/core_ext/module/method_names.rb
  205 /usr/lib/ruby/vendor_ruby/active_support/core_ext/module/qualified_const.rb
  206 /usr/lib/ruby/vendor_ruby/active_support/core_ext/module.rb
  207 /usr/lib/ruby/vendor_ruby/active_support/core_ext/name_error.rb
  208 /usr/lib/ruby/vendor_ruby/active_support/core_ext/numeric/bytes.rb
  209 /usr/lib/ruby/vendor_ruby/active_support/core_ext/numeric.rb
  210 /usr/lib/ruby/vendor_ruby/active_support/core_ext/object/duplicable.rb
  211 /usr/lib/ruby/vendor_ruby/active_support/core_ext/object/to_param.rb
  212 /usr/lib/ruby/vendor_ruby/active_support/core_ext/object/to_query.rb
  213 /usr/lib/ruby/vendor_ruby/active_support/core_ext/object/conversions.rb
  214 /usr/lib/ruby/vendor_ruby/active_support/core_ext/object/instance_variables.rb
  215 /usr/lib/ruby/1.9.1/json/version.rb
  216 /usr/lib/ruby/1.9.1/json/common.rb
  217 /usr/lib/ruby/1.9.1/x86_64-linux/enc/utf_16be.so
  218 /usr/lib/ruby/1.9.1/x86_64-linux/enc/utf_16le.so
  219 /usr/lib/ruby/1.9.1/x86_64-linux/enc/utf_32be.so
  220 /usr/lib/ruby/1.9.1/x86_64-linux/enc/utf_32le.so
  221 /usr/lib/ruby/1.9.1/x86_64-linux/json/ext/parser.so
  222 /usr/lib/ruby/1.9.1/x86_64-linux/json/ext/generator.so
  223 /usr/lib/ruby/1.9.1/json/ext.rb
  224 /usr/lib/ruby/1.9.1/json.rb
  225 /usr/lib/ruby/vendor_ruby/active_support/core_ext/object/to_json.rb
  226 /usr/lib/ruby/vendor_ruby/active_support/option_merger.rb
  227 /usr/lib/ruby/vendor_ruby/active_support/core_ext/object/with_options.rb
  228 /usr/lib/ruby/vendor_ruby/active_support/core_ext/object.rb
  229 /usr/lib/ruby/vendor_ruby/active_support/core_ext/proc.rb
  230 /usr/lib/ruby/vendor_ruby/active_support/core_ext/process/daemon.rb
  231 /usr/lib/ruby/vendor_ruby/active_support/core_ext/process.rb
  232 /usr/lib/ruby/vendor_ruby/active_support/core_ext/range/blockless_step.rb
  233 /usr/lib/ruby/vendor_ruby/active_support/core_ext/range/conversions.rb
  234 /usr/lib/ruby/vendor_ruby/active_support/core_ext/range/include_range.rb
  235 /usr/lib/ruby/vendor_ruby/active_support/core_ext/range/overlaps.rb
  236 /usr/lib/ruby/vendor_ruby/active_support/core_ext/range/cover.rb
  237 /usr/lib/ruby/vendor_ruby/active_support/core_ext/range.rb
  238 /usr/lib/ruby/vendor_ruby/active_support/core_ext/regexp.rb
  239 /usr/lib/ruby/1.9.1/rexml/rexml.rb
  240 /usr/lib/ruby/vendor_ruby/active_support/core_ext/rexml.rb
  241 /usr/lib/ruby/vendor_ruby/active_support/core_ext/string/conversions.rb
  242 /usr/lib/ruby/vendor_ruby/active_support/core_ext/string/filters.rb
  243 /usr/lib/ruby/vendor_ruby/active_support/core_ext/string/starts_ends_with.rb
  244 /usr/lib/ruby/vendor_ruby/active_support/core_ext/string/access.rb
  245 /usr/lib/ruby/1.9.1/rubygems/version.rb
  246 /usr/lib/ruby/1.9.1/rubygems/requirement.rb
  247 /usr/lib/ruby/1.9.1/rubygems/platform.rb
  248 /usr/lib/ruby/1.9.1/rubygems/specification.rb
  249 /usr/lib/ruby/1.9.1/rubygems/path_support.rb
  250 /usr/lib/ruby/1.9.1/rubygems/dependency.rb
  251 /usr/lib/ruby/vendor_ruby/active_support/core_ext/string/xchar.rb
  252 /usr/lib/ruby/vendor_ruby/active_support/core_ext/string/behavior.rb
  253 /usr/lib/ruby/vendor_ruby/i18n/core_ext/string/interpolate.rb
  254 /usr/lib/ruby/vendor_ruby/active_support/core_ext/string/interpolation.rb
  255 /usr/lib/ruby/1.9.1/erb.rb
  256 /usr/lib/ruby/1.9.1/x86_64-linux/enc/trans/single_byte.so
  257 /usr/lib/ruby/1.9.1/x86_64-linux/enc/trans/escape.so
  258 /usr/lib/ruby/vendor_ruby/active_support/core_ext/string/output_safety.rb
  259 /usr/lib/ruby/vendor_ruby/active_support/core_ext/string/exclude.rb
  260 /usr/lib/ruby/vendor_ruby/active_support/core_ext/string/strip.rb
  261 /usr/lib/ruby/vendor_ruby/active_support/string_inquirer.rb
  262 /usr/lib/ruby/vendor_ruby/active_support/core_ext/string/inquiry.rb
  263 /usr/lib/ruby/vendor_ruby/active_support/core_ext/string.rb
  264 /usr/lib/ruby/1.9.1/uri/common.rb
  265 /usr/lib/ruby/1.9.1/uri/generic.rb
  266 /usr/lib/ruby/1.9.1/uri/ftp.rb
  267 /usr/lib/ruby/1.9.1/uri/http.rb
  268 /usr/lib/ruby/1.9.1/uri/https.rb
  269 /usr/lib/ruby/1.9.1/uri/ldap.rb
  270 /usr/lib/ruby/1.9.1/uri/ldaps.rb
  271 /usr/lib/ruby/1.9.1/uri/mailto.rb
  272 /usr/lib/ruby/1.9.1/uri.rb
  273 /usr/lib/ruby/vendor_ruby/active_support/core_ext/uri.rb
  274 /usr/lib/ruby/vendor_ruby/active_support/core_ext.rb
  275 /usr/lib/ruby/vendor_ruby/active_support/all.rb
  276 /usr/lib/ruby/1.9.1/x86_64-linux/pathname.so
  277 /usr/lib/ruby/1.9.1/pathname.rb
  278 /home/greg/Desktop/src/Open-Table-Explorer/app/models/global.rb
  279 /home/greg/Desktop/src/Open-Table-Explorer/test/assertions/ruby_assertions.rb
  280 /usr/lib/ruby/vendor_ruby/active_model/naming.rb
  281 /usr/lib/ruby/vendor_ruby/active_model/errors.rb
  282 /home/greg/Desktop/src/Open-Table-Explorer/app/models/regexp.rb
  283 /home/greg/Desktop/src/Open-Table-Explorer/app/models/file_pattern.rb
  284 /usr/lib/ruby/1.9.1/ostruct.rb
  285 /var/lib/gems/1.9.1/gems/thread_safe-0.3.4/lib/thread_safe/version.rb
  286 /var/lib/gems/1.9.1/gems/thread_safe-0.3.4/lib/thread_safe/synchronized_delegator.rb
  287 /var/lib/gems/1.9.1/gems/thread_safe-0.3.4/lib/thread_safe.rb
  288 /var/lib/gems/1.9.1/gems/descendants_tracker-0.0.4/lib/descendants_tracker.rb
  289 /var/lib/gems/1.9.1/gems/equalizer-0.0.9/lib/equalizer.rb
  290 /usr/lib/ruby/1.9.1/singleton.rb
  291 /var/lib/gems/1.9.1/gems/ice_nine-0.11.1/lib/ice_nine/support/recursion_guard.rb
  292 /var/lib/gems/1.9.1/gems/ice_nine-0.11.1/lib/ice_nine/freezer.rb
  293 /var/lib/gems/1.9.1/gems/ice_nine-0.11.1/lib/ice_nine/freezer/object.rb
  294 /var/lib/gems/1.9.1/gems/ice_nine-0.11.1/lib/ice_nine/freezer/no_freeze.rb
  295 /var/lib/gems/1.9.1/gems/ice_nine-0.11.1/lib/ice_nine/freezer/array.rb
  296 /var/lib/gems/1.9.1/gems/ice_nine-0.11.1/lib/ice_nine/freezer/false_class.rb
  297 /var/lib/gems/1.9.1/gems/ice_nine-0.11.1/lib/ice_nine/freezer/hash.rb
  298 /var/lib/gems/1.9.1/gems/ice_nine-0.11.1/lib/ice_nine/freezer/hash/state.rb
  299 /var/lib/gems/1.9.1/gems/ice_nine-0.11.1/lib/ice_nine/freezer/nil_class.rb
  300 /var/lib/gems/1.9.1/gems/ice_nine-0.11.1/lib/ice_nine/freezer/module.rb
  301 /var/lib/gems/1.9.1/gems/ice_nine-0.11.1/lib/ice_nine/freezer/numeric.rb
  302 /var/lib/gems/1.9.1/gems/ice_nine-0.11.1/lib/ice_nine/freezer/range.rb
  303 /var/lib/gems/1.9.1/gems/ice_nine-0.11.1/lib/ice_nine/freezer/rubinius.rb
  304 /var/lib/gems/1.9.1/gems/ice_nine-0.11.1/lib/ice_nine/freezer/struct.rb
  305 /var/lib/gems/1.9.1/gems/ice_nine-0.11.1/lib/ice_nine/freezer/symbol.rb
  306 /var/lib/gems/1.9.1/gems/ice_nine-0.11.1/lib/ice_nine/freezer/true_class.rb
  307 /var/lib/gems/1.9.1/gems/ice_nine-0.11.1/lib/ice_nine/version.rb
  308 /var/lib/gems/1.9.1/gems/ice_nine-0.11.1/lib/ice_nine.rb
  309 /var/lib/gems/1.9.1/gems/thread_safe-0.3.4/lib/thread_safe/non_concurrent_cache_backend.rb
  310 /var/lib/gems/1.9.1/gems/thread_safe-0.3.4/lib/thread_safe/mri_cache_backend.rb
  311 /var/lib/gems/1.9.1/gems/thread_safe-0.3.4/lib/thread_safe/cache.rb
  312 /var/lib/gems/1.9.1/gems/axiom-types-0.1.1/lib/axiom/types/support/options.rb
  313 /var/lib/gems/1.9.1/gems/axiom-types-0.1.1/lib/axiom/types/support/infinity.rb
  314 /var/lib/gems/1.9.1/gems/axiom-types-0.1.1/lib/axiom/types/value_comparable.rb
  315 /var/lib/gems/1.9.1/gems/axiom-types-0.1.1/lib/axiom/types/length_comparable.rb
  316 /var/lib/gems/1.9.1/gems/axiom-types-0.1.1/lib/axiom/types/encodable.rb
  317 /var/lib/gems/1.9.1/gems/axiom-types-0.1.1/lib/axiom/types/type.rb
  318 /var/lib/gems/1.9.1/gems/axiom-types-0.1.1/lib/axiom/types/object.rb
  319 /var/lib/gems/1.9.1/gems/axiom-types-0.1.1/lib/axiom/types/collection.rb
  320 /var/lib/gems/1.9.1/gems/axiom-types-0.1.1/lib/axiom/types/numeric.rb
  321 /var/lib/gems/1.9.1/gems/axiom-types-0.1.1/lib/axiom/types/array.rb
  322 /var/lib/gems/1.9.1/gems/axiom-types-0.1.1/lib/axiom/types/boolean.rb
  323 /var/lib/gems/1.9.1/gems/axiom-types-0.1.1/lib/axiom/types/class.rb
  324 /var/lib/gems/1.9.1/gems/axiom-types-0.1.1/lib/axiom/types/date.rb
  325 /var/lib/gems/1.9.1/gems/axiom-types-0.1.1/lib/axiom/types/date_time.rb
  326 /var/lib/gems/1.9.1/gems/axiom-types-0.1.1/lib/axiom/types/decimal.rb
  327 /var/lib/gems/1.9.1/gems/axiom-types-0.1.1/lib/axiom/types/float.rb
  328 /var/lib/gems/1.9.1/gems/axiom-types-0.1.1/lib/axiom/types/hash.rb
  329 /var/lib/gems/1.9.1/gems/axiom-types-0.1.1/lib/axiom/types/integer.rb
  330 /var/lib/gems/1.9.1/gems/axiom-types-0.1.1/lib/axiom/types/set.rb
  331 /var/lib/gems/1.9.1/gems/axiom-types-0.1.1/lib/axiom/types/string.rb
  332 /var/lib/gems/1.9.1/gems/axiom-types-0.1.1/lib/axiom/types/symbol.rb
  333 /var/lib/gems/1.9.1/gems/axiom-types-0.1.1/lib/axiom/types/time.rb
  334 /var/lib/gems/1.9.1/gems/axiom-types-0.1.1/lib/axiom/types/version.rb
  335 /var/lib/gems/1.9.1/gems/axiom-types-0.1.1/lib/axiom/types.rb
  336 /var/lib/gems/1.9.1/gems/axiom-types-0.1.1/lib/axiom-types.rb
  337 /usr/lib/ruby/1.9.1/bigdecimal/util.rb
  338 /var/lib/gems/1.9.1/gems/coercible-1.0.0/lib/support/options.rb
  339 /var/lib/gems/1.9.1/gems/coercible-1.0.0/lib/support/type_lookup.rb
  340 /var/lib/gems/1.9.1/gems/coercible-1.0.0/lib/coercible/version.rb
  341 /var/lib/gems/1.9.1/gems/coercible-1.0.0/lib/coercible/configuration.rb
  342 /var/lib/gems/1.9.1/gems/coercible-1.0.0/lib/coercible/coercer.rb
  343 /var/lib/gems/1.9.1/gems/coercible-1.0.0/lib/coercible/coercer/configurable.rb
  344 /var/lib/gems/1.9.1/gems/coercible-1.0.0/lib/coercible/coercer/object.rb
  345 /var/lib/gems/1.9.1/gems/coercible-1.0.0/lib/coercible/coercer/numeric.rb
  346 /var/lib/gems/1.9.1/gems/coercible-1.0.0/lib/coercible/coercer/float.rb
  347 /var/lib/gems/1.9.1/gems/coercible-1.0.0/lib/coercible/coercer/integer.rb
  348 /var/lib/gems/1.9.1/gems/coercible-1.0.0/lib/coercible/coercer/decimal.rb
  349 /var/lib/gems/1.9.1/gems/coercible-1.0.0/lib/coercible/coercer/string.rb
  350 /var/lib/gems/1.9.1/gems/coercible-1.0.0/lib/coercible/coercer/symbol.rb
  351 /var/lib/gems/1.9.1/gems/coercible-1.0.0/lib/coercible/coercer/time_coercions.rb
  352 /var/lib/gems/1.9.1/gems/coercible-1.0.0/lib/coercible/coercer/date.rb
  353 /var/lib/gems/1.9.1/gems/coercible-1.0.0/lib/coercible/coercer/date_time.rb
  354 /var/lib/gems/1.9.1/gems/coercible-1.0.0/lib/coercible/coercer/time.rb
  355 /var/lib/gems/1.9.1/gems/coercible-1.0.0/lib/coercible/coercer/false_class.rb
  356 /var/lib/gems/1.9.1/gems/coercible-1.0.0/lib/coercible/coercer/true_class.rb
  357 /var/lib/gems/1.9.1/gems/coercible-1.0.0/lib/coercible/coercer/array.rb
  358 /var/lib/gems/1.9.1/gems/coercible-1.0.0/lib/coercible/coercer/hash.rb
  359 /var/lib/gems/1.9.1/gems/coercible-1.0.0/lib/coercible.rb
  360 /var/lib/gems/1.9.1/gems/virtus-1.0.3/lib/virtus/support/equalizer.rb
  361 /var/lib/gems/1.9.1/gems/virtus-1.0.3/lib/virtus/support/options.rb
  362 /var/lib/gems/1.9.1/gems/virtus-1.0.3/lib/virtus/support/type_lookup.rb
  363 /var/lib/gems/1.9.1/gems/virtus-1.0.3/lib/virtus/model.rb
  364 /var/lib/gems/1.9.1/gems/virtus-1.0.3/lib/virtus/extensions.rb
  365 /var/lib/gems/1.9.1/gems/virtus-1.0.3/lib/virtus/const_missing_extensions.rb
  366 /var/lib/gems/1.9.1/gems/virtus-1.0.3/lib/virtus/class_inclusions.rb
  367 /var/lib/gems/1.9.1/gems/virtus-1.0.3/lib/virtus/module_extensions.rb
  368 /var/lib/gems/1.9.1/gems/virtus-1.0.3/lib/virtus/configuration.rb
  369 /var/lib/gems/1.9.1/gems/virtus-1.0.3/lib/virtus/builder.rb
  370 /var/lib/gems/1.9.1/gems/virtus-1.0.3/lib/virtus/builder/hook_context.rb
  371 /var/lib/gems/1.9.1/gems/virtus-1.0.3/lib/virtus/class_methods.rb
  372 /var/lib/gems/1.9.1/gems/virtus-1.0.3/lib/virtus/instance_methods.rb
  373 /var/lib/gems/1.9.1/gems/virtus-1.0.3/lib/virtus/value_object.rb
  374 /var/lib/gems/1.9.1/gems/virtus-1.0.3/lib/virtus/coercer.rb
  375 /var/lib/gems/1.9.1/gems/virtus-1.0.3/lib/virtus/attribute_set.rb
  376 /var/lib/gems/1.9.1/gems/virtus-1.0.3/lib/virtus/attribute/default_value.rb
  377 /var/lib/gems/1.9.1/gems/virtus-1.0.3/lib/virtus/attribute/default_value/from_clonable.rb
  378 /var/lib/gems/1.9.1/gems/virtus-1.0.3/lib/virtus/attribute/default_value/from_callable.rb
  379 /var/lib/gems/1.9.1/gems/virtus-1.0.3/lib/virtus/attribute/default_value/from_symbol.rb
  380 /var/lib/gems/1.9.1/gems/virtus-1.0.3/lib/virtus/attribute.rb
  381 /var/lib/gems/1.9.1/gems/virtus-1.0.3/lib/virtus/attribute/builder.rb
  382 /var/lib/gems/1.9.1/gems/virtus-1.0.3/lib/virtus/attribute/coercer.rb
  383 /var/lib/gems/1.9.1/gems/virtus-1.0.3/lib/virtus/attribute/accessor.rb
  384 /var/lib/gems/1.9.1/gems/virtus-1.0.3/lib/virtus/attribute/coercible.rb
  385 /var/lib/gems/1.9.1/gems/virtus-1.0.3/lib/virtus/attribute/strict.rb
  386 /var/lib/gems/1.9.1/gems/virtus-1.0.3/lib/virtus/attribute/lazy_default.rb
  387 /var/lib/gems/1.9.1/gems/virtus-1.0.3/lib/virtus/attribute/boolean.rb
  388 /var/lib/gems/1.9.1/gems/virtus-1.0.3/lib/virtus/attribute/collection.rb
  389 /var/lib/gems/1.9.1/gems/virtus-1.0.3/lib/virtus/attribute/hash.rb
  390 /var/lib/gems/1.9.1/gems/virtus-1.0.3/lib/virtus/attribute/embedded_value.rb
  391 /var/lib/gems/1.9.1/gems/virtus-1.0.3/lib/virtus.rb
  392 /home/greg/Desktop/src/Open-Table-Explorer/app/models/unit.rb
  393 /home/greg/Desktop/src/Open-Table-Explorer/app/models/test_environment_minitest.rb
  394 /home/greg/Desktop/src/Open-Table-Explorer/app/models/test_environment_ruby.rb
  395 /home/greg/Desktop/src/Open-Table-Explorer/test/unit/test_environment.rb
  396 /usr/lib/ruby/1.9.1/timeout.rb
  397 /usr/lib/ruby/1.9.1/x86_64-linux/digest/sha1.so
  398 /var/lib/gems/1.9.1/gems/mime-types-1.25.1/lib/mime/types.rb
  399 /var/lib/gems/1.9.1/gems/grit-2.5.0/lib/grit/ruby1.9.rb
  400 /var/lib/gems/1.9.1/gems/grit-2.5.0/lib/grit/lazy.rb
  401 /var/lib/gems/1.9.1/gems/grit-2.5.0/lib/grit/errors.rb
  402 /var/lib/gems/1.9.1/gems/grit-2.5.0/lib/grit/git-ruby/internal/raw_object.rb
  403 /usr/lib/ruby/1.9.1/x86_64-linux/zlib.so
  404 /var/lib/gems/1.9.1/gems/grit-2.5.0/lib/grit/git-ruby/internal/file_window.rb
  405 /var/lib/gems/1.9.1/gems/grit-2.5.0/lib/grit/git-ruby/internal/pack.rb
  406 /var/lib/gems/1.9.1/gems/grit-2.5.0/lib/grit/git-ruby/internal/loose.rb
  407 /var/lib/gems/1.9.1/gems/grit-2.5.0/lib/grit/git-ruby/git_object.rb
  408 /var/lib/gems/1.9.1/gems/diff-lcs-1.2.5/lib/diff/lcs/change.rb
  409 /var/lib/gems/1.9.1/gems/diff-lcs-1.2.5/lib/diff/lcs/callbacks.rb
  410 /var/lib/gems/1.9.1/gems/diff-lcs-1.2.5/lib/diff/lcs/internals.rb
  411 /var/lib/gems/1.9.1/gems/diff-lcs-1.2.5/lib/diff/lcs.rb
  412 /var/lib/gems/1.9.1/gems/diff-lcs-1.2.5/lib/diff/lcs/block.rb
  413 /var/lib/gems/1.9.1/gems/diff-lcs-1.2.5/lib/diff/lcs/hunk.rb
  414 /var/lib/gems/1.9.1/gems/grit-2.5.0/lib/grit/git-ruby/repository.rb
  415 /var/lib/gems/1.9.1/gems/grit-2.5.0/lib/grit/git-ruby.rb
  416 /var/lib/gems/1.9.1/gems/posix-spawn-0.3.9/lib/posix_spawn_ext.so
  417 /var/lib/gems/1.9.1/gems/posix-spawn-0.3.9/lib/posix/spawn/version.rb
  418 /var/lib/gems/1.9.1/gems/posix-spawn-0.3.9/lib/posix/spawn/child.rb
  419 /var/lib/gems/1.9.1/gems/posix-spawn-0.3.9/lib/posix/spawn.rb
  420 /var/lib/gems/1.9.1/gems/posix-spawn-0.3.9/lib/posix-spawn.rb
  421 /var/lib/gems/1.9.1/gems/grit-2.5.0/lib/grit/git.rb
  422 /var/lib/gems/1.9.1/gems/grit-2.5.0/lib/grit/ref.rb
  423 /var/lib/gems/1.9.1/gems/grit-2.5.0/lib/grit/tag.rb
  424 /var/lib/gems/1.9.1/gems/grit-2.5.0/lib/grit/commit.rb
  425 /var/lib/gems/1.9.1/gems/grit-2.5.0/lib/grit/commit_stats.rb
  426 /var/lib/gems/1.9.1/gems/grit-2.5.0/lib/grit/tree.rb
  427 /var/lib/gems/1.9.1/gems/grit-2.5.0/lib/grit/blob.rb
  428 /var/lib/gems/1.9.1/gems/grit-2.5.0/lib/grit/actor.rb
  429 /var/lib/gems/1.9.1/gems/grit-2.5.0/lib/grit/diff.rb
  430 /var/lib/gems/1.9.1/gems/grit-2.5.0/lib/grit/config.rb
  431 /var/lib/gems/1.9.1/gems/grit-2.5.0/lib/grit/repo.rb
  432 /var/lib/gems/1.9.1/gems/grit-2.5.0/lib/grit/index.rb
  433 /var/lib/gems/1.9.1/gems/grit-2.5.0/lib/grit/status.rb
  434 /var/lib/gems/1.9.1/gems/grit-2.5.0/lib/grit/submodule.rb
  435 /var/lib/gems/1.9.1/gems/grit-2.5.0/lib/grit/blame.rb
  436 /var/lib/gems/1.9.1/gems/grit-2.5.0/lib/grit/merge.rb
  437 /var/lib/gems/1.9.1/gems/grit-2.5.0/lib/grit.rb
  438 /usr/lib/ruby/1.9.1/open3.rb
  439 /usr/lib/ruby/1.9.1/shellwords.rb
  440 /home/greg/Desktop/src/Open-Table-Explorer/app/models/log.rb
  441 /home/greg/Desktop/src/Open-Table-Explorer/app/models/shell_command.rb
  442 /var/lib/gems/1.9.1/gems/regexp_parser-0.1.6/lib/regexp_parser/token.rb
  443 /var/lib/gems/1.9.1/gems/regexp_parser-0.1.6/lib/regexp_parser/ctype.rb
  444 /var/lib/gems/1.9.1/gems/regexp_parser-0.1.6/lib/regexp_parser/scanner.rb
  445 /var/lib/gems/1.9.1/gems/regexp_parser-0.1.6/lib/regexp_parser/syntax/tokens/character_type.rb
  446 /var/lib/gems/1.9.1/gems/regexp_parser-0.1.6/lib/regexp_parser/syntax/tokens/character_set.rb
  447 /var/lib/gems/1.9.1/gems/regexp_parser-0.1.6/lib/regexp_parser/syntax/tokens/escape.rb
  448 /var/lib/gems/1.9.1/gems/regexp_parser-0.1.6/lib/regexp_parser/syntax/tokens/assertion.rb
  449 /var/lib/gems/1.9.1/gems/regexp_parser-0.1.6/lib/regexp_parser/syntax/tokens/backref.rb
  450 /var/lib/gems/1.9.1/gems/regexp_parser-0.1.6/lib/regexp_parser/syntax/tokens/quantifier.rb
  451 /var/lib/gems/1.9.1/gems/regexp_parser-0.1.6/lib/regexp_parser/syntax/tokens/unicode_property.rb
  452 /var/lib/gems/1.9.1/gems/regexp_parser-0.1.6/lib/regexp_parser/syntax/tokens/group.rb
  453 /var/lib/gems/1.9.1/gems/regexp_parser-0.1.6/lib/regexp_parser/syntax/tokens/anchor.rb
  454 /var/lib/gems/1.9.1/gems/regexp_parser-0.1.6/lib/regexp_parser/syntax/tokens/meta.rb
  455 /var/lib/gems/1.9.1/gems/regexp_parser-0.1.6/lib/regexp_parser/syntax/tokens.rb
  456 /var/lib/gems/1.9.1/gems/regexp_parser-0.1.6/lib/regexp_parser/syntax.rb
  457 /var/lib/gems/1.9.1/gems/regexp_parser-0.1.6/lib/regexp_parser/lexer.rb
  458 /var/lib/gems/1.9.1/gems/regexp_parser-0.1.6/lib/regexp_parser/expression/quantifier.rb
  459 /var/lib/gems/1.9.1/gems/regexp_parser-0.1.6/lib/regexp_parser/expression/subexpression.rb
  460 /var/lib/gems/1.9.1/gems/regexp_parser-0.1.6/lib/regexp_parser/expression/classes/escape.rb
  461 /var/lib/gems/1.9.1/gems/regexp_parser-0.1.6/lib/regexp_parser/expression/classes/alternation.rb
  462 /var/lib/gems/1.9.1/gems/regexp_parser-0.1.6/lib/regexp_parser/expression/classes/backref.rb
  463 /var/lib/gems/1.9.1/gems/regexp_parser-0.1.6/lib/regexp_parser/expression/classes/literal.rb
  464 /var/lib/gems/1.9.1/gems/regexp_parser-0.1.6/lib/regexp_parser/expression/classes/type.rb
  465 /var/lib/gems/1.9.1/gems/regexp_parser-0.1.6/lib/regexp_parser/expression/classes/group.rb
  466 /var/lib/gems/1.9.1/gems/regexp_parser-0.1.6/lib/regexp_parser/expression/classes/root.rb
  467 /var/lib/gems/1.9.1/gems/regexp_parser-0.1.6/lib/regexp_parser/expression/classes/anchor.rb
  468 /var/lib/gems/1.9.1/gems/regexp_parser-0.1.6/lib/regexp_parser/expression/classes/set.rb
  469 /var/lib/gems/1.9.1/gems/regexp_parser-0.1.6/lib/regexp_parser/expression/classes/property.rb
  470 /var/lib/gems/1.9.1/gems/regexp_parser-0.1.6/lib/regexp_parser/expression.rb
  471 /var/lib/gems/1.9.1/gems/regexp_parser-0.1.6/lib/regexp_parser/parser.rb
  472 /var/lib/gems/1.9.1/gems/regexp_parser-0.1.6/lib/regexp_parser.rb
  473 /home/greg/Desktop/src/Open-Table-Explorer/app/models/stream_tree.rb
  474 /var/lib/gems/1.9.1/gems/regexp_parser-0.1.6/lib/regexp_parser/syntax/ruby/1.8.6.rb
  475 /var/lib/gems/1.9.1/gems/regexp_parser-0.1.6/lib/regexp_parser/syntax/ruby/1.8.7.rb
  476 /var/lib/gems/1.9.1/gems/regexp_parser-0.1.6/lib/regexp_parser/syntax/ruby/1.8.rb
  477 /home/greg/Desktop/src/Open-Table-Explorer/app/models/regexp_parse.rb
  478 /home/greg/Desktop/src/Open-Table-Explorer/app/models/generic_column.rb
  479 /home/greg/Desktop/src/Open-Table-Explorer/app/models/parse.rb
  480 /home/greg/Desktop/src/Open-Table-Explorer/app/models/repository.rb

* Process memory map:

00400000-00401000 r-xp 00000000 08:0a 4733065                            /usr/bin/ruby1.9.1
00600000-00601000 r--p 00000000 08:0a 4733065                            /usr/bin/ruby1.9.1
00601000-00602000 rw-p 00001000 08:0a 4733065                            /usr/bin/ruby1.9.1
00913000-02138000 rw-p 00000000 00:00 0                                  [heap]
7f4844ae4000-7f4844afa000 r-xp 00000000 08:0a 524365                     /lib/x86_64-linux-gnu/libgcc_s.so.1
7f4844afa000-7f4844cf9000 ---p 00016000 08:0a 524365                     /lib/x86_64-linux-gnu/libgcc_s.so.1
7f4844cf9000-7f4844cfa000 rw-p 00015000 08:0a 524365                     /lib/x86_64-linux-gnu/libgcc_s.so.1
7f4844cfa000-7f4844d58000 rw-p 00000000 00:00 0 
7f4844e3b000-7f4844e3e000 r-xp 00000000 08:0a 1064312                    /var/lib/gems/1.9.1/gems/posix-spawn-0.3.9/lib/posix_spawn_ext.so
7f4844e3e000-7f484503d000 ---p 00003000 08:0a 1064312                    /var/lib/gems/1.9.1/gems/posix-spawn-0.3.9/lib/posix_spawn_ext.so
7f484503d000-7f484503e000 r--p 00002000 08:0a 1064312                    /var/lib/gems/1.9.1/gems/posix-spawn-0.3.9/lib/posix_spawn_ext.so
7f484503e000-7f484503f000 rw-p 00003000 08:0a 1064312                    /var/lib/gems/1.9.1/gems/posix-spawn-0.3.9/lib/posix_spawn_ext.so
7f484503f000-7f4845059000 r-xp 00000000 08:0a 524388                     /lib/x86_64-linux-gnu/libz.so.1.2.8
7f4845059000-7f4845258000 ---p 0001a000 08:0a 524388                     /lib/x86_64-linux-gnu/libz.so.1.2.8
7f4845258000-7f4845259000 r--p 00019000 08:0a 524388                     /lib/x86_64-linux-gnu/libz.so.1.2.8
7f4845259000-7f484525a000 rw-p 0001a000 08:0a 524388                     /lib/x86_64-linux-gnu/libz.so.1.2.8
7f484525a000-7f4845267000 r-xp 00000000 08:0a 265583                     /usr/lib/ruby/1.9.1/x86_64-linux/zlib.so
7f4845267000-7f4845466000 ---p 0000d000 08:0a 265583                     /usr/lib/ruby/1.9.1/x86_64-linux/zlib.so
7f4845466000-7f4845467000 r--p 0000c000 08:0a 265583                     /usr/lib/ruby/1.9.1/x86_64-linux/zlib.so
7f4845467000-7f4845468000 rw-p 0000d000 08:0a 265583                     /usr/lib/ruby/1.9.1/x86_64-linux/zlib.so
7f4845468000-7f484546b000 r-xp 00000000 08:0a 395493                     /usr/lib/ruby/1.9.1/x86_64-linux/digest/sha1.so
7f484546b000-7f484566a000 ---p 00003000 08:0a 395493                     /usr/lib/ruby/1.9.1/x86_64-linux/digest/sha1.so
7f484566a000-7f484566b000 r--p 00002000 08:0a 395493                     /usr/lib/ruby/1.9.1/x86_64-linux/digest/sha1.so
7f484566b000-7f484566c000 rw-p 00003000 08:0a 395493                     /usr/lib/ruby/1.9.1/x86_64-linux/digest/sha1.so
7f484566c000-7f4845672000 r-xp 00000000 08:0a 266831                     /usr/lib/ruby/1.9.1/x86_64-linux/pathname.so
7f4845672000-7f4845871000 ---p 00006000 08:0a 266831                     /usr/lib/ruby/1.9.1/x86_64-linux/pathname.so
7f4845871000-7f4845872000 r--p 00005000 08:0a 266831                     /usr/lib/ruby/1.9.1/x86_64-linux/pathname.so
7f4845872000-7f4845873000 rw-p 00006000 08:0a 266831                     /usr/lib/ruby/1.9.1/x86_64-linux/pathname.so
7f4845873000-7f4845874000 r-xp 00000000 08:0a 395533                     /usr/lib/ruby/1.9.1/x86_64-linux/enc/trans/escape.so
7f4845874000-7f4845a74000 ---p 00001000 08:0a 395533                     /usr/lib/ruby/1.9.1/x86_64-linux/enc/trans/escape.so
7f4845a74000-7f4845a75000 r--p 00001000 08:0a 395533                     /usr/lib/ruby/1.9.1/x86_64-linux/enc/trans/escape.so
7f4845a75000-7f4845a76000 rw-p 00002000 08:0a 395533                     /usr/lib/ruby/1.9.1/x86_64-linux/enc/trans/escape.so
7f4845a76000-7f4845a8c000 r-xp 00000000 08:0a 395531                     /usr/lib/ruby/1.9.1/x86_64-linux/enc/trans/single_byte.so
7f4845a8c000-7f4845c8b000 ---p 00016000 08:0a 395531                     /usr/lib/ruby/1.9.1/x86_64-linux/enc/trans/single_byte.so
7f4845c8b000-7f4845c90000 r--p 00015000 08:0a 395531                     /usr/lib/ruby/1.9.1/x86_64-linux/enc/trans/single_byte.so
7f4845c90000-7f4845c91000 rw-p 0001a000 08:0a 395531                     /usr/lib/ruby/1.9.1/x86_64-linux/enc/trans/single_byte.so
7f4845c91000-7f4845c98000 r-xp 00000000 08:0a 395426                     /usr/lib/ruby/1.9.1/x86_64-linux/json/ext/generator.so
7f4845c98000-7f4845e97000 ---p 00007000 08:0a 395426                     /usr/lib/ruby/1.9.1/x86_64-linux/json/ext/generator.so
7f4845e97000-7f4845e98000 r--p 00006000 08:0a 395426                     /usr/lib/ruby/1.9.1/x86_64-linux/json/ext/generator.so
7f4845e98000-7f4845e99000 rw-p 00007000 08:0a 395426                     /usr/lib/ruby/1.9.1/x86_64-linux/json/ext/generator.so
7f4845e99000-7f4845e9a000 r-xp 00000000 08:0a 395508                     /usr/lib/ruby/1.9.1/x86_64-linux/enc/utf_32le.so
7f4845e9a000-7f484609a000 ---p 00001000 08:0a 395508                     /usr/lib/ruby/1.9.1/x86_64-linux/enc/utf_32le.so
7f484609a000-7f484609b000 r--p 00001000 08:0a 395508                     /usr/lib/ruby/1.9.1/x86_64-linux/enc/utf_32le.so
7f484609b000-7f484609c000 rw-p 00002000 08:0a 395508                     /usr/lib/ruby/1.9.1/x86_64-linux/enc/utf_32le.so
7f484609c000-7f484609d000 r-xp 00000000 08:0a 395511                     /usr/lib/ruby/1.9.1/x86_64-linux/enc/utf_32be.so
7f484609d000-7f484629d000 ---p 00001000 08:0a 395511                     /usr/lib/ruby/1.9.1/x86_64-linux/enc/utf_32be.so
7f484629d000-7f484629e000 r--p 00001000 08:0a 395511                     /usr/lib/ruby/1.9.1/x86_64-linux/enc/utf_32be.so
7f484629e000-7f484629f000 rw-p 00002000 08:0a 395511                     /usr/lib/ruby/1.9.1/x86_64-linux/enc/utf_32be.so
7f484629f000-7f48462a0000 r-xp 00000000 08:0a 395505                     /usr/lib/ruby/1.9.1/x86_64-linux/enc/utf_16le.so
7f48462a0000-7f48464a0000 ---p 00001000 08:0a 395505                     /usr/lib/ruby/1.9.1/x86_64-linux/enc/utf_16le.so
7f48464a0000-7f48464a1000 r--p 00001000 08:0a 395505                     /usr/lib/ruby/1.9.1/x86_64-linux/enc/utf_16le.so
7f48464a1000-7f48464a2000 rw-p 00002000 08:0a 395505                     /usr/lib/ruby/1.9.1/x86_64-linux/enc/utf_16le.so
7f48464a2000-7f48464a3000 r-xp 00000000 08:0a 395506                     /usr/lib/ruby/1.9.1/x86_64-linux/enc/utf_16be.so
7f48464a3000-7f48466a3000 ---p 00001000 08:0a 395506                     /usr/lib/ruby/1.9.1/x86_64-linux/enc/utf_16be.so
7f48466a3000-7f48466a4000 r--p 00001000 08:0a 395506                     /usr/lib/ruby/1.9.1/x86_64-linux/enc/utf_16be.so
7f48466a4000-7f48466a5000 rw-p 00002000 08:0a 395506                     /usr/lib/ruby/1.9.1/x86_64-linux/enc/utf_16be.so
7f48466a5000-7f48466ab000 r-xp 00000000 08:0a 395425                     /usr/lib/ruby/1.9.1/x86_64-linux/json/ext/parser.so
7f48466ab000-7f48468aa000 ---p 00006000 08:0a 395425                     /usr/lib/ruby/1.9.1/x86_64-linux/json/ext/parser.so
7f48468aa000-7f48468ab000 r--p 00005000 08:0a 395425                     /usr/lib/ruby/1.9.1/x86_64-linux/json/ext/parser.so
7f48468ab000-7f48468ac000 rw-p 00006000 08:0a 395425                     /usr/lib/ruby/1.9.1/x86_64-linux/json/ext/parser.so
7f48468ac000-7f48468b1000 r-xp 00000000 08:0a 266825                     /usr/lib/ruby/1.9.1/x86_64-linux/strscan.so
7f48468b1000-7f4846ab0000 ---p 00005000 08:0a 266825                     /usr/lib/ruby/1.9.1/x86_64-linux/strscan.so
7f4846ab0000-7f4846ab1000 r--p 00004000 08:0a 266825                     /usr/lib/ruby/1.9.1/x86_64-linux/strscan.so
7f4846ab1000-7f4846ab2000 rw-p 00005000 08:0a 266825                     /usr/lib/ruby/1.9.1/x86_64-linux/strscan.so
7f4846ab2000-7f4846ad0000 r-xp 00000000 08:0a 4723869                    /usr/lib/x86_64-linux-gnu/libyaml-0.so.2.0.4
7f4846ad0000-7f4846ccf000 ---p 0001e000 08:0a 4723869                    /usr/lib/x86_64-linux-gnu/libyaml-0.so.2.0.4
7f4846ccf000-7f4846cd0000 r--p 0001d000 08:0a 4723869                    /usr/lib/x86_64-linux-gnu/libyaml-0.so.2.0.4
7f4846cd0000-7f4846cd1000 rw-p 0001e000 08:0a 4723869                    /usr/lib/x86_64-linux-gnu/libyaml-0.so.2.0.4
7f4846cd1000-7f4846cd7000 r-xp 00000000 08:0a 265578                     /usr/lib/ruby/1.9.1/x86_64-linux/psych.so
7f4846cd7000-7f4846ed6000 ---p 00006000 08:0a 265578                     /usr/lib/ruby/1.9.1/x86_64-linux/psych.so
7f4846ed6000-7f4846ed7000 r--p 00005000 08:0a 265578                     /usr/lib/ruby/1.9.1/x86_64-linux/psych.so
7f4846ed7000-7f4846ed8000 rw-p 00006000 08:0a 265578                     /usr/lib/ruby/1.9.1/x86_64-linux/psych.so
7f4846ed8000-7f4846ee7000 r-xp 00000000 08:0a 266827                     /usr/lib/ruby/1.9.1/x86_64-linux/bigdecimal.so
7f4846ee7000-7f48470e6000 ---p 0000f000 08:0a 266827                     /usr/lib/ruby/1.9.1/x86_64-linux/bigdecimal.so
7f48470e6000-7f48470e7000 r--p 0000e000 08:0a 266827                     /usr/lib/ruby/1.9.1/x86_64-linux/bigdecimal.so
7f48470e7000-7f48470e8000 rw-p 0000f000 08:0a 266827                     /usr/lib/ruby/1.9.1/x86_64-linux/bigdecimal.so
7f48470e8000-7f4847116000 r-xp 00000000 08:0a 265579                     /usr/lib/ruby/1.9.1/x86_64-linux/date_core.so
7f4847116000-7f4847316000 ---p 0002e000 08:0a 265579                     /usr/lib/ruby/1.9.1/x86_64-linux/date_core.so
7f4847316000-7f4847317000 r--p 0002e000 08:0a 265579                     /usr/lib/ruby/1.9.1/x86_64-linux/date_core.so
7f4847317000-7f4847318000 rw-p 0002f000 08:0a 265579                     /usr/lib/ruby/1.9.1/x86_64-linux/date_core.so
7f4847318000-7f4847319000 rw-p 00000000 00:00 0 
7f4847319000-7f484731a000 r-xp 00000000 08:0a 265573                     /usr/lib/ruby/1.9.1/x86_64-linux/fcntl.so
7f484731a000-7f4847519000 ---p 00001000 08:0a 265573                     /usr/lib/ruby/1.9.1/x86_64-linux/fcntl.so
7f4847519000-7f484751a000 r--p 00000000 08:0a 265573                     /usr/lib/ruby/1.9.1/x86_64-linux/fcntl.so
7f484751a000-7f484751b000 rw-p 00001000 08:0a 265573                     /usr/lib/ruby/1.9.1/x86_64-linux/fcntl.so
7f484751b000-7f484751e000 r-xp 00000000 08:0a 265582                     /usr/lib/ruby/1.9.1/x86_64-linux/digest.so
7f484751e000-7f484771d000 ---p 00003000 08:0a 265582                     /usr/lib/ruby/1.9.1/x86_64-linux/digest.so
7f484771d000-7f484771e000 r--p 00002000 08:0a 265582                     /usr/lib/ruby/1.9.1/x86_64-linux/digest.so
7f484771e000-7f484771f000 rw-p 00003000 08:0a 265582                     /usr/lib/ruby/1.9.1/x86_64-linux/digest.so
7f484771f000-7f484794f000 r-xp 00000000 08:0a 4721104                    /usr/lib/x86_64-linux-gnu/libcrypto.so.1.0.0
7f484794f000-7f4847b4e000 ---p 00230000 08:0a 4721104                    /usr/lib/x86_64-linux-gnu/libcrypto.so.1.0.0
7f4847b4e000-7f4847b6c000 r--p 0022f000 08:0a 4721104                    /usr/lib/x86_64-linux-gnu/libcrypto.so.1.0.0
7f4847b6c000-7f4847b7c000 rw-p 0024d000 08:0a 4721104                    /usr/lib/x86_64-linux-gnu/libcrypto.so.1.0.0
7f4847b7c000-7f4847b80000 rw-p 00000000 00:00 0 
7f4847b80000-7f4847bdf000 r-xp 00000000 08:0a 4721106                    /usr/lib/x86_64-linux-gnu/libssl.so.1.0.0
7f4847bdf000-7f4847ddf000 ---p 0005f000 08:0a 4721106                    /usr/lib/x86_64-linux-gnu/libssl.so.1.0.0
7f4847ddf000-7f4847de3000 r--p 0005f000 08:0a 4721106                    /usr/lib/x86_64-linux-gnu/libssl.so.1.0.0
7f4847de3000-7f4847dea000 rw-p 00063000 08:0a 4721106                    /usr/lib/x86_64-linux-gnu/libssl.so.1.0.0
7f4847dea000-7f4847e36000 r-xp 00000000 08:0a 266834                     /usr/lib/ruby/1.9.1/x86_64-linux/openssl.so
7f4847e36000-7f4848036000 ---p 0004c000 08:0a 266834                     /usr/lib/ruby/1.9.1/x86_64-linux/openssl.so
7f4848036000-7f4848037000 r--p 0004c000 08:0a 266834                     /usr/lib/ruby/1.9.1/x86_64-linux/openssl.so
7f4848037000-7f4848039000 rw-p 0004d000 08:0a 266834                     /usr/lib/ruby/1.9.1/x86_64-linux/openssl.so
7f4848039000-7f484803a000 rw-p 00000000 00:00 0 
7f484803a000-7f4848040000 r-xp 00000000 08:0a 266824                     /usr/lib/ruby/1.9.1/x86_64-linux/stringio.so
7f4848040000-7f4848240000 ---p 00006000 08:0a 266824                     /usr/lib/ruby/1.9.1/x86_64-linux/stringio.so
7f4848240000-7f4848241000 r--p 00006000 08:0a 266824                     /usr/lib/ruby/1.9.1/x86_64-linux/stringio.so
7f4848241000-7f4848242000 rw-p 00007000 08:0a 266824                     /usr/lib/ruby/1.9.1/x86_64-linux/stringio.so
7f4848242000-7f4848245000 r-xp 00000000 08:0a 265574                     /usr/lib/ruby/1.9.1/x86_64-linux/etc.so
7f4848245000-7f4848444000 ---p 00003000 08:0a 265574                     /usr/lib/ruby/1.9.1/x86_64-linux/etc.so
7f4848444000-7f4848445000 r--p 00002000 08:0a 265574                     /usr/lib/ruby/1.9.1/x86_64-linux/etc.so
7f4848445000-7f4848446000 rw-p 00003000 08:0a 265574                     /usr/lib/ruby/1.9.1/x86_64-linux/etc.so
7f4848446000-7f4848448000 r-xp 00000000 08:0a 395519                     /usr/lib/ruby/1.9.1/x86_64-linux/enc/trans/transdb.so
7f4848448000-7f4848648000 ---p 00002000 08:0a 395519                     /usr/lib/ruby/1.9.1/x86_64-linux/enc/trans/transdb.so
7f4848648000-7f4848649000 r--p 00002000 08:0a 395519                     /usr/lib/ruby/1.9.1/x86_64-linux/enc/trans/transdb.so
7f4848649000-7f484864a000 rw-p 00003000 08:0a 395519                     /usr/lib/ruby/1.9.1/x86_64-linux/enc/trans/transdb.so
7f484864a000-7f484864c000 r-xp 00000000 08:0a 395513                     /usr/lib/ruby/1.9.1/x86_64-linux/enc/encdb.so
7f484864c000-7f484884b000 ---p 00002000 08:0a 395513                     /usr/lib/ruby/1.9.1/x86_64-linux/enc/encdb.so
7f484884b000-7f484884c000 r--p 00001000 08:0a 395513                     /usr/lib/ruby/1.9.1/x86_64-linux/enc/encdb.so
7f484884c000-7f484884d000 rw-p 00002000 08:0a 395513                     /usr/lib/ruby/1.9.1/x86_64-linux/enc/encdb.so
7f484884d000-7f48489ec000 r-xp 00000000 08:0a 524752                     /lib/x86_64-linux-gnu/libc-2.19.so
7f48489ec000-7f4848bec000 ---p 0019f000 08:0a 524752                     /lib/x86_64-linux-gnu/libc-2.19.so
7f4848bec000-7f4848bf0000 r--p 0019f000 08:0a 524752                     /lib/x86_64-linux-gnu/libc-2.19.so
7f4848bf0000-7f4848bf2000 rw-p 001a3000 08:0a 524752                     /lib/x86_64-linux-gnu/libc-2.19.so
7f4848bf2000-7f4848bf6000 rw-p 00000000 00:00 0 
7f4848bf6000-7f4848cf6000 r-xp 00000000 08:0a 524771                     /lib/x86_64-linux-gnu/libm-2.19.so
7f4848cf6000-7f4848ef5000 ---p 00100000 08:0a 524771                     /lib/x86_64-linux-gnu/libm-2.19.so
7f4848ef5000-7f4848ef6000 r--p 000ff000 08:0a 524771                     /lib/x86_64-linux-gnu/libm-2.19.so
7f4848ef6000-7f4848ef7000 rw-p 00100000 08:0a 524771                     /lib/x86_64-linux-gnu/libm-2.19.so
7f4848ef7000-7f4848eff000 r-xp 00000000 08:0a 524801                     /lib/x86_64-linux-gnu/libcrypt-2.19.so
7f4848eff000-7f48490fe000 ---p 00008000 08:0a 524801                     /lib/x86_64-linux-gnu/libcrypt-2.19.so
7f48490fe000-7f48490ff000 r--p 00007000 08:0a 524801                     /lib/x86_64-linux-gnu/libcrypt-2.19.so
7f48490ff000-7f4849100000 rw-p 00008000 08:0a 524801                     /lib/x86_64-linux-gnu/libcrypt-2.19.so
7f4849100000-7f484912e000 rw-p 00000000 00:00 0 
7f484912e000-7f4849131000 r-xp 00000000 08:0a 524803                     /lib/x86_64-linux-gnu/libdl-2.19.so
7f4849131000-7f4849330000 ---p 00003000 08:0a 524803                     /lib/x86_64-linux-gnu/libdl-2.19.so
7f4849330000-7f4849331000 r--p 00002000 08:0a 524803                     /lib/x86_64-linux-gnu/libdl-2.19.so
7f4849331000-7f4849332000 rw-p 00003000 08:0a 524803                     /lib/x86_64-linux-gnu/libdl-2.19.so
7f4849332000-7f4849339000 r-xp 00000000 08:0a 524755                     /lib/x86_64-linux-gnu/librt-2.19.so
7f4849339000-7f4849538000 ---p 00007000 08:0a 524755                     /lib/x86_64-linux-gnu/librt-2.19.so
7f4849538000-7f4849539000 r--p 00006000 08:0a 524755                     /lib/x86_64-linux-gnu/librt-2.19.so
7f4849539000-7f484953a000 rw-p 00007000 08:0a 524755                     /lib/x86_64-linux-gnu/librt-2.19.so
7f484953a000-7f4849552000 r-xp 00000000 08:0a 524757                     /lib/x86_64-linux-gnu/libpthread-2.19.so
7f4849552000-7f4849751000 ---p 00018000 08:0a 524757                     /lib/x86_64-linux-gnu/libpthread-2.19.so
7f4849751000-7f4849752000 r--p 00017000 08:0a 524757                     /lib/x86_64-linux-gnu/libpthread-2.19.so
7f4849752000-7f4849753000 rw-p 00018000 08:0a 524757                     /lib/x86_64-linux-gnu/libpthread-2.19.so
7f4849753000-7f4849757000 rw-p 00000000 00:00 0 
7f4849757000-7f484994a000 r-xp 00000000 08:0a 4741469                    /usr/lib/libruby-1.9.1.so.1.9.1
7f484994a000-7f4849b49000 ---p 001f3000 08:0a 4741469                    /usr/lib/libruby-1.9.1.so.1.9.1
7f4849b49000-7f4849b51000 rw-p 001f2000 08:0a 4741469                    /usr/lib/libruby-1.9.1.so.1.9.1
7f4849b51000-7f4849b6d000 rw-p 00000000 00:00 0 
7f4849b6d000-7f4849b8d000 r-xp 00000000 08:0a 524764                     /lib/x86_64-linux-gnu/ld-2.19.so
7f4849c63000-7f4849d69000 rw-p 00000000 00:00 0 
7f4849d85000-7f4849d87000 rw-p 00000000 00:00 0 
7f4849d87000-7f4849d88000 ---p 00000000 00:00 0 
7f4849d88000-7f4849d8d000 rw-p 00000000 00:00 0                          [stack:16311]
7f4849d8d000-7f4849d8e000 r--p 00020000 08:0a 524764                     /lib/x86_64-linux-gnu/ld-2.19.so
7f4849d8e000-7f4849d8f000 rw-p 00021000 08:0a 524764                     /lib/x86_64-linux-gnu/ld-2.19.so
7f4849d8f000-7f4849d90000 rw-p 00000000 00:00 0 
7ffe1cc2a000-7ffe1cc4b000 rw-p 00000000 00:00 0                          [stack]
7ffe1cd2b000-7ffe1cd2d000 r--p 00000000 00:00 0                          [vvar]
7ffe1cd2d000-7ffe1cd2f000 r-xp 00000000 00:00 0                          [vdso]
ffffffffff600000-ffffffffff601000 r-xp 00000000 00:00 0                  [vsyscall]


[NOTE]
You may have encountered a bug in the Ruby interpreter or extension libraries.
Bug reports are welcome.
For details: http://www.ruby-lang.org/bugreport.html

