testing
2015-10-25 17:13:17.321
ruby -v -W0 test/unit/repository_test.rb
ruby 1.9.3p194 (2012-04-20 revision 35410) [x86_64-linux]
Run options: --seed 0

# Running:

...E.....EEEEE...EE.EE...

Finished in 1.325117s, 18.8663 runs/s, 9.8105 assertions/s.
rescue exception in Shell#execute#<Errno::ENOENT: No such file or directory - chdir>
/home/greg/Desktop/src/Open-Table-Explorer/app/models/shell_command.rb:88:in `execute'
/home/greg/Desktop/src/Open-Table-Explorer/app/models/shell_command.rb:117:in `initialize'
/home/greg/Desktop/src/Open-Table-Explorer/app/models/repository.rb:47:in `new'
/home/greg/Desktop/src/Open-Table-Explorer/app/models/repository.rb:47:in `git_command'
/home/greg/Desktop/src/Open-Table-Explorer/app/models/repository.rb:115:in `git_command'
/home/greg/Desktop/src/Open-Table-Explorer/app/models/repository.rb:118:in `inspect'
/var/lib/gems/1.9.1/gems/minitest-5.8.1/lib/minitest.rb:703:in `to_str'
/var/lib/gems/1.9.1/gems/minitest-5.8.1/lib/minitest.rb:703:in `to_s'
/var/lib/gems/1.9.1/gems/minitest-5.8.1/lib/minitest.rb:703:in `message'
/var/lib/gems/1.9.1/gems/minitest-5.8.1/lib/minitest.rb:703:in `message'
/var/lib/gems/1.9.1/gems/minitest-5.8.1/lib/minitest/test.rb:265:in `block in to_s'
/var/lib/gems/1.9.1/gems/minitest-5.8.1/lib/minitest/test.rb:264:in `map'
/var/lib/gems/1.9.1/gems/minitest-5.8.1/lib/minitest/test.rb:264:in `to_s'
/var/lib/gems/1.9.1/gems/minitest-5.8.1/lib/minitest.rb:582:in `%'
/var/lib/gems/1.9.1/gems/minitest-5.8.1/lib/minitest.rb:582:in `block in aggregated_results'
/var/lib/gems/1.9.1/gems/minitest-5.8.1/lib/minitest.rb:581:in `each'
/var/lib/gems/1.9.1/gems/minitest-5.8.1/lib/minitest.rb:581:in `each_with_index'
/var/lib/gems/1.9.1/gems/minitest-5.8.1/lib/minitest.rb:581:in `each'
/var/lib/gems/1.9.1/gems/minitest-5.8.1/lib/minitest.rb:581:in `map'
/var/lib/gems/1.9.1/gems/minitest-5.8.1/lib/minitest.rb:581:in `aggregated_results'
/var/lib/gems/1.9.1/gems/minitest-5.8.1/lib/minitest.rb:568:in `report'
/var/lib/gems/1.9.1/gems/minitest-5.8.1/lib/minitest.rb:640:in `each'
/var/lib/gems/1.9.1/gems/minitest-5.8.1/lib/minitest.rb:640:in `report'
/var/lib/gems/1.9.1/gems/minitest-5.8.1/lib/minitest.rb:134:in `run'
/var/lib/gems/1.9.1/gems/minitest-5.8.1/lib/minitest.rb:56:in `block in autorun'

  1) Error:
NewTestClass#test_corruption_gc:
NoMethodError: undefined method `assert_post_conditions' for :ShellCommands
    test/unit/repository_test.rb:103:in `test_corruption_gc'


  2) Error:
NewTestClass#test_initialize:
NoMethodError: undefined method `assert_block' for #<NewTestClass:0x0000000307eb28>
    /home/greg/Desktop/src/Open-Table-Explorer/test/assertions/ruby_assertions.rb:240:in `refute_empty'
    /home/greg/Desktop/src/Open-Table-Explorer/test/assertions/ruby_assertions.rb:488:in `assert_pathname_exists'
    test/unit/repository_test.rb:74:in `test_initialize'


  3) Error:
NewTestClass#test_inspect:
NoMethodError: undefined method `assert_post_conditions' for ## master

    test/unit/repository_test.rb:87:in `test_inspect'


  4) Error:
NewTestClass#test_Constants:
NoMethodError: undefined method `assert_block' for #<NewTestClass:0x000000034d1d38>
    /home/greg/Desktop/src/Open-Table-Explorer/test/assertions/ruby_assertions.rb:240:in `refute_empty'
    /home/greg/Desktop/src/Open-Table-Explorer/test/assertions/ruby_assertions.rb:488:in `assert_pathname_exists'
    test/unit/repository_test.rb:23:in `test_Constants'


  5) Error:
NewTestClass#test_create_empty:
NoMethodError: undefined method `assert_block' for #<NewTestClass:0x000000031a3738>
    /home/greg/Desktop/src/Open-Table-Explorer/test/assertions/ruby_assertions.rb:240:in `refute_empty'
    /home/greg/Desktop/src/Open-Table-Explorer/test/assertions/ruby_assertions.rb:488:in `assert_pathname_exists'
    test/unit/repository_test.rb:49:in `test_create_empty'


  6) Error:
NewTestClass#test_git_parse:
NoMethodError: undefined method `assert_post_conditions' for #<ShellCommands:0x00000003322848>
    test/unit/repository_test.rb:160:in `test_git_parse'


  7) Error:
NewTestClass#test_force_change:
NoMethodError: undefined method `assertions' for :Repository
    /home/greg/Desktop/src/Open-Table-Explorer/test/assertions/repository_assertions.rb:45:in `assert_nothing_to_commit'
    test/unit/repository_test.rb:120:in `test_force_change'


  8) Error:
NewTestClass#test_corruption_fsck:
NoMethodError: undefined method `assert_post_conditions' for :ShellCommands
    test/unit/repository_test.rb:95:in `test_corruption_fsck'


  9) Error:
NewTestClass#test_Repository_git_command:
NoMethodError: undefined method `assert_post_conditions' for   master
* passed
:ShellCommands
    test/unit/repository_test.rb:45:in `test_Repository_git_command'


 10) Error:
NewTestClass#test_revert_changes:
NoMethodError: undefined method `assert_post_conditions' for HEAD is now at 8d0fffa create_empty initial commit of README
:ShellCommands
    test/unit/repository_test.rb:136:in `test_revert_changes'

25 runs, 13 assertions, 0 failures, 10 errors, 0 skips

