testing
2015-11-08 05:35:06.359
ruby -v -W0 test/unit/ruby_assertions_test.rb
ruby 1.9.3p194 (2012-04-20 revision 35410) [x86_64-linux]
Run options: --seed 0

# Running:

...E..FE.E.E..E..EE....EE.FEE...E.E.....F.E.E..

Finished in 0.027494s, 1709.4542 runs/s, 7310.6448 assertions/s.

  1) Error:
NewTestClass#test_missing_file_message:
TypeError: can't convert Pathname into String
    /home/greg/Desktop/src/Open-Table-Explorer/test/assertions/ruby_assertions.rb:479:in `+'
    /home/greg/Desktop/src/Open-Table-Explorer/test/assertions/ruby_assertions.rb:479:in `missing_file_message'
    test/unit/ruby_assertions_test.rb:257:in `test_missing_file_message'


  2) Failure:
NewTestClass#test_assert_constant_instance_respond_to [test/unit/ruby_assertions_test.rb:251]:
DefaultAssertions is not a constant in module NewTestClass.
Expected [:TestClass, :PASSTHROUGH_EXCEPTIONS, :TEARDOWN_METHODS, :LifecycleHooks, :UNDEFINED, :E, :SIGNALS] to include :DefaultAssertions.


  3) Error:
NewTestClass#test_assert_path_to_constant:
RuntimeError: names=[:TestClass, :TestConstant], path="TestClass::TestConstant"
    /home/greg/Desktop/src/Open-Table-Explorer/test/assertions/ruby_assertions.rb:436:in `rescue in assert_path_to_constant'
    /home/greg/Desktop/src/Open-Table-Explorer/test/assertions/ruby_assertions.rb:433:in `assert_path_to_constant'
    test/unit/ruby_assertions_test.rb:241:in `test_assert_path_to_constant'


  4) Error:
NewTestClass#test_assert_pathname_exists:
NoMethodError: undefined method `assert_raise' for #<NewTestClass:0x000000010f42a8>
    test/unit/ruby_assertions_test.rb:270:in `test_assert_pathname_exists'


  5) Error:
NewTestClass#test_refute_include:
NoMethodError: undefined method `assert_raise' for #<NewTestClass:0x00000001108d98>
    test/unit/ruby_assertions_test.rb:162:in `test_refute_include'


  6) Error:
NewTestClass#test_assert_overlap:
NoMethodError: undefined method `assert_block' for #<NewTestClass:0x00000001185aa0>
    /home/greg/Desktop/src/Open-Table-Explorer/test/assertions/ruby_assertions.rb:309:in `assert_overlap'
    test/unit/ruby_assertions_test.rb:135:in `test_assert_overlap'


  7) Error:
NewTestClass#test_assert_regexp:
NoMethodError: undefined method `assert_raise' for #<NewTestClass:0x0000000124e4f0>
    test/unit/ruby_assertions_test.rb:224:in `test_assert_regexp'


  8) Error:
NewTestClass#test_assert_module_included:
NameError: uninitialized constant NewTestClass::Test
    test/unit/ruby_assertions_test.rb:228:in `test_assert_module_included'


  9) Error:
NewTestClass#test_assert_public_instance_method:
NameError: uninitialized constant NewTestClass::StreamPattern
    test/unit/ruby_assertions_test.rb:165:in `test_assert_public_instance_method'


 10) Error:
NewTestClass#test_assert_array_of:
NoMethodError: undefined method `assert_block' for #<NewTestClass:0x000000011f8820>
    /home/greg/Desktop/src/Open-Table-Explorer/test/assertions/ruby_assertions.rb:344:in `assert_array_of'
    test/unit/ruby_assertions_test.rb:181:in `test_assert_array_of'


 11) Failure:
NewTestClass#test_requires [test/unit/ruby_assertions_test.rb:45]:
In assert_included_modules, Fish is not included in Minitest::Assertions which does not include any modules.


 12) Error:
NewTestClass#test_assert_include:
NameError: undefined local variable or method `fixture_names' for #<NewTestClass:0x00000001308da0>
    test/unit/ruby_assertions_test.rb:144:in `test_assert_include'


 13) Error:
NewTestClass#test_assert_data_file:
TypeError: can't convert Pathname into String
    /home/greg/Desktop/src/Open-Table-Explorer/test/assertions/ruby_assertions.rb:479:in `+'
    /home/greg/Desktop/src/Open-Table-Explorer/test/assertions/ruby_assertions.rb:479:in `missing_file_message'
    /home/greg/Desktop/src/Open-Table-Explorer/test/assertions/ruby_assertions.rb:487:in `assert_pathname_exists'
    test/unit/ruby_assertions_test.rb:280:in `test_assert_data_file'


 14) Error:
NewTestClass#test_assert_no_duplicates:
NoMethodError: undefined method `assert_raise' for #<NewTestClass:0x0000000126baf0>
    test/unit/ruby_assertions_test.rb:215:in `test_assert_no_duplicates'


 15) Error:
NewTestClass#test_equal_sets:
NoMethodError: undefined method `build_message' for #<NewTestClass:0x0000000131aff0>
    /home/greg/Desktop/src/Open-Table-Explorer/test/assertions/ruby_assertions.rb:290:in `assert_equal_sets'
    test/unit/ruby_assertions_test.rb:129:in `test_equal_sets'


 16) Failure:
NewTestClass#test_caller_lines [test/unit/ruby_assertions_test.rb:14]:

test/unit/ruby_assertions_test.rb:14:in `test_caller_lines'
/var/lib/gems/1.9.1/gems/minitest-5.8.1/lib/minitest/test.rb:108:in `block (3 levels) in run'
/var/lib/gems/1.9.1/gems/minitest-5.8.1/lib/minitest/test.rb:205:in `capture_exceptions'
/var/lib/gems/1.9.1/gems/minitest-5.8.1/lib/minitest/test.rb:105:in `block (2 levels) in run'
.
--- expected
+++ actual
@@ -1,3 +1,6 @@
 "
-test/unit/ruby_assertions_test.rb:13:in `test_caller_lines'
+test/unit/ruby_assertions_test.rb:14:in `test_caller_lines'
+/var/lib/gems/1.9.1/gems/minitest-5.8.1/lib/minitest/test.rb:108:in `block (3 levels) in run'
+/var/lib/gems/1.9.1/gems/minitest-5.8.1/lib/minitest/test.rb:205:in `capture_exceptions'
+/var/lib/gems/1.9.1/gems/minitest-5.8.1/lib/minitest/test.rb:105:in `block (2 levels) in run'
 "



 17) Error:
NewTestClass#test_assert_nested_scope_submodule:
NoMethodError: undefined method `assertions' for RubyAssertions:Module
    /home/greg/Desktop/src/Open-Table-Explorer/test/assertions/ruby_assertions.rb:512:in `nested_scope_modules?'
    test/unit/ruby_assertions_test.rb:298:in `test_assert_nested_scope_submodule'


 18) Error:
NewTestClass#test_assert_flat_set:
NoMethodError: undefined method `assert_raise' for #<NewTestClass:0x000000012b0498>
    test/unit/ruby_assertions_test.rb:100:in `test_assert_flat_set'

47 runs, 201 assertions, 3 failures, 15 errors, 0 skips

