testing
2015-10-25 17:13:30.567
ruby -v -W0 test/unit/samba_test.rb
ruby 1.9.3p194 (2012-04-20 revision 35410) [x86_64-linux]
Run options: --seed 0

# Running:

..EE.E.E.EEFE.

Finished in 1.780527s, 7.8628 runs/s, 101.0937 assertions/s.

  1) Error:
NewTestClass#test_workgroups:
RuntimeError: First argument of assert_include must be an Array or Set, not "WORKGROUP"
    /home/greg/Desktop/src/Open-Table-Explorer/test/assertions/ruby_assertions.rb:314:in `assert_includes'
    test/unit/samba_test.rb:73:in `test_workgroups'


  2) Error:
NewTestClass#test_mount:
NoMethodError: undefined method `assert_post_conditions' for #<ShellCommands:0x00000000962800>
    test/unit/samba_test.rb:134:in `test_mount'


  3) Error:
NewTestClass#test_mounted?:
NoMethodError: undefined method `assertions' for #<Samba:0x0000000096b888>
    /home/greg/Desktop/src/Open-Table-Explorer/app/models/samba.rb:183:in `assert_mounted'
    test/unit/samba_test.rb:154:in `test_mounted?'


  4) Error:
NewTestClass#test_parse_options:
TypeError: can't convert nil into String
    test/unit/samba_test.rb:97:in `+'
    test/unit/samba_test.rb:97:in `test_parse_options'


  5) Error:
NewTestClass#test_servers:
NoMethodError: undefined method `output?' for #<ShellCommands:0x000000014bee38>
    test/unit/samba_test.rb:76:in `test_servers'


  6) Error:
NewTestClass#test_tree:
RuntimeError: First argument of assert_include must be an Array or Set, not "IPC$"
    /home/greg/Desktop/src/Open-Table-Explorer/test/assertions/ruby_assertions.rb:314:in `assert_includes'
    test/unit/samba_test.rb:83:in `test_tree'


  7) Failure:
NewTestClass#test_Constants [test/unit/samba_test.rb:58]:
--- expected
+++ actual
@@ -1 +1 @@
-"auto,rw,ip=,credentials=/home/greg/.samba/credentials/central,file_mode=0777,dir_mode=0777,serverino,acl"
+"auto,rw,ip=172.31.42.182,credentials=/home/greg/.samba/credentials/central,file_mode=0777,dir_mode=0777,serverino,acl"



  8) Error:
NewTestClass#test_umount:
NoMethodError: undefined method `assertions' for #<Samba:0x00000001937910>
    /home/greg/Desktop/src/Open-Table-Explorer/app/models/samba.rb:188:in `assert_unmounted'
    test/unit/samba_test.rb:146:in `test_umount'

14 runs, 180 assertions, 1 failures, 7 errors, 0 skips

