testing
2015-10-25 17:23:10.183
ruby -v -W0 test/unit/stream_link_test.rb
ruby 1.9.3p194 (2012-04-20 revision 35410) [x86_64-linux]
Run options: --seed 0

# Running:

..EEEEEEEEE.

Finished in 0.003676s, 3264.3450 runs/s, 0.0000 assertions/s.

  1) Error:
NewTestClass#test_store_method:
NameError: undefined local variable or method `define_model_of_test' for #<NewTestClass:0x000000022feb38>
    test/unit/stream_link_test.rb:69:in `setup'


  2) Error:
NewTestClass#test_fire:
NameError: undefined local variable or method `define_model_of_test' for #<NewTestClass:0x000000023046a0>
    test/unit/stream_link_test.rb:69:in `setup'


  3) Error:
NewTestClass#test_association_names:
NameError: undefined local variable or method `define_model_of_test' for #<NewTestClass:0x000000023013d8>
    test/unit/stream_link_test.rb:69:in `setup'


  4) Error:
NewTestClass#test_id_equal:
NameError: undefined local variable or method `define_model_of_test' for #<NewTestClass:0x00000002307670>
    test/unit/stream_link_test.rb:69:in `setup'


  5) Error:
NewTestClass#test_class_name:
NameError: undefined local variable or method `define_model_of_test' for #<NewTestClass:0x00000002306068>
    test/unit/stream_link_test.rb:69:in `setup'


  6) Error:
NewTestClass#test_logical_primary_key:
NameError: undefined local variable or method `define_model_of_test' for #<NewTestClass:0x0000000230cdc8>
    test/unit/stream_link_test.rb:69:in `setup'


  7) Error:
NewTestClass#test_input_stream_method_argument:
NameError: undefined local variable or method `define_model_of_test' for #<NewTestClass:0x0000000230bba8>
    test/unit/stream_link_test.rb:69:in `setup'


  8) Error:
NewTestClass#test_output_stream_method_argument:
NameError: undefined local variable or method `define_model_of_test' for #<NewTestClass:0x00000002309e20>
    test/unit/stream_link_test.rb:69:in `setup'


  9) Error:
NewTestClass#test_next_method:
NameError: undefined local variable or method `define_model_of_test' for #<NewTestClass:0x00000002310ab8>
    test/unit/stream_link_test.rb:69:in `setup'

12 runs, 0 assertions, 0 failures, 9 errors, 0 skips

