master
2015-11-10 11:00:24.841
ruby -v -W0 test/unit/stream_method_call_test.rb
ruby 1.9.3p194 (2012-04-20 revision 35410) [x86_64-linux]
Run options: --seed 0

# Running:

..E.EE.E.

Finished in 0.003936s, 2286.4872 runs/s, 0.0000 assertions/s.

  1) Error:
NewTestClass#test_stream_links:
NameError: uninitialized constant NewTestClass::StreamMethodCall
    test/unit/stream_method_call_test.rb:12:in `test_stream_links'


  2) Error:
NewTestClass#test_inputs:
NameError: uninitialized constant NewTestClass::StreamMethodCall
    test/unit/stream_method_call_test.rb:23:in `test_inputs'


  3) Error:
NewTestClass#test_fire:
NameError: uninitialized constant NewTestClass::StreamMethodCall
    test/unit/stream_method_call_test.rb:30:in `test_fire'


  4) Error:
NewTestClass#test_id_equal:
NoMethodError: undefined method `model_class?' for #<NewTestClass:0x00000000c739b8>
    test/unit/stream_method_call_test.rb:35:in `test_id_equal'

9 runs, 0 assertions, 0 failures, 4 errors, 0 skips

