testing
2015-09-28 16:06:38.689
ruby -v -W0 test/unit/stream_tree_test.rb
ruby 1.9.3p194 (2012-04-20 revision 35410) [x86_64-linux]
Run options: --seed 3

# Running:

..........F.......EE..EE.......FE...

Finished in 1.042620s, 34.5284 runs/s, 98.7896 assertions/s.

  1) Failure:
NewTestClass#test_rgl_readme [test/unit/stream_tree_test.rb:23]:
Expected: [5, 6, 1, 2, 3, 4]
  Actual: [1, 2, 3, 4, 5, 6]


  2) Error:
NewTestClass#test_ref:
NoMethodError: undefined method `ref' for #<NewTestClass:0x000000024848b8>
    test/unit/stream_tree_test.rb:106:in `test_ref'
    /usr/lib/ruby/vendor_ruby/minitest/test.rb:108:in `block (3 levels) in run'
    /usr/lib/ruby/vendor_ruby/minitest/test.rb:205:in `capture_exceptions'
    /usr/lib/ruby/vendor_ruby/minitest/test.rb:105:in `block (2 levels) in run'
    /usr/lib/ruby/vendor_ruby/minitest/test.rb:256:in `time_it'
    /usr/lib/ruby/vendor_ruby/minitest/test.rb:104:in `block in run'
    /usr/lib/ruby/vendor_ruby/minitest.rb:332:in `on_signal'
    /usr/lib/ruby/vendor_ruby/minitest/test.rb:276:in `with_info_handler'
    /usr/lib/ruby/vendor_ruby/minitest/test.rb:103:in `run'
    /usr/lib/ruby/vendor_ruby/minitest.rb:779:in `run_one_method'
    /usr/lib/ruby/vendor_ruby/minitest.rb:306:in `run_one_method'
    /usr/lib/ruby/vendor_ruby/minitest.rb:294:in `block (2 levels) in run'
    /usr/lib/ruby/vendor_ruby/minitest.rb:293:in `each'
    /usr/lib/ruby/vendor_ruby/minitest.rb:293:in `block in run'
    /usr/lib/ruby/vendor_ruby/minitest.rb:332:in `on_signal'
    /usr/lib/ruby/vendor_ruby/minitest.rb:319:in `with_info_handler'
    /usr/lib/ruby/vendor_ruby/minitest.rb:292:in `run'
    /usr/lib/ruby/vendor_ruby/minitest.rb:155:in `block in __run'
    /usr/lib/ruby/vendor_ruby/minitest.rb:155:in `map'
    /usr/lib/ruby/vendor_ruby/minitest.rb:155:in `__run'
    /usr/lib/ruby/vendor_ruby/minitest.rb:129:in `run'
    /usr/lib/ruby/vendor_ruby/minitest.rb:56:in `block in autorun'


  3) Error:
NewTestClass#test_Assertions:
NoMethodError: undefined method `assertions' for Connectivity:Class
    /usr/lib/ruby/vendor_ruby/minitest/assertions.rb:125:in `assert'
    /usr/lib/ruby/vendor_ruby/minitest/assertions.rb:163:in `assert_equal'
    /home/greg/Desktop/src/Open-Table-Explorer/app/models/stream_tree.rb:199:in `assert_pre_conditions'
    test/unit/stream_tree_test.rb:179:in `test_Assertions'
    /usr/lib/ruby/vendor_ruby/minitest/test.rb:108:in `block (3 levels) in run'
    /usr/lib/ruby/vendor_ruby/minitest/test.rb:205:in `capture_exceptions'
    /usr/lib/ruby/vendor_ruby/minitest/test.rb:105:in `block (2 levels) in run'
    /usr/lib/ruby/vendor_ruby/minitest/test.rb:256:in `time_it'
    /usr/lib/ruby/vendor_ruby/minitest/test.rb:104:in `block in run'
    /usr/lib/ruby/vendor_ruby/minitest.rb:332:in `on_signal'
    /usr/lib/ruby/vendor_ruby/minitest/test.rb:276:in `with_info_handler'
    /usr/lib/ruby/vendor_ruby/minitest/test.rb:103:in `run'
    /usr/lib/ruby/vendor_ruby/minitest.rb:779:in `run_one_method'
    /usr/lib/ruby/vendor_ruby/minitest.rb:306:in `run_one_method'
    /usr/lib/ruby/vendor_ruby/minitest.rb:294:in `block (2 levels) in run'
    /usr/lib/ruby/vendor_ruby/minitest.rb:293:in `each'
    /usr/lib/ruby/vendor_ruby/minitest.rb:293:in `block in run'
    /usr/lib/ruby/vendor_ruby/minitest.rb:332:in `on_signal'
    /usr/lib/ruby/vendor_ruby/minitest.rb:319:in `with_info_handler'
    /usr/lib/ruby/vendor_ruby/minitest.rb:292:in `run'
    /usr/lib/ruby/vendor_ruby/minitest.rb:155:in `block in __run'
    /usr/lib/ruby/vendor_ruby/minitest.rb:155:in `map'
    /usr/lib/ruby/vendor_ruby/minitest.rb:155:in `__run'
    /usr/lib/ruby/vendor_ruby/minitest.rb:129:in `run'
    /usr/lib/ruby/vendor_ruby/minitest.rb:56:in `block in autorun'


  4) Error:
NewTestClass#test_NestedArrayType_Assertions:
NoMethodError: undefined method `assert_block' for #<NewTestClass:0x000000021dc930>
    /home/greg/Desktop/src/Open-Table-Explorer/test/assertions/ruby_assertions.rb:245:in `assert_empty'
    test/unit/stream_tree_test.rb:199:in `test_NestedArrayType_Assertions'
    /usr/lib/ruby/vendor_ruby/minitest/test.rb:108:in `block (3 levels) in run'
    /usr/lib/ruby/vendor_ruby/minitest/test.rb:205:in `capture_exceptions'
    /usr/lib/ruby/vendor_ruby/minitest/test.rb:105:in `block (2 levels) in run'
    /usr/lib/ruby/vendor_ruby/minitest/test.rb:256:in `time_it'
    /usr/lib/ruby/vendor_ruby/minitest/test.rb:104:in `block in run'
    /usr/lib/ruby/vendor_ruby/minitest.rb:332:in `on_signal'
    /usr/lib/ruby/vendor_ruby/minitest/test.rb:276:in `with_info_handler'
    /usr/lib/ruby/vendor_ruby/minitest/test.rb:103:in `run'
    /usr/lib/ruby/vendor_ruby/minitest.rb:779:in `run_one_method'
    /usr/lib/ruby/vendor_ruby/minitest.rb:306:in `run_one_method'
    /usr/lib/ruby/vendor_ruby/minitest.rb:294:in `block (2 levels) in run'
    /usr/lib/ruby/vendor_ruby/minitest.rb:293:in `each'
    /usr/lib/ruby/vendor_ruby/minitest.rb:293:in `block in run'
    /usr/lib/ruby/vendor_ruby/minitest.rb:332:in `on_signal'
    /usr/lib/ruby/vendor_ruby/minitest.rb:319:in `with_info_handler'
    /usr/lib/ruby/vendor_ruby/minitest.rb:292:in `run'
    /usr/lib/ruby/vendor_ruby/minitest.rb:155:in `block in __run'
    /usr/lib/ruby/vendor_ruby/minitest.rb:155:in `map'
    /usr/lib/ruby/vendor_ruby/minitest.rb:155:in `__run'
    /usr/lib/ruby/vendor_ruby/minitest.rb:129:in `run'
    /usr/lib/ruby/vendor_ruby/minitest.rb:56:in `block in autorun'


  5) Error:
NewTestClass#test_to_hash:
NoMethodError: undefined method `each_pair' for [1, 2, 3]:Array
    /home/greg/Desktop/src/Open-Table-Explorer/app/models/stream_tree.rb:416:in `to_hash'
    test/unit/stream_tree_test.rb:261:in `test_to_hash'
    /usr/lib/ruby/vendor_ruby/minitest/test.rb:108:in `block (3 levels) in run'
    /usr/lib/ruby/vendor_ruby/minitest/test.rb:205:in `capture_exceptions'
    /usr/lib/ruby/vendor_ruby/minitest/test.rb:105:in `block (2 levels) in run'
    /usr/lib/ruby/vendor_ruby/minitest/test.rb:256:in `time_it'
    /usr/lib/ruby/vendor_ruby/minitest/test.rb:104:in `block in run'
    /usr/lib/ruby/vendor_ruby/minitest.rb:332:in `on_signal'
    /usr/lib/ruby/vendor_ruby/minitest/test.rb:276:in `with_info_handler'
    /usr/lib/ruby/vendor_ruby/minitest/test.rb:103:in `run'
    /usr/lib/ruby/vendor_ruby/minitest.rb:779:in `run_one_method'
    /usr/lib/ruby/vendor_ruby/minitest.rb:306:in `run_one_method'
    /usr/lib/ruby/vendor_ruby/minitest.rb:294:in `block (2 levels) in run'
    /usr/lib/ruby/vendor_ruby/minitest.rb:293:in `each'
    /usr/lib/ruby/vendor_ruby/minitest.rb:293:in `block in run'
    /usr/lib/ruby/vendor_ruby/minitest.rb:332:in `on_signal'
    /usr/lib/ruby/vendor_ruby/minitest.rb:319:in `with_info_handler'
    /usr/lib/ruby/vendor_ruby/minitest.rb:292:in `run'
    /usr/lib/ruby/vendor_ruby/minitest.rb:155:in `block in __run'
    /usr/lib/ruby/vendor_ruby/minitest.rb:155:in `map'
    /usr/lib/ruby/vendor_ruby/minitest.rb:155:in `__run'
    /usr/lib/ruby/vendor_ruby/minitest.rb:129:in `run'
    /usr/lib/ruby/vendor_ruby/minitest.rb:56:in `block in autorun'


  6) Failure:
NewTestClass#test_inspect_recursive [test/unit/stream_tree_test.rb:173]:
leaf typed[0], [1, [2, [3], 4], 5]
leaf typed[1], 1
leaf typed[1], [2, [3], 4]
leaf typed[2], 2
leaf typed[2], [3]
leaf typed[3], 3
leaf typed[2], 4
leaf typed[1], 5
.
--- expected
+++ actual
@@ -1,9 +1,9 @@
-"nonterminal[0], [1, [2, [3], 4], 5]
-terminal[1], 1
-nonterminal[1], [2, [3], 4]
-terminal[2], 2
-nonterminal[2], [3]
-terminal[3], 3
-terminal[2], 4
-terminal[1], 5
+"leaf typed[0], [1, [2, [3], 4], 5]
+leaf typed[1], 1
+leaf typed[1], [2, [3], 4]
+leaf typed[2], 2
+leaf typed[2], [3]
+leaf typed[3], 3
+leaf typed[2], 4
+leaf typed[1], 5
 "



  7) Error:
NewTestClass#test_at:
NoMethodError: undefined method `assert_block' for #<NewTestClass:0x000000023c5f80>
    /home/greg/Desktop/src/Open-Table-Explorer/test/assertions/ruby_assertions.rb:245:in `assert_empty'
    test/unit/stream_tree_test.rb:226:in `test_at'
    /usr/lib/ruby/vendor_ruby/minitest/test.rb:108:in `block (3 levels) in run'
    /usr/lib/ruby/vendor_ruby/minitest/test.rb:205:in `capture_exceptions'
    /usr/lib/ruby/vendor_ruby/minitest/test.rb:105:in `block (2 levels) in run'
    /usr/lib/ruby/vendor_ruby/minitest/test.rb:256:in `time_it'
    /usr/lib/ruby/vendor_ruby/minitest/test.rb:104:in `block in run'
    /usr/lib/ruby/vendor_ruby/minitest.rb:332:in `on_signal'
    /usr/lib/ruby/vendor_ruby/minitest/test.rb:276:in `with_info_handler'
    /usr/lib/ruby/vendor_ruby/minitest/test.rb:103:in `run'
    /usr/lib/ruby/vendor_ruby/minitest.rb:779:in `run_one_method'
    /usr/lib/ruby/vendor_ruby/minitest.rb:306:in `run_one_method'
    /usr/lib/ruby/vendor_ruby/minitest.rb:294:in `block (2 levels) in run'
    /usr/lib/ruby/vendor_ruby/minitest.rb:293:in `each'
    /usr/lib/ruby/vendor_ruby/minitest.rb:293:in `block in run'
    /usr/lib/ruby/vendor_ruby/minitest.rb:332:in `on_signal'
    /usr/lib/ruby/vendor_ruby/minitest.rb:319:in `with_info_handler'
    /usr/lib/ruby/vendor_ruby/minitest.rb:292:in `run'
    /usr/lib/ruby/vendor_ruby/minitest.rb:155:in `block in __run'
    /usr/lib/ruby/vendor_ruby/minitest.rb:155:in `map'
    /usr/lib/ruby/vendor_ruby/minitest.rb:155:in `__run'
    /usr/lib/ruby/vendor_ruby/minitest.rb:129:in `run'
    /usr/lib/ruby/vendor_ruby/minitest.rb:56:in `block in autorun'

36 runs, 103 assertions, 2 failures, 5 errors, 0 skips

