testing
2015-10-25 17:23:52.112
ruby -v -W0 test/unit/unit_test.rb
ruby 1.9.3p194 (2012-04-20 revision 35410) [x86_64-linux]
Run options: --seed 0

# Running:

......F.E...E.....EEE.E....E..E.EEE....E..E.EEEE......

Finished in 0.422321s, 127.8648 runs/s, 118.3934 assertions/s.

  1) Failure:
NewTestClass#test_case_pre_conditions [/home/greg/Desktop/src/Open-Table-Explorer/app/models/default_test_case.rb:89]:
2Naming convention is to end test class names with 'Test' not NewTestClass callers=/var/lib/gems/1.9.1/gems/minitest-5.8.1/lib/minitest/test.rb:108:in `block (3 levels) in run'
/var/lib/gems/1.9.1/gems/minitest-5.8.1/lib/minitest/test.rb:205:in `capture_exceptions'
/var/lib/gems/1.9.1/gems/minitest-5.8.1/lib/minitest/test.rb:105:in `block (2 levels) in run'
/var/lib/gems/1.9.1/gems/minitest-5.8.1/lib/minitest/test.rb:256:in `time_it'
/var/lib/gems/1.9.1/gems/minitest-5.8.1/lib/minitest/test.rb:104:in `block in run'
/var/lib/gems/1.9.1/gems/minitest-5.8.1/lib/minitest.rb:334:in `on_signal'
/var/lib/gems/1.9.1/gems/minitest-5.8.1/lib/minitest/test.rb:276:in `with_info_handler'
/var/lib/gems/1.9.1/gems/minitest-5.8.1/lib/minitest/test.rb:103:in `run'
/var/lib/gems/1.9.1/gems/minitest-5.8.1/lib/minitest.rb:781:in `run_one_method'
/var/lib/gems/1.9.1/gems/minitest-5.8.1/lib/minitest.rb:308:in `run_one_method'
/var/lib/gems/1.9.1/gems/minitest-5.8.1/lib/minitest.rb:296:in `block (2 levels) in run'
/var/lib/gems/1.9.1/gems/minitest-5.8.1/lib/minitest.rb:295:in `each'
/var/lib/gems/1.9.1/gems/minitest-5.8.1/lib/minitest.rb:295:in `block in run'
/var/lib/gems/1.9.1/gems/minitest-5.8.1/lib/minitest.rb:334:in `on_signal'
/var/lib/gems/1.9.1/gems/minitest-5.8.1/lib/minitest.rb:321:in `with_info_handler'
/var/lib/gems/1.9.1/gems/minitest-5.8.1/lib/minitest.rb:294:in `run'
/var/lib/gems/1.9.1/gems/minitest-5.8.1/lib/minitest.rb:155:in `block in __run'
/var/lib/gems/1.9.1/gems/minitest-5.8.1/lib/minitest.rb:155:in `map'
/var/lib/gems/1.9.1/gems/minitest-5.8.1/lib/minitest.rb:155:in `__run'
/var/lib/gems/1.9.1/gems/minitest-5.8.1/lib/minitest.rb:129:in `run'
/var/lib/gems/1.9.1/gems/minitest-5.8.1/lib/minitest.rb:56:in `block in autorun'.
Expected: "Test"
  Actual: "lass"


  2) Error:
NewTestClass#test_Examples:
NoMethodError: undefined method `assertions' for #<Unit:0x0000000107e490>
    /home/greg/Desktop/src/Open-Table-Explorer/test/assertions/ruby_assertions.rb:239:in `refute_empty'
    /home/greg/Desktop/src/Open-Table-Explorer/test/assertions/unit_assertions.rb:51:in `assert_pre_conditions'
    test/unit/unit_test.rb:180:in `test_Examples'


  3) Error:
NewTestClass#test_assertions_pathname:
NoMethodError: undefined method `assert_block' for #<NewTestClass:0x00000001589598>
    /home/greg/Desktop/src/Open-Table-Explorer/test/assertions/ruby_assertions.rb:240:in `refute_empty'
    /home/greg/Desktop/src/Open-Table-Explorer/test/assertions/ruby_assertions.rb:488:in `assert_pathname_exists'
    /home/greg/Desktop/src/Open-Table-Explorer/test/assertions/ruby_assertions.rb:502:in `assert_data_file'
    test/unit/unit_test.rb:78:in `test_assertions_pathname'


  4) Error:
NewTestClass#test_assert_invariant:
NoMethodError: undefined method `model_class?' for #<NewTestClass:0x000000015fec80>
    /home/greg/Desktop/src/Open-Table-Explorer/app/models/default_test_case.rb:22:in `each_example'
    /home/greg/Desktop/src/Open-Table-Explorer/app/models/default_test_case.rb:180:in `test_assert_invariant'


  5) Error:
NewTestClass#test_data_sources_directory:
NoMethodError: undefined method `assert_block' for #<NewTestClass:0x000000015fcf98>
    /home/greg/Desktop/src/Open-Table-Explorer/test/assertions/ruby_assertions.rb:240:in `refute_empty'
    test/unit/unit_test.rb:90:in `test_data_sources_directory'


  6) Error:
NewTestClass#test_assertions_test_pathname:
NoMethodError: undefined method `assert_block' for #<NewTestClass:0x00000001600288>
    /home/greg/Desktop/src/Open-Table-Explorer/test/assertions/ruby_assertions.rb:240:in `refute_empty'
    /home/greg/Desktop/src/Open-Table-Explorer/test/assertions/ruby_assertions.rb:488:in `assert_pathname_exists'
    /home/greg/Desktop/src/Open-Table-Explorer/test/assertions/ruby_assertions.rb:502:in `assert_data_file'
    test/unit/unit_test.rb:85:in `test_assertions_test_pathname'


  7) Error:
NewTestClass#test_assertion_inclusion:
NoMethodError: undefined method `model_class?' for #<NewTestClass:0x000000016124d8>
    /home/greg/Desktop/src/Open-Table-Explorer/app/models/default_test_case.rb:189:in `test_assertion_inclusion'


  8) Error:
NewTestClass#test_data_source_directory?:
NoMethodError: undefined method `+' for nil:NilClass
    /home/greg/Desktop/src/Open-Table-Explorer/app/models/unit.rb:73:in `data_source_directory?'
    test/unit/unit_test.rb:64:in `test_data_source_directory?'


  9) Error:
NewTestClass#test_initialize:
NoMethodError: undefined method `assert_block' for #<NewTestClass:0x000000010615c0>
    /home/greg/Desktop/src/Open-Table-Explorer/test/assertions/ruby_assertions.rb:240:in `refute_empty'
    test/unit/unit_test.rb:54:in `test_initialize'


 10) Error:
NewTestClass#test_aaa_environment:
NoMethodError: undefined method `model_class?' for #<NewTestClass:0x0000000107cc08>
    /home/greg/Desktop/src/Open-Table-Explorer/app/models/default_test_case.rb:117:in `test_aaa_environment'


 11) Error:
NewTestClass#test_assert_default_test_class_id:
NoMethodError: undefined method `assertions' for #<Unit:0x00000001082e50>
    /home/greg/Desktop/src/Open-Table-Explorer/test/assertions/unit_assertions.rb:68:in `assert_default_test_class_id'
    test/unit/unit_test.rb:173:in `test_assert_default_test_class_id'


 12) Error:
NewTestClass#test_model_pathname:
NoMethodError: undefined method `assert_block' for #<NewTestClass:0x00000001232598>
    /home/greg/Desktop/src/Open-Table-Explorer/test/assertions/ruby_assertions.rb:240:in `refute_empty'
    /home/greg/Desktop/src/Open-Table-Explorer/test/assertions/ruby_assertions.rb:488:in `assert_pathname_exists'
    /home/greg/Desktop/src/Open-Table-Explorer/test/assertions/ruby_assertions.rb:502:in `assert_data_file'
    test/unit/unit_test.rb:70:in `test_model_pathname'


 13) Error:
NewTestClass#test_model_test_pathname:
NoMethodError: undefined method `assert_block' for #<NewTestClass:0x00000001191490>
    /home/greg/Desktop/src/Open-Table-Explorer/test/assertions/ruby_assertions.rb:240:in `refute_empty'
    /home/greg/Desktop/src/Open-Table-Explorer/test/assertions/ruby_assertions.rb:488:in `assert_pathname_exists'
    /home/greg/Desktop/src/Open-Table-Explorer/test/assertions/ruby_assertions.rb:502:in `assert_data_file'
    test/unit/unit_test.rb:74:in `test_model_test_pathname'


 14) Error:
NewTestClass#test_pathnames:
NoMethodError: undefined method `assert_block' for #<NewTestClass:0x000000012783b8>
    /home/greg/Desktop/src/Open-Table-Explorer/test/assertions/ruby_assertions.rb:344:in `assert_array_of'
    test/unit/unit_test.rb:101:in `test_pathnames'


 15) Error:
NewTestClass#test_related_files:
NoMethodError: undefined method `build_message' for #<NewTestClass:0x000000012edde8>
    /home/greg/Desktop/src/Open-Table-Explorer/test/assertions/ruby_assertions.rb:323:in `refute_includes'
    /home/greg/Desktop/src/Open-Table-Explorer/app/models/default_test_case.rb:196:in `test_related_files'


 16) Error:
NewTestClass#test_Unit_assert_post_conditions:
NameError: uninitialized constant FilePattern::Examples::SELF
    /home/greg/Desktop/src/Open-Table-Explorer/test/assertions/unit_assertions.rb:38:in `assert_post_conditions'
    test/unit/unit_test.rb:161:in `test_Unit_assert_post_conditions'


 17) Error:
NewTestClass#test_Unit_assert_pre_conditions:
NoMethodError: undefined method `assertions' for Unit:Class
    /home/greg/Desktop/src/Open-Table-Explorer/test/assertions/ruby_assertions.rb:317:in `assert_includes'
    /home/greg/Desktop/src/Open-Table-Explorer/test/assertions/unit_assertions.rb:32:in `assert_pre_conditions'
    test/unit/unit_test.rb:158:in `test_Unit_assert_pre_conditions'


 18) Error:
NewTestClass#test_default_test_class_id:
NoMethodError: undefined method `model_name?' for #<NewTestClass:0x000000013618b0>
    test/unit/unit_test.rb:122:in `test_default_test_class_id'

54 runs, 50 assertions, 1 failures, 17 errors, 0 skips

