master
2015-11-10 11:01:08.911
ruby -v -W0 test/unit/version_test.rb
ruby 1.9.3p194 (2012-04-20 revision 35410) [x86_64-linux]
Run options: --seed 0

# Running:

...F..EE.

Finished in 0.021988s, 409.3115 runs/s, 818.6229 assertions/s.

  1) Failure:
NewTestClass#test_Version_Examples [test/unit/version_test.rb:53]:
--- expected
+++ actual
@@ -1 +1 @@
-{:major=>"1", :minor=>"9", :patch=>"0"}
+{}



  2) Error:
NewTestClass#test_square_brackets:
NoMethodError: undefined method `First_example_version' for "1":String
    test/unit/version_test.rb:19:in `test_square_brackets'


  3) Error:
NewTestClass#test_initialize:
NameError: uninitialized constant NewTestClass::First_example_version
    test/unit/version_test.rb:47:in `test_initialize'

9 runs, 18 assertions, 1 failures, 2 errors, 0 skips

