testing
2015-10-25 17:24:00.247
ruby -v -W0 test/unit/visa_test.rb
ruby 1.9.3p194 (2012-04-20 revision 35410) [x86_64-linux]
Run options: 

# Running tests:

......EEE.

Finished tests in 0.374695s, 26.6884 tests/s, 0.0000 assertions/s.

  1) Error:
test_GetPid(NewTestClass):
NoMethodError: undefined method `dlopen' for Fiddle:Module
    test/unit/visa_test.rb:34:in `test_GetPid'

  2) Error:
test_example(NewTestClass):
NoMethodError: undefined method `dlopen' for Fiddle:Module
    test/unit/visa_test.rb:19:in `test_example'

  3) Error:
test_script(NewTestClass):
NoMethodError: undefined method `assert_post_conditions' for #<ShellCommands:0x00000002933918>
    test/unit/visa_test.rb:31:in `test_script'

10 tests, 0 assertions, 0 failures, 3 errors, 0 skips

