master
ruby 1.9.3p194 (2012-04-20 revision 35410) [x86_64-linux]
Run options: 

# Running tests:

......#<LimitCapture:0x00000001761a00 @string="* master\n  passed\n", @regexp=/[* ](?<branch>[a-z0-9A-Z_-]+)\n/, @length_hash_captures=1, @raw_captures=["*", "master", " ", "passed"]>
#<LimitCapture:0x00000001768fa8 @string="* master\n  passed\n", @regexp=/(?:[* ] (?<branch>[-a-z0-9A-Z_]+))+/, @length_hash_captures=1, @raw_captures=["", "master", "\n", "passed", "\n"]>
#<LimitCapture:0x0000000176ea20 @string="* master\n  passed\n", @regexp=/[* ] (?<branch>[-a-z0-9A-Z_]+)/, @length_hash_captures=1, @raw_captures=["", "master", "\n", "passed", "\n"]>
#<LimitCapture:0x0000000177dcc8 @string="* master\n  passed\n", @regexp=/^[* ] (?<branch>[a-z0-9A-Z_-]+)/, @length_hash_captures=1, @raw_captures=["", "master", "\n", "passed", "\n"]>
......E..

Finished tests in 0.321803s, 46.6123 tests/s, 295.2114 assertions/s.

  1) Error:
test_initialize(BranchTest):
NoMethodError: undefined method `remotes?' for #<Repository:0x000000014f3750>
    /home/greg/Desktop/src/Open-Table-Explorer/app/models/branch.rb:68:in `find_origin'
    test/unit/branch_test.rb:50:in `test_initialize'
    /usr/lib/ruby/vendor_ruby/minitest/unit.rb:1058:in `run'
    /usr/lib/ruby/1.9.1/test/unit/testcase.rb:17:in `run'
    /usr/lib/ruby/vendor_ruby/active_support/testing/setup_and_teardown.rb:36:in `block in run'
    /usr/lib/ruby/vendor_ruby/active_support/callbacks.rb:403:in `_run__1716957756708087578__setup__1016691091789973116__callbacks'
    /usr/lib/ruby/vendor_ruby/active_support/callbacks.rb:405:in `__run_callback'
    /usr/lib/ruby/vendor_ruby/active_support/callbacks.rb:385:in `_run_setup_callbacks'
    /usr/lib/ruby/vendor_ruby/active_support/callbacks.rb:81:in `run_callbacks'
    /usr/lib/ruby/vendor_ruby/active_support/testing/setup_and_teardown.rb:35:in `run'
    /usr/lib/ruby/vendor_ruby/minitest/unit.rb:823:in `block in _run_suite'
    /usr/lib/ruby/vendor_ruby/minitest/unit.rb:815:in `map'
    /usr/lib/ruby/vendor_ruby/minitest/unit.rb:815:in `_run_suite'
    /usr/lib/ruby/1.9.1/test/unit.rb:565:in `block in _run_suites'
    /usr/lib/ruby/1.9.1/test/unit.rb:563:in `each'
    /usr/lib/ruby/1.9.1/test/unit.rb:563:in `_run_suites'
    /usr/lib/ruby/vendor_ruby/minitest/unit.rb:775:in `_run_anything'
    /usr/lib/ruby/vendor_ruby/minitest/unit.rb:964:in `run_tests'
    /usr/lib/ruby/vendor_ruby/minitest/unit.rb:951:in `block in _run'
    /usr/lib/ruby/vendor_ruby/minitest/unit.rb:950:in `each'
    /usr/lib/ruby/vendor_ruby/minitest/unit.rb:950:in `_run'
    /usr/lib/ruby/vendor_ruby/minitest/unit.rb:939:in `run'
    /usr/lib/ruby/1.9.1/test/unit.rb:21:in `run'
    /usr/lib/ruby/1.9.1/test/unit.rb:326:in `block (2 levels) in autorun'
    /usr/lib/ruby/1.9.1/test/unit.rb:27:in `run_once'
    /usr/lib/ruby/1.9.1/test/unit.rb:325:in `block in autorun'

15 tests, 95 assertions, 0 failures, 1 errors, 0 skips
