ruby 1.9.3p194 (2012-04-20 revision 35410) [x86_64-linux]
Run options: 

# Running tests:

............F.....master has no remote branch in origin.
....Fconfirm_commit(:echo something_to_commit?=true
..$ git rebase --abort
@errors="No rebase in progress?\n"
@process_status=#<Process::Status: pid 11687 exit 1>
$ git merge --abort
@errors="fatal: There is no merge to abort (MERGE_HEAD missing).\n"
@process_status=#<Process::Status: pid 11701 exit 128>
$ git checkout master
@errors="Already on 'master'\n"
...confirm_commit(:echo something_to_commit?=true
.

Finished tests in 2.255971s, 12.8548 tests/s, 29.2557 assertions/s.

  1) Failure:
test_error_score?(RepositoryTest) [test/unit/repository_test.rb:127]:
<10000> expected but was
<2>.

  2) Failure:
test_ruby_test_string(RepositoryTest) [test/unit/repository_test.rb:114]:
<nil> expected to not be nil.

29 tests, 66 assertions, 2 failures, 0 errors, 0 skips
