master
ruby 1.9.3p194 (2012-04-20 revision 35410) [x86_64-linux]
Run options: 

# Running tests:

.rescue exception #<Errno::ENOENT: No such file or directory - cd /tmp>
.rescue exception #<Errno::ENOENT: No such file or directory - cd /home/greg/Desktop/src/Open-Table-Explorer/test/unit>
.rescue exception #<Errno::ENOENT: No such file or directory - cd /home/greg/Desktop/src/Open-Table-Explorer/test/unit>
.rescue exception #<Errno::ENOENT: No such file or directory - cd /home/greg/Desktop/src/Open-Table-Explorer/test/unit>
...................F$ ssh greg@172.31.42.104 echo "cat"
@errors="ssh: connect to host 172.31.42.104 port 22: No route to host\r\n"
@process_status=#<Process::Status: pid 12105 exit 255>
F.$ $?=1
@process_status=#<Process::Status: pid 12053 exit 127>
$ ls happyHappyFailFail.junk
@process_status=#<Process::Status: pid 12056 exit 2>
F...$ echo "1 2;3 4"
1 2;3 4
.F.$ ls happyHappyFailFail.junk
@process_status=#<Process::Status: pid 12056 exit 2>
.$ $?=1
@process_status=#<Process::Status: pid 12053 exit 127>
.$ $?=1
@process_status=#<Process::Status: pid 12053 exit 127>
$ ls happyHappyFailFail.junk
@process_status=#<Process::Status: pid 12056 exit 2>
.

Finished tests in 3.220953s, 11.1768 tests/s, 33.2200 assertions/s.

  1) Failure:
test_clear_error_message(ShellCommandsTest) [test/unit/shell_command_test.rb:164]:
<0> expected but was
<true>.

  2) Failure:
test_command_on_remote(ShellCommandsTest) [test/unit/shell_command_test.rb:45]:
self=$ ssh greg@172.31.42.104 echo "cat"
@errors="ssh: connect to host 172.31.42.104 port 22: No route to host\r\n"
@process_status=#<Process::Status: pid 12105 exit 255>
expected errors to be empty\n
"ssh: connect to host 172.31.42.104 port 22: No route to host\r\n" is not empty.

  3) Failure:
test_force_success(ShellCommandsTest) [test/unit/shell_command_test.rb:175]:
<0> expected but was
<false>.

  4) Failure:
test_success?(ShellCommandsTest) [test/unit/shell_command_test.rb:160]:
<127> expected but was
<false>.

36 tests, 107 assertions, 4 failures, 0 errors, 0 skips
