edited
ruby 1.9.3p194 (2012-04-20 revision 35410) [x86_64-linux]
Run options: 

# Running tests:

.....E......F...F

Finished tests in 0.994701s, 17.0906 tests/s, 94.5007 assertions/s.

  1) Error:
test_branch_index?(UnitMaturityTest):
NoMethodError: undefined method `-@' for nil:NilClass
    test/unit/unit_maturity_test.rb:39:in `test_branch_index?'
    /usr/lib/ruby/vendor_ruby/minitest/unit.rb:1058:in `run'
    /usr/lib/ruby/1.9.1/test/unit/testcase.rb:17:in `run'
    /usr/lib/ruby/vendor_ruby/active_support/testing/setup_and_teardown.rb:36:in `block in run'
    /usr/lib/ruby/vendor_ruby/active_support/callbacks.rb:403:in `_run__3838279191873724186__setup__2128336938511302810__callbacks'
    /usr/lib/ruby/vendor_ruby/active_support/callbacks.rb:405:in `__run_callback'
    /usr/lib/ruby/vendor_ruby/active_support/callbacks.rb:385:in `_run_setup_callbacks'
    /usr/lib/ruby/vendor_ruby/active_support/callbacks.rb:81:in `run_callbacks'
    /usr/lib/ruby/vendor_ruby/active_support/testing/setup_and_teardown.rb:35:in `run'
    /usr/lib/ruby/vendor_ruby/minitest/unit.rb:823:in `block in _run_suite'
    /usr/lib/ruby/vendor_ruby/minitest/unit.rb:815:in `map'
    /usr/lib/ruby/vendor_ruby/minitest/unit.rb:815:in `_run_suite'
    /usr/lib/ruby/1.9.1/test/unit.rb:565:in `block in _run_suites'
    /usr/lib/ruby/1.9.1/test/unit.rb:563:in `each'
    /usr/lib/ruby/1.9.1/test/unit.rb:563:in `_run_suites'
    /usr/lib/ruby/vendor_ruby/minitest/unit.rb:775:in `_run_anything'
    /usr/lib/ruby/vendor_ruby/minitest/unit.rb:964:in `run_tests'
    /usr/lib/ruby/vendor_ruby/minitest/unit.rb:951:in `block in _run'
    /usr/lib/ruby/vendor_ruby/minitest/unit.rb:950:in `each'
    /usr/lib/ruby/vendor_ruby/minitest/unit.rb:950:in `_run'
    /usr/lib/ruby/vendor_ruby/minitest/unit.rb:939:in `run'
    /usr/lib/ruby/1.9.1/test/unit.rb:21:in `run'
    /usr/lib/ruby/1.9.1/test/unit.rb:326:in `block (2 levels) in autorun'
    /usr/lib/ruby/1.9.1/test/unit.rb:27:in `run_once'
    /usr/lib/ruby/1.9.1/test/unit.rb:325:in `block in autorun'

  2) Failure:
test_differences?(UnitMaturityTest) [test/unit/unit_maturity_test.rb:98]:
Expected false to be nil.

  3) Failure:
test_working_different_from?(UnitMaturityTest) [test/unit/unit_maturity_test.rb:93]:
Expected false to be nil.

17 tests, 94 assertions, 2 failures, 1 errors, 0 skips
